[0.000000] (-) TimerEvent: {}
[0.002004] (action_test_msgs) JobQueued: {'identifier': 'action_test_msgs', 'dependencies': OrderedDict()}
[0.002059] (action_test_core) JobQueued: {'identifier': 'action_test_core', 'dependencies': OrderedDict([('action_test_msgs', '/home/edyta/test/action_test/install/action_test_msgs')])}
[0.002244] (action_test_msgs) JobStarted: {'identifier': 'action_test_msgs'}
[0.013177] (action_test_msgs) JobProgress: {'identifier': 'action_test_msgs', 'progress': 'cmake'}
[0.013904] (action_test_msgs) Command: {'cmd': ['/usr/bin/cmake', '/home/edyta/test/action_test/action_test_msgs', '-DCMAKE_INSTALL_PREFIX=/home/edyta/test/action_test/install/action_test_msgs'], 'cwd': '/home/edyta/test/action_test/build/action_test_msgs', 'env': OrderedDict([('GJS_DEBUG_TOPICS', 'JS ERROR;JS LOG'), ('USER', 'edyta'), ('TEXTDOMAIN', 'im-config'), ('XDG_SEAT', 'seat0'), ('SSH_AGENT_PID', '1682'), ('XDG_SESSION_TYPE', 'x11'), ('LD_LIBRARY_PATH', '/opt/ros/eloquent/opt/yaml_cpp_vendor/lib:/opt/ros/eloquent/opt/rviz_ogre_vendor/lib:/opt/ros/eloquent/lib'), ('SHLVL', '1'), ('OLDPWD', '/home/edyta'), ('QT4_IM_MODULE', 'xim'), ('HOME', '/home/edyta'), ('DESKTOP_SESSION', 'ubuntu'), ('GNOME_SHELL_SESSION_MODE', 'ubuntu'), ('GTK_MODULES', 'gail:atk-bridge'), ('ROS_PYTHON_VERSION', '3'), ('DBUS_SESSION_BUS_ADDRESS', 'unix:path=/run/user/1000/bus'), ('COLORTERM', 'truecolor'), ('MANDATORY_PATH', '/usr/share/gconf/ubuntu.mandatory.path'), ('QT_QPA_PLATFORMTHEME', 'appmenu-qt5'), ('COLCON_PREFIX_PATH', '/home/edyta/test/action_test/action_test/install'), ('IM_CONFIG_PHASE', '2'), ('ROS_DISTRO', 'eloquent'), ('LOGNAME', 'edyta'), ('GTK_IM_MODULE', 'ibus'), ('_', '/usr/bin/colcon'), ('DEFAULTS_PATH', '/usr/share/gconf/ubuntu.default.path'), ('ROS_VERSION', '2'), ('USERNAME', 'edyta'), ('XDG_SESSION_ID', '2'), ('TERM', 'xterm-256color'), ('ROS_LOCALHOST_ONLY', '0'), ('GNOME_DESKTOP_SESSION_ID', 'this-is-deprecated'), ('GTK2_MODULES', 'overlay-scrollbar'), ('WINDOWPATH', '2'), ('PATH', '/opt/ros/eloquent/bin:/usr/local/sbin:/usr/local/bin:/usr/sbin:/usr/bin:/sbin:/bin:/usr/games:/usr/local/games:/snap/bin'), ('SESSION_MANAGER', 'local/edyta-X510UNR:@/tmp/.ICE-unix/1580,unix/edyta-X510UNR:/tmp/.ICE-unix/1580'), ('XDG_MENU_PREFIX', 'gnome-'), ('GNOME_TERMINAL_SCREEN', '/org/gnome/Terminal/screen/6c5ca377_a05f_47d0_90d8_a5ce71cc06e3'), ('XDG_RUNTIME_DIR', '/run/user/1000'), ('DISPLAY', ':0'), ('LANG', 'en_US.UTF-8'), ('XDG_CURRENT_DESKTOP', 'ubuntu:GNOME'), ('XDG_SESSION_DESKTOP', 'ubuntu'), ('XMODIFIERS', '@im=ibus'), ('GNOME_TERMINAL_SERVICE', ':1.88'), ('XAUTHORITY', '/run/user/1000/gdm/Xauthority'), ('AMENT_PREFIX_PATH', '/opt/ros/eloquent'), ('SSH_AUTH_SOCK', '/run/user/1000/keyring/ssh'), ('SHELL', '/bin/bash'), ('QT_ACCESSIBILITY', '1'), ('GDMSESSION', 'ubuntu'), ('TEXTDOMAINDIR', '/usr/share/locale/'), ('GJS_DEBUG_OUTPUT', 'stderr'), ('GPG_AGENT_INFO', '/run/user/1000/gnupg/S.gpg-agent:0:1'), ('XDG_VTNR', '2'), ('QT_IM_MODULE', 'ibus'), ('LC_ALL', 'en_US.UTF-8'), ('PWD', '/home/edyta/test/action_test/build/action_test_msgs'), ('CLUTTER_IM_MODULE', 'xim'), ('XDG_DATA_DIRS', '/usr/share/ubuntu:/usr/local/share:/usr/share:/var/lib/snapd/desktop'), ('XDG_CONFIG_DIRS', '/etc/xdg/xdg-ubuntu:/etc/xdg'), ('PYTHONPATH', '/home/edyta/test/action_test/action_test/build/action_test:/home/edyta/test/action_test/action_test/install/action_test/lib/python3.6/site-packages:/opt/ros/eloquent/lib/python3.6/site-packages'), ('COLCON', '1'), ('VTE_VERSION', '5202'), ('CMAKE_PREFIX_PATH', '/opt/ros/eloquent')]), 'shell': False}
[0.100051] (-) TimerEvent: {}
[0.200539] (-) TimerEvent: {}
[0.301245] (-) TimerEvent: {}
[0.402370] (-) TimerEvent: {}
[0.503167] (-) TimerEvent: {}
[0.604079] (-) TimerEvent: {}
[0.704916] (-) TimerEvent: {}
[0.805719] (-) TimerEvent: {}
[0.906553] (-) TimerEvent: {}
[1.007439] (-) TimerEvent: {}
[1.108188] (-) TimerEvent: {}
[1.208822] (-) TimerEvent: {}
[1.209427] (action_test_msgs) StdoutLine: {'line': b'-- The C compiler identification is GNU 7.5.0\n'}
[1.309067] (-) TimerEvent: {}
[1.409950] (-) TimerEvent: {}
[1.510826] (-) TimerEvent: {}
[1.612089] (-) TimerEvent: {}
[1.712946] (-) TimerEvent: {}
[1.813758] (-) TimerEvent: {}
[1.914476] (-) TimerEvent: {}
[2.000630] (action_test_msgs) StdoutLine: {'line': b'-- The CXX compiler identification is GNU 7.5.0\n'}
[2.014690] (-) TimerEvent: {}
[2.017195] (action_test_msgs) StdoutLine: {'line': b'-- Check for working C compiler: /usr/bin/cc\n'}
[2.114788] (-) TimerEvent: {}
[2.126250] (action_test_msgs) StdoutLine: {'line': b'-- Check for working C compiler: /usr/bin/cc -- works\n'}
[2.128676] (action_test_msgs) StdoutLine: {'line': b'-- Detecting C compiler ABI info\n'}
[2.194541] (action_test_msgs) StdoutLine: {'line': b'-- Detecting C compiler ABI info - done\n'}
[2.200353] (action_test_msgs) StdoutLine: {'line': b'-- Detecting C compile features\n'}
[2.214918] (-) TimerEvent: {}
[2.315198] (-) TimerEvent: {}
[2.415551] (-) TimerEvent: {}
[2.484702] (action_test_msgs) StdoutLine: {'line': b'-- Detecting C compile features - done\n'}
[2.490682] (action_test_msgs) StdoutLine: {'line': b'-- Check for working CXX compiler: /usr/bin/c++\n'}
[2.515695] (-) TimerEvent: {}
[2.602865] (action_test_msgs) StdoutLine: {'line': b'-- Check for working CXX compiler: /usr/bin/c++ -- works\n'}
[2.603661] (action_test_msgs) StdoutLine: {'line': b'-- Detecting CXX compiler ABI info\n'}
[2.615826] (-) TimerEvent: {}
[2.703253] (action_test_msgs) StdoutLine: {'line': b'-- Detecting CXX compiler ABI info - done\n'}
[2.708688] (action_test_msgs) StdoutLine: {'line': b'-- Detecting CXX compile features\n'}
[2.715933] (-) TimerEvent: {}
[2.816247] (-) TimerEvent: {}
[2.916556] (-) TimerEvent: {}
[3.016851] (-) TimerEvent: {}
[3.064550] (action_test_msgs) StdoutLine: {'line': b'-- Detecting CXX compile features - done\n'}
[3.084039] (action_test_msgs) StdoutLine: {'line': b'-- Found ament_cmake: 0.8.2 (/opt/ros/eloquent/share/ament_cmake/cmake)\n'}
[3.117056] (-) TimerEvent: {}
[3.168505] (action_test_msgs) StdoutLine: {'line': b'-- Found PythonInterp: /usr/bin/python3 (found suitable version "3.6.9", minimum required is "3") \n'}
[3.168754] (action_test_msgs) StdoutLine: {'line': b'-- Using PYTHON_EXECUTABLE: /usr/bin/python3\n'}
[3.217253] (-) TimerEvent: {}
[3.317748] (-) TimerEvent: {}
[3.418042] (-) TimerEvent: {}
[3.451996] (action_test_msgs) StdoutLine: {'line': b'-- Found rosidl_default_generators: 0.8.0 (/opt/ros/eloquent/share/rosidl_default_generators/cmake)\n'}
[3.518177] (-) TimerEvent: {}
[3.594464] (action_test_msgs) StdoutLine: {'line': b'-- Found OpenSSL: /usr/lib/x86_64-linux-gnu/libcrypto.so (found version "1.1.1") \n'}
[3.618349] (-) TimerEvent: {}
[3.640915] (action_test_msgs) StdoutLine: {'line': b'-- Found FastRTPS: /opt/ros/eloquent/include  \n'}
[3.686117] (action_test_msgs) StdoutLine: {'line': b'-- Found rosidl_adapter: 0.8.2 (/opt/ros/eloquent/share/rosidl_adapter/cmake)\n'}
[3.718490] (-) TimerEvent: {}
[3.818827] (-) TimerEvent: {}
[3.833261] (action_test_msgs) StdoutLine: {'line': b'-- Found PythonInterp: /usr/bin/python3 (found version "3.6.9") \n'}
[3.918987] (-) TimerEvent: {}
[4.019279] (-) TimerEvent: {}
[4.073475] (action_test_msgs) StdoutLine: {'line': b'-- Using single matching rosidl_typesupport_c: rosidl_typesupport_fastrtps_c\n'}
[4.108210] (action_test_msgs) StdoutLine: {'line': b'-- Using single matching rosidl_typesupport_cpp: rosidl_typesupport_fastrtps_cpp\n'}
[4.119405] (-) TimerEvent: {}
[4.219713] (-) TimerEvent: {}
[4.296383] (action_test_msgs) StdoutLine: {'line': b'-- Found rmw_implementation_cmake: 0.8.1 (/opt/ros/eloquent/share/rmw_implementation_cmake/cmake)\n'}
[4.319837] (-) TimerEvent: {}
[4.321868] (action_test_msgs) StdoutLine: {'line': b'-- Found PythonInterp: /usr/bin/python3 (found suitable version "3.6.9", minimum required is "3.5") \n'}
[4.324229] (action_test_msgs) StdoutLine: {'line': b'-- Found python_cmake_module: 0.8.0 (/opt/ros/eloquent/share/python_cmake_module/cmake)\n'}
[4.358013] (action_test_msgs) StdoutLine: {'line': b'-- Found PythonLibs: /usr/lib/x86_64-linux-gnu/libpython3.6m.so (found suitable version "3.6.9", minimum required is "3.5") \n'}
[4.358309] (action_test_msgs) StdoutLine: {'line': b'-- Using PYTHON_EXECUTABLE: /usr/bin/python3\n'}
[4.358433] (action_test_msgs) StdoutLine: {'line': b'-- Using PYTHON_INCLUDE_DIRS: /usr/include/python3.6m\n'}
[4.358512] (action_test_msgs) StdoutLine: {'line': b'-- Using PYTHON_LIBRARIES: /usr/lib/x86_64-linux-gnu/libpython3.6m.so\n'}
[4.380007] (action_test_msgs) StdoutLine: {'line': b'-- Found PythonExtra: .so  \n'}
[4.419993] (-) TimerEvent: {}
[4.520349] (-) TimerEvent: {}
[4.546299] (action_test_msgs) StdoutLine: {'line': b'-- Found ament_lint_auto: 0.8.1 (/opt/ros/eloquent/share/ament_lint_auto/cmake)\n'}
[4.618475] (action_test_msgs) StdoutLine: {'line': b"-- Added test 'lint_cmake' to check CMake code style\n"}
[4.620481] (-) TimerEvent: {}
[4.621601] (action_test_msgs) StdoutLine: {'line': b"-- Added test 'xmllint' to check XML markup files\n"}
[4.629352] (action_test_msgs) StdoutLine: {'line': b'-- Configuring done\n'}
[4.720616] (-) TimerEvent: {}
[4.820893] (-) TimerEvent: {}
[4.824648] (action_test_msgs) StdoutLine: {'line': b'-- Generating done\n'}
[4.827456] (action_test_msgs) StdoutLine: {'line': b'-- Build files have been written to: /home/edyta/test/action_test/build/action_test_msgs\n'}
[4.831044] (action_test_msgs) CommandEnded: {'returncode': 0}
[4.831778] (action_test_msgs) JobProgress: {'identifier': 'action_test_msgs', 'progress': 'build'}
[4.832569] (action_test_msgs) Command: {'cmd': ['/usr/bin/cmake', '--build', '/home/edyta/test/action_test/build/action_test_msgs', '--', '-j8', '-l8'], 'cwd': '/home/edyta/test/action_test/build/action_test_msgs', 'env': OrderedDict([('GJS_DEBUG_TOPICS', 'JS ERROR;JS LOG'), ('USER', 'edyta'), ('TEXTDOMAIN', 'im-config'), ('XDG_SEAT', 'seat0'), ('SSH_AGENT_PID', '1682'), ('XDG_SESSION_TYPE', 'x11'), ('LD_LIBRARY_PATH', '/opt/ros/eloquent/opt/yaml_cpp_vendor/lib:/opt/ros/eloquent/opt/rviz_ogre_vendor/lib:/opt/ros/eloquent/lib'), ('SHLVL', '1'), ('OLDPWD', '/home/edyta'), ('QT4_IM_MODULE', 'xim'), ('HOME', '/home/edyta'), ('DESKTOP_SESSION', 'ubuntu'), ('GNOME_SHELL_SESSION_MODE', 'ubuntu'), ('GTK_MODULES', 'gail:atk-bridge'), ('ROS_PYTHON_VERSION', '3'), ('DBUS_SESSION_BUS_ADDRESS', 'unix:path=/run/user/1000/bus'), ('COLORTERM', 'truecolor'), ('MANDATORY_PATH', '/usr/share/gconf/ubuntu.mandatory.path'), ('QT_QPA_PLATFORMTHEME', 'appmenu-qt5'), ('COLCON_PREFIX_PATH', '/home/edyta/test/action_test/action_test/install'), ('IM_CONFIG_PHASE', '2'), ('ROS_DISTRO', 'eloquent'), ('LOGNAME', 'edyta'), ('GTK_IM_MODULE', 'ibus'), ('_', '/usr/bin/colcon'), ('DEFAULTS_PATH', '/usr/share/gconf/ubuntu.default.path'), ('ROS_VERSION', '2'), ('USERNAME', 'edyta'), ('XDG_SESSION_ID', '2'), ('TERM', 'xterm-256color'), ('ROS_LOCALHOST_ONLY', '0'), ('GNOME_DESKTOP_SESSION_ID', 'this-is-deprecated'), ('GTK2_MODULES', 'overlay-scrollbar'), ('WINDOWPATH', '2'), ('PATH', '/opt/ros/eloquent/bin:/usr/local/sbin:/usr/local/bin:/usr/sbin:/usr/bin:/sbin:/bin:/usr/games:/usr/local/games:/snap/bin'), ('SESSION_MANAGER', 'local/edyta-X510UNR:@/tmp/.ICE-unix/1580,unix/edyta-X510UNR:/tmp/.ICE-unix/1580'), ('XDG_MENU_PREFIX', 'gnome-'), ('GNOME_TERMINAL_SCREEN', '/org/gnome/Terminal/screen/6c5ca377_a05f_47d0_90d8_a5ce71cc06e3'), ('XDG_RUNTIME_DIR', '/run/user/1000'), ('DISPLAY', ':0'), ('LANG', 'en_US.UTF-8'), ('XDG_CURRENT_DESKTOP', 'ubuntu:GNOME'), ('XDG_SESSION_DESKTOP', 'ubuntu'), ('XMODIFIERS', '@im=ibus'), ('GNOME_TERMINAL_SERVICE', ':1.88'), ('XAUTHORITY', '/run/user/1000/gdm/Xauthority'), ('AMENT_PREFIX_PATH', '/opt/ros/eloquent'), ('SSH_AUTH_SOCK', '/run/user/1000/keyring/ssh'), ('SHELL', '/bin/bash'), ('QT_ACCESSIBILITY', '1'), ('GDMSESSION', 'ubuntu'), ('TEXTDOMAINDIR', '/usr/share/locale/'), ('GJS_DEBUG_OUTPUT', 'stderr'), ('GPG_AGENT_INFO', '/run/user/1000/gnupg/S.gpg-agent:0:1'), ('XDG_VTNR', '2'), ('QT_IM_MODULE', 'ibus'), ('LC_ALL', 'en_US.UTF-8'), ('PWD', '/home/edyta/test/action_test/build/action_test_msgs'), ('CLUTTER_IM_MODULE', 'xim'), ('XDG_DATA_DIRS', '/usr/share/ubuntu:/usr/local/share:/usr/share:/var/lib/snapd/desktop'), ('XDG_CONFIG_DIRS', '/etc/xdg/xdg-ubuntu:/etc/xdg'), ('PYTHONPATH', '/home/edyta/test/action_test/action_test/build/action_test:/home/edyta/test/action_test/action_test/install/action_test/lib/python3.6/site-packages:/opt/ros/eloquent/lib/python3.6/site-packages'), ('COLCON', '1'), ('VTE_VERSION', '5202'), ('CMAKE_PREFIX_PATH', '/opt/ros/eloquent')]), 'shell': False}
[4.873305] (action_test_msgs) StdoutLine: {'line': b'[  3%] \x1b[34m\x1b[1mGenerating C code for ROS interfaces\x1b[0m\n'}
[4.873657] (action_test_msgs) StdoutLine: {'line': b'\x1b[35m\x1b[1mScanning dependencies of target action_test_msgs__cpp\x1b[0m\n'}
[4.883994] (action_test_msgs) StdoutLine: {'line': b'[  6%] \x1b[34m\x1b[1mGenerating C++ code for ROS interfaces\x1b[0m\n'}
[4.920996] (-) TimerEvent: {}
[5.021327] (-) TimerEvent: {}
[5.121603] (-) TimerEvent: {}
[5.221858] (-) TimerEvent: {}
[5.297469] (action_test_msgs) StdoutLine: {'line': b'[  6%] Built target action_test_msgs__cpp\n'}
[5.307584] (action_test_msgs) StdoutLine: {'line': b'[ 10%] \x1b[34m\x1b[1mGenerating C++ introspection for ROS interfaces\x1b[0m\n'}
[5.310720] (action_test_msgs) StdoutLine: {'line': b'[ 13%] \x1b[34m\x1b[1mGenerating C++ type support for eProsima Fast-RTPS\x1b[0m\n'}
[5.321994] (-) TimerEvent: {}
[5.350649] (action_test_msgs) StdoutLine: {'line': b'\x1b[35m\x1b[1mScanning dependencies of target action_test_msgs__rosidl_generator_c\x1b[0m\n'}
[5.371115] (action_test_msgs) StdoutLine: {'line': b'[ 17%] \x1b[32mBuilding C object CMakeFiles/action_test_msgs__rosidl_generator_c.dir/rosidl_generator_c/action_test_msgs/action/averaging__functions.c.o\x1b[0m\n'}
[5.422119] (-) TimerEvent: {}
[5.482606] (action_test_msgs) StdoutLine: {'line': b'[ 20%] \x1b[32m\x1b[1mLinking C shared library libaction_test_msgs__rosidl_generator_c.so\x1b[0m\n'}
[5.518914] (action_test_msgs) StdoutLine: {'line': b'[ 20%] Built target action_test_msgs__rosidl_generator_c\n'}
[5.522206] (-) TimerEvent: {}
[5.532338] (action_test_msgs) StdoutLine: {'line': b'[ 24%] \x1b[34m\x1b[1mGenerating C introspection for ROS interfaces\x1b[0m\n'}
[5.622299] (-) TimerEvent: {}
[5.694374] (action_test_msgs) StdoutLine: {'line': b'\x1b[35m\x1b[1mScanning dependencies of target action_test_msgs__rosidl_typesupport_introspection_cpp\x1b[0m\n'}
[5.722426] (-) TimerEvent: {}
[5.723530] (action_test_msgs) StdoutLine: {'line': b'[ 27%] \x1b[32mBuilding CXX object CMakeFiles/action_test_msgs__rosidl_typesupport_introspection_cpp.dir/rosidl_typesupport_introspection_cpp/action_test_msgs/action/averaging__type_support.cpp.o\x1b[0m\n'}
[5.770862] (action_test_msgs) StdoutLine: {'line': b'\x1b[35m\x1b[1mScanning dependencies of target action_test_msgs__rosidl_typesupport_fastrtps_cpp\x1b[0m\n'}
[5.822514] (-) TimerEvent: {}
[5.829382] (action_test_msgs) StdoutLine: {'line': b'[ 31%] \x1b[32mBuilding CXX object CMakeFiles/action_test_msgs__rosidl_typesupport_fastrtps_cpp.dir/rosidl_typesupport_fastrtps_cpp/action_test_msgs/action/dds_fastrtps/averaging__type_support.cpp.o\x1b[0m\n'}
[5.922610] (-) TimerEvent: {}
[5.946890] (action_test_msgs) StdoutLine: {'line': b'\x1b[35m\x1b[1mScanning dependencies of target action_test_msgs__rosidl_typesupport_introspection_c\x1b[0m\n'}
[5.966694] (action_test_msgs) StdoutLine: {'line': b'[ 34%] \x1b[32mBuilding C object CMakeFiles/action_test_msgs__rosidl_typesupport_introspection_c.dir/rosidl_typesupport_introspection_c/action_test_msgs/action/averaging__type_support.c.o\x1b[0m\n'}
[6.018610] (action_test_msgs) StdoutLine: {'line': b'[ 37%] \x1b[32m\x1b[1mLinking C shared library libaction_test_msgs__rosidl_typesupport_introspection_c.so\x1b[0m\n'}
[6.022722] (-) TimerEvent: {}
[6.058301] (action_test_msgs) StdoutLine: {'line': b'[ 37%] Built target action_test_msgs__rosidl_typesupport_introspection_c\n'}
[6.122857] (-) TimerEvent: {}
[6.136146] (action_test_msgs) StdoutLine: {'line': b'[ 41%] \x1b[32m\x1b[1mLinking CXX shared library libaction_test_msgs__rosidl_typesupport_introspection_cpp.so\x1b[0m\n'}
[6.212931] (action_test_msgs) StdoutLine: {'line': b'[ 41%] Built target action_test_msgs__rosidl_typesupport_introspection_cpp\n'}
[6.223004] (-) TimerEvent: {}
[6.297410] (action_test_msgs) StdoutLine: {'line': b'[ 44%] \x1b[32m\x1b[1mLinking CXX shared library libaction_test_msgs__rosidl_typesupport_fastrtps_cpp.so\x1b[0m\n'}
[6.323576] (-) TimerEvent: {}
[6.424220] (-) TimerEvent: {}
[6.482053] (action_test_msgs) StdoutLine: {'line': b'[ 44%] Built target action_test_msgs__rosidl_typesupport_fastrtps_cpp\n'}
[6.494056] (action_test_msgs) StdoutLine: {'line': b'[ 51%] \x1b[34m\x1b[1mGenerating C++ type support dispatch for ROS interfaces\x1b[0m\n'}
[6.494250] (action_test_msgs) StdoutLine: {'line': b'[ 51%] \x1b[34m\x1b[1mGenerating C type support for eProsima Fast-RTPS\x1b[0m\n'}
[6.524338] (-) TimerEvent: {}
[6.624603] (-) TimerEvent: {}
[6.724866] (-) TimerEvent: {}
[6.810064] (action_test_msgs) StdoutLine: {'line': b'\x1b[35m\x1b[1mScanning dependencies of target action_test_msgs__rosidl_typesupport_cpp\x1b[0m\n'}
[6.824995] (-) TimerEvent: {}
[6.828035] (action_test_msgs) StdoutLine: {'line': b'[ 55%] \x1b[32mBuilding CXX object CMakeFiles/action_test_msgs__rosidl_typesupport_cpp.dir/rosidl_typesupport_cpp/action_test_msgs/action/averaging__type_support.cpp.o\x1b[0m\n'}
[6.925095] (-) TimerEvent: {}
[6.933308] (action_test_msgs) StdoutLine: {'line': b'\x1b[35m\x1b[1mScanning dependencies of target action_test_msgs__rosidl_typesupport_fastrtps_c\x1b[0m\n'}
[6.953902] (action_test_msgs) StdoutLine: {'line': b'[ 58%] \x1b[32mBuilding CXX object CMakeFiles/action_test_msgs__rosidl_typesupport_fastrtps_c.dir/rosidl_typesupport_fastrtps_c/action_test_msgs/action/averaging__type_support_c.cpp.o\x1b[0m\n'}
[7.025201] (-) TimerEvent: {}
[7.125517] (-) TimerEvent: {}
[7.158025] (action_test_msgs) StdoutLine: {'line': b'[ 62%] \x1b[32m\x1b[1mLinking CXX shared library libaction_test_msgs__rosidl_typesupport_cpp.so\x1b[0m\n'}
[7.225627] (-) TimerEvent: {}
[7.252936] (action_test_msgs) StdoutLine: {'line': b'[ 62%] Built target action_test_msgs__rosidl_typesupport_cpp\n'}
[7.273562] (action_test_msgs) StdoutLine: {'line': b'[ 65%] \x1b[32m\x1b[1mLinking CXX shared library libaction_test_msgs__rosidl_typesupport_fastrtps_c.so\x1b[0m\n'}
[7.325761] (-) TimerEvent: {}
[7.368035] (action_test_msgs) StdoutLine: {'line': b'[ 65%] Built target action_test_msgs__rosidl_typesupport_fastrtps_c\n'}
[7.379899] (action_test_msgs) StdoutLine: {'line': b'[ 68%] \x1b[34m\x1b[1mGenerating C type support dispatch for ROS interfaces\x1b[0m\n'}
[7.425991] (-) TimerEvent: {}
[7.526577] (-) TimerEvent: {}
[7.626837] (-) TimerEvent: {}
[7.710892] (action_test_msgs) StdoutLine: {'line': b'\x1b[35m\x1b[1mScanning dependencies of target action_test_msgs__rosidl_typesupport_c\x1b[0m\n'}
[7.727012] (-) TimerEvent: {}
[7.738418] (action_test_msgs) StdoutLine: {'line': b'[ 72%] \x1b[32mBuilding CXX object CMakeFiles/action_test_msgs__rosidl_typesupport_c.dir/rosidl_typesupport_c/action_test_msgs/action/averaging__type_support.cpp.o\x1b[0m\n'}
[7.777850] (action_test_msgs) StdoutLine: {'line': b'[ 75%] \x1b[32m\x1b[1mLinking CXX shared library libaction_test_msgs__rosidl_typesupport_c.so\x1b[0m\n'}
[7.827130] (-) TimerEvent: {}
[7.837262] (action_test_msgs) StdoutLine: {'line': b'[ 75%] Built target action_test_msgs__rosidl_typesupport_c\n'}
[7.847101] (action_test_msgs) StdoutLine: {'line': b'\x1b[35m\x1b[1mScanning dependencies of target action_test_msgs\x1b[0m\n'}
[7.857339] (action_test_msgs) StdoutLine: {'line': b'[ 75%] Built target action_test_msgs\n'}
[7.867699] (action_test_msgs) StdoutLine: {'line': b'\x1b[35m\x1b[1mScanning dependencies of target action_test_msgs__py\x1b[0m\n'}
[7.878077] (action_test_msgs) StdoutLine: {'line': b'[ 79%] \x1b[34m\x1b[1mGenerating Python code for ROS interfaces\x1b[0m\n'}
[7.927223] (-) TimerEvent: {}
[8.027503] (-) TimerEvent: {}
[8.127770] (-) TimerEvent: {}
[8.228036] (-) TimerEvent: {}
[8.328294] (-) TimerEvent: {}
[8.428547] (-) TimerEvent: {}
[8.528807] (-) TimerEvent: {}
[8.629080] (-) TimerEvent: {}
[8.729392] (-) TimerEvent: {}
[8.744358] (action_test_msgs) StdoutLine: {'line': b'[ 79%] Built target action_test_msgs__py\n'}
[8.754738] (action_test_msgs) StdoutLine: {'line': b'\x1b[35m\x1b[1mScanning dependencies of target action_test_msgs__python\x1b[0m\n'}
[8.829615] (-) TimerEvent: {}
[8.890041] (action_test_msgs) StdoutLine: {'line': b'[ 82%] \x1b[32mBuilding C object CMakeFiles/action_test_msgs__python.dir/rosidl_generator_py/action_test_msgs/action/_averaging_s.c.o\x1b[0m\n'}
[8.929729] (-) TimerEvent: {}
[9.030182] (-) TimerEvent: {}
[9.130486] (-) TimerEvent: {}
[9.135243] (action_test_msgs) StdoutLine: {'line': b'[ 86%] \x1b[32m\x1b[1mLinking CXX shared library rosidl_generator_py/action_test_msgs/libaction_test_msgs__python.so\x1b[0m\n'}
[9.230618] (-) TimerEvent: {}
[9.241004] (action_test_msgs) StdoutLine: {'line': b'[ 86%] Built target action_test_msgs__python\n'}
[9.251582] (action_test_msgs) StdoutLine: {'line': b'\x1b[35m\x1b[1mScanning dependencies of target action_test_msgs__rosidl_typesupport_c__pyext\x1b[0m\n'}
[9.251742] (action_test_msgs) StdoutLine: {'line': b'\x1b[35m\x1b[1mScanning dependencies of target action_test_msgs__rosidl_typesupport_fastrtps_c__pyext\x1b[0m\n'}
[9.271278] (action_test_msgs) StdoutLine: {'line': b'[ 93%] \x1b[32mBuilding C object CMakeFiles/action_test_msgs__rosidl_typesupport_fastrtps_c__pyext.dir/rosidl_generator_py/action_test_msgs/_action_test_msgs_s.ep.rosidl_typesupport_fastrtps_c.c.o\x1b[0m\n'}
[9.271450] (action_test_msgs) StdoutLine: {'line': b'[ 93%] \x1b[32mBuilding C object CMakeFiles/action_test_msgs__rosidl_typesupport_c__pyext.dir/rosidl_generator_py/action_test_msgs/_action_test_msgs_s.ep.rosidl_typesupport_c.c.o\x1b[0m\n'}
[9.330750] (-) TimerEvent: {}
[9.361135] (action_test_msgs) StdoutLine: {'line': b'[100%] \x1b[32m\x1b[1mLinking CXX shared library rosidl_generator_py/action_test_msgs/action_test_msgs_s__rosidl_typesupport_c.cpython-36m-x86_64-linux-gnu.so\x1b[0m\n'}
[9.361306] (action_test_msgs) StdoutLine: {'line': b'[100%] \x1b[32m\x1b[1mLinking CXX shared library rosidl_generator_py/action_test_msgs/action_test_msgs_s__rosidl_typesupport_fastrtps_c.cpython-36m-x86_64-linux-gnu.so\x1b[0m\n'}
[9.430885] (-) TimerEvent: {}
[9.439461] (action_test_msgs) StdoutLine: {'line': b'[100%] Built target action_test_msgs__rosidl_typesupport_c__pyext\n'}
[9.439685] (action_test_msgs) StdoutLine: {'line': b'[100%] Built target action_test_msgs__rosidl_typesupport_fastrtps_c__pyext\n'}
[9.450084] (action_test_msgs) CommandEnded: {'returncode': 0}
[9.493454] (action_test_msgs) JobProgress: {'identifier': 'action_test_msgs', 'progress': 'install'}
[9.504637] (action_test_msgs) Command: {'cmd': ['/usr/bin/cmake', '--build', '/home/edyta/test/action_test/build/action_test_msgs', '--target', 'install', '--', '-j8', '-l8'], 'cwd': '/home/edyta/test/action_test/build/action_test_msgs', 'env': OrderedDict([('GJS_DEBUG_TOPICS', 'JS ERROR;JS LOG'), ('USER', 'edyta'), ('TEXTDOMAIN', 'im-config'), ('XDG_SEAT', 'seat0'), ('SSH_AGENT_PID', '1682'), ('XDG_SESSION_TYPE', 'x11'), ('LD_LIBRARY_PATH', '/opt/ros/eloquent/opt/yaml_cpp_vendor/lib:/opt/ros/eloquent/opt/rviz_ogre_vendor/lib:/opt/ros/eloquent/lib'), ('SHLVL', '1'), ('OLDPWD', '/home/edyta'), ('QT4_IM_MODULE', 'xim'), ('HOME', '/home/edyta'), ('DESKTOP_SESSION', 'ubuntu'), ('GNOME_SHELL_SESSION_MODE', 'ubuntu'), ('GTK_MODULES', 'gail:atk-bridge'), ('ROS_PYTHON_VERSION', '3'), ('DBUS_SESSION_BUS_ADDRESS', 'unix:path=/run/user/1000/bus'), ('COLORTERM', 'truecolor'), ('MANDATORY_PATH', '/usr/share/gconf/ubuntu.mandatory.path'), ('QT_QPA_PLATFORMTHEME', 'appmenu-qt5'), ('COLCON_PREFIX_PATH', '/home/edyta/test/action_test/action_test/install'), ('IM_CONFIG_PHASE', '2'), ('ROS_DISTRO', 'eloquent'), ('LOGNAME', 'edyta'), ('GTK_IM_MODULE', 'ibus'), ('_', '/usr/bin/colcon'), ('DEFAULTS_PATH', '/usr/share/gconf/ubuntu.default.path'), ('ROS_VERSION', '2'), ('USERNAME', 'edyta'), ('XDG_SESSION_ID', '2'), ('TERM', 'xterm-256color'), ('ROS_LOCALHOST_ONLY', '0'), ('GNOME_DESKTOP_SESSION_ID', 'this-is-deprecated'), ('GTK2_MODULES', 'overlay-scrollbar'), ('WINDOWPATH', '2'), ('PATH', '/opt/ros/eloquent/bin:/usr/local/sbin:/usr/local/bin:/usr/sbin:/usr/bin:/sbin:/bin:/usr/games:/usr/local/games:/snap/bin'), ('SESSION_MANAGER', 'local/edyta-X510UNR:@/tmp/.ICE-unix/1580,unix/edyta-X510UNR:/tmp/.ICE-unix/1580'), ('XDG_MENU_PREFIX', 'gnome-'), ('GNOME_TERMINAL_SCREEN', '/org/gnome/Terminal/screen/6c5ca377_a05f_47d0_90d8_a5ce71cc06e3'), ('XDG_RUNTIME_DIR', '/run/user/1000'), ('DISPLAY', ':0'), ('LANG', 'en_US.UTF-8'), ('XDG_CURRENT_DESKTOP', 'ubuntu:GNOME'), ('XDG_SESSION_DESKTOP', 'ubuntu'), ('XMODIFIERS', '@im=ibus'), ('GNOME_TERMINAL_SERVICE', ':1.88'), ('XAUTHORITY', '/run/user/1000/gdm/Xauthority'), ('AMENT_PREFIX_PATH', '/opt/ros/eloquent'), ('SSH_AUTH_SOCK', '/run/user/1000/keyring/ssh'), ('SHELL', '/bin/bash'), ('QT_ACCESSIBILITY', '1'), ('GDMSESSION', 'ubuntu'), ('TEXTDOMAINDIR', '/usr/share/locale/'), ('GJS_DEBUG_OUTPUT', 'stderr'), ('GPG_AGENT_INFO', '/run/user/1000/gnupg/S.gpg-agent:0:1'), ('XDG_VTNR', '2'), ('QT_IM_MODULE', 'ibus'), ('LC_ALL', 'en_US.UTF-8'), ('PWD', '/home/edyta/test/action_test/build/action_test_msgs'), ('CLUTTER_IM_MODULE', 'xim'), ('XDG_DATA_DIRS', '/usr/share/ubuntu:/usr/local/share:/usr/share:/var/lib/snapd/desktop'), ('XDG_CONFIG_DIRS', '/etc/xdg/xdg-ubuntu:/etc/xdg'), ('PYTHONPATH', '/home/edyta/test/action_test/action_test/build/action_test:/home/edyta/test/action_test/action_test/install/action_test/lib/python3.6/site-packages:/opt/ros/eloquent/lib/python3.6/site-packages'), ('COLCON', '1'), ('VTE_VERSION', '5202'), ('CMAKE_PREFIX_PATH', '/opt/ros/eloquent')]), 'shell': False}
[9.531037] (-) TimerEvent: {}
[9.555120] (action_test_msgs) StdoutLine: {'line': b'[  3%] Built target action_test_msgs__cpp\n'}
[9.555836] (action_test_msgs) StdoutLine: {'line': b'[ 13%] Built target action_test_msgs__rosidl_generator_c\n'}
[9.582571] (action_test_msgs) StdoutLine: {'line': b'[ 24%] Built target action_test_msgs__rosidl_typesupport_introspection_c\n'}
[9.583740] (action_test_msgs) StdoutLine: {'line': b'[ 34%] Built target action_test_msgs__rosidl_typesupport_introspection_cpp\n'}
[9.584144] (action_test_msgs) StdoutLine: {'line': b'[ 44%] Built target action_test_msgs__rosidl_typesupport_fastrtps_cpp\n'}
[9.611387] (action_test_msgs) StdoutLine: {'line': b'[ 65%] Built target action_test_msgs__rosidl_typesupport_fastrtps_c\n'}
[9.611561] (action_test_msgs) StdoutLine: {'line': b'[ 65%] Built target action_test_msgs__rosidl_typesupport_cpp\n'}
[9.631128] (-) TimerEvent: {}
[9.637855] (action_test_msgs) StdoutLine: {'line': b'[ 75%] Built target action_test_msgs__rosidl_typesupport_c\n'}
[9.657731] (action_test_msgs) StdoutLine: {'line': b'[ 75%] Built target action_test_msgs\n'}
[9.678185] (action_test_msgs) StdoutLine: {'line': b'[ 79%] Built target action_test_msgs__py\n'}
[9.704936] (action_test_msgs) StdoutLine: {'line': b'[ 86%] Built target action_test_msgs__python\n'}
[9.731230] (-) TimerEvent: {}
[9.732767] (action_test_msgs) StdoutLine: {'line': b'[100%] Built target action_test_msgs__rosidl_typesupport_fastrtps_c__pyext\n'}
[9.732971] (action_test_msgs) StdoutLine: {'line': b'[ 96%] Built target action_test_msgs__rosidl_typesupport_c__pyext\n'}
[9.751396] (action_test_msgs) StdoutLine: {'line': b'\x1b[36mInstall the project...\x1b[0m\n'}
[9.760398] (action_test_msgs) StdoutLine: {'line': b'-- Install configuration: ""\n'}
[9.760691] (action_test_msgs) StdoutLine: {'line': b'-- Installing: /home/edyta/test/action_test/install/action_test_msgs/share/ament_index/resource_index/rosidl_interfaces/action_test_msgs\n'}
[9.760809] (action_test_msgs) StdoutLine: {'line': b'-- Installing: /home/edyta/test/action_test/install/action_test_msgs/lib/libaction_test_msgs__rosidl_typesupport_c.so\n'}
[9.761054] (action_test_msgs) StdoutLine: {'line': b'-- Set runtime path of "/home/edyta/test/action_test/install/action_test_msgs/lib/libaction_test_msgs__rosidl_typesupport_c.so" to ""\n'}
[9.761257] (action_test_msgs) StdoutLine: {'line': b'-- Installing: /home/edyta/test/action_test/install/action_test_msgs/share/action_test_msgs/environment/library_path.sh\n'}
[9.761400] (action_test_msgs) StdoutLine: {'line': b'-- Installing: /home/edyta/test/action_test/install/action_test_msgs/share/action_test_msgs/environment/library_path.dsv\n'}
[9.761489] (action_test_msgs) StdoutLine: {'line': b'-- Installing: /home/edyta/test/action_test/install/action_test_msgs/lib/libaction_test_msgs__rosidl_typesupport_cpp.so\n'}
[9.761737] (action_test_msgs) StdoutLine: {'line': b'-- Set runtime path of "/home/edyta/test/action_test/install/action_test_msgs/lib/libaction_test_msgs__rosidl_typesupport_cpp.so" to ""\n'}
[9.761937] (action_test_msgs) StdoutLine: {'line': b'-- Installing: /home/edyta/test/action_test/install/action_test_msgs/include/action_test_msgs\n'}
[9.762093] (action_test_msgs) StdoutLine: {'line': b'-- Installing: /home/edyta/test/action_test/install/action_test_msgs/include/action_test_msgs/action\n'}
[9.762175] (action_test_msgs) StdoutLine: {'line': b'-- Installing: /home/edyta/test/action_test/install/action_test_msgs/include/action_test_msgs/action/averaging__rosidl_typesupport_fastrtps_c.h\n'}
[9.762272] (action_test_msgs) StdoutLine: {'line': b'-- Installing: /home/edyta/test/action_test/install/action_test_msgs/include/action_test_msgs/msg\n'}
[9.762344] (action_test_msgs) StdoutLine: {'line': b'-- Installing: /home/edyta/test/action_test/install/action_test_msgs/include/action_test_msgs/msg/rosidl_typesupport_fastrtps_c__visibility_control.h\n'}
[9.762414] (action_test_msgs) StdoutLine: {'line': b'-- Installing: /home/edyta/test/action_test/install/action_test_msgs/lib/libaction_test_msgs__rosidl_typesupport_fastrtps_c.so\n'}
[9.762566] (action_test_msgs) StdoutLine: {'line': b'-- Set runtime path of "/home/edyta/test/action_test/install/action_test_msgs/lib/libaction_test_msgs__rosidl_typesupport_fastrtps_c.so" to ""\n'}
[9.762655] (action_test_msgs) StdoutLine: {'line': b'-- Up-to-date: /home/edyta/test/action_test/install/action_test_msgs/include/action_test_msgs\n'}
[9.762750] (action_test_msgs) StdoutLine: {'line': b'-- Up-to-date: /home/edyta/test/action_test/install/action_test_msgs/include/action_test_msgs/action\n'}
[9.762835] (action_test_msgs) StdoutLine: {'line': b'-- Installing: /home/edyta/test/action_test/install/action_test_msgs/include/action_test_msgs/action/averaging__functions.h\n'}
[9.762935] (action_test_msgs) StdoutLine: {'line': b'-- Installing: /home/edyta/test/action_test/install/action_test_msgs/include/action_test_msgs/action/averaging.h\n'}
[9.763036] (action_test_msgs) StdoutLine: {'line': b'-- Installing: /home/edyta/test/action_test/install/action_test_msgs/include/action_test_msgs/action/averaging__type_support.h\n'}
[9.763129] (action_test_msgs) StdoutLine: {'line': b'-- Installing: /home/edyta/test/action_test/install/action_test_msgs/include/action_test_msgs/action/averaging__struct.h\n'}
[9.763199] (action_test_msgs) StdoutLine: {'line': b'-- Installing: /home/edyta/test/action_test/install/action_test_msgs/include/action_test_msgs/action/averaging__functions.c\n'}
[9.763283] (action_test_msgs) StdoutLine: {'line': b'-- Up-to-date: /home/edyta/test/action_test/install/action_test_msgs/include/action_test_msgs/msg\n'}
[9.763352] (action_test_msgs) StdoutLine: {'line': b'-- Installing: /home/edyta/test/action_test/install/action_test_msgs/include/action_test_msgs/msg/rosidl_generator_c__visibility_control.h\n'}
[9.763426] (action_test_msgs) StdoutLine: {'line': b'-- Installing: /home/edyta/test/action_test/install/action_test_msgs/lib/libaction_test_msgs__rosidl_generator_c.so\n'}
[9.763610] (action_test_msgs) StdoutLine: {'line': b'-- Set runtime path of "/home/edyta/test/action_test/install/action_test_msgs/lib/libaction_test_msgs__rosidl_generator_c.so" to ""\n'}
[9.763696] (action_test_msgs) StdoutLine: {'line': b'-- Up-to-date: /home/edyta/test/action_test/install/action_test_msgs/include/action_test_msgs\n'}
[9.763798] (action_test_msgs) StdoutLine: {'line': b'-- Up-to-date: /home/edyta/test/action_test/install/action_test_msgs/include/action_test_msgs/action\n'}
[9.763899] (action_test_msgs) StdoutLine: {'line': b'-- Installing: /home/edyta/test/action_test/install/action_test_msgs/include/action_test_msgs/action/dds_fastrtps\n'}
[9.763986] (action_test_msgs) StdoutLine: {'line': b'-- Installing: /home/edyta/test/action_test/install/action_test_msgs/include/action_test_msgs/action/averaging__rosidl_typesupport_fastrtps_cpp.hpp\n'}
[9.764054] (action_test_msgs) StdoutLine: {'line': b'-- Up-to-date: /home/edyta/test/action_test/install/action_test_msgs/include/action_test_msgs/msg\n'}
[9.764138] (action_test_msgs) StdoutLine: {'line': b'-- Installing: /home/edyta/test/action_test/install/action_test_msgs/include/action_test_msgs/msg/rosidl_typesupport_fastrtps_cpp__visibility_control.h\n'}
[9.764207] (action_test_msgs) StdoutLine: {'line': b'-- Installing: /home/edyta/test/action_test/install/action_test_msgs/lib/libaction_test_msgs__rosidl_typesupport_fastrtps_cpp.so\n'}
[9.764466] (action_test_msgs) StdoutLine: {'line': b'-- Set runtime path of "/home/edyta/test/action_test/install/action_test_msgs/lib/libaction_test_msgs__rosidl_typesupport_fastrtps_cpp.so" to ""\n'}
[9.764551] (action_test_msgs) StdoutLine: {'line': b'-- Up-to-date: /home/edyta/test/action_test/install/action_test_msgs/include/action_test_msgs\n'}
[9.764647] (action_test_msgs) StdoutLine: {'line': b'-- Up-to-date: /home/edyta/test/action_test/install/action_test_msgs/include/action_test_msgs/action\n'}
[9.764732] (action_test_msgs) StdoutLine: {'line': b'-- Installing: /home/edyta/test/action_test/install/action_test_msgs/include/action_test_msgs/action/averaging.hpp\n'}
[9.764817] (action_test_msgs) StdoutLine: {'line': b'-- Installing: /home/edyta/test/action_test/install/action_test_msgs/include/action_test_msgs/action/averaging__struct.hpp\n'}
[9.764913] (action_test_msgs) StdoutLine: {'line': b'-- Installing: /home/edyta/test/action_test/install/action_test_msgs/include/action_test_msgs/action/averaging__traits.hpp\n'}
[9.764998] (action_test_msgs) StdoutLine: {'line': b'-- Up-to-date: /home/edyta/test/action_test/install/action_test_msgs/include/action_test_msgs\n'}
[9.765082] (action_test_msgs) StdoutLine: {'line': b'-- Up-to-date: /home/edyta/test/action_test/install/action_test_msgs/include/action_test_msgs/action\n'}
[9.765178] (action_test_msgs) StdoutLine: {'line': b'-- Installing: /home/edyta/test/action_test/install/action_test_msgs/include/action_test_msgs/action/averaging__type_support.c\n'}
[9.765247] (action_test_msgs) StdoutLine: {'line': b'-- Installing: /home/edyta/test/action_test/install/action_test_msgs/include/action_test_msgs/action/averaging__rosidl_typesupport_introspection_c.h\n'}
[9.765330] (action_test_msgs) StdoutLine: {'line': b'-- Up-to-date: /home/edyta/test/action_test/install/action_test_msgs/include/action_test_msgs/msg\n'}
[9.765399] (action_test_msgs) StdoutLine: {'line': b'-- Installing: /home/edyta/test/action_test/install/action_test_msgs/include/action_test_msgs/msg/rosidl_typesupport_introspection_c__visibility_control.h\n'}
[9.765468] (action_test_msgs) StdoutLine: {'line': b'-- Installing: /home/edyta/test/action_test/install/action_test_msgs/lib/libaction_test_msgs__rosidl_typesupport_introspection_c.so\n'}
[9.765656] (action_test_msgs) StdoutLine: {'line': b'-- Set runtime path of "/home/edyta/test/action_test/install/action_test_msgs/lib/libaction_test_msgs__rosidl_typesupport_introspection_c.so" to ""\n'}
[9.765739] (action_test_msgs) StdoutLine: {'line': b'-- Up-to-date: /home/edyta/test/action_test/install/action_test_msgs/include/action_test_msgs\n'}
[9.765836] (action_test_msgs) StdoutLine: {'line': b'-- Up-to-date: /home/edyta/test/action_test/install/action_test_msgs/include/action_test_msgs/action\n'}
[9.765918] (action_test_msgs) StdoutLine: {'line': b'-- Installing: /home/edyta/test/action_test/install/action_test_msgs/include/action_test_msgs/action/averaging__type_support.cpp\n'}
[9.765988] (action_test_msgs) StdoutLine: {'line': b'-- Installing: /home/edyta/test/action_test/install/action_test_msgs/include/action_test_msgs/action/averaging__rosidl_typesupport_introspection_cpp.hpp\n'}
[9.766070] (action_test_msgs) StdoutLine: {'line': b'-- Installing: /home/edyta/test/action_test/install/action_test_msgs/lib/libaction_test_msgs__rosidl_typesupport_introspection_cpp.so\n'}
[9.766461] (action_test_msgs) StdoutLine: {'line': b'-- Set runtime path of "/home/edyta/test/action_test/install/action_test_msgs/lib/libaction_test_msgs__rosidl_typesupport_introspection_cpp.so" to ""\n'}
[9.766561] (action_test_msgs) StdoutLine: {'line': b'-- Installing: /home/edyta/test/action_test/install/action_test_msgs/share/action_test_msgs/environment/pythonpath.sh\n'}
[9.766653] (action_test_msgs) StdoutLine: {'line': b'-- Installing: /home/edyta/test/action_test/install/action_test_msgs/share/action_test_msgs/environment/pythonpath.dsv\n'}
[9.766802] (action_test_msgs) StdoutLine: {'line': b'-- Installing: /home/edyta/test/action_test/install/action_test_msgs/lib/python3.6/site-packages/action_test_msgs/__init__.py\n'}
[9.798939] (action_test_msgs) StdoutLine: {'line': b"Compiling '/home/edyta/test/action_test/install/action_test_msgs/lib/python3.6/site-packages/action_test_msgs/__init__.py'...\n"}
[9.802735] (action_test_msgs) StdoutLine: {'line': b'-- Installing: /home/edyta/test/action_test/install/action_test_msgs/lib/python3.6/site-packages/action_test_msgs/action\n'}
[9.802942] (action_test_msgs) StdoutLine: {'line': b'-- Installing: /home/edyta/test/action_test/install/action_test_msgs/lib/python3.6/site-packages/action_test_msgs/action/__init__.py\n'}
[9.803060] (action_test_msgs) StdoutLine: {'line': b'-- Installing: /home/edyta/test/action_test/install/action_test_msgs/lib/python3.6/site-packages/action_test_msgs/action/_averaging_s.c\n'}
[9.803134] (action_test_msgs) StdoutLine: {'line': b'-- Installing: /home/edyta/test/action_test/install/action_test_msgs/lib/python3.6/site-packages/action_test_msgs/action/_averaging.py\n'}
[9.803337] (action_test_msgs) StdoutLine: {'line': b'-- Installing: /home/edyta/test/action_test/install/action_test_msgs/lib/python3.6/site-packages/action_test_msgs/action_test_msgs_s__rosidl_typesupport_c.cpython-36m-x86_64-linux-gnu.so\n'}
[9.803724] (action_test_msgs) StdoutLine: {'line': b'-- Set runtime path of "/home/edyta/test/action_test/install/action_test_msgs/lib/python3.6/site-packages/action_test_msgs/action_test_msgs_s__rosidl_typesupport_c.cpython-36m-x86_64-linux-gnu.so" to ""\n'}
[9.803926] (action_test_msgs) StdoutLine: {'line': b'-- Installing: /home/edyta/test/action_test/install/action_test_msgs/lib/python3.6/site-packages/action_test_msgs/action_test_msgs_s__rosidl_typesupport_fastrtps_c.cpython-36m-x86_64-linux-gnu.so\n'}
[9.804514] (action_test_msgs) StdoutLine: {'line': b'-- Set runtime path of "/home/edyta/test/action_test/install/action_test_msgs/lib/python3.6/site-packages/action_test_msgs/action_test_msgs_s__rosidl_typesupport_fastrtps_c.cpython-36m-x86_64-linux-gnu.so" to ""\n'}
[9.804718] (action_test_msgs) StdoutLine: {'line': b'-- Installing: /home/edyta/test/action_test/install/action_test_msgs/lib/libaction_test_msgs__python.so\n'}
[9.804965] (action_test_msgs) StdoutLine: {'line': b'-- Set runtime path of "/home/edyta/test/action_test/install/action_test_msgs/lib/libaction_test_msgs__python.so" to ""\n'}
[9.805163] (action_test_msgs) StdoutLine: {'line': b'-- Installing: /home/edyta/test/action_test/install/action_test_msgs/share/action_test_msgs/action/Averaging.idl\n'}
[9.805295] (action_test_msgs) StdoutLine: {'line': b'-- Installing: /home/edyta/test/action_test/install/action_test_msgs/share/action_test_msgs/action/Averaging.action\n'}
[9.805394] (action_test_msgs) StdoutLine: {'line': b'-- Installing: /home/edyta/test/action_test/install/action_test_msgs/share/ament_index/resource_index/package_run_dependencies/action_test_msgs\n'}
[9.805485] (action_test_msgs) StdoutLine: {'line': b'-- Installing: /home/edyta/test/action_test/install/action_test_msgs/share/ament_index/resource_index/parent_prefix_path/action_test_msgs\n'}
[9.805575] (action_test_msgs) StdoutLine: {'line': b'-- Installing: /home/edyta/test/action_test/install/action_test_msgs/share/action_test_msgs/environment/ament_prefix_path.sh\n'}
[9.805648] (action_test_msgs) StdoutLine: {'line': b'-- Installing: /home/edyta/test/action_test/install/action_test_msgs/share/action_test_msgs/environment/ament_prefix_path.dsv\n'}
[9.805771] (action_test_msgs) StdoutLine: {'line': b'-- Installing: /home/edyta/test/action_test/install/action_test_msgs/share/action_test_msgs/environment/path.sh\n'}
[9.805863] (action_test_msgs) StdoutLine: {'line': b'-- Installing: /home/edyta/test/action_test/install/action_test_msgs/share/action_test_msgs/environment/path.dsv\n'}
[9.805951] (action_test_msgs) StdoutLine: {'line': b'-- Installing: /home/edyta/test/action_test/install/action_test_msgs/share/action_test_msgs/local_setup.bash\n'}
[9.806039] (action_test_msgs) StdoutLine: {'line': b'-- Installing: /home/edyta/test/action_test/install/action_test_msgs/share/action_test_msgs/local_setup.sh\n'}
[9.806121] (action_test_msgs) StdoutLine: {'line': b'-- Installing: /home/edyta/test/action_test/install/action_test_msgs/share/action_test_msgs/local_setup.zsh\n'}
[9.806190] (action_test_msgs) StdoutLine: {'line': b'-- Installing: /home/edyta/test/action_test/install/action_test_msgs/share/action_test_msgs/local_setup.dsv\n'}
[9.806315] (action_test_msgs) StdoutLine: {'line': b'-- Installing: /home/edyta/test/action_test/install/action_test_msgs/share/action_test_msgs/package.dsv\n'}
[9.806423] (action_test_msgs) StdoutLine: {'line': b'-- Installing: /home/edyta/test/action_test/install/action_test_msgs/share/ament_index/resource_index/packages/action_test_msgs\n'}
[9.806532] (action_test_msgs) StdoutLine: {'line': b'-- Installing: /home/edyta/test/action_test/install/action_test_msgs/share/action_test_msgs/cmake/rosidl_cmake-extras.cmake\n'}
[9.806622] (action_test_msgs) StdoutLine: {'line': b'-- Installing: /home/edyta/test/action_test/install/action_test_msgs/share/action_test_msgs/cmake/ament_cmake_export_dependencies-extras.cmake\n'}
[9.806707] (action_test_msgs) StdoutLine: {'line': b'-- Installing: /home/edyta/test/action_test/install/action_test_msgs/share/action_test_msgs/cmake/ament_cmake_export_libraries-extras.cmake\n'}
[9.806798] (action_test_msgs) StdoutLine: {'line': b'-- Installing: /home/edyta/test/action_test/install/action_test_msgs/share/action_test_msgs/cmake/ament_cmake_export_include_directories-extras.cmake\n'}
[9.806887] (action_test_msgs) StdoutLine: {'line': b'-- Installing: /home/edyta/test/action_test/install/action_test_msgs/share/action_test_msgs/cmake/action_test_msgsConfig.cmake\n'}
[9.806990] (action_test_msgs) StdoutLine: {'line': b'-- Installing: /home/edyta/test/action_test/install/action_test_msgs/share/action_test_msgs/cmake/action_test_msgsConfig-version.cmake\n'}
[9.807079] (action_test_msgs) StdoutLine: {'line': b'-- Installing: /home/edyta/test/action_test/install/action_test_msgs/share/action_test_msgs/package.xml\n'}
[9.809984] (action_test_msgs) CommandEnded: {'returncode': 0}
[9.831955] (-) TimerEvent: {}
[9.838882] (action_test_msgs) JobEnded: {'identifier': 'action_test_msgs', 'rc': 0}
[9.840676] (action_test_core) JobStarted: {'identifier': 'action_test_core'}
[9.932170] (-) TimerEvent: {}
[10.032575] (-) TimerEvent: {}
[10.070097] (action_test_core) Command: {'cmd': ['/usr/bin/python3', 'setup.py', 'egg_info', '--egg-base', '/home/edyta/test/action_test/build/action_test_core', 'build', '--build-base', '/home/edyta/test/action_test/build/action_test_core/build', 'install', '--prefix', '/home/edyta/test/action_test/install/action_test_core', '--record', '/home/edyta/test/action_test/build/action_test_core/install.log', '--single-version-externally-managed'], 'cwd': '/home/edyta/test/action_test/action_test_core', 'env': {'GJS_DEBUG_TOPICS': 'JS ERROR;JS LOG', 'USER': 'edyta', 'TEXTDOMAIN': 'im-config', 'XDG_SEAT': 'seat0', 'SSH_AGENT_PID': '1682', 'XDG_SESSION_TYPE': 'x11', 'LD_LIBRARY_PATH': '/home/edyta/test/action_test/install/action_test_msgs/lib:/opt/ros/eloquent/opt/yaml_cpp_vendor/lib:/opt/ros/eloquent/opt/rviz_ogre_vendor/lib:/opt/ros/eloquent/lib', 'SHLVL': '1', 'OLDPWD': '/home/edyta', 'QT4_IM_MODULE': 'xim', 'HOME': '/home/edyta', 'DESKTOP_SESSION': 'ubuntu', 'GNOME_SHELL_SESSION_MODE': 'ubuntu', 'GTK_MODULES': 'gail:atk-bridge', 'ROS_PYTHON_VERSION': '3', 'DBUS_SESSION_BUS_ADDRESS': 'unix:path=/run/user/1000/bus', 'COLORTERM': 'truecolor', 'MANDATORY_PATH': '/usr/share/gconf/ubuntu.mandatory.path', 'QT_QPA_PLATFORMTHEME': 'appmenu-qt5', 'COLCON_PREFIX_PATH': '/home/edyta/test/action_test/action_test/install', 'IM_CONFIG_PHASE': '2', 'ROS_DISTRO': 'eloquent', 'LOGNAME': 'edyta', 'GTK_IM_MODULE': 'ibus', '_': '/usr/bin/colcon', 'DEFAULTS_PATH': '/usr/share/gconf/ubuntu.default.path', 'ROS_VERSION': '2', 'USERNAME': 'edyta', 'XDG_SESSION_ID': '2', 'TERM': 'xterm-256color', 'ROS_LOCALHOST_ONLY': '0', 'GNOME_DESKTOP_SESSION_ID': 'this-is-deprecated', 'GTK2_MODULES': 'overlay-scrollbar', 'WINDOWPATH': '2', 'PATH': '/opt/ros/eloquent/bin:/usr/local/sbin:/usr/local/bin:/usr/sbin:/usr/bin:/sbin:/bin:/usr/games:/usr/local/games:/snap/bin', 'SESSION_MANAGER': 'local/edyta-X510UNR:@/tmp/.ICE-unix/1580,unix/edyta-X510UNR:/tmp/.ICE-unix/1580', 'XDG_MENU_PREFIX': 'gnome-', 'GNOME_TERMINAL_SCREEN': '/org/gnome/Terminal/screen/6c5ca377_a05f_47d0_90d8_a5ce71cc06e3', 'XDG_RUNTIME_DIR': '/run/user/1000', 'DISPLAY': ':0', 'LANG': 'en_US.UTF-8', 'XDG_CURRENT_DESKTOP': 'ubuntu:GNOME', 'XDG_SESSION_DESKTOP': 'ubuntu', 'XMODIFIERS': '@im=ibus', 'GNOME_TERMINAL_SERVICE': ':1.88', 'XAUTHORITY': '/run/user/1000/gdm/Xauthority', 'AMENT_PREFIX_PATH': '/home/edyta/test/action_test/install/action_test_msgs:/opt/ros/eloquent', 'SSH_AUTH_SOCK': '/run/user/1000/keyring/ssh', 'SHELL': '/bin/bash', 'QT_ACCESSIBILITY': '1', 'GDMSESSION': 'ubuntu', 'TEXTDOMAINDIR': '/usr/share/locale/', 'GJS_DEBUG_OUTPUT': 'stderr', 'GPG_AGENT_INFO': '/run/user/1000/gnupg/S.gpg-agent:0:1', 'XDG_VTNR': '2', 'QT_IM_MODULE': 'ibus', 'LC_ALL': 'en_US.UTF-8', 'PWD': '/home/edyta/test/action_test/build/action_test_core', 'CLUTTER_IM_MODULE': 'xim', 'XDG_DATA_DIRS': '/usr/share/ubuntu:/usr/local/share:/usr/share:/var/lib/snapd/desktop', 'XDG_CONFIG_DIRS': '/etc/xdg/xdg-ubuntu:/etc/xdg', 'PYTHONPATH': '/home/edyta/test/action_test/install/action_test_core/lib/python3.6/site-packages:/home/edyta/test/action_test/install/action_test_msgs/lib/python3.6/site-packages:/home/edyta/test/action_test/action_test/build/action_test:/home/edyta/test/action_test/action_test/install/action_test/lib/python3.6/site-packages:/opt/ros/eloquent/lib/python3.6/site-packages', 'COLCON': '1', 'VTE_VERSION': '5202', 'CMAKE_PREFIX_PATH': '/home/edyta/test/action_test/install/action_test_msgs'}, 'shell': False}
[10.132709] (-) TimerEvent: {}
[10.233023] (-) TimerEvent: {}
[10.270215] (action_test_core) StdoutLine: {'line': b'running egg_info\n'}
[10.270724] (action_test_core) StdoutLine: {'line': b'creating /home/edyta/test/action_test/build/action_test_core/action_test_core.egg-info\n'}
[10.270872] (action_test_core) StdoutLine: {'line': b'writing /home/edyta/test/action_test/build/action_test_core/action_test_core.egg-info/PKG-INFO\n'}
[10.271027] (action_test_core) StdoutLine: {'line': b'writing dependency_links to /home/edyta/test/action_test/build/action_test_core/action_test_core.egg-info/dependency_links.txt\n'}
[10.271160] (action_test_core) StdoutLine: {'line': b'writing entry points to /home/edyta/test/action_test/build/action_test_core/action_test_core.egg-info/entry_points.txt\n'}
[10.271310] (action_test_core) StdoutLine: {'line': b'writing requirements to /home/edyta/test/action_test/build/action_test_core/action_test_core.egg-info/requires.txt\n'}
[10.271392] (action_test_core) StdoutLine: {'line': b'writing top-level names to /home/edyta/test/action_test/build/action_test_core/action_test_core.egg-info/top_level.txt\n'}
[10.271498] (action_test_core) StdoutLine: {'line': b"writing manifest file '/home/edyta/test/action_test/build/action_test_core/action_test_core.egg-info/SOURCES.txt'\n"}
[10.299847] (action_test_core) StdoutLine: {'line': b"reading manifest file '/home/edyta/test/action_test/build/action_test_core/action_test_core.egg-info/SOURCES.txt'\n"}
[10.300762] (action_test_core) StdoutLine: {'line': b"writing manifest file '/home/edyta/test/action_test/build/action_test_core/action_test_core.egg-info/SOURCES.txt'\n"}
[10.300988] (action_test_core) StdoutLine: {'line': b'running build\n'}
[10.301201] (action_test_core) StdoutLine: {'line': b'running build_py\n'}
[10.301291] (action_test_core) StdoutLine: {'line': b'creating /home/edyta/test/action_test/build/action_test_core/build\n'}
[10.301473] (action_test_core) StdoutLine: {'line': b'creating /home/edyta/test/action_test/build/action_test_core/build/lib\n'}
[10.301551] (action_test_core) StdoutLine: {'line': b'creating /home/edyta/test/action_test/build/action_test_core/build/lib/action_test_core\n'}
[10.301622] (action_test_core) StdoutLine: {'line': b'copying action_test_core/__init__.py -> /home/edyta/test/action_test/build/action_test_core/build/lib/action_test_core\n'}
[10.301716] (action_test_core) StdoutLine: {'line': b'copying action_test_core/random_number_gen.py -> /home/edyta/test/action_test/build/action_test_core/build/lib/action_test_core\n'}
[10.301783] (action_test_core) StdoutLine: {'line': b'copying action_test_core/averaging_server.py -> /home/edyta/test/action_test/build/action_test_core/build/lib/action_test_core\n'}
[10.301849] (action_test_core) StdoutLine: {'line': b'running install\n'}
[10.301914] (action_test_core) StdoutLine: {'line': b'running install_lib\n'}
[10.302318] (action_test_core) StdoutLine: {'line': b'creating /home/edyta/test/action_test/install/action_test_core/lib/python3.6/site-packages/action_test_core\n'}
[10.302587] (action_test_core) StdoutLine: {'line': b'copying /home/edyta/test/action_test/build/action_test_core/build/lib/action_test_core/__init__.py -> /home/edyta/test/action_test/install/action_test_core/lib/python3.6/site-packages/action_test_core\n'}
[10.302676] (action_test_core) StdoutLine: {'line': b'copying /home/edyta/test/action_test/build/action_test_core/build/lib/action_test_core/random_number_gen.py -> /home/edyta/test/action_test/install/action_test_core/lib/python3.6/site-packages/action_test_core\n'}
[10.302752] (action_test_core) StdoutLine: {'line': b'copying /home/edyta/test/action_test/build/action_test_core/build/lib/action_test_core/averaging_server.py -> /home/edyta/test/action_test/install/action_test_core/lib/python3.6/site-packages/action_test_core\n'}
[10.302869] (action_test_core) StdoutLine: {'line': b'byte-compiling /home/edyta/test/action_test/install/action_test_core/lib/python3.6/site-packages/action_test_core/__init__.py to __init__.cpython-36.pyc\n'}
[10.303000] (action_test_core) StdoutLine: {'line': b'byte-compiling /home/edyta/test/action_test/install/action_test_core/lib/python3.6/site-packages/action_test_core/random_number_gen.py to random_number_gen.cpython-36.pyc\n'}
[10.303326] (action_test_core) StdoutLine: {'line': b'byte-compiling /home/edyta/test/action_test/install/action_test_core/lib/python3.6/site-packages/action_test_core/averaging_server.py to averaging_server.cpython-36.pyc\n'}
[10.303804] (action_test_core) StdoutLine: {'line': b'running install_data\n'}
[10.304207] (action_test_core) StdoutLine: {'line': b'creating /home/edyta/test/action_test/install/action_test_core/share/ament_index\n'}
[10.304316] (action_test_core) StdoutLine: {'line': b'creating /home/edyta/test/action_test/install/action_test_core/share/ament_index/resource_index\n'}
[10.304394] (action_test_core) StdoutLine: {'line': b'creating /home/edyta/test/action_test/install/action_test_core/share/ament_index/resource_index/packages\n'}
[10.304550] (action_test_core) StdoutLine: {'line': b'copying resource/action_test_core -> /home/edyta/test/action_test/install/action_test_core/share/ament_index/resource_index/packages\n'}
[10.304649] (action_test_core) StdoutLine: {'line': b'copying package.xml -> /home/edyta/test/action_test/install/action_test_core/share/action_test_core\n'}
[10.304723] (action_test_core) StdoutLine: {'line': b'running install_egg_info\n'}
[10.305889] (action_test_core) StdoutLine: {'line': b'Copying /home/edyta/test/action_test/build/action_test_core/action_test_core.egg-info to /home/edyta/test/action_test/install/action_test_core/lib/python3.6/site-packages/action_test_core-0.0.0-py3.6.egg-info\n'}
[10.306572] (action_test_core) StdoutLine: {'line': b'running install_scripts\n'}
[10.322156] (action_test_core) StdoutLine: {'line': b'Installing averaging_server script to /home/edyta/test/action_test/install/action_test_core/lib/action_test_core\n'}
[10.322433] (action_test_core) StdoutLine: {'line': b'Installing random_number script to /home/edyta/test/action_test/install/action_test_core/lib/action_test_core\n'}
[10.322637] (action_test_core) StdoutLine: {'line': b"writing list of installed files to '/home/edyta/test/action_test/build/action_test_core/install.log'\n"}
[10.333157] (-) TimerEvent: {}
[10.342751] (action_test_core) CommandEnded: {'returncode': 0}
[10.350278] (action_test_core) JobEnded: {'identifier': 'action_test_core', 'rc': 0}
[10.351047] (-) EventReactorShutdown: {}
