[0.145s] DEBUG:colcon:Command line arguments: ['/usr/bin/colcon', 'build']
[0.145s] DEBUG:colcon:Parsed command line arguments: Namespace(ament_cmake_args=None, base_paths=['.'], build_base='build', catkin_cmake_args=None, catkin_skip_building_tests=False, cmake_args=None, cmake_clean_cache=False, cmake_clean_first=False, cmake_force_configure=False, cmake_target=None, cmake_target_skip_unavailable=False, continue_on_error=False, event_handlers=None, executor='parallel', ignore_user_meta=False, install_base='install', log_base=None, log_level=None, main=<bound method BuildVerb.main of <colcon_core.verb.build.BuildVerb object at 0x7f97b6844e80>>, merge_install=False, metas=['./colcon.meta'], packages_above=None, packages_above_depth=None, packages_end=None, packages_ignore=None, packages_ignore_regex=None, packages_select=None, packages_select_build_failed=False, packages_select_by_dep=None, packages_select_regex=None, packages_select_test_failures=False, packages_skip=None, packages_skip_build_finished=False, packages_skip_by_dep=None, packages_skip_regex=None, packages_skip_test_passed=False, packages_skip_up_to=None, packages_start=None, packages_up_to=None, parallel_workers=8, paths=None, symlink_install=False, test_result_base=None, verb_extension=<colcon_core.verb.build.BuildVerb object at 0x7f97b6844e80>, verb_name='build', verb_parser=<colcon_defaults.argument_parser.defaults.DefaultArgumentsDecorator object at 0x7f97b6851208>)
[0.180s] Level 1:colcon.colcon_core.package_discovery:discover_packages(colcon_meta) check parameters
[0.180s] Level 1:colcon.colcon_core.package_discovery:discover_packages(recursive) check parameters
[0.180s] Level 1:colcon.colcon_core.package_discovery:discover_packages(ignore) check parameters
[0.180s] Level 1:colcon.colcon_core.package_discovery:discover_packages(path) check parameters
[0.180s] Level 1:colcon.colcon_core.package_discovery:discover_packages(colcon_meta) discover
[0.181s] Level 1:colcon.colcon_core.package_discovery:discover_packages(recursive) discover
[0.181s] INFO:colcon.colcon_core.package_discovery:Crawling recursively for packages in '/home/edyta/test/action_test'
[0.181s] Level 1:colcon.colcon_core.package_identification:_identify(.) by extensions ['ignore', 'ignore_ament_install']
[0.181s] Level 1:colcon.colcon_core.package_identification:_identify(.) by extension 'ignore'
[0.181s] Level 1:colcon.colcon_core.package_identification:_identify(.) by extension 'ignore_ament_install'
[0.181s] Level 1:colcon.colcon_core.package_identification:_identify(.) by extensions ['colcon_pkg']
[0.181s] Level 1:colcon.colcon_core.package_identification:_identify(.) by extension 'colcon_pkg'
[0.181s] Level 1:colcon.colcon_core.package_identification:_identify(.) by extensions ['colcon_meta']
[0.181s] Level 1:colcon.colcon_core.package_identification:_identify(.) by extension 'colcon_meta'
[0.181s] Level 1:colcon.colcon_core.package_identification:_identify(.) by extensions ['ros']
[0.181s] Level 1:colcon.colcon_core.package_identification:_identify(.) by extension 'ros'
[0.212s] Level 1:colcon.colcon_core.package_identification:_identify(.) by extensions ['cmake', 'python']
[0.212s] Level 1:colcon.colcon_core.package_identification:_identify(.) by extension 'cmake'
[0.212s] Level 1:colcon.colcon_core.package_identification:_identify(.) by extension 'python'
[0.212s] Level 1:colcon.colcon_core.package_identification:_identify(.) by extensions ['python_setup_py']
[0.212s] Level 1:colcon.colcon_core.package_identification:_identify(.) by extension 'python_setup_py'
[0.212s] Level 1:colcon.colcon_core.package_identification:_identify(action_test_core) by extensions ['ignore', 'ignore_ament_install']
[0.212s] Level 1:colcon.colcon_core.package_identification:_identify(action_test_core) by extension 'ignore'
[0.212s] Level 1:colcon.colcon_core.package_identification:_identify(action_test_core) by extension 'ignore_ament_install'
[0.212s] Level 1:colcon.colcon_core.package_identification:_identify(action_test_core) by extensions ['colcon_pkg']
[0.212s] Level 1:colcon.colcon_core.package_identification:_identify(action_test_core) by extension 'colcon_pkg'
[0.212s] Level 1:colcon.colcon_core.package_identification:_identify(action_test_core) by extensions ['colcon_meta']
[0.212s] Level 1:colcon.colcon_core.package_identification:_identify(action_test_core) by extension 'colcon_meta'
[0.213s] Level 1:colcon.colcon_core.package_identification:_identify(action_test_core) by extensions ['ros']
[0.213s] Level 1:colcon.colcon_core.package_identification:_identify(action_test_core) by extension 'ros'
[0.216s] DEBUG:colcon.colcon_core.package_identification:Package 'action_test_core' with type 'ros.ament_python' and name 'action_test_core'
[0.216s] Level 1:colcon.colcon_core.package_identification:_identify(action_test_msgs) by extensions ['ignore', 'ignore_ament_install']
[0.216s] Level 1:colcon.colcon_core.package_identification:_identify(action_test_msgs) by extension 'ignore'
[0.216s] Level 1:colcon.colcon_core.package_identification:_identify(action_test_msgs) by extension 'ignore_ament_install'
[0.216s] Level 1:colcon.colcon_core.package_identification:_identify(action_test_msgs) by extensions ['colcon_pkg']
[0.216s] Level 1:colcon.colcon_core.package_identification:_identify(action_test_msgs) by extension 'colcon_pkg'
[0.216s] Level 1:colcon.colcon_core.package_identification:_identify(action_test_msgs) by extensions ['colcon_meta']
[0.216s] Level 1:colcon.colcon_core.package_identification:_identify(action_test_msgs) by extension 'colcon_meta'
[0.216s] Level 1:colcon.colcon_core.package_identification:_identify(action_test_msgs) by extensions ['ros']
[0.216s] Level 1:colcon.colcon_core.package_identification:_identify(action_test_msgs) by extension 'ros'
[0.217s] DEBUG:colcon.colcon_core.package_identification:Package 'action_test_msgs' with type 'ros.ament_cmake' and name 'action_test_msgs'
[0.217s] Level 1:colcon.colcon_core.package_identification:_identify(build) by extensions ['ignore', 'ignore_ament_install']
[0.217s] Level 1:colcon.colcon_core.package_identification:_identify(build) by extension 'ignore'
[0.217s] Level 1:colcon.colcon_core.package_identification:_identify(build) ignored
[0.217s] Level 1:colcon.colcon_core.package_identification:_identify(install) by extensions ['ignore', 'ignore_ament_install']
[0.218s] Level 1:colcon.colcon_core.package_identification:_identify(install) by extension 'ignore'
[0.218s] Level 1:colcon.colcon_core.package_identification:_identify(install) ignored
[0.218s] Level 1:colcon.colcon_core.package_identification:_identify(log) by extensions ['ignore', 'ignore_ament_install']
[0.218s] Level 1:colcon.colcon_core.package_identification:_identify(log) by extension 'ignore'
[0.218s] Level 1:colcon.colcon_core.package_identification:_identify(log) ignored
[0.218s] Level 1:colcon.colcon_core.package_discovery:discover_packages(recursive) using defaults
[0.218s] Level 1:colcon.colcon_core.package_discovery:discover_packages(ignore) discover
[0.218s] Level 1:colcon.colcon_core.package_discovery:discover_packages(ignore) using defaults
[0.218s] Level 1:colcon.colcon_core.package_discovery:discover_packages(path) discover
[0.218s] Level 1:colcon.colcon_core.package_discovery:discover_packages(path) using defaults
[0.223s] Level 5:colcon.colcon_core.verb:set package 'action_test_msgs' build argument 'cmake_args' from command line to 'None'
[0.224s] Level 5:colcon.colcon_core.verb:set package 'action_test_msgs' build argument 'cmake_target' from command line to 'None'
[0.224s] Level 5:colcon.colcon_core.verb:set package 'action_test_msgs' build argument 'cmake_target_skip_unavailable' from command line to 'False'
[0.224s] Level 5:colcon.colcon_core.verb:set package 'action_test_msgs' build argument 'cmake_clean_cache' from command line to 'False'
[0.224s] Level 5:colcon.colcon_core.verb:set package 'action_test_msgs' build argument 'cmake_clean_first' from command line to 'False'
[0.224s] Level 5:colcon.colcon_core.verb:set package 'action_test_msgs' build argument 'cmake_force_configure' from command line to 'False'
[0.224s] Level 5:colcon.colcon_core.verb:set package 'action_test_msgs' build argument 'ament_cmake_args' from command line to 'None'
[0.224s] Level 5:colcon.colcon_core.verb:set package 'action_test_msgs' build argument 'catkin_cmake_args' from command line to 'None'
[0.224s] Level 5:colcon.colcon_core.verb:set package 'action_test_msgs' build argument 'catkin_skip_building_tests' from command line to 'False'
[0.224s] DEBUG:colcon.colcon_core.verb:Building package 'action_test_msgs' with the following arguments: {'ament_cmake_args': None, 'build_base': '/home/edyta/test/action_test/build/action_test_msgs', 'catkin_cmake_args': None, 'catkin_skip_building_tests': False, 'cmake_args': None, 'cmake_clean_cache': False, 'cmake_clean_first': False, 'cmake_force_configure': False, 'cmake_target': None, 'cmake_target_skip_unavailable': False, 'install_base': '/home/edyta/test/action_test/install/action_test_msgs', 'merge_install': False, 'path': '/home/edyta/test/action_test/action_test_msgs', 'symlink_install': False, 'test_result_base': None}
[0.226s] Level 5:colcon.colcon_core.verb:set package 'action_test_core' build argument 'cmake_args' from command line to 'None'
[0.227s] Level 5:colcon.colcon_core.verb:set package 'action_test_core' build argument 'cmake_target' from command line to 'None'
[0.227s] Level 5:colcon.colcon_core.verb:set package 'action_test_core' build argument 'cmake_target_skip_unavailable' from command line to 'False'
[0.227s] Level 5:colcon.colcon_core.verb:set package 'action_test_core' build argument 'cmake_clean_cache' from command line to 'False'
[0.227s] Level 5:colcon.colcon_core.verb:set package 'action_test_core' build argument 'cmake_clean_first' from command line to 'False'
[0.227s] Level 5:colcon.colcon_core.verb:set package 'action_test_core' build argument 'cmake_force_configure' from command line to 'False'
[0.227s] Level 5:colcon.colcon_core.verb:set package 'action_test_core' build argument 'ament_cmake_args' from command line to 'None'
[0.227s] Level 5:colcon.colcon_core.verb:set package 'action_test_core' build argument 'catkin_cmake_args' from command line to 'None'
[0.227s] Level 5:colcon.colcon_core.verb:set package 'action_test_core' build argument 'catkin_skip_building_tests' from command line to 'False'
[0.227s] DEBUG:colcon.colcon_core.verb:Building package 'action_test_core' with the following arguments: {'ament_cmake_args': None, 'build_base': '/home/edyta/test/action_test/build/action_test_core', 'catkin_cmake_args': None, 'catkin_skip_building_tests': False, 'cmake_args': None, 'cmake_clean_cache': False, 'cmake_clean_first': False, 'cmake_force_configure': False, 'cmake_target': None, 'cmake_target_skip_unavailable': False, 'install_base': '/home/edyta/test/action_test/install/action_test_core', 'merge_install': False, 'path': '/home/edyta/test/action_test/action_test_core', 'symlink_install': False, 'test_result_base': None}
[0.227s] INFO:colcon.colcon_core.executor:Executing jobs using 'parallel' executor
[0.229s] DEBUG:colcon.colcon_parallel_executor.executor.parallel:run_until_complete
[0.229s] INFO:colcon.colcon_ros.task.ament_cmake.build:Building ROS package in '/home/edyta/test/action_test/action_test_msgs' with build type 'ament_cmake'
[0.233s] INFO:colcon.colcon_core.plugin_system:Skipping extension 'colcon_core.shell.bat': Not used on non-Windows systems
[0.234s] INFO:colcon.colcon_cmake.task.cmake.build:Building CMake package in '/home/edyta/test/action_test/action_test_msgs'
[0.234s] INFO:colcon.colcon_core.shell:Skip shell extension 'powershell' for command environment: Not usable outside of PowerShell
[0.234s] DEBUG:colcon.colcon_core.shell:Skip shell extension 'dsv' for command environment
[0.236s] WARNING:colcon.colcon_core.prefix_path.colcon:The path '/home/edyta/test/action_test/action_test/install' in the environment variable COLCON_PREFIX_PATH doesn't exist
[0.237s] DEBUG:colcon.colcon_core.shell:Ignoring prefix path '/opt/ros/eloquent'
[0.247s] DEBUG:colcon.colcon_core.event_handler.log_command:Invoking command in '/home/edyta/test/action_test/build/action_test_msgs': CMAKE_PREFIX_PATH=/opt/ros/eloquent /usr/bin/cmake /home/edyta/test/action_test/action_test_msgs -DCMAKE_INSTALL_PREFIX=/home/edyta/test/action_test/install/action_test_msgs
[5.060s] DEBUG:colcon.colcon_core.event_handler.log_command:Invoked command in '/home/edyta/test/action_test/build/action_test_msgs' returned '0': CMAKE_PREFIX_PATH=/opt/ros/eloquent /usr/bin/cmake /home/edyta/test/action_test/action_test_msgs -DCMAKE_INSTALL_PREFIX=/home/edyta/test/action_test/install/action_test_msgs
[5.063s] DEBUG:colcon.colcon_core.event_handler.log_command:Invoking command in '/home/edyta/test/action_test/build/action_test_msgs': CMAKE_PREFIX_PATH=/opt/ros/eloquent /usr/bin/cmake --build /home/edyta/test/action_test/build/action_test_msgs -- -j8 -l8
[9.679s] DEBUG:colcon.colcon_core.event_handler.log_command:Invoked command in '/home/edyta/test/action_test/build/action_test_msgs' returned '0': CMAKE_PREFIX_PATH=/opt/ros/eloquent /usr/bin/cmake --build /home/edyta/test/action_test/build/action_test_msgs -- -j8 -l8
[9.734s] DEBUG:colcon.colcon_core.event_handler.log_command:Invoking command in '/home/edyta/test/action_test/build/action_test_msgs': CMAKE_PREFIX_PATH=/opt/ros/eloquent /usr/bin/cmake --build /home/edyta/test/action_test/build/action_test_msgs --target install -- -j8 -l8
[10.039s] Level 1:colcon.colcon_core.environment:create_environment_scripts_only(action_test_msgs)
[10.039s] DEBUG:colcon.colcon_core.event_handler.log_command:Invoked command in '/home/edyta/test/action_test/build/action_test_msgs' returned '0': CMAKE_PREFIX_PATH=/opt/ros/eloquent /usr/bin/cmake --build /home/edyta/test/action_test/build/action_test_msgs --target install -- -j8 -l8
[10.043s] Level 1:colcon.colcon_core.environment:checking '/home/edyta/test/action_test/install/action_test_msgs' for CMake module files
[10.043s] Level 1:colcon.colcon_core.environment:checking '/home/edyta/test/action_test/install/action_test_msgs' for CMake config files
[10.044s] Level 1:colcon.colcon_core.shell:create_environment_hook('action_test_msgs', 'cmake_prefix_path')
[10.044s] INFO:colcon.colcon_core.shell:Creating environment hook '/home/edyta/test/action_test/install/action_test_msgs/share/action_test_msgs/hook/cmake_prefix_path.ps1'
[10.056s] INFO:colcon.colcon_core.shell:Creating environment descriptor '/home/edyta/test/action_test/install/action_test_msgs/share/action_test_msgs/hook/cmake_prefix_path.dsv'
[10.056s] INFO:colcon.colcon_core.shell:Creating environment hook '/home/edyta/test/action_test/install/action_test_msgs/share/action_test_msgs/hook/cmake_prefix_path.sh'
[10.058s] Level 1:colcon.colcon_core.environment:checking '/home/edyta/test/action_test/install/action_test_msgs/lib'
[10.058s] Level 1:colcon.colcon_core.shell:create_environment_hook('action_test_msgs', 'ld_library_path_lib')
[10.058s] INFO:colcon.colcon_core.shell:Creating environment hook '/home/edyta/test/action_test/install/action_test_msgs/share/action_test_msgs/hook/ld_library_path_lib.ps1'
[10.059s] INFO:colcon.colcon_core.shell:Creating environment descriptor '/home/edyta/test/action_test/install/action_test_msgs/share/action_test_msgs/hook/ld_library_path_lib.dsv'
[10.059s] INFO:colcon.colcon_core.shell:Creating environment hook '/home/edyta/test/action_test/install/action_test_msgs/share/action_test_msgs/hook/ld_library_path_lib.sh'
[10.060s] Level 1:colcon.colcon_core.environment:checking '/home/edyta/test/action_test/install/action_test_msgs/bin'
[10.060s] Level 1:colcon.colcon_core.environment:checking '/home/edyta/test/action_test/install/action_test_msgs/lib/pkgconfig/action_test_msgs.pc'
[10.060s] Level 1:colcon.colcon_core.environment:checking '/home/edyta/test/action_test/install/action_test_msgs/lib/python3.6/site-packages'
[10.060s] Level 1:colcon.colcon_core.shell:create_environment_hook('action_test_msgs', 'pythonpath')
[10.060s] INFO:colcon.colcon_core.shell:Creating environment hook '/home/edyta/test/action_test/install/action_test_msgs/share/action_test_msgs/hook/pythonpath.ps1'
[10.061s] INFO:colcon.colcon_core.shell:Creating environment descriptor '/home/edyta/test/action_test/install/action_test_msgs/share/action_test_msgs/hook/pythonpath.dsv'
[10.062s] INFO:colcon.colcon_core.shell:Creating environment hook '/home/edyta/test/action_test/install/action_test_msgs/share/action_test_msgs/hook/pythonpath.sh'
[10.063s] INFO:colcon.colcon_core.shell:Creating package script '/home/edyta/test/action_test/install/action_test_msgs/share/action_test_msgs/package.ps1'
[10.064s] INFO:colcon.colcon_core.shell:Creating package descriptor '/home/edyta/test/action_test/install/action_test_msgs/share/action_test_msgs/package.dsv'
[10.064s] INFO:colcon.colcon_core.shell:Creating package script '/home/edyta/test/action_test/install/action_test_msgs/share/action_test_msgs/package.sh'
[10.065s] INFO:colcon.colcon_core.shell:Creating package script '/home/edyta/test/action_test/install/action_test_msgs/share/action_test_msgs/package.bash'
[10.066s] INFO:colcon.colcon_core.shell:Creating package script '/home/edyta/test/action_test/install/action_test_msgs/share/action_test_msgs/package.zsh'
[10.067s] Level 1:colcon.colcon_core.environment:create_file_with_runtime_dependencies(/home/edyta/test/action_test/install/action_test_msgs/share/colcon-core/packages/action_test_msgs)
[10.068s] INFO:colcon.colcon_ros.task.ament_python.build:Building ROS package in '/home/edyta/test/action_test/action_test_core' with build type 'ament_python'
[10.068s] Level 1:colcon.colcon_core.shell:create_environment_hook('action_test_core', 'ament_prefix_path')
[10.068s] INFO:colcon.colcon_core.shell:Creating environment hook '/home/edyta/test/action_test/install/action_test_core/share/action_test_core/hook/ament_prefix_path.ps1'
[10.069s] INFO:colcon.colcon_core.shell:Creating environment descriptor '/home/edyta/test/action_test/install/action_test_core/share/action_test_core/hook/ament_prefix_path.dsv'
[10.070s] INFO:colcon.colcon_core.shell:Creating environment hook '/home/edyta/test/action_test/install/action_test_core/share/action_test_core/hook/ament_prefix_path.sh'
[10.070s] INFO:colcon.colcon_core.shell:Skip shell extension 'powershell' for command environment: Not usable outside of PowerShell
[10.070s] DEBUG:colcon.colcon_core.shell:Skip shell extension 'dsv' for command environment
[10.072s] DEBUG:colcon.colcon_core.shell:Ignoring prefix path '/opt/ros/eloquent'
[10.287s] INFO:colcon.colcon_core.task.python.build:Building Python package in '/home/edyta/test/action_test/action_test_core'
[10.288s] INFO:colcon.colcon_core.shell:Skip shell extension 'powershell' for command environment: Not usable outside of PowerShell
[10.288s] DEBUG:colcon.colcon_core.shell:Skip shell extension 'dsv' for command environment
[10.290s] DEBUG:colcon.colcon_core.shell:Ignoring prefix path '/opt/ros/eloquent'
[10.301s] DEBUG:colcon.colcon_core.event_handler.log_command:Invoking command in '/home/edyta/test/action_test/action_test_core': AMENT_PREFIX_PATH=/home/edyta/test/action_test/install/action_test_msgs:${AMENT_PREFIX_PATH} CMAKE_PREFIX_PATH=/home/edyta/test/action_test/install/action_test_msgs LD_LIBRARY_PATH=/home/edyta/test/action_test/install/action_test_msgs/lib:${LD_LIBRARY_PATH} PYTHONPATH=/home/edyta/test/action_test/install/action_test_core/lib/python3.6/site-packages:/home/edyta/test/action_test/install/action_test_msgs/lib/python3.6/site-packages:${PYTHONPATH} /usr/bin/python3 setup.py egg_info --egg-base /home/edyta/test/action_test/build/action_test_core build --build-base /home/edyta/test/action_test/build/action_test_core/build install --prefix /home/edyta/test/action_test/install/action_test_core --record /home/edyta/test/action_test/build/action_test_core/install.log --single-version-externally-managed
[10.571s] Level 1:colcon.colcon_core.environment:checking '/home/edyta/test/action_test/install/action_test_core' for CMake module files
[10.572s] DEBUG:colcon.colcon_core.event_handler.log_command:Invoked command in '/home/edyta/test/action_test/action_test_core' returned '0': AMENT_PREFIX_PATH=/home/edyta/test/action_test/install/action_test_msgs:${AMENT_PREFIX_PATH} CMAKE_PREFIX_PATH=/home/edyta/test/action_test/install/action_test_msgs LD_LIBRARY_PATH=/home/edyta/test/action_test/install/action_test_msgs/lib:${LD_LIBRARY_PATH} PYTHONPATH=/home/edyta/test/action_test/install/action_test_core/lib/python3.6/site-packages:/home/edyta/test/action_test/install/action_test_msgs/lib/python3.6/site-packages:${PYTHONPATH} /usr/bin/python3 setup.py egg_info --egg-base /home/edyta/test/action_test/build/action_test_core build --build-base /home/edyta/test/action_test/build/action_test_core/build install --prefix /home/edyta/test/action_test/install/action_test_core --record /home/edyta/test/action_test/build/action_test_core/install.log --single-version-externally-managed
[10.572s] Level 1:colcon.colcon_core.environment:checking '/home/edyta/test/action_test/install/action_test_core' for CMake config files
[10.573s] Level 1:colcon.colcon_core.environment:checking '/home/edyta/test/action_test/install/action_test_core/lib'
[10.573s] Level 1:colcon.colcon_core.environment:checking '/home/edyta/test/action_test/install/action_test_core/bin'
[10.573s] Level 1:colcon.colcon_core.environment:checking '/home/edyta/test/action_test/install/action_test_core/lib/pkgconfig/action_test_core.pc'
[10.574s] Level 1:colcon.colcon_core.environment:checking '/home/edyta/test/action_test/install/action_test_core/lib/python3.6/site-packages'
[10.574s] Level 1:colcon.colcon_core.shell:create_environment_hook('action_test_core', 'pythonpath')
[10.574s] INFO:colcon.colcon_core.shell:Creating environment hook '/home/edyta/test/action_test/install/action_test_core/share/action_test_core/hook/pythonpath.ps1'
[10.575s] INFO:colcon.colcon_core.shell:Creating environment descriptor '/home/edyta/test/action_test/install/action_test_core/share/action_test_core/hook/pythonpath.dsv'
[10.575s] INFO:colcon.colcon_core.shell:Creating environment hook '/home/edyta/test/action_test/install/action_test_core/share/action_test_core/hook/pythonpath.sh'
[10.575s] Level 1:colcon.colcon_core.environment:create_environment_scripts_only(action_test_core)
[10.576s] INFO:colcon.colcon_core.shell:Creating package script '/home/edyta/test/action_test/install/action_test_core/share/action_test_core/package.ps1'
[10.577s] INFO:colcon.colcon_core.shell:Creating package descriptor '/home/edyta/test/action_test/install/action_test_core/share/action_test_core/package.dsv'
[10.577s] INFO:colcon.colcon_core.shell:Creating package script '/home/edyta/test/action_test/install/action_test_core/share/action_test_core/package.sh'
[10.578s] INFO:colcon.colcon_core.shell:Creating package script '/home/edyta/test/action_test/install/action_test_core/share/action_test_core/package.bash'
[10.578s] INFO:colcon.colcon_core.shell:Creating package script '/home/edyta/test/action_test/install/action_test_core/share/action_test_core/package.zsh'
[10.578s] Level 1:colcon.colcon_core.environment:create_file_with_runtime_dependencies(/home/edyta/test/action_test/install/action_test_core/share/colcon-core/packages/action_test_core)
[10.579s] DEBUG:colcon.colcon_parallel_executor.executor.parallel:closing loop
[10.579s] DEBUG:colcon.colcon_parallel_executor.executor.parallel:loop closed
[10.579s] DEBUG:colcon.colcon_parallel_executor.executor.parallel:run_until_complete finished with '0'
[10.579s] DEBUG:colcon.colcon_core.event_reactor:joining thread
[10.586s] INFO:colcon.colcon_core.plugin_system:Skipping extension 'colcon_notification.desktop_notification.terminal_notifier': Not used on non-Darwin systems
[10.586s] INFO:colcon.colcon_core.plugin_system:Skipping extension 'colcon_notification.desktop_notification.win32': Not used on non-Windows systems
[10.586s] INFO:colcon.colcon_notification.desktop_notification:Sending desktop notification using 'notify2'
[10.589s] DEBUG:colcon.colcon_core.event_reactor:joined thread
[10.589s] INFO:colcon.colcon_core.shell:Creating prefix script '/home/edyta/test/action_test/install/local_setup.ps1'
[10.591s] INFO:colcon.colcon_core.shell:Creating prefix util module '/home/edyta/test/action_test/install/_local_setup_util_ps1.py'
[10.592s] INFO:colcon.colcon_core.shell:Creating prefix chain script '/home/edyta/test/action_test/install/setup.ps1'
[10.595s] INFO:colcon.colcon_core.shell:Creating prefix script '/home/edyta/test/action_test/install/local_setup.sh'
[10.595s] INFO:colcon.colcon_core.shell:Creating prefix util module '/home/edyta/test/action_test/install/_local_setup_util_sh.py'
[10.596s] INFO:colcon.colcon_core.shell:Creating prefix chain script '/home/edyta/test/action_test/install/setup.sh'
[10.598s] INFO:colcon.colcon_core.shell:Creating prefix script '/home/edyta/test/action_test/install/local_setup.bash'
[10.599s] INFO:colcon.colcon_core.shell:Creating prefix chain script '/home/edyta/test/action_test/install/setup.bash'
[10.601s] INFO:colcon.colcon_core.shell:Creating prefix script '/home/edyta/test/action_test/install/local_setup.zsh'
[10.602s] INFO:colcon.colcon_core.shell:Creating prefix chain script '/home/edyta/test/action_test/install/setup.zsh'
