[0.156s] DEBUG:colcon:Command line arguments: ['/usr/bin/colcon', 'build']
[0.156s] DEBUG:colcon:Parsed command line arguments: Namespace(ament_cmake_args=None, base_paths=['.'], build_base='build', catkin_cmake_args=None, catkin_skip_building_tests=False, cmake_args=None, cmake_clean_cache=False, cmake_clean_first=False, cmake_force_configure=False, cmake_target=None, cmake_target_skip_unavailable=False, continue_on_error=False, event_handlers=None, executor='parallel', ignore_user_meta=False, install_base='install', log_base=None, log_level=None, main=<bound method BuildVerb.main of <colcon_core.verb.build.BuildVerb object at 0x7f221daa9e80>>, merge_install=False, metas=['./colcon.meta'], packages_above=None, packages_above_depth=None, packages_end=None, packages_ignore=None, packages_ignore_regex=None, packages_select=None, packages_select_build_failed=False, packages_select_by_dep=None, packages_select_regex=None, packages_select_test_failures=False, packages_skip=None, packages_skip_build_finished=False, packages_skip_by_dep=None, packages_skip_regex=None, packages_skip_test_passed=False, packages_skip_up_to=None, packages_start=None, packages_up_to=None, parallel_workers=8, paths=None, symlink_install=False, test_result_base=None, verb_extension=<colcon_core.verb.build.BuildVerb object at 0x7f221daa9e80>, verb_name='build', verb_parser=<colcon_defaults.argument_parser.defaults.DefaultArgumentsDecorator object at 0x7f221dab6208>)
[0.194s] Level 1:colcon.colcon_core.package_discovery:discover_packages(colcon_meta) check parameters
[0.195s] Level 1:colcon.colcon_core.package_discovery:discover_packages(recursive) check parameters
[0.195s] Level 1:colcon.colcon_core.package_discovery:discover_packages(ignore) check parameters
[0.195s] Level 1:colcon.colcon_core.package_discovery:discover_packages(path) check parameters
[0.195s] Level 1:colcon.colcon_core.package_discovery:discover_packages(colcon_meta) discover
[0.195s] Level 1:colcon.colcon_core.package_discovery:discover_packages(recursive) discover
[0.195s] INFO:colcon.colcon_core.package_discovery:Crawling recursively for packages in '/home/edyta/action_test'
[0.195s] Level 1:colcon.colcon_core.package_identification:_identify(.) by extensions ['ignore', 'ignore_ament_install']
[0.195s] Level 1:colcon.colcon_core.package_identification:_identify(.) by extension 'ignore'
[0.195s] Level 1:colcon.colcon_core.package_identification:_identify(.) by extension 'ignore_ament_install'
[0.195s] Level 1:colcon.colcon_core.package_identification:_identify(.) by extensions ['colcon_pkg']
[0.195s] Level 1:colcon.colcon_core.package_identification:_identify(.) by extension 'colcon_pkg'
[0.195s] Level 1:colcon.colcon_core.package_identification:_identify(.) by extensions ['colcon_meta']
[0.195s] Level 1:colcon.colcon_core.package_identification:_identify(.) by extension 'colcon_meta'
[0.196s] Level 1:colcon.colcon_core.package_identification:_identify(.) by extensions ['ros']
[0.196s] Level 1:colcon.colcon_core.package_identification:_identify(.) by extension 'ros'
[0.230s] Level 1:colcon.colcon_core.package_identification:_identify(.) by extensions ['cmake', 'python']
[0.230s] Level 1:colcon.colcon_core.package_identification:_identify(.) by extension 'cmake'
[0.230s] Level 1:colcon.colcon_core.package_identification:_identify(.) by extension 'python'
[0.230s] Level 1:colcon.colcon_core.package_identification:_identify(.) by extensions ['python_setup_py']
[0.230s] Level 1:colcon.colcon_core.package_identification:_identify(.) by extension 'python_setup_py'
[0.230s] Level 1:colcon.colcon_core.package_identification:_identify(action_test_core) by extensions ['ignore', 'ignore_ament_install']
[0.230s] Level 1:colcon.colcon_core.package_identification:_identify(action_test_core) by extension 'ignore'
[0.230s] Level 1:colcon.colcon_core.package_identification:_identify(action_test_core) by extension 'ignore_ament_install'
[0.230s] Level 1:colcon.colcon_core.package_identification:_identify(action_test_core) by extensions ['colcon_pkg']
[0.230s] Level 1:colcon.colcon_core.package_identification:_identify(action_test_core) by extension 'colcon_pkg'
[0.231s] Level 1:colcon.colcon_core.package_identification:_identify(action_test_core) by extensions ['colcon_meta']
[0.231s] Level 1:colcon.colcon_core.package_identification:_identify(action_test_core) by extension 'colcon_meta'
[0.231s] Level 1:colcon.colcon_core.package_identification:_identify(action_test_core) by extensions ['ros']
[0.231s] Level 1:colcon.colcon_core.package_identification:_identify(action_test_core) by extension 'ros'
[0.233s] DEBUG:colcon.colcon_core.package_identification:Package 'action_test_core' with type 'ros.ament_python' and name 'action_test_core'
[0.233s] Level 1:colcon.colcon_core.package_identification:_identify(action_test_msgs) by extensions ['ignore', 'ignore_ament_install']
[0.233s] Level 1:colcon.colcon_core.package_identification:_identify(action_test_msgs) by extension 'ignore'
[0.234s] Level 1:colcon.colcon_core.package_identification:_identify(action_test_msgs) by extension 'ignore_ament_install'
[0.234s] Level 1:colcon.colcon_core.package_identification:_identify(action_test_msgs) by extensions ['colcon_pkg']
[0.234s] Level 1:colcon.colcon_core.package_identification:_identify(action_test_msgs) by extension 'colcon_pkg'
[0.234s] Level 1:colcon.colcon_core.package_identification:_identify(action_test_msgs) by extensions ['colcon_meta']
[0.234s] Level 1:colcon.colcon_core.package_identification:_identify(action_test_msgs) by extension 'colcon_meta'
[0.234s] Level 1:colcon.colcon_core.package_identification:_identify(action_test_msgs) by extensions ['ros']
[0.234s] Level 1:colcon.colcon_core.package_identification:_identify(action_test_msgs) by extension 'ros'
[0.234s] DEBUG:colcon.colcon_core.package_identification:Package 'action_test_msgs' with type 'ros.ament_cmake' and name 'action_test_msgs'
[0.234s] Level 1:colcon.colcon_core.package_identification:_identify(build) by extensions ['ignore', 'ignore_ament_install']
[0.235s] Level 1:colcon.colcon_core.package_identification:_identify(build) by extension 'ignore'
[0.235s] Level 1:colcon.colcon_core.package_identification:_identify(build) ignored
[0.235s] Level 1:colcon.colcon_core.package_identification:_identify(install) by extensions ['ignore', 'ignore_ament_install']
[0.235s] Level 1:colcon.colcon_core.package_identification:_identify(install) by extension 'ignore'
[0.235s] Level 1:colcon.colcon_core.package_identification:_identify(install) ignored
[0.235s] Level 1:colcon.colcon_core.package_identification:_identify(log) by extensions ['ignore', 'ignore_ament_install']
[0.235s] Level 1:colcon.colcon_core.package_identification:_identify(log) by extension 'ignore'
[0.235s] Level 1:colcon.colcon_core.package_identification:_identify(log) ignored
[0.235s] Level 1:colcon.colcon_core.package_discovery:discover_packages(recursive) using defaults
[0.236s] Level 1:colcon.colcon_core.package_discovery:discover_packages(ignore) discover
[0.236s] Level 1:colcon.colcon_core.package_discovery:discover_packages(ignore) using defaults
[0.236s] Level 1:colcon.colcon_core.package_discovery:discover_packages(path) discover
[0.236s] Level 1:colcon.colcon_core.package_discovery:discover_packages(path) using defaults
[0.241s] Level 5:colcon.colcon_core.verb:set package 'action_test_msgs' build argument 'cmake_args' from command line to 'None'
[0.241s] Level 5:colcon.colcon_core.verb:set package 'action_test_msgs' build argument 'cmake_target' from command line to 'None'
[0.242s] Level 5:colcon.colcon_core.verb:set package 'action_test_msgs' build argument 'cmake_target_skip_unavailable' from command line to 'False'
[0.242s] Level 5:colcon.colcon_core.verb:set package 'action_test_msgs' build argument 'cmake_clean_cache' from command line to 'False'
[0.242s] Level 5:colcon.colcon_core.verb:set package 'action_test_msgs' build argument 'cmake_clean_first' from command line to 'False'
[0.242s] Level 5:colcon.colcon_core.verb:set package 'action_test_msgs' build argument 'cmake_force_configure' from command line to 'False'
[0.242s] Level 5:colcon.colcon_core.verb:set package 'action_test_msgs' build argument 'ament_cmake_args' from command line to 'None'
[0.242s] Level 5:colcon.colcon_core.verb:set package 'action_test_msgs' build argument 'catkin_cmake_args' from command line to 'None'
[0.242s] Level 5:colcon.colcon_core.verb:set package 'action_test_msgs' build argument 'catkin_skip_building_tests' from command line to 'False'
[0.242s] DEBUG:colcon.colcon_core.verb:Building package 'action_test_msgs' with the following arguments: {'ament_cmake_args': None, 'build_base': '/home/edyta/action_test/build/action_test_msgs', 'catkin_cmake_args': None, 'catkin_skip_building_tests': False, 'cmake_args': None, 'cmake_clean_cache': False, 'cmake_clean_first': False, 'cmake_force_configure': False, 'cmake_target': None, 'cmake_target_skip_unavailable': False, 'install_base': '/home/edyta/action_test/install/action_test_msgs', 'merge_install': False, 'path': '/home/edyta/action_test/action_test_msgs', 'symlink_install': False, 'test_result_base': None}
[0.245s] Level 5:colcon.colcon_core.verb:set package 'action_test_core' build argument 'cmake_args' from command line to 'None'
[0.245s] Level 5:colcon.colcon_core.verb:set package 'action_test_core' build argument 'cmake_target' from command line to 'None'
[0.245s] Level 5:colcon.colcon_core.verb:set package 'action_test_core' build argument 'cmake_target_skip_unavailable' from command line to 'False'
[0.245s] Level 5:colcon.colcon_core.verb:set package 'action_test_core' build argument 'cmake_clean_cache' from command line to 'False'
[0.245s] Level 5:colcon.colcon_core.verb:set package 'action_test_core' build argument 'cmake_clean_first' from command line to 'False'
[0.245s] Level 5:colcon.colcon_core.verb:set package 'action_test_core' build argument 'cmake_force_configure' from command line to 'False'
[0.245s] Level 5:colcon.colcon_core.verb:set package 'action_test_core' build argument 'ament_cmake_args' from command line to 'None'
[0.245s] Level 5:colcon.colcon_core.verb:set package 'action_test_core' build argument 'catkin_cmake_args' from command line to 'None'
[0.245s] Level 5:colcon.colcon_core.verb:set package 'action_test_core' build argument 'catkin_skip_building_tests' from command line to 'False'
[0.245s] DEBUG:colcon.colcon_core.verb:Building package 'action_test_core' with the following arguments: {'ament_cmake_args': None, 'build_base': '/home/edyta/action_test/build/action_test_core', 'catkin_cmake_args': None, 'catkin_skip_building_tests': False, 'cmake_args': None, 'cmake_clean_cache': False, 'cmake_clean_first': False, 'cmake_force_configure': False, 'cmake_target': None, 'cmake_target_skip_unavailable': False, 'install_base': '/home/edyta/action_test/install/action_test_core', 'merge_install': False, 'path': '/home/edyta/action_test/action_test_core', 'symlink_install': False, 'test_result_base': None}
[0.245s] INFO:colcon.colcon_core.executor:Executing jobs using 'parallel' executor
[0.247s] DEBUG:colcon.colcon_parallel_executor.executor.parallel:run_until_complete
[0.248s] INFO:colcon.colcon_ros.task.ament_cmake.build:Building ROS package in '/home/edyta/action_test/action_test_msgs' with build type 'ament_cmake'
[0.252s] INFO:colcon.colcon_core.plugin_system:Skipping extension 'colcon_core.shell.bat': Not used on non-Windows systems
[0.252s] INFO:colcon.colcon_cmake.task.cmake.build:Building CMake package in '/home/edyta/action_test/action_test_msgs'
[0.252s] INFO:colcon.colcon_core.shell:Skip shell extension 'powershell' for command environment: Not usable outside of PowerShell
[0.252s] DEBUG:colcon.colcon_core.shell:Skip shell extension 'dsv' for command environment
[0.255s] DEBUG:colcon.colcon_core.shell:Ignoring prefix path '/opt/ros/eloquent'
[0.266s] DEBUG:colcon.colcon_core.event_handler.log_command:Invoking command in '/home/edyta/action_test/build/action_test_msgs': CMAKE_PREFIX_PATH=/opt/ros/eloquent /usr/bin/cmake --build /home/edyta/action_test/build/action_test_msgs -- -j8 -l8
[0.524s] DEBUG:colcon.colcon_core.event_handler.log_command:Invoked command in '/home/edyta/action_test/build/action_test_msgs' returned '0': CMAKE_PREFIX_PATH=/opt/ros/eloquent /usr/bin/cmake --build /home/edyta/action_test/build/action_test_msgs -- -j8 -l8
[0.582s] DEBUG:colcon.colcon_core.event_handler.log_command:Invoking command in '/home/edyta/action_test/build/action_test_msgs': CMAKE_PREFIX_PATH=/opt/ros/eloquent /usr/bin/cmake --build /home/edyta/action_test/build/action_test_msgs --target install -- -j8 -l8
[0.896s] Level 1:colcon.colcon_core.environment:create_environment_scripts_only(action_test_msgs)
[0.897s] DEBUG:colcon.colcon_core.event_handler.log_command:Invoked command in '/home/edyta/action_test/build/action_test_msgs' returned '0': CMAKE_PREFIX_PATH=/opt/ros/eloquent /usr/bin/cmake --build /home/edyta/action_test/build/action_test_msgs --target install -- -j8 -l8
[0.900s] Level 1:colcon.colcon_core.environment:checking '/home/edyta/action_test/install/action_test_msgs' for CMake module files
[0.900s] Level 1:colcon.colcon_core.environment:checking '/home/edyta/action_test/install/action_test_msgs' for CMake config files
[0.901s] Level 1:colcon.colcon_core.shell:create_environment_hook('action_test_msgs', 'cmake_prefix_path')
[0.901s] INFO:colcon.colcon_core.shell:Creating environment hook '/home/edyta/action_test/install/action_test_msgs/share/action_test_msgs/hook/cmake_prefix_path.ps1'
[0.902s] INFO:colcon.colcon_core.shell:Creating environment descriptor '/home/edyta/action_test/install/action_test_msgs/share/action_test_msgs/hook/cmake_prefix_path.dsv'
[0.914s] INFO:colcon.colcon_core.shell:Creating environment hook '/home/edyta/action_test/install/action_test_msgs/share/action_test_msgs/hook/cmake_prefix_path.sh'
[0.915s] Level 1:colcon.colcon_core.environment:checking '/home/edyta/action_test/install/action_test_msgs/lib'
[0.916s] Level 1:colcon.colcon_core.shell:create_environment_hook('action_test_msgs', 'ld_library_path_lib')
[0.916s] INFO:colcon.colcon_core.shell:Creating environment hook '/home/edyta/action_test/install/action_test_msgs/share/action_test_msgs/hook/ld_library_path_lib.ps1'
[0.917s] INFO:colcon.colcon_core.shell:Creating environment descriptor '/home/edyta/action_test/install/action_test_msgs/share/action_test_msgs/hook/ld_library_path_lib.dsv'
[0.917s] INFO:colcon.colcon_core.shell:Creating environment hook '/home/edyta/action_test/install/action_test_msgs/share/action_test_msgs/hook/ld_library_path_lib.sh'
[0.918s] Level 1:colcon.colcon_core.environment:checking '/home/edyta/action_test/install/action_test_msgs/bin'
[0.918s] Level 1:colcon.colcon_core.environment:checking '/home/edyta/action_test/install/action_test_msgs/lib/pkgconfig/action_test_msgs.pc'
[0.918s] Level 1:colcon.colcon_core.environment:checking '/home/edyta/action_test/install/action_test_msgs/lib/python3.6/site-packages'
[0.918s] Level 1:colcon.colcon_core.shell:create_environment_hook('action_test_msgs', 'pythonpath')
[0.919s] INFO:colcon.colcon_core.shell:Creating environment hook '/home/edyta/action_test/install/action_test_msgs/share/action_test_msgs/hook/pythonpath.ps1'
[0.919s] INFO:colcon.colcon_core.shell:Creating environment descriptor '/home/edyta/action_test/install/action_test_msgs/share/action_test_msgs/hook/pythonpath.dsv'
[0.919s] INFO:colcon.colcon_core.shell:Creating environment hook '/home/edyta/action_test/install/action_test_msgs/share/action_test_msgs/hook/pythonpath.sh'
[0.921s] INFO:colcon.colcon_core.shell:Creating package script '/home/edyta/action_test/install/action_test_msgs/share/action_test_msgs/package.ps1'
[0.922s] INFO:colcon.colcon_core.shell:Creating package descriptor '/home/edyta/action_test/install/action_test_msgs/share/action_test_msgs/package.dsv'
[0.923s] INFO:colcon.colcon_core.shell:Creating package script '/home/edyta/action_test/install/action_test_msgs/share/action_test_msgs/package.sh'
[0.924s] INFO:colcon.colcon_core.shell:Creating package script '/home/edyta/action_test/install/action_test_msgs/share/action_test_msgs/package.bash'
[0.925s] INFO:colcon.colcon_core.shell:Creating package script '/home/edyta/action_test/install/action_test_msgs/share/action_test_msgs/package.zsh'
[0.926s] Level 1:colcon.colcon_core.environment:create_file_with_runtime_dependencies(/home/edyta/action_test/install/action_test_msgs/share/colcon-core/packages/action_test_msgs)
[0.926s] INFO:colcon.colcon_ros.task.ament_python.build:Building ROS package in '/home/edyta/action_test/action_test_core' with build type 'ament_python'
[0.926s] Level 1:colcon.colcon_core.shell:create_environment_hook('action_test_core', 'ament_prefix_path')
[0.927s] INFO:colcon.colcon_core.shell:Creating environment hook '/home/edyta/action_test/install/action_test_core/share/action_test_core/hook/ament_prefix_path.ps1'
[0.928s] INFO:colcon.colcon_core.shell:Creating environment descriptor '/home/edyta/action_test/install/action_test_core/share/action_test_core/hook/ament_prefix_path.dsv'
[0.928s] INFO:colcon.colcon_core.shell:Creating environment hook '/home/edyta/action_test/install/action_test_core/share/action_test_core/hook/ament_prefix_path.sh'
[0.929s] INFO:colcon.colcon_core.shell:Skip shell extension 'powershell' for command environment: Not usable outside of PowerShell
[0.929s] DEBUG:colcon.colcon_core.shell:Skip shell extension 'dsv' for command environment
[0.931s] DEBUG:colcon.colcon_core.shell:Ignoring prefix path '/opt/ros/eloquent'
[1.153s] INFO:colcon.colcon_core.task.python.build:Building Python package in '/home/edyta/action_test/action_test_core'
[1.154s] INFO:colcon.colcon_core.shell:Skip shell extension 'powershell' for command environment: Not usable outside of PowerShell
[1.154s] DEBUG:colcon.colcon_core.shell:Skip shell extension 'dsv' for command environment
[1.156s] DEBUG:colcon.colcon_core.shell:Ignoring prefix path '/opt/ros/eloquent'
[1.166s] DEBUG:colcon.colcon_core.event_handler.log_command:Invoking command in '/home/edyta/action_test/action_test_core': AMENT_PREFIX_PATH=/home/edyta/action_test/install/action_test_msgs:${AMENT_PREFIX_PATH} CMAKE_PREFIX_PATH=/home/edyta/action_test/install/action_test_msgs LD_LIBRARY_PATH=/home/edyta/action_test/install/action_test_msgs/lib:${LD_LIBRARY_PATH} PYTHONPATH=/home/edyta/action_test/install/action_test_core/lib/python3.6/site-packages:/home/edyta/action_test/install/action_test_msgs/lib/python3.6/site-packages:${PYTHONPATH} /usr/bin/python3 setup.py egg_info --egg-base /home/edyta/action_test/build/action_test_core build --build-base /home/edyta/action_test/build/action_test_core/build install --prefix /home/edyta/action_test/install/action_test_core --record /home/edyta/action_test/build/action_test_core/install.log --single-version-externally-managed
[1.452s] Level 1:colcon.colcon_core.environment:checking '/home/edyta/action_test/install/action_test_core' for CMake module files
[1.453s] DEBUG:colcon.colcon_core.event_handler.log_command:Invoked command in '/home/edyta/action_test/action_test_core' returned '0': AMENT_PREFIX_PATH=/home/edyta/action_test/install/action_test_msgs:${AMENT_PREFIX_PATH} CMAKE_PREFIX_PATH=/home/edyta/action_test/install/action_test_msgs LD_LIBRARY_PATH=/home/edyta/action_test/install/action_test_msgs/lib:${LD_LIBRARY_PATH} PYTHONPATH=/home/edyta/action_test/install/action_test_core/lib/python3.6/site-packages:/home/edyta/action_test/install/action_test_msgs/lib/python3.6/site-packages:${PYTHONPATH} /usr/bin/python3 setup.py egg_info --egg-base /home/edyta/action_test/build/action_test_core build --build-base /home/edyta/action_test/build/action_test_core/build install --prefix /home/edyta/action_test/install/action_test_core --record /home/edyta/action_test/build/action_test_core/install.log --single-version-externally-managed
[1.453s] Level 1:colcon.colcon_core.environment:checking '/home/edyta/action_test/install/action_test_core' for CMake config files
[1.454s] Level 1:colcon.colcon_core.environment:checking '/home/edyta/action_test/install/action_test_core/lib'
[1.454s] Level 1:colcon.colcon_core.environment:checking '/home/edyta/action_test/install/action_test_core/bin'
[1.454s] Level 1:colcon.colcon_core.environment:checking '/home/edyta/action_test/install/action_test_core/lib/pkgconfig/action_test_core.pc'
[1.454s] Level 1:colcon.colcon_core.environment:checking '/home/edyta/action_test/install/action_test_core/lib/python3.6/site-packages'
[1.454s] Level 1:colcon.colcon_core.shell:create_environment_hook('action_test_core', 'pythonpath')
[1.455s] INFO:colcon.colcon_core.shell:Creating environment hook '/home/edyta/action_test/install/action_test_core/share/action_test_core/hook/pythonpath.ps1'
[1.456s] INFO:colcon.colcon_core.shell:Creating environment descriptor '/home/edyta/action_test/install/action_test_core/share/action_test_core/hook/pythonpath.dsv'
[1.456s] INFO:colcon.colcon_core.shell:Creating environment hook '/home/edyta/action_test/install/action_test_core/share/action_test_core/hook/pythonpath.sh'
[1.457s] Level 1:colcon.colcon_core.environment:create_environment_scripts_only(action_test_core)
[1.457s] INFO:colcon.colcon_core.shell:Creating package script '/home/edyta/action_test/install/action_test_core/share/action_test_core/package.ps1'
[1.458s] INFO:colcon.colcon_core.shell:Creating package descriptor '/home/edyta/action_test/install/action_test_core/share/action_test_core/package.dsv'
[1.459s] INFO:colcon.colcon_core.shell:Creating package script '/home/edyta/action_test/install/action_test_core/share/action_test_core/package.sh'
[1.459s] INFO:colcon.colcon_core.shell:Creating package script '/home/edyta/action_test/install/action_test_core/share/action_test_core/package.bash'
[1.459s] INFO:colcon.colcon_core.shell:Creating package script '/home/edyta/action_test/install/action_test_core/share/action_test_core/package.zsh'
[1.460s] Level 1:colcon.colcon_core.environment:create_file_with_runtime_dependencies(/home/edyta/action_test/install/action_test_core/share/colcon-core/packages/action_test_core)
[1.460s] DEBUG:colcon.colcon_parallel_executor.executor.parallel:closing loop
[1.460s] DEBUG:colcon.colcon_parallel_executor.executor.parallel:loop closed
[1.461s] DEBUG:colcon.colcon_parallel_executor.executor.parallel:run_until_complete finished with '0'
[1.461s] DEBUG:colcon.colcon_core.event_reactor:joining thread
[1.468s] INFO:colcon.colcon_core.plugin_system:Skipping extension 'colcon_notification.desktop_notification.terminal_notifier': Not used on non-Darwin systems
[1.468s] INFO:colcon.colcon_core.plugin_system:Skipping extension 'colcon_notification.desktop_notification.win32': Not used on non-Windows systems
[1.468s] INFO:colcon.colcon_notification.desktop_notification:Sending desktop notification using 'notify2'
[1.471s] DEBUG:colcon.colcon_core.event_reactor:joined thread
[1.471s] INFO:colcon.colcon_core.shell:Creating prefix script '/home/edyta/action_test/install/local_setup.ps1'
[1.473s] INFO:colcon.colcon_core.shell:Creating prefix util module '/home/edyta/action_test/install/_local_setup_util_ps1.py'
[1.474s] INFO:colcon.colcon_core.shell:Creating prefix chain script '/home/edyta/action_test/install/setup.ps1'
[1.477s] INFO:colcon.colcon_core.shell:Creating prefix script '/home/edyta/action_test/install/local_setup.sh'
[1.478s] INFO:colcon.colcon_core.shell:Creating prefix util module '/home/edyta/action_test/install/_local_setup_util_sh.py'
[1.478s] INFO:colcon.colcon_core.shell:Creating prefix chain script '/home/edyta/action_test/install/setup.sh'
[1.481s] INFO:colcon.colcon_core.shell:Creating prefix script '/home/edyta/action_test/install/local_setup.bash'
[1.482s] INFO:colcon.colcon_core.shell:Creating prefix chain script '/home/edyta/action_test/install/setup.bash'
[1.485s] INFO:colcon.colcon_core.shell:Creating prefix script '/home/edyta/action_test/install/local_setup.zsh'
[1.486s] INFO:colcon.colcon_core.shell:Creating prefix chain script '/home/edyta/action_test/install/setup.zsh'
