[0.000000] (-) TimerEvent: {}
[0.000359] (action_test) JobQueued: {'identifier': 'action_test', 'dependencies': OrderedDict()}
[0.000435] (action_test) JobStarted: {'identifier': 'action_test'}
[0.098792] (-) TimerEvent: {}
[0.199194] (-) TimerEvent: {}
[0.231018] (action_test) Command: {'cmd': ['/usr/bin/python3', 'setup.py', 'egg_info', '--egg-base', '/home/edyta/action_test/build/action_test', 'build', '--build-base', '/home/edyta/action_test/build/action_test/build', 'install', '--prefix', '/home/edyta/action_test/install/action_test', '--record', '/home/edyta/action_test/build/action_test/install.log', '--single-version-externally-managed'], 'cwd': '/home/edyta/action_test', 'env': {'GJS_DEBUG_TOPICS': 'JS ERROR;JS LOG', 'USER': 'edyta', 'TEXTDOMAIN': 'im-config', 'XDG_SEAT': 'seat0', 'SSH_AGENT_PID': '1663', 'XDG_SESSION_TYPE': 'x11', 'LD_LIBRARY_PATH': '/opt/ros/eloquent/opt/yaml_cpp_vendor/lib:/opt/ros/eloquent/opt/rviz_ogre_vendor/lib:/opt/ros/eloquent/lib', 'SHLVL': '1', 'QT4_IM_MODULE': 'xim', 'HOME': '/home/edyta', 'OLDPWD': '/home/edyta', 'DESKTOP_SESSION': 'ubuntu', 'GNOME_SHELL_SESSION_MODE': 'ubuntu', 'GTK_MODULES': 'gail:atk-bridge', 'ROS_PYTHON_VERSION': '3', 'DBUS_SESSION_BUS_ADDRESS': 'unix:path=/run/user/1000/bus', 'COLORTERM': 'truecolor', 'MANDATORY_PATH': '/usr/share/gconf/ubuntu.mandatory.path', 'QT_QPA_PLATFORMTHEME': 'appmenu-qt5', 'IM_CONFIG_PHASE': '2', 'ROS_DISTRO': 'eloquent', 'LOGNAME': 'edyta', 'GTK_IM_MODULE': 'ibus', '_': '/usr/bin/colcon', 'DEFAULTS_PATH': '/usr/share/gconf/ubuntu.default.path', 'ROS_VERSION': '2', 'USERNAME': 'edyta', 'XDG_SESSION_ID': '2', 'TERM': 'xterm-256color', 'ROS_LOCALHOST_ONLY': '0', 'GNOME_DESKTOP_SESSION_ID': 'this-is-deprecated', 'GTK2_MODULES': 'overlay-scrollbar', 'WINDOWPATH': '2', 'PATH': '/opt/ros/eloquent/bin:/usr/local/sbin:/usr/local/bin:/usr/sbin:/usr/bin:/sbin:/bin:/usr/games:/usr/local/games:/snap/bin', 'SESSION_MANAGER': 'local/edyta-X510UNR:@/tmp/.ICE-unix/1561,unix/edyta-X510UNR:/tmp/.ICE-unix/1561', 'XDG_MENU_PREFIX': 'gnome-', 'GNOME_TERMINAL_SCREEN': '/org/gnome/Terminal/screen/f1b837dc_eae1_4d1d_8fa9_e464541e5b47', 'XDG_RUNTIME_DIR': '/run/user/1000', 'DISPLAY': ':0', 'LANG': 'en_US.UTF-8', 'XDG_CURRENT_DESKTOP': 'ubuntu:GNOME', 'XDG_SESSION_DESKTOP': 'ubuntu', 'XMODIFIERS': '@im=ibus', 'GNOME_TERMINAL_SERVICE': ':1.206', 'XAUTHORITY': '/run/user/1000/gdm/Xauthority', 'AMENT_PREFIX_PATH': '/opt/ros/eloquent', 'SSH_AUTH_SOCK': '/run/user/1000/keyring/ssh', 'SHELL': '/bin/bash', 'QT_ACCESSIBILITY': '1', 'GDMSESSION': 'ubuntu', 'TEXTDOMAINDIR': '/usr/share/locale/', 'GJS_DEBUG_OUTPUT': 'stderr', 'GPG_AGENT_INFO': '/run/user/1000/gnupg/S.gpg-agent:0:1', 'XDG_VTNR': '2', 'QT_IM_MODULE': 'ibus', 'LC_ALL': 'en_US.UTF-8', 'PWD': '/home/edyta/action_test/build/action_test', 'CLUTTER_IM_MODULE': 'xim', 'XDG_DATA_DIRS': '/usr/share/ubuntu:/usr/local/share:/usr/share:/var/lib/snapd/desktop', 'XDG_CONFIG_DIRS': '/etc/xdg/xdg-ubuntu:/etc/xdg', 'PYTHONPATH': '/home/edyta/action_test/install/action_test/lib/python3.6/site-packages:/opt/ros/eloquent/lib/python3.6/site-packages', 'COLCON': '1', 'VTE_VERSION': '5202'}, 'shell': False}
[0.299356] (-) TimerEvent: {}
[0.399696] (-) TimerEvent: {}
[0.433704] (action_test) StdoutLine: {'line': b'running egg_info\n'}
[0.434195] (action_test) StdoutLine: {'line': b'creating /home/edyta/action_test/build/action_test/action_test.egg-info\n'}
[0.434372] (action_test) StdoutLine: {'line': b'writing /home/edyta/action_test/build/action_test/action_test.egg-info/PKG-INFO\n'}
[0.434630] (action_test) StdoutLine: {'line': b'writing dependency_links to /home/edyta/action_test/build/action_test/action_test.egg-info/dependency_links.txt\n'}
[0.434774] (action_test) StdoutLine: {'line': b'writing entry points to /home/edyta/action_test/build/action_test/action_test.egg-info/entry_points.txt\n'}
[0.434906] (action_test) StdoutLine: {'line': b'writing requirements to /home/edyta/action_test/build/action_test/action_test.egg-info/requires.txt\n'}
[0.434980] (action_test) StdoutLine: {'line': b'writing top-level names to /home/edyta/action_test/build/action_test/action_test.egg-info/top_level.txt\n'}
[0.435092] (action_test) StdoutLine: {'line': b"writing manifest file '/home/edyta/action_test/build/action_test/action_test.egg-info/SOURCES.txt'\n"}
[0.464300] (action_test) StdoutLine: {'line': b"reading manifest file '/home/edyta/action_test/build/action_test/action_test.egg-info/SOURCES.txt'\n"}
[0.465149] (action_test) StdoutLine: {'line': b"writing manifest file '/home/edyta/action_test/build/action_test/action_test.egg-info/SOURCES.txt'\n"}
[0.465298] (action_test) StdoutLine: {'line': b'running build\n'}
[0.465459] (action_test) StdoutLine: {'line': b'running build_py\n'}
[0.465536] (action_test) StdoutLine: {'line': b'creating /home/edyta/action_test/build/action_test/build\n'}
[0.465638] (action_test) StdoutLine: {'line': b'creating /home/edyta/action_test/build/action_test/build/lib\n'}
[0.465704] (action_test) StdoutLine: {'line': b'creating /home/edyta/action_test/build/action_test/build/lib/action_test\n'}
[0.465768] (action_test) StdoutLine: {'line': b'copying action_test/__init__.py -> /home/edyta/action_test/build/action_test/build/lib/action_test\n'}
[0.465831] (action_test) StdoutLine: {'line': b'running install\n'}
[0.465933] (action_test) StdoutLine: {'line': b'running install_lib\n'}
[0.466490] (action_test) StdoutLine: {'line': b'creating /home/edyta/action_test/install/action_test/lib/python3.6/site-packages/action_test\n'}
[0.466608] (action_test) StdoutLine: {'line': b'copying /home/edyta/action_test/build/action_test/build/lib/action_test/__init__.py -> /home/edyta/action_test/install/action_test/lib/python3.6/site-packages/action_test\n'}
[0.466846] (action_test) StdoutLine: {'line': b'byte-compiling /home/edyta/action_test/install/action_test/lib/python3.6/site-packages/action_test/__init__.py to __init__.cpython-36.pyc\n'}
[0.467003] (action_test) StdoutLine: {'line': b'running install_data\n'}
[0.467436] (action_test) StdoutLine: {'line': b'creating /home/edyta/action_test/install/action_test/share/ament_index\n'}
[0.467674] (action_test) StdoutLine: {'line': b'creating /home/edyta/action_test/install/action_test/share/ament_index/resource_index\n'}
[0.467762] (action_test) StdoutLine: {'line': b'creating /home/edyta/action_test/install/action_test/share/ament_index/resource_index/packages\n'}
[0.467833] (action_test) StdoutLine: {'line': b'copying resource/action_test -> /home/edyta/action_test/install/action_test/share/ament_index/resource_index/packages\n'}
[0.467975] (action_test) StdoutLine: {'line': b'copying package.xml -> /home/edyta/action_test/install/action_test/share/action_test\n'}
[0.468054] (action_test) StdoutLine: {'line': b'running install_egg_info\n'}
[0.469367] (action_test) StdoutLine: {'line': b'Copying /home/edyta/action_test/build/action_test/action_test.egg-info to /home/edyta/action_test/install/action_test/lib/python3.6/site-packages/action_test-0.0.0-py3.6.egg-info\n'}
[0.470030] (action_test) StdoutLine: {'line': b'running install_scripts\n'}
[0.485921] (action_test) StdoutLine: {'line': b"writing list of installed files to '/home/edyta/action_test/build/action_test/install.log'\n"}
[0.499838] (-) TimerEvent: {}
[0.505770] (action_test) CommandEnded: {'returncode': 0}
[0.530939] (action_test) JobEnded: {'identifier': 'action_test', 'rc': 0}
[0.531972] (-) EventReactorShutdown: {}
