[0.157s] DEBUG:colcon:Command line arguments: ['/usr/bin/colcon', 'build']
[0.157s] DEBUG:colcon:Parsed command line arguments: Namespace(ament_cmake_args=None, base_paths=['.'], build_base='build', catkin_cmake_args=None, catkin_skip_building_tests=False, cmake_args=None, cmake_clean_cache=False, cmake_clean_first=False, cmake_force_configure=False, cmake_target=None, cmake_target_skip_unavailable=False, continue_on_error=False, event_handlers=None, executor='parallel', ignore_user_meta=False, install_base='install', log_base=None, log_level=None, main=<bound method BuildVerb.main of <colcon_core.verb.build.BuildVerb object at 0x7fc648b7d198>>, merge_install=False, metas=['./colcon.meta'], packages_above=None, packages_above_depth=None, packages_end=None, packages_ignore=None, packages_ignore_regex=None, packages_select=None, packages_select_build_failed=False, packages_select_by_dep=None, packages_select_regex=None, packages_select_test_failures=False, packages_skip=None, packages_skip_build_finished=False, packages_skip_by_dep=None, packages_skip_regex=None, packages_skip_test_passed=False, packages_skip_up_to=None, packages_start=None, packages_up_to=None, parallel_workers=8, paths=None, symlink_install=False, test_result_base=None, verb_extension=<colcon_core.verb.build.BuildVerb object at 0x7fc648b7d198>, verb_name='build', verb_parser=<colcon_defaults.argument_parser.defaults.DefaultArgumentsDecorator object at 0x7fc648b7d4e0>)
[0.195s] Level 1:colcon.colcon_core.package_discovery:discover_packages(colcon_meta) check parameters
[0.196s] Level 1:colcon.colcon_core.package_discovery:discover_packages(recursive) check parameters
[0.196s] Level 1:colcon.colcon_core.package_discovery:discover_packages(ignore) check parameters
[0.196s] Level 1:colcon.colcon_core.package_discovery:discover_packages(path) check parameters
[0.196s] Level 1:colcon.colcon_core.package_discovery:discover_packages(colcon_meta) discover
[0.196s] Level 1:colcon.colcon_core.package_discovery:discover_packages(recursive) discover
[0.196s] INFO:colcon.colcon_core.package_discovery:Crawling recursively for packages in '/home/edyta/action_test'
[0.196s] Level 1:colcon.colcon_core.package_identification:_identify(.) by extensions ['ignore', 'ignore_ament_install']
[0.196s] Level 1:colcon.colcon_core.package_identification:_identify(.) by extension 'ignore'
[0.196s] Level 1:colcon.colcon_core.package_identification:_identify(.) by extension 'ignore_ament_install'
[0.196s] Level 1:colcon.colcon_core.package_identification:_identify(.) by extensions ['colcon_pkg']
[0.196s] Level 1:colcon.colcon_core.package_identification:_identify(.) by extension 'colcon_pkg'
[0.196s] Level 1:colcon.colcon_core.package_identification:_identify(.) by extensions ['colcon_meta']
[0.196s] Level 1:colcon.colcon_core.package_identification:_identify(.) by extension 'colcon_meta'
[0.196s] Level 1:colcon.colcon_core.package_identification:_identify(.) by extensions ['ros']
[0.197s] Level 1:colcon.colcon_core.package_identification:_identify(.) by extension 'ros'
[0.229s] Level 1:colcon.colcon_core.package_identification:_identify(.) by extensions ['cmake', 'python']
[0.229s] Level 1:colcon.colcon_core.package_identification:_identify(.) by extension 'cmake'
[0.229s] Level 1:colcon.colcon_core.package_identification:_identify(.) by extension 'python'
[0.229s] Level 1:colcon.colcon_core.package_identification:_identify(.) by extensions ['python_setup_py']
[0.229s] Level 1:colcon.colcon_core.package_identification:_identify(.) by extension 'python_setup_py'
[0.229s] Level 1:colcon.colcon_core.package_identification:_identify(action_test_core) by extensions ['ignore', 'ignore_ament_install']
[0.229s] Level 1:colcon.colcon_core.package_identification:_identify(action_test_core) by extension 'ignore'
[0.230s] Level 1:colcon.colcon_core.package_identification:_identify(action_test_core) by extension 'ignore_ament_install'
[0.230s] Level 1:colcon.colcon_core.package_identification:_identify(action_test_core) by extensions ['colcon_pkg']
[0.230s] Level 1:colcon.colcon_core.package_identification:_identify(action_test_core) by extension 'colcon_pkg'
[0.230s] Level 1:colcon.colcon_core.package_identification:_identify(action_test_core) by extensions ['colcon_meta']
[0.230s] Level 1:colcon.colcon_core.package_identification:_identify(action_test_core) by extension 'colcon_meta'
[0.230s] Level 1:colcon.colcon_core.package_identification:_identify(action_test_core) by extensions ['ros']
[0.230s] Level 1:colcon.colcon_core.package_identification:_identify(action_test_core) by extension 'ros'
[0.232s] DEBUG:colcon.colcon_core.package_identification:Package 'action_test_core' with type 'ros.ament_python' and name 'action_test_core'
[0.232s] Level 1:colcon.colcon_core.package_identification:_identify(action_test_msgs) by extensions ['ignore', 'ignore_ament_install']
[0.232s] Level 1:colcon.colcon_core.package_identification:_identify(action_test_msgs) by extension 'ignore'
[0.232s] Level 1:colcon.colcon_core.package_identification:_identify(action_test_msgs) by extension 'ignore_ament_install'
[0.233s] Level 1:colcon.colcon_core.package_identification:_identify(action_test_msgs) by extensions ['colcon_pkg']
[0.233s] Level 1:colcon.colcon_core.package_identification:_identify(action_test_msgs) by extension 'colcon_pkg'
[0.233s] Level 1:colcon.colcon_core.package_identification:_identify(action_test_msgs) by extensions ['colcon_meta']
[0.233s] Level 1:colcon.colcon_core.package_identification:_identify(action_test_msgs) by extension 'colcon_meta'
[0.233s] Level 1:colcon.colcon_core.package_identification:_identify(action_test_msgs) by extensions ['ros']
[0.233s] Level 1:colcon.colcon_core.package_identification:_identify(action_test_msgs) by extension 'ros'
[0.233s] DEBUG:colcon.colcon_core.package_identification:Package 'action_test_msgs' with type 'ros.ament_cmake' and name 'action_test_msgs'
[0.233s] Level 1:colcon.colcon_core.package_identification:_identify(build) by extensions ['ignore', 'ignore_ament_install']
[0.234s] Level 1:colcon.colcon_core.package_identification:_identify(build) by extension 'ignore'
[0.234s] Level 1:colcon.colcon_core.package_identification:_identify(build) ignored
[0.234s] Level 1:colcon.colcon_core.package_identification:_identify(install) by extensions ['ignore', 'ignore_ament_install']
[0.234s] Level 1:colcon.colcon_core.package_identification:_identify(install) by extension 'ignore'
[0.234s] Level 1:colcon.colcon_core.package_identification:_identify(install) ignored
[0.234s] Level 1:colcon.colcon_core.package_identification:_identify(log) by extensions ['ignore', 'ignore_ament_install']
[0.234s] Level 1:colcon.colcon_core.package_identification:_identify(log) by extension 'ignore'
[0.234s] Level 1:colcon.colcon_core.package_identification:_identify(log) ignored
[0.234s] Level 1:colcon.colcon_core.package_discovery:discover_packages(recursive) using defaults
[0.235s] Level 1:colcon.colcon_core.package_discovery:discover_packages(ignore) discover
[0.235s] Level 1:colcon.colcon_core.package_discovery:discover_packages(ignore) using defaults
[0.235s] Level 1:colcon.colcon_core.package_discovery:discover_packages(path) discover
[0.235s] Level 1:colcon.colcon_core.package_discovery:discover_packages(path) using defaults
[0.240s] Level 5:colcon.colcon_core.verb:set package 'action_test_msgs' build argument 'cmake_args' from command line to 'None'
[0.240s] Level 5:colcon.colcon_core.verb:set package 'action_test_msgs' build argument 'cmake_target' from command line to 'None'
[0.240s] Level 5:colcon.colcon_core.verb:set package 'action_test_msgs' build argument 'cmake_target_skip_unavailable' from command line to 'False'
[0.240s] Level 5:colcon.colcon_core.verb:set package 'action_test_msgs' build argument 'cmake_clean_cache' from command line to 'False'
[0.240s] Level 5:colcon.colcon_core.verb:set package 'action_test_msgs' build argument 'cmake_clean_first' from command line to 'False'
[0.240s] Level 5:colcon.colcon_core.verb:set package 'action_test_msgs' build argument 'cmake_force_configure' from command line to 'False'
[0.240s] Level 5:colcon.colcon_core.verb:set package 'action_test_msgs' build argument 'ament_cmake_args' from command line to 'None'
[0.240s] Level 5:colcon.colcon_core.verb:set package 'action_test_msgs' build argument 'catkin_cmake_args' from command line to 'None'
[0.241s] Level 5:colcon.colcon_core.verb:set package 'action_test_msgs' build argument 'catkin_skip_building_tests' from command line to 'False'
[0.241s] DEBUG:colcon.colcon_core.verb:Building package 'action_test_msgs' with the following arguments: {'ament_cmake_args': None, 'build_base': '/home/edyta/action_test/build/action_test_msgs', 'catkin_cmake_args': None, 'catkin_skip_building_tests': False, 'cmake_args': None, 'cmake_clean_cache': False, 'cmake_clean_first': False, 'cmake_force_configure': False, 'cmake_target': None, 'cmake_target_skip_unavailable': False, 'install_base': '/home/edyta/action_test/install/action_test_msgs', 'merge_install': False, 'path': '/home/edyta/action_test/action_test_msgs', 'symlink_install': False, 'test_result_base': None}
[0.243s] Level 5:colcon.colcon_core.verb:set package 'action_test_core' build argument 'cmake_args' from command line to 'None'
[0.243s] Level 5:colcon.colcon_core.verb:set package 'action_test_core' build argument 'cmake_target' from command line to 'None'
[0.243s] Level 5:colcon.colcon_core.verb:set package 'action_test_core' build argument 'cmake_target_skip_unavailable' from command line to 'False'
[0.243s] Level 5:colcon.colcon_core.verb:set package 'action_test_core' build argument 'cmake_clean_cache' from command line to 'False'
[0.243s] Level 5:colcon.colcon_core.verb:set package 'action_test_core' build argument 'cmake_clean_first' from command line to 'False'
[0.243s] Level 5:colcon.colcon_core.verb:set package 'action_test_core' build argument 'cmake_force_configure' from command line to 'False'
[0.243s] Level 5:colcon.colcon_core.verb:set package 'action_test_core' build argument 'ament_cmake_args' from command line to 'None'
[0.243s] Level 5:colcon.colcon_core.verb:set package 'action_test_core' build argument 'catkin_cmake_args' from command line to 'None'
[0.243s] Level 5:colcon.colcon_core.verb:set package 'action_test_core' build argument 'catkin_skip_building_tests' from command line to 'False'
[0.244s] DEBUG:colcon.colcon_core.verb:Building package 'action_test_core' with the following arguments: {'ament_cmake_args': None, 'build_base': '/home/edyta/action_test/build/action_test_core', 'catkin_cmake_args': None, 'catkin_skip_building_tests': False, 'cmake_args': None, 'cmake_clean_cache': False, 'cmake_clean_first': False, 'cmake_force_configure': False, 'cmake_target': None, 'cmake_target_skip_unavailable': False, 'install_base': '/home/edyta/action_test/install/action_test_core', 'merge_install': False, 'path': '/home/edyta/action_test/action_test_core', 'symlink_install': False, 'test_result_base': None}
[0.244s] INFO:colcon.colcon_core.executor:Executing jobs using 'parallel' executor
[0.246s] DEBUG:colcon.colcon_parallel_executor.executor.parallel:run_until_complete
[0.246s] INFO:colcon.colcon_ros.task.ament_cmake.build:Building ROS package in '/home/edyta/action_test/action_test_msgs' with build type 'ament_cmake'
[0.249s] INFO:colcon.colcon_core.plugin_system:Skipping extension 'colcon_core.shell.bat': Not used on non-Windows systems
[0.249s] INFO:colcon.colcon_cmake.task.cmake.build:Building CMake package in '/home/edyta/action_test/action_test_msgs'
[0.250s] INFO:colcon.colcon_core.shell:Skip shell extension 'powershell' for command environment: Not usable outside of PowerShell
[0.250s] DEBUG:colcon.colcon_core.shell:Skip shell extension 'dsv' for command environment
[0.253s] DEBUG:colcon.colcon_core.shell:Ignoring prefix path '/opt/ros/eloquent'
[0.263s] DEBUG:colcon.colcon_core.event_handler.log_command:Invoking command in '/home/edyta/action_test/build/action_test_msgs': CMAKE_PREFIX_PATH=${CMAKE_PREFIX_PATH}:/home/edyta/action_test/install/action_test_core:/opt/ros/eloquent /usr/bin/cmake --build /home/edyta/action_test/build/action_test_msgs -- -j8 -l8
[0.523s] DEBUG:colcon.colcon_core.event_handler.log_command:Invoked command in '/home/edyta/action_test/build/action_test_msgs' returned '0': CMAKE_PREFIX_PATH=${CMAKE_PREFIX_PATH}:/home/edyta/action_test/install/action_test_core:/opt/ros/eloquent /usr/bin/cmake --build /home/edyta/action_test/build/action_test_msgs -- -j8 -l8
[0.578s] DEBUG:colcon.colcon_core.event_handler.log_command:Invoking command in '/home/edyta/action_test/build/action_test_msgs': CMAKE_PREFIX_PATH=${CMAKE_PREFIX_PATH}:/home/edyta/action_test/install/action_test_core:/opt/ros/eloquent /usr/bin/cmake --build /home/edyta/action_test/build/action_test_msgs --target install -- -j8 -l8
[0.906s] Level 1:colcon.colcon_core.environment:create_environment_scripts_only(action_test_msgs)
[0.907s] DEBUG:colcon.colcon_core.event_handler.log_command:Invoked command in '/home/edyta/action_test/build/action_test_msgs' returned '0': CMAKE_PREFIX_PATH=${CMAKE_PREFIX_PATH}:/home/edyta/action_test/install/action_test_core:/opt/ros/eloquent /usr/bin/cmake --build /home/edyta/action_test/build/action_test_msgs --target install -- -j8 -l8
[0.910s] Level 1:colcon.colcon_core.environment:checking '/home/edyta/action_test/install/action_test_msgs' for CMake module files
[0.910s] Level 1:colcon.colcon_core.environment:checking '/home/edyta/action_test/install/action_test_msgs' for CMake config files
[0.911s] Level 1:colcon.colcon_core.shell:create_environment_hook('action_test_msgs', 'cmake_prefix_path')
[0.911s] INFO:colcon.colcon_core.shell:Creating environment hook '/home/edyta/action_test/install/action_test_msgs/share/action_test_msgs/hook/cmake_prefix_path.ps1'
[0.923s] INFO:colcon.colcon_core.shell:Creating environment descriptor '/home/edyta/action_test/install/action_test_msgs/share/action_test_msgs/hook/cmake_prefix_path.dsv'
[0.924s] INFO:colcon.colcon_core.shell:Creating environment hook '/home/edyta/action_test/install/action_test_msgs/share/action_test_msgs/hook/cmake_prefix_path.sh'
[0.925s] Level 1:colcon.colcon_core.environment:checking '/home/edyta/action_test/install/action_test_msgs/lib'
[0.926s] Level 1:colcon.colcon_core.shell:create_environment_hook('action_test_msgs', 'ld_library_path_lib')
[0.926s] INFO:colcon.colcon_core.shell:Creating environment hook '/home/edyta/action_test/install/action_test_msgs/share/action_test_msgs/hook/ld_library_path_lib.ps1'
[0.927s] INFO:colcon.colcon_core.shell:Creating environment descriptor '/home/edyta/action_test/install/action_test_msgs/share/action_test_msgs/hook/ld_library_path_lib.dsv'
[0.927s] INFO:colcon.colcon_core.shell:Creating environment hook '/home/edyta/action_test/install/action_test_msgs/share/action_test_msgs/hook/ld_library_path_lib.sh'
[0.928s] Level 1:colcon.colcon_core.environment:checking '/home/edyta/action_test/install/action_test_msgs/bin'
[0.928s] Level 1:colcon.colcon_core.environment:checking '/home/edyta/action_test/install/action_test_msgs/lib/pkgconfig/action_test_msgs.pc'
[0.928s] Level 1:colcon.colcon_core.environment:checking '/home/edyta/action_test/install/action_test_msgs/lib/python3.6/site-packages'
[0.928s] Level 1:colcon.colcon_core.shell:create_environment_hook('action_test_msgs', 'pythonpath')
[0.928s] INFO:colcon.colcon_core.shell:Creating environment hook '/home/edyta/action_test/install/action_test_msgs/share/action_test_msgs/hook/pythonpath.ps1'
[0.929s] INFO:colcon.colcon_core.shell:Creating environment descriptor '/home/edyta/action_test/install/action_test_msgs/share/action_test_msgs/hook/pythonpath.dsv'
[0.929s] INFO:colcon.colcon_core.shell:Creating environment hook '/home/edyta/action_test/install/action_test_msgs/share/action_test_msgs/hook/pythonpath.sh'
[0.930s] INFO:colcon.colcon_core.shell:Creating package script '/home/edyta/action_test/install/action_test_msgs/share/action_test_msgs/package.ps1'
[0.932s] INFO:colcon.colcon_core.shell:Creating package descriptor '/home/edyta/action_test/install/action_test_msgs/share/action_test_msgs/package.dsv'
[0.932s] INFO:colcon.colcon_core.shell:Creating package script '/home/edyta/action_test/install/action_test_msgs/share/action_test_msgs/package.sh'
[0.934s] INFO:colcon.colcon_core.shell:Creating package script '/home/edyta/action_test/install/action_test_msgs/share/action_test_msgs/package.bash'
[0.935s] INFO:colcon.colcon_core.shell:Creating package script '/home/edyta/action_test/install/action_test_msgs/share/action_test_msgs/package.zsh'
[0.935s] Level 1:colcon.colcon_core.environment:create_file_with_runtime_dependencies(/home/edyta/action_test/install/action_test_msgs/share/colcon-core/packages/action_test_msgs)
[0.936s] INFO:colcon.colcon_ros.task.ament_python.build:Building ROS package in '/home/edyta/action_test/action_test_core' with build type 'ament_python'
[0.936s] Level 1:colcon.colcon_core.shell:create_environment_hook('action_test_core', 'ament_prefix_path')
[0.937s] INFO:colcon.colcon_core.shell:Creating environment hook '/home/edyta/action_test/install/action_test_core/share/action_test_core/hook/ament_prefix_path.ps1'
[0.938s] INFO:colcon.colcon_core.shell:Creating environment descriptor '/home/edyta/action_test/install/action_test_core/share/action_test_core/hook/ament_prefix_path.dsv'
[0.938s] INFO:colcon.colcon_core.shell:Creating environment hook '/home/edyta/action_test/install/action_test_core/share/action_test_core/hook/ament_prefix_path.sh'
[0.939s] INFO:colcon.colcon_core.shell:Skip shell extension 'powershell' for command environment: Not usable outside of PowerShell
[0.939s] DEBUG:colcon.colcon_core.shell:Skip shell extension 'dsv' for command environment
[0.941s] DEBUG:colcon.colcon_core.shell:Ignoring prefix path '/opt/ros/eloquent'
[1.168s] INFO:colcon.colcon_core.task.python.build:Building Python package in '/home/edyta/action_test/action_test_core'
[1.169s] INFO:colcon.colcon_core.shell:Skip shell extension 'powershell' for command environment: Not usable outside of PowerShell
[1.169s] DEBUG:colcon.colcon_core.shell:Skip shell extension 'dsv' for command environment
[1.171s] DEBUG:colcon.colcon_core.shell:Ignoring prefix path '/opt/ros/eloquent'
[1.181s] DEBUG:colcon.colcon_core.event_handler.log_command:Invoking command in '/home/edyta/action_test/action_test_core': PYTHONPATH=/home/edyta/action_test/install/action_test_core/lib/python3.6/site-packages:/home/edyta/action_test/install/action_test_msgs/lib/python3.6/site-packages:/home/edyta/action_test/install/action_test_core/lib/python3.6/site-packages:/opt/ros/eloquent/lib/python3.6/site-packages /usr/bin/python3 setup.py egg_info --egg-base /home/edyta/action_test/build/action_test_core build --build-base /home/edyta/action_test/build/action_test_core/build install --prefix /home/edyta/action_test/install/action_test_core --record /home/edyta/action_test/build/action_test_core/install.log --single-version-externally-managed
[1.465s] Level 1:colcon.colcon_core.environment:checking '/home/edyta/action_test/install/action_test_core' for CMake module files
[1.465s] DEBUG:colcon.colcon_core.event_handler.log_command:Invoked command in '/home/edyta/action_test/action_test_core' returned '0': PYTHONPATH=/home/edyta/action_test/install/action_test_core/lib/python3.6/site-packages:/home/edyta/action_test/install/action_test_msgs/lib/python3.6/site-packages:/home/edyta/action_test/install/action_test_core/lib/python3.6/site-packages:/opt/ros/eloquent/lib/python3.6/site-packages /usr/bin/python3 setup.py egg_info --egg-base /home/edyta/action_test/build/action_test_core build --build-base /home/edyta/action_test/build/action_test_core/build install --prefix /home/edyta/action_test/install/action_test_core --record /home/edyta/action_test/build/action_test_core/install.log --single-version-externally-managed
[1.466s] Level 1:colcon.colcon_core.environment:checking '/home/edyta/action_test/install/action_test_core' for CMake config files
[1.467s] Level 1:colcon.colcon_core.environment:checking '/home/edyta/action_test/install/action_test_core/lib'
[1.467s] Level 1:colcon.colcon_core.environment:checking '/home/edyta/action_test/install/action_test_core/bin'
[1.467s] Level 1:colcon.colcon_core.environment:checking '/home/edyta/action_test/install/action_test_core/lib/pkgconfig/action_test_core.pc'
[1.467s] Level 1:colcon.colcon_core.environment:checking '/home/edyta/action_test/install/action_test_core/lib/python3.6/site-packages'
[1.467s] Level 1:colcon.colcon_core.shell:create_environment_hook('action_test_core', 'pythonpath')
[1.468s] INFO:colcon.colcon_core.shell:Creating environment hook '/home/edyta/action_test/install/action_test_core/share/action_test_core/hook/pythonpath.ps1'
[1.469s] INFO:colcon.colcon_core.shell:Creating environment descriptor '/home/edyta/action_test/install/action_test_core/share/action_test_core/hook/pythonpath.dsv'
[1.469s] INFO:colcon.colcon_core.shell:Creating environment hook '/home/edyta/action_test/install/action_test_core/share/action_test_core/hook/pythonpath.sh'
[1.470s] Level 1:colcon.colcon_core.environment:create_environment_scripts_only(action_test_core)
[1.470s] INFO:colcon.colcon_core.shell:Creating package script '/home/edyta/action_test/install/action_test_core/share/action_test_core/package.ps1'
[1.471s] INFO:colcon.colcon_core.shell:Creating package descriptor '/home/edyta/action_test/install/action_test_core/share/action_test_core/package.dsv'
[1.471s] INFO:colcon.colcon_core.shell:Creating package script '/home/edyta/action_test/install/action_test_core/share/action_test_core/package.sh'
[1.472s] INFO:colcon.colcon_core.shell:Creating package script '/home/edyta/action_test/install/action_test_core/share/action_test_core/package.bash'
[1.472s] INFO:colcon.colcon_core.shell:Creating package script '/home/edyta/action_test/install/action_test_core/share/action_test_core/package.zsh'
[1.473s] Level 1:colcon.colcon_core.environment:create_file_with_runtime_dependencies(/home/edyta/action_test/install/action_test_core/share/colcon-core/packages/action_test_core)
[1.473s] DEBUG:colcon.colcon_parallel_executor.executor.parallel:closing loop
[1.474s] DEBUG:colcon.colcon_parallel_executor.executor.parallel:loop closed
[1.474s] DEBUG:colcon.colcon_parallel_executor.executor.parallel:run_until_complete finished with '0'
[1.474s] DEBUG:colcon.colcon_core.event_reactor:joining thread
[1.481s] INFO:colcon.colcon_core.plugin_system:Skipping extension 'colcon_notification.desktop_notification.terminal_notifier': Not used on non-Darwin systems
[1.481s] INFO:colcon.colcon_core.plugin_system:Skipping extension 'colcon_notification.desktop_notification.win32': Not used on non-Windows systems
[1.481s] INFO:colcon.colcon_notification.desktop_notification:Sending desktop notification using 'notify2'
[1.485s] DEBUG:colcon.colcon_core.event_reactor:joined thread
[1.486s] INFO:colcon.colcon_core.shell:Creating prefix script '/home/edyta/action_test/install/local_setup.ps1'
[1.487s] INFO:colcon.colcon_core.shell:Creating prefix util module '/home/edyta/action_test/install/_local_setup_util_ps1.py'
[1.489s] INFO:colcon.colcon_core.shell:Creating prefix chain script '/home/edyta/action_test/install/setup.ps1'
[1.491s] INFO:colcon.colcon_core.shell:Creating prefix script '/home/edyta/action_test/install/local_setup.sh'
[1.492s] INFO:colcon.colcon_core.shell:Creating prefix util module '/home/edyta/action_test/install/_local_setup_util_sh.py'
[1.493s] INFO:colcon.colcon_core.shell:Creating prefix chain script '/home/edyta/action_test/install/setup.sh'
[1.496s] INFO:colcon.colcon_core.shell:Creating prefix script '/home/edyta/action_test/install/local_setup.bash'
[1.496s] INFO:colcon.colcon_core.shell:Creating prefix chain script '/home/edyta/action_test/install/setup.bash'
[1.499s] INFO:colcon.colcon_core.shell:Creating prefix script '/home/edyta/action_test/install/local_setup.zsh'
[1.500s] INFO:colcon.colcon_core.shell:Creating prefix chain script '/home/edyta/action_test/install/setup.zsh'
