[0.000000] (-) TimerEvent: {}
[0.001197] (action_test) JobQueued: {'identifier': 'action_test', 'dependencies': OrderedDict()}
[0.001244] (action_test) JobStarted: {'identifier': 'action_test'}
[0.100074] (-) TimerEvent: {}
[0.200507] (-) TimerEvent: {}
[0.222250] (action_test) Command: {'cmd': ['/usr/bin/python3', 'setup.py', 'develop', '--prefix', '/home/edyta/action_test/install/action_test', '--editable', '--build-directory', '/home/edyta/action_test/build/action_test/build', '--no-deps', 'install_data', '--install-dir', '/home/edyta/action_test/install/action_test'], 'cwd': '/home/edyta/action_test/build/action_test', 'env': {'GJS_DEBUG_TOPICS': 'JS ERROR;JS LOG', 'USER': 'edyta', 'TEXTDOMAIN': 'im-config', 'XDG_SEAT': 'seat0', 'SSH_AGENT_PID': '1866', 'XDG_SESSION_TYPE': 'x11', 'LD_LIBRARY_PATH': '/opt/ros/eloquent/opt/yaml_cpp_vendor/lib:/opt/ros/eloquent/opt/rviz_ogre_vendor/lib:/opt/ros/eloquent/lib', 'SHLVL': '1', 'OLDPWD': '/home/edyta/action_test/install', 'QT4_IM_MODULE': 'xim', 'HOME': '/home/edyta', 'DESKTOP_SESSION': 'ubuntu', 'GNOME_SHELL_SESSION_MODE': 'ubuntu', 'GTK_MODULES': 'gail:atk-bridge', 'ROS_PYTHON_VERSION': '3', 'DBUS_SESSION_BUS_ADDRESS': 'unix:path=/run/user/1000/bus', 'COLORTERM': 'truecolor', 'MANDATORY_PATH': '/usr/share/gconf/ubuntu.mandatory.path', 'QT_QPA_PLATFORMTHEME': 'appmenu-qt5', 'COLCON_PREFIX_PATH': '/home/edyta/action_test/install', 'IM_CONFIG_PHASE': '2', 'ROS_DISTRO': 'eloquent', 'LOGNAME': 'edyta', 'GTK_IM_MODULE': 'ibus', '_': '/usr/bin/colcon', 'DEFAULTS_PATH': '/usr/share/gconf/ubuntu.default.path', 'ROS_VERSION': '2', 'USERNAME': 'edyta', 'XDG_SESSION_ID': '2', 'TERM': 'xterm-256color', 'ROS_LOCALHOST_ONLY': '0', 'GNOME_DESKTOP_SESSION_ID': 'this-is-deprecated', 'GTK2_MODULES': 'overlay-scrollbar', 'WINDOWPATH': '2', 'PATH': '/opt/ros/eloquent/bin:/usr/local/sbin:/usr/local/bin:/usr/sbin:/usr/bin:/sbin:/bin:/usr/games:/usr/local/games:/snap/bin', 'SESSION_MANAGER': 'local/edyta-X510UNR:@/tmp/.ICE-unix/1764,unix/edyta-X510UNR:/tmp/.ICE-unix/1764', 'XDG_MENU_PREFIX': 'gnome-', 'GNOME_TERMINAL_SCREEN': '/org/gnome/Terminal/screen/a0e680a0_4bf2_48da_8f04_fcace0f7031b', 'XDG_RUNTIME_DIR': '/run/user/1000', 'DISPLAY': ':0', 'LANG': 'en_US.UTF-8', 'XDG_CURRENT_DESKTOP': 'ubuntu:GNOME', 'XDG_SESSION_DESKTOP': 'ubuntu', 'XMODIFIERS': '@im=ibus', 'GNOME_TERMINAL_SERVICE': ':1.166', 'XAUTHORITY': '/run/user/1000/gdm/Xauthority', 'AMENT_PREFIX_PATH': '/opt/ros/eloquent', 'SSH_AUTH_SOCK': '/run/user/1000/keyring/ssh', 'SHELL': '/bin/bash', 'QT_ACCESSIBILITY': '1', 'GDMSESSION': 'ubuntu', 'TEXTDOMAINDIR': '/usr/share/locale/', 'GJS_DEBUG_OUTPUT': 'stderr', 'GPG_AGENT_INFO': '/run/user/1000/gnupg/S.gpg-agent:0:1', 'XDG_VTNR': '2', 'QT_IM_MODULE': 'ibus', 'LC_ALL': 'en_US.UTF-8', 'PWD': '/home/edyta/action_test/build/action_test', 'CLUTTER_IM_MODULE': 'xim', 'XDG_DATA_DIRS': '/usr/share/ubuntu:/usr/local/share:/usr/share:/var/lib/snapd/desktop', 'XDG_CONFIG_DIRS': '/etc/xdg/xdg-ubuntu:/etc/xdg', 'PYTHONPATH': '/home/edyta/action_test/install/action_test/lib/python3.6/site-packages:/home/edyta/action_test/install/action_test/lib/python3.6/site-packages:/opt/ros/eloquent/lib/python3.6/site-packages', 'COLCON': '1', 'VTE_VERSION': '5202'}, 'shell': False}
[0.300673] (-) TimerEvent: {}
[0.401037] (-) TimerEvent: {}
[0.440942] (action_test) StdoutLine: {'line': b'running develop\n'}
[0.501162] (-) TimerEvent: {}
[0.546474] (action_test) StdoutLine: {'line': b'running egg_info\n'}
[0.546650] (action_test) StdoutLine: {'line': b'writing action_test.egg-info/PKG-INFO\n'}
[0.546766] (action_test) StdoutLine: {'line': b'writing dependency_links to action_test.egg-info/dependency_links.txt\n'}
[0.547012] (action_test) StdoutLine: {'line': b'writing entry points to action_test.egg-info/entry_points.txt\n'}
[0.547160] (action_test) StdoutLine: {'line': b'writing requirements to action_test.egg-info/requires.txt\n'}
[0.547272] (action_test) StdoutLine: {'line': b'writing top-level names to action_test.egg-info/top_level.txt\n'}
[0.573871] (action_test) StdoutLine: {'line': b"reading manifest file 'action_test.egg-info/SOURCES.txt'\n"}
[0.574809] (action_test) StdoutLine: {'line': b"writing manifest file 'action_test.egg-info/SOURCES.txt'\n"}
[0.576480] (action_test) StdoutLine: {'line': b'running build_ext\n'}
[0.576905] (action_test) StdoutLine: {'line': b'Creating /home/edyta/action_test/install/action_test/lib/python3.6/site-packages/site.py\n'}
[0.577728] (action_test) StdoutLine: {'line': b'Creating /home/edyta/action_test/install/action_test/lib/python3.6/site-packages/action-test.egg-link (link to .)\n'}
[0.578423] (action_test) StdoutLine: {'line': b'Installing client script to /home/edyta/action_test/install/action_test/lib/action_test\n'}
[0.578566] (action_test) StdoutLine: {'line': b'Installing client_cancel script to /home/edyta/action_test/install/action_test/lib/action_test\n'}
[0.578707] (action_test) StdoutLine: {'line': b'Installing client_not_composable script to /home/edyta/action_test/install/action_test/lib/action_test\n'}
[0.578821] (action_test) StdoutLine: {'line': b'Installing current_load script to /home/edyta/action_test/install/action_test/lib/action_test\n'}
[0.578943] (action_test) StdoutLine: {'line': b'Installing random_number script to /home/edyta/action_test/install/action_test/lib/action_test\n'}
[0.579046] (action_test) StdoutLine: {'line': b'Installing server script to /home/edyta/action_test/install/action_test/lib/action_test\n'}
[0.579150] (action_test) StdoutLine: {'line': b'Installing server_defer script to /home/edyta/action_test/install/action_test/lib/action_test\n'}
[0.579246] (action_test) StdoutLine: {'line': b'Installing server_not_composable script to /home/edyta/action_test/install/action_test/lib/action_test\n'}
[0.579316] (action_test) StdoutLine: {'line': b'Installing server_queue_goals script to /home/edyta/action_test/install/action_test/lib/action_test\n'}
[0.579431] (action_test) StdoutLine: {'line': b'Installing server_single_goal script to /home/edyta/action_test/install/action_test/lib/action_test\n'}
[0.579497] (action_test) StdoutLine: {'line': b'\n'}
[0.579563] (action_test) StdoutLine: {'line': b'Installed /home/edyta/action_test/build/action_test\n'}
[0.579627] (action_test) StdoutLine: {'line': b'running install_data\n'}
[0.602271] (action_test) CommandEnded: {'returncode': 0}
[0.603299] (-) TimerEvent: {}
[0.630468] (action_test) JobEnded: {'identifier': 'action_test', 'rc': 0}
[0.631512] (-) EventReactorShutdown: {}
