[0.148s] DEBUG:colcon:Command line arguments: ['/usr/bin/colcon', 'build', '--symlink-install']
[0.148s] DEBUG:colcon:Parsed command line arguments: Namespace(ament_cmake_args=None, base_paths=['.'], build_base='build', catkin_cmake_args=None, catkin_skip_building_tests=False, cmake_args=None, cmake_clean_cache=False, cmake_clean_first=False, cmake_force_configure=False, cmake_target=None, cmake_target_skip_unavailable=False, continue_on_error=False, event_handlers=None, executor='parallel', ignore_user_meta=False, install_base='install', log_base=None, log_level=None, main=<bound method BuildVerb.main of <colcon_core.verb.build.BuildVerb object at 0x7fce84132710>>, merge_install=False, metas=['./colcon.meta'], packages_above=None, packages_above_depth=None, packages_end=None, packages_ignore=None, packages_ignore_regex=None, packages_select=None, packages_select_build_failed=False, packages_select_by_dep=None, packages_select_regex=None, packages_select_test_failures=False, packages_skip=None, packages_skip_build_finished=False, packages_skip_by_dep=None, packages_skip_regex=None, packages_skip_test_passed=False, packages_skip_up_to=None, packages_start=None, packages_up_to=None, parallel_workers=8, paths=None, symlink_install=True, test_result_base=None, verb_extension=<colcon_core.verb.build.BuildVerb object at 0x7fce84132710>, verb_name='build', verb_parser=<colcon_defaults.argument_parser.defaults.DefaultArgumentsDecorator object at 0x7fce84132a58>)
[0.183s] Level 1:colcon.colcon_core.package_discovery:discover_packages(colcon_meta) check parameters
[0.183s] Level 1:colcon.colcon_core.package_discovery:discover_packages(recursive) check parameters
[0.183s] Level 1:colcon.colcon_core.package_discovery:discover_packages(ignore) check parameters
[0.183s] Level 1:colcon.colcon_core.package_discovery:discover_packages(path) check parameters
[0.183s] Level 1:colcon.colcon_core.package_discovery:discover_packages(colcon_meta) discover
[0.184s] Level 1:colcon.colcon_core.package_discovery:discover_packages(recursive) discover
[0.184s] INFO:colcon.colcon_core.package_discovery:Crawling recursively for packages in '/home/edyta/action_test'
[0.184s] Level 1:colcon.colcon_core.package_identification:_identify(.) by extensions ['ignore', 'ignore_ament_install']
[0.184s] Level 1:colcon.colcon_core.package_identification:_identify(.) by extension 'ignore'
[0.184s] Level 1:colcon.colcon_core.package_identification:_identify(.) by extension 'ignore_ament_install'
[0.184s] Level 1:colcon.colcon_core.package_identification:_identify(.) by extensions ['colcon_pkg']
[0.184s] Level 1:colcon.colcon_core.package_identification:_identify(.) by extension 'colcon_pkg'
[0.184s] Level 1:colcon.colcon_core.package_identification:_identify(.) by extensions ['colcon_meta']
[0.184s] Level 1:colcon.colcon_core.package_identification:_identify(.) by extension 'colcon_meta'
[0.184s] Level 1:colcon.colcon_core.package_identification:_identify(.) by extensions ['ros']
[0.184s] Level 1:colcon.colcon_core.package_identification:_identify(.) by extension 'ros'
[0.216s] DEBUG:colcon.colcon_core.package_identification:Failed to parse potential ROS package manifest in'.': Error(s) in package './package.xml':
The manifest contains invalid XML:
mismatched tag: line 12, column 40
[0.216s] Level 1:colcon.colcon_core.package_identification:_identify(.) by extensions ['cmake', 'python']
[0.216s] Level 1:colcon.colcon_core.package_identification:_identify(.) by extension 'cmake'
[0.216s] Level 1:colcon.colcon_core.package_identification:_identify(.) by extension 'python'
[0.216s] DEBUG:colcon.colcon_core.package_identification:Python package in '.' passes arguments to the setup() function which requires a different identification extension than 'python'
[0.216s] Level 1:colcon.colcon_core.package_identification:_identify(.) by extensions ['python_setup_py']
[0.216s] Level 1:colcon.colcon_core.package_identification:_identify(.) by extension 'python_setup_py'
[0.419s] DEBUG:colcon.colcon_core.package_identification:Package '.' with type 'python' and name 'action_test'
[0.419s] Level 1:colcon.colcon_core.package_discovery:discover_packages(recursive) using defaults
[0.420s] Level 1:colcon.colcon_core.package_discovery:discover_packages(ignore) discover
[0.420s] Level 1:colcon.colcon_core.package_discovery:discover_packages(ignore) using defaults
[0.420s] Level 1:colcon.colcon_core.package_discovery:discover_packages(path) discover
[0.420s] Level 1:colcon.colcon_core.package_discovery:discover_packages(path) using defaults
[0.426s] Level 5:colcon.colcon_core.verb:set package 'action_test' build argument 'cmake_args' from command line to 'None'
[0.426s] Level 5:colcon.colcon_core.verb:set package 'action_test' build argument 'cmake_target' from command line to 'None'
[0.426s] Level 5:colcon.colcon_core.verb:set package 'action_test' build argument 'cmake_target_skip_unavailable' from command line to 'False'
[0.426s] Level 5:colcon.colcon_core.verb:set package 'action_test' build argument 'cmake_clean_cache' from command line to 'False'
[0.427s] Level 5:colcon.colcon_core.verb:set package 'action_test' build argument 'cmake_clean_first' from command line to 'False'
[0.427s] Level 5:colcon.colcon_core.verb:set package 'action_test' build argument 'cmake_force_configure' from command line to 'False'
[0.427s] Level 5:colcon.colcon_core.verb:set package 'action_test' build argument 'ament_cmake_args' from command line to 'None'
[0.427s] Level 5:colcon.colcon_core.verb:set package 'action_test' build argument 'catkin_cmake_args' from command line to 'None'
[0.427s] Level 5:colcon.colcon_core.verb:set package 'action_test' build argument 'catkin_skip_building_tests' from command line to 'False'
[0.427s] DEBUG:colcon.colcon_core.verb:Building package 'action_test' with the following arguments: {'ament_cmake_args': None, 'build_base': '/home/edyta/action_test/build/action_test', 'catkin_cmake_args': None, 'catkin_skip_building_tests': False, 'cmake_args': None, 'cmake_clean_cache': False, 'cmake_clean_first': False, 'cmake_force_configure': False, 'cmake_target': None, 'cmake_target_skip_unavailable': False, 'install_base': '/home/edyta/action_test/install/action_test', 'merge_install': False, 'path': '/home/edyta/action_test', 'symlink_install': True, 'test_result_base': None}
[0.427s] INFO:colcon.colcon_core.executor:Executing jobs using 'parallel' executor
[0.430s] DEBUG:colcon.colcon_parallel_executor.executor.parallel:run_until_complete
[0.430s] INFO:colcon.colcon_core.task.python.build:Building Python package in '/home/edyta/action_test'
[0.434s] INFO:colcon.colcon_core.plugin_system:Skipping extension 'colcon_core.shell.bat': Not used on non-Windows systems
[0.434s] INFO:colcon.colcon_core.shell:Skip shell extension 'powershell' for command environment: Not usable outside of PowerShell
[0.434s] DEBUG:colcon.colcon_core.shell:Skip shell extension 'dsv' for command environment
[0.436s] DEBUG:colcon.colcon_core.shell:Ignoring prefix path '/opt/ros/eloquent'
[0.650s] DEBUG:colcon.colcon_core.task.python.build:While undoing a previous installation files outside the Python library path are being ignored: /home/edyta/action_test/install/action_test/share/ament_index/resource_index/packages/action_test
[0.650s] DEBUG:colcon.colcon_core.task.python.build:While undoing a previous installation files outside the Python library path are being ignored: /home/edyta/action_test/install/action_test/share/action_test/package.xml
[0.650s] DEBUG:colcon.colcon_core.task.python.build:While undoing a previous installation files outside the Python library path are being ignored: /home/edyta/action_test/install/action_test/lib/action_test/client
[0.650s] DEBUG:colcon.colcon_core.task.python.build:While undoing a previous installation files outside the Python library path are being ignored: /home/edyta/action_test/install/action_test/lib/action_test/client_cancel
[0.650s] DEBUG:colcon.colcon_core.task.python.build:While undoing a previous installation files outside the Python library path are being ignored: /home/edyta/action_test/install/action_test/lib/action_test/client_not_composable
[0.650s] DEBUG:colcon.colcon_core.task.python.build:While undoing a previous installation files outside the Python library path are being ignored: /home/edyta/action_test/install/action_test/lib/action_test/current_load
[0.650s] DEBUG:colcon.colcon_core.task.python.build:While undoing a previous installation files outside the Python library path are being ignored: /home/edyta/action_test/install/action_test/lib/action_test/random_number
[0.650s] DEBUG:colcon.colcon_core.task.python.build:While undoing a previous installation files outside the Python library path are being ignored: /home/edyta/action_test/install/action_test/lib/action_test/server
[0.650s] DEBUG:colcon.colcon_core.task.python.build:While undoing a previous installation files outside the Python library path are being ignored: /home/edyta/action_test/install/action_test/lib/action_test/server_defer
[0.651s] DEBUG:colcon.colcon_core.task.python.build:While undoing a previous installation files outside the Python library path are being ignored: /home/edyta/action_test/install/action_test/lib/action_test/server_not_composable
[0.651s] DEBUG:colcon.colcon_core.task.python.build:While undoing a previous installation files outside the Python library path are being ignored: /home/edyta/action_test/install/action_test/lib/action_test/server_queue_goals
[0.651s] DEBUG:colcon.colcon_core.task.python.build:While undoing a previous installation files outside the Python library path are being ignored: /home/edyta/action_test/install/action_test/lib/action_test/server_single_goal
[0.652s] DEBUG:colcon.colcon_core.event_handler.log_command:Invoking command in '/home/edyta/action_test/build/action_test': PYTHONPATH=/home/edyta/action_test/install/action_test/lib/python3.6/site-packages:${PYTHONPATH} /usr/bin/python3 setup.py develop --prefix /home/edyta/action_test/install/action_test --editable --build-directory /home/edyta/action_test/build/action_test/build --no-deps install_data --install-dir /home/edyta/action_test/install/action_test
[1.030s] Level 1:colcon.colcon_core.shell:create_environment_hook('action_test', 'pythonpath_develop')
[1.031s] INFO:colcon.colcon_core.shell:Creating environment hook '/home/edyta/action_test/build/action_test/share/action_test/hook/pythonpath_develop.ps1'
[1.032s] DEBUG:colcon.colcon_core.event_handler.log_command:Invoked command in '/home/edyta/action_test/build/action_test' returned '0': PYTHONPATH=/home/edyta/action_test/install/action_test/lib/python3.6/site-packages:${PYTHONPATH} /usr/bin/python3 setup.py develop --prefix /home/edyta/action_test/install/action_test --editable --build-directory /home/edyta/action_test/build/action_test/build --no-deps install_data --install-dir /home/edyta/action_test/install/action_test
[1.033s] INFO:colcon.colcon_core.shell:Creating environment descriptor '/home/edyta/action_test/build/action_test/share/action_test/hook/pythonpath_develop.dsv'
[1.033s] INFO:colcon.colcon_core.shell:Creating environment hook '/home/edyta/action_test/build/action_test/share/action_test/hook/pythonpath_develop.sh'
[1.037s] Level 1:colcon.colcon_core.environment:checking '/home/edyta/action_test/install/action_test' for CMake module files
[1.038s] Level 1:colcon.colcon_core.environment:checking '/home/edyta/action_test/install/action_test' for CMake config files
[1.039s] Level 1:colcon.colcon_core.environment:checking '/home/edyta/action_test/install/action_test/lib'
[1.039s] Level 1:colcon.colcon_core.environment:checking '/home/edyta/action_test/install/action_test/bin'
[1.039s] Level 1:colcon.colcon_core.environment:checking '/home/edyta/action_test/install/action_test/lib/pkgconfig/action_test.pc'
[1.040s] Level 1:colcon.colcon_core.environment:checking '/home/edyta/action_test/install/action_test/lib/python3.6/site-packages'
[1.040s] Level 1:colcon.colcon_core.shell:create_environment_hook('action_test', 'pythonpath')
[1.040s] INFO:colcon.colcon_core.shell:Creating environment hook '/home/edyta/action_test/install/action_test/share/action_test/hook/pythonpath.ps1'
[1.041s] INFO:colcon.colcon_core.shell:Creating environment descriptor '/home/edyta/action_test/install/action_test/share/action_test/hook/pythonpath.dsv'
[1.041s] INFO:colcon.colcon_core.shell:Creating environment hook '/home/edyta/action_test/install/action_test/share/action_test/hook/pythonpath.sh'
[1.041s] Level 1:colcon.colcon_core.environment:create_environment_scripts_only(action_test)
[1.054s] INFO:colcon.colcon_core.shell:Creating package script '/home/edyta/action_test/install/action_test/share/action_test/package.ps1'
[1.055s] INFO:colcon.colcon_core.shell:Creating package descriptor '/home/edyta/action_test/install/action_test/share/action_test/package.dsv'
[1.056s] INFO:colcon.colcon_core.shell:Creating package script '/home/edyta/action_test/install/action_test/share/action_test/package.sh'
[1.057s] INFO:colcon.colcon_core.shell:Creating package script '/home/edyta/action_test/install/action_test/share/action_test/package.bash'
[1.058s] INFO:colcon.colcon_core.shell:Creating package script '/home/edyta/action_test/install/action_test/share/action_test/package.zsh'
[1.059s] Level 1:colcon.colcon_core.environment:create_file_with_runtime_dependencies(/home/edyta/action_test/install/action_test/share/colcon-core/packages/action_test)
[1.059s] DEBUG:colcon.colcon_parallel_executor.executor.parallel:closing loop
[1.060s] DEBUG:colcon.colcon_parallel_executor.executor.parallel:loop closed
[1.060s] DEBUG:colcon.colcon_parallel_executor.executor.parallel:run_until_complete finished with '0'
[1.060s] DEBUG:colcon.colcon_core.event_reactor:joining thread
[1.067s] INFO:colcon.colcon_core.plugin_system:Skipping extension 'colcon_notification.desktop_notification.terminal_notifier': Not used on non-Darwin systems
[1.067s] INFO:colcon.colcon_core.plugin_system:Skipping extension 'colcon_notification.desktop_notification.win32': Not used on non-Windows systems
[1.068s] INFO:colcon.colcon_notification.desktop_notification:Sending desktop notification using 'notify2'
[1.071s] DEBUG:colcon.colcon_core.event_reactor:joined thread
[1.071s] INFO:colcon.colcon_core.shell:Creating prefix script '/home/edyta/action_test/install/local_setup.ps1'
[1.073s] INFO:colcon.colcon_core.shell:Creating prefix util module '/home/edyta/action_test/install/_local_setup_util_ps1.py'
[1.075s] INFO:colcon.colcon_core.shell:Creating prefix chain script '/home/edyta/action_test/install/setup.ps1'
[1.078s] INFO:colcon.colcon_core.shell:Creating prefix script '/home/edyta/action_test/install/local_setup.sh'
[1.078s] INFO:colcon.colcon_core.shell:Creating prefix util module '/home/edyta/action_test/install/_local_setup_util_sh.py'
[1.079s] INFO:colcon.colcon_core.shell:Creating prefix chain script '/home/edyta/action_test/install/setup.sh'
[1.082s] INFO:colcon.colcon_core.shell:Creating prefix script '/home/edyta/action_test/install/local_setup.bash'
[1.083s] INFO:colcon.colcon_core.shell:Creating prefix chain script '/home/edyta/action_test/install/setup.bash'
[1.086s] INFO:colcon.colcon_core.shell:Creating prefix script '/home/edyta/action_test/install/local_setup.zsh'
[1.086s] INFO:colcon.colcon_core.shell:Creating prefix chain script '/home/edyta/action_test/install/setup.zsh'
