[0.000000] (-) TimerEvent: {}
[0.000162] (action_test_msgs) JobQueued: {'identifier': 'action_test_msgs', 'dependencies': OrderedDict()}
[0.000197] (action_test_core) JobQueued: {'identifier': 'action_test_core', 'dependencies': OrderedDict([('action_test_msgs', '/home/edyta/action_test/install/action_test_msgs')])}
[0.000225] (action_test_msgs) JobStarted: {'identifier': 'action_test_msgs'}
[0.010615] (action_test_msgs) JobProgress: {'identifier': 'action_test_msgs', 'progress': 'cmake'}
[0.011887] (action_test_msgs) JobProgress: {'identifier': 'action_test_msgs', 'progress': 'build'}
[0.011953] (action_test_msgs) Command: {'cmd': ['/usr/bin/cmake', '--build', '/home/edyta/action_test/build/action_test_msgs', '--', '-j8', '-l8'], 'cwd': '/home/edyta/action_test/build/action_test_msgs', 'env': OrderedDict([('GJS_DEBUG_TOPICS', 'JS ERROR;JS LOG'), ('USER', 'edyta'), ('TEXTDOMAIN', 'im-config'), ('XDG_SEAT', 'seat0'), ('SSH_AGENT_PID', '1885'), ('XDG_SESSION_TYPE', 'x11'), ('LD_LIBRARY_PATH', '/home/edyta/action_test/install/action_test_msgs/lib:/opt/ros/eloquent/opt/yaml_cpp_vendor/lib:/opt/ros/eloquent/opt/rviz_ogre_vendor/lib:/opt/ros/eloquent/lib'), ('SHLVL', '1'), ('OLDPWD', '/home/edyta'), ('QT4_IM_MODULE', 'xim'), ('HOME', '/home/edyta'), ('DESKTOP_SESSION', 'ubuntu'), ('GNOME_SHELL_SESSION_MODE', 'ubuntu'), ('GTK_MODULES', 'gail:atk-bridge'), ('ROS_PYTHON_VERSION', '3'), ('DBUS_SESSION_BUS_ADDRESS', 'unix:path=/run/user/1000/bus'), ('COLORTERM', 'truecolor'), ('MANDATORY_PATH', '/usr/share/gconf/ubuntu.mandatory.path'), ('QT_QPA_PLATFORMTHEME', 'appmenu-qt5'), ('COLCON_PREFIX_PATH', '/home/edyta/action_test/install'), ('IM_CONFIG_PHASE', '2'), ('ROS_DISTRO', 'eloquent'), ('LOGNAME', 'edyta'), ('GTK_IM_MODULE', 'ibus'), ('_', '/usr/bin/colcon'), ('DEFAULTS_PATH', '/usr/share/gconf/ubuntu.default.path'), ('ROS_VERSION', '2'), ('USERNAME', 'edyta'), ('XDG_SESSION_ID', '2'), ('TERM', 'xterm-256color'), ('ROS_LOCALHOST_ONLY', '0'), ('GNOME_DESKTOP_SESSION_ID', 'this-is-deprecated'), ('GTK2_MODULES', 'overlay-scrollbar'), ('WINDOWPATH', '2'), ('PATH', '/opt/ros/eloquent/bin:/usr/local/sbin:/usr/local/bin:/usr/sbin:/usr/bin:/sbin:/bin:/usr/games:/usr/local/games:/snap/bin'), ('SESSION_MANAGER', 'local/edyta-X510UNR:@/tmp/.ICE-unix/1783,unix/edyta-X510UNR:/tmp/.ICE-unix/1783'), ('XDG_MENU_PREFIX', 'gnome-'), ('GNOME_TERMINAL_SCREEN', '/org/gnome/Terminal/screen/29d4a0c0_c97d_4285_914c_b583a354b5a0'), ('XDG_RUNTIME_DIR', '/run/user/1000'), ('DISPLAY', ':0'), ('LANG', 'en_US.UTF-8'), ('XDG_CURRENT_DESKTOP', 'ubuntu:GNOME'), ('XDG_SESSION_DESKTOP', 'ubuntu'), ('XMODIFIERS', '@im=ibus'), ('GNOME_TERMINAL_SERVICE', ':1.80'), ('XAUTHORITY', '/run/user/1000/gdm/Xauthority'), ('AMENT_PREFIX_PATH', '/home/edyta/action_test/install/action_test_core:/home/edyta/action_test/install/action_test_msgs:/opt/ros/eloquent'), ('SSH_AUTH_SOCK', '/run/user/1000/keyring/ssh'), ('SHELL', '/bin/bash'), ('QT_ACCESSIBILITY', '1'), ('GDMSESSION', 'ubuntu'), ('TEXTDOMAINDIR', '/usr/share/locale/'), ('GJS_DEBUG_OUTPUT', 'stderr'), ('GPG_AGENT_INFO', '/run/user/1000/gnupg/S.gpg-agent:0:1'), ('XDG_VTNR', '2'), ('QT_IM_MODULE', 'ibus'), ('LC_ALL', 'en_US.UTF-8'), ('PWD', '/home/edyta/action_test/build/action_test_msgs'), ('CLUTTER_IM_MODULE', 'xim'), ('XDG_DATA_DIRS', '/usr/share/ubuntu:/usr/local/share:/usr/share:/var/lib/snapd/desktop'), ('XDG_CONFIG_DIRS', '/etc/xdg/xdg-ubuntu:/etc/xdg'), ('PYTHONPATH', '/home/edyta/action_test/install/action_test_core/lib/python3.6/site-packages:/home/edyta/action_test/install/action_test_msgs/lib/python3.6/site-packages:/opt/ros/eloquent/lib/python3.6/site-packages'), ('COLCON', '1'), ('VTE_VERSION', '5202'), ('CMAKE_PREFIX_PATH', '/home/edyta/action_test/install/action_test_msgs:/home/edyta/action_test/install/action_test_core:/opt/ros/eloquent')]), 'shell': False}
[0.066932] (action_test_msgs) StdoutLine: {'line': b'[  3%] Built target action_test_msgs__cpp\n'}
[0.067573] (action_test_msgs) StdoutLine: {'line': b'[ 13%] Built target action_test_msgs__rosidl_generator_c\n'}
[0.090434] (action_test_msgs) StdoutLine: {'line': b'[ 34%] Built target action_test_msgs__rosidl_typesupport_introspection_c\n'}
[0.090675] (action_test_msgs) StdoutLine: {'line': b'[ 34%] Built target action_test_msgs__rosidl_typesupport_introspection_cpp\n'}
[0.095469] (action_test_msgs) StdoutLine: {'line': b'[ 44%] Built target action_test_msgs__rosidl_typesupport_fastrtps_cpp\n'}
[0.098501] (-) TimerEvent: {}
[0.123783] (action_test_msgs) StdoutLine: {'line': b'[ 55%] Built target action_test_msgs__rosidl_typesupport_cpp\n'}
[0.124086] (action_test_msgs) StdoutLine: {'line': b'[ 65%] Built target action_test_msgs__rosidl_typesupport_fastrtps_c\n'}
[0.151447] (action_test_msgs) StdoutLine: {'line': b'[ 75%] Built target action_test_msgs__rosidl_typesupport_c\n'}
[0.171365] (action_test_msgs) StdoutLine: {'line': b'[ 75%] Built target action_test_msgs\n'}
[0.192019] (action_test_msgs) StdoutLine: {'line': b'[ 79%] Built target action_test_msgs__py\n'}
[0.198634] (-) TimerEvent: {}
[0.219381] (action_test_msgs) StdoutLine: {'line': b'[ 86%] Built target action_test_msgs__python\n'}
[0.247418] (action_test_msgs) StdoutLine: {'line': b'[100%] Built target action_test_msgs__rosidl_typesupport_fastrtps_c__pyext\n'}
[0.247587] (action_test_msgs) StdoutLine: {'line': b'[100%] Built target action_test_msgs__rosidl_typesupport_c__pyext\n'}
[0.258237] (action_test_msgs) CommandEnded: {'returncode': 0}
[0.298815] (-) TimerEvent: {}
[0.301960] (action_test_msgs) JobProgress: {'identifier': 'action_test_msgs', 'progress': 'install'}
[0.312118] (action_test_msgs) Command: {'cmd': ['/usr/bin/cmake', '--build', '/home/edyta/action_test/build/action_test_msgs', '--target', 'install', '--', '-j8', '-l8'], 'cwd': '/home/edyta/action_test/build/action_test_msgs', 'env': OrderedDict([('GJS_DEBUG_TOPICS', 'JS ERROR;JS LOG'), ('USER', 'edyta'), ('TEXTDOMAIN', 'im-config'), ('XDG_SEAT', 'seat0'), ('SSH_AGENT_PID', '1885'), ('XDG_SESSION_TYPE', 'x11'), ('LD_LIBRARY_PATH', '/home/edyta/action_test/install/action_test_msgs/lib:/opt/ros/eloquent/opt/yaml_cpp_vendor/lib:/opt/ros/eloquent/opt/rviz_ogre_vendor/lib:/opt/ros/eloquent/lib'), ('SHLVL', '1'), ('OLDPWD', '/home/edyta'), ('QT4_IM_MODULE', 'xim'), ('HOME', '/home/edyta'), ('DESKTOP_SESSION', 'ubuntu'), ('GNOME_SHELL_SESSION_MODE', 'ubuntu'), ('GTK_MODULES', 'gail:atk-bridge'), ('ROS_PYTHON_VERSION', '3'), ('DBUS_SESSION_BUS_ADDRESS', 'unix:path=/run/user/1000/bus'), ('COLORTERM', 'truecolor'), ('MANDATORY_PATH', '/usr/share/gconf/ubuntu.mandatory.path'), ('QT_QPA_PLATFORMTHEME', 'appmenu-qt5'), ('COLCON_PREFIX_PATH', '/home/edyta/action_test/install'), ('IM_CONFIG_PHASE', '2'), ('ROS_DISTRO', 'eloquent'), ('LOGNAME', 'edyta'), ('GTK_IM_MODULE', 'ibus'), ('_', '/usr/bin/colcon'), ('DEFAULTS_PATH', '/usr/share/gconf/ubuntu.default.path'), ('ROS_VERSION', '2'), ('USERNAME', 'edyta'), ('XDG_SESSION_ID', '2'), ('TERM', 'xterm-256color'), ('ROS_LOCALHOST_ONLY', '0'), ('GNOME_DESKTOP_SESSION_ID', 'this-is-deprecated'), ('GTK2_MODULES', 'overlay-scrollbar'), ('WINDOWPATH', '2'), ('PATH', '/opt/ros/eloquent/bin:/usr/local/sbin:/usr/local/bin:/usr/sbin:/usr/bin:/sbin:/bin:/usr/games:/usr/local/games:/snap/bin'), ('SESSION_MANAGER', 'local/edyta-X510UNR:@/tmp/.ICE-unix/1783,unix/edyta-X510UNR:/tmp/.ICE-unix/1783'), ('XDG_MENU_PREFIX', 'gnome-'), ('GNOME_TERMINAL_SCREEN', '/org/gnome/Terminal/screen/29d4a0c0_c97d_4285_914c_b583a354b5a0'), ('XDG_RUNTIME_DIR', '/run/user/1000'), ('DISPLAY', ':0'), ('LANG', 'en_US.UTF-8'), ('XDG_CURRENT_DESKTOP', 'ubuntu:GNOME'), ('XDG_SESSION_DESKTOP', 'ubuntu'), ('XMODIFIERS', '@im=ibus'), ('GNOME_TERMINAL_SERVICE', ':1.80'), ('XAUTHORITY', '/run/user/1000/gdm/Xauthority'), ('AMENT_PREFIX_PATH', '/home/edyta/action_test/install/action_test_core:/home/edyta/action_test/install/action_test_msgs:/opt/ros/eloquent'), ('SSH_AUTH_SOCK', '/run/user/1000/keyring/ssh'), ('SHELL', '/bin/bash'), ('QT_ACCESSIBILITY', '1'), ('GDMSESSION', 'ubuntu'), ('TEXTDOMAINDIR', '/usr/share/locale/'), ('GJS_DEBUG_OUTPUT', 'stderr'), ('GPG_AGENT_INFO', '/run/user/1000/gnupg/S.gpg-agent:0:1'), ('XDG_VTNR', '2'), ('QT_IM_MODULE', 'ibus'), ('LC_ALL', 'en_US.UTF-8'), ('PWD', '/home/edyta/action_test/build/action_test_msgs'), ('CLUTTER_IM_MODULE', 'xim'), ('XDG_DATA_DIRS', '/usr/share/ubuntu:/usr/local/share:/usr/share:/var/lib/snapd/desktop'), ('XDG_CONFIG_DIRS', '/etc/xdg/xdg-ubuntu:/etc/xdg'), ('PYTHONPATH', '/home/edyta/action_test/install/action_test_core/lib/python3.6/site-packages:/home/edyta/action_test/install/action_test_msgs/lib/python3.6/site-packages:/opt/ros/eloquent/lib/python3.6/site-packages'), ('COLCON', '1'), ('VTE_VERSION', '5202'), ('CMAKE_PREFIX_PATH', '/home/edyta/action_test/install/action_test_msgs:/home/edyta/action_test/install/action_test_core:/opt/ros/eloquent')]), 'shell': False}
[0.365054] (action_test_msgs) StdoutLine: {'line': b'[  3%] Built target action_test_msgs__cpp\n'}
[0.365615] (action_test_msgs) StdoutLine: {'line': b'[ 13%] Built target action_test_msgs__rosidl_generator_c\n'}
[0.388009] (action_test_msgs) StdoutLine: {'line': b'[ 34%] Built target action_test_msgs__rosidl_typesupport_introspection_cpp\n'}
[0.388223] (action_test_msgs) StdoutLine: {'line': b'[ 34%] Built target action_test_msgs__rosidl_typesupport_introspection_c\n'}
[0.392578] (action_test_msgs) StdoutLine: {'line': b'[ 44%] Built target action_test_msgs__rosidl_typesupport_fastrtps_cpp\n'}
[0.399583] (-) TimerEvent: {}
[0.421304] (action_test_msgs) StdoutLine: {'line': b'[ 58%] Built target action_test_msgs__rosidl_typesupport_cpp\n'}
[0.421564] (action_test_msgs) StdoutLine: {'line': b'[ 65%] Built target action_test_msgs__rosidl_typesupport_fastrtps_c\n'}
[0.448603] (action_test_msgs) StdoutLine: {'line': b'[ 75%] Built target action_test_msgs__rosidl_typesupport_c\n'}
[0.468667] (action_test_msgs) StdoutLine: {'line': b'[ 75%] Built target action_test_msgs\n'}
[0.489199] (action_test_msgs) StdoutLine: {'line': b'[ 79%] Built target action_test_msgs__py\n'}
[0.499714] (-) TimerEvent: {}
[0.516219] (action_test_msgs) StdoutLine: {'line': b'[ 86%] Built target action_test_msgs__python\n'}
[0.544376] (action_test_msgs) StdoutLine: {'line': b'[ 93%] Built target action_test_msgs__rosidl_typesupport_c__pyext\n'}
[0.544624] (action_test_msgs) StdoutLine: {'line': b'[100%] Built target action_test_msgs__rosidl_typesupport_fastrtps_c__pyext\n'}
[0.563514] (action_test_msgs) StdoutLine: {'line': b'\x1b[36mInstall the project...\x1b[0m\n'}
[0.572411] (action_test_msgs) StdoutLine: {'line': b'-- Install configuration: ""\n'}
[0.572573] (action_test_msgs) StdoutLine: {'line': b'-- Up-to-date: /home/edyta/action_test/install/action_test_msgs/share/ament_index/resource_index/rosidl_interfaces/action_test_msgs\n'}
[0.572723] (action_test_msgs) StdoutLine: {'line': b'-- Up-to-date: /home/edyta/action_test/install/action_test_msgs/lib/libaction_test_msgs__rosidl_typesupport_c.so\n'}
[0.572850] (action_test_msgs) StdoutLine: {'line': b'-- Up-to-date: /home/edyta/action_test/install/action_test_msgs/share/action_test_msgs/environment/library_path.sh\n'}
[0.572948] (action_test_msgs) StdoutLine: {'line': b'-- Up-to-date: /home/edyta/action_test/install/action_test_msgs/share/action_test_msgs/environment/library_path.dsv\n'}
[0.573211] (action_test_msgs) StdoutLine: {'line': b'-- Up-to-date: /home/edyta/action_test/install/action_test_msgs/lib/libaction_test_msgs__rosidl_typesupport_cpp.so\n'}
[0.573427] (action_test_msgs) StdoutLine: {'line': b'-- Up-to-date: /home/edyta/action_test/install/action_test_msgs/include/action_test_msgs\n'}
[0.573537] (action_test_msgs) StdoutLine: {'line': b'-- Up-to-date: /home/edyta/action_test/install/action_test_msgs/include/action_test_msgs/action\n'}
[0.573689] (action_test_msgs) StdoutLine: {'line': b'-- Up-to-date: /home/edyta/action_test/install/action_test_msgs/include/action_test_msgs/action/averaging__rosidl_typesupport_fastrtps_c.h\n'}
[0.573833] (action_test_msgs) StdoutLine: {'line': b'-- Up-to-date: /home/edyta/action_test/install/action_test_msgs/include/action_test_msgs/msg\n'}
[0.573953] (action_test_msgs) StdoutLine: {'line': b'-- Up-to-date: /home/edyta/action_test/install/action_test_msgs/include/action_test_msgs/msg/rosidl_typesupport_fastrtps_c__visibility_control.h\n'}
[0.574094] (action_test_msgs) StdoutLine: {'line': b'-- Up-to-date: /home/edyta/action_test/install/action_test_msgs/lib/libaction_test_msgs__rosidl_typesupport_fastrtps_c.so\n'}
[0.574167] (action_test_msgs) StdoutLine: {'line': b'-- Up-to-date: /home/edyta/action_test/install/action_test_msgs/include/action_test_msgs\n'}
[0.574239] (action_test_msgs) StdoutLine: {'line': b'-- Up-to-date: /home/edyta/action_test/install/action_test_msgs/include/action_test_msgs/action\n'}
[0.574327] (action_test_msgs) StdoutLine: {'line': b'-- Up-to-date: /home/edyta/action_test/install/action_test_msgs/include/action_test_msgs/action/averaging__functions.h\n'}
[0.574396] (action_test_msgs) StdoutLine: {'line': b'-- Up-to-date: /home/edyta/action_test/install/action_test_msgs/include/action_test_msgs/action/averaging.h\n'}
[0.574465] (action_test_msgs) StdoutLine: {'line': b'-- Up-to-date: /home/edyta/action_test/install/action_test_msgs/include/action_test_msgs/action/averaging__type_support.h\n'}
[0.574582] (action_test_msgs) StdoutLine: {'line': b'-- Up-to-date: /home/edyta/action_test/install/action_test_msgs/include/action_test_msgs/action/averaging__struct.h\n'}
[0.574690] (action_test_msgs) StdoutLine: {'line': b'-- Up-to-date: /home/edyta/action_test/install/action_test_msgs/include/action_test_msgs/action/averaging__functions.c\n'}
[0.574757] (action_test_msgs) StdoutLine: {'line': b'-- Up-to-date: /home/edyta/action_test/install/action_test_msgs/include/action_test_msgs/msg\n'}
[0.574829] (action_test_msgs) StdoutLine: {'line': b'-- Up-to-date: /home/edyta/action_test/install/action_test_msgs/include/action_test_msgs/msg/rosidl_generator_c__visibility_control.h\n'}
[0.574919] (action_test_msgs) StdoutLine: {'line': b'-- Up-to-date: /home/edyta/action_test/install/action_test_msgs/lib/libaction_test_msgs__rosidl_generator_c.so\n'}
[0.574986] (action_test_msgs) StdoutLine: {'line': b'-- Up-to-date: /home/edyta/action_test/install/action_test_msgs/include/action_test_msgs\n'}
[0.575052] (action_test_msgs) StdoutLine: {'line': b'-- Up-to-date: /home/edyta/action_test/install/action_test_msgs/include/action_test_msgs/action\n'}
[0.575139] (action_test_msgs) StdoutLine: {'line': b'-- Up-to-date: /home/edyta/action_test/install/action_test_msgs/include/action_test_msgs/action/dds_fastrtps\n'}
[0.575255] (action_test_msgs) StdoutLine: {'line': b'-- Up-to-date: /home/edyta/action_test/install/action_test_msgs/include/action_test_msgs/action/averaging__rosidl_typesupport_fastrtps_cpp.hpp\n'}
[0.575394] (action_test_msgs) StdoutLine: {'line': b'-- Up-to-date: /home/edyta/action_test/install/action_test_msgs/include/action_test_msgs/msg\n'}
[0.575463] (action_test_msgs) StdoutLine: {'line': b'-- Up-to-date: /home/edyta/action_test/install/action_test_msgs/include/action_test_msgs/msg/rosidl_typesupport_fastrtps_cpp__visibility_control.h\n'}
[0.575534] (action_test_msgs) StdoutLine: {'line': b'-- Up-to-date: /home/edyta/action_test/install/action_test_msgs/lib/libaction_test_msgs__rosidl_typesupport_fastrtps_cpp.so\n'}
[0.575603] (action_test_msgs) StdoutLine: {'line': b'-- Up-to-date: /home/edyta/action_test/install/action_test_msgs/include/action_test_msgs\n'}
[0.575688] (action_test_msgs) StdoutLine: {'line': b'-- Up-to-date: /home/edyta/action_test/install/action_test_msgs/include/action_test_msgs/action\n'}
[0.575754] (action_test_msgs) StdoutLine: {'line': b'-- Up-to-date: /home/edyta/action_test/install/action_test_msgs/include/action_test_msgs/action/averaging.hpp\n'}
[0.575820] (action_test_msgs) StdoutLine: {'line': b'-- Up-to-date: /home/edyta/action_test/install/action_test_msgs/include/action_test_msgs/action/averaging__struct.hpp\n'}
[0.575945] (action_test_msgs) StdoutLine: {'line': b'-- Up-to-date: /home/edyta/action_test/install/action_test_msgs/include/action_test_msgs/action/averaging__traits.hpp\n'}
[0.576013] (action_test_msgs) StdoutLine: {'line': b'-- Up-to-date: /home/edyta/action_test/install/action_test_msgs/include/action_test_msgs\n'}
[0.576078] (action_test_msgs) StdoutLine: {'line': b'-- Up-to-date: /home/edyta/action_test/install/action_test_msgs/include/action_test_msgs/action\n'}
[0.576146] (action_test_msgs) StdoutLine: {'line': b'-- Up-to-date: /home/edyta/action_test/install/action_test_msgs/include/action_test_msgs/action/averaging__type_support.c\n'}
[0.576233] (action_test_msgs) StdoutLine: {'line': b'-- Up-to-date: /home/edyta/action_test/install/action_test_msgs/include/action_test_msgs/action/averaging__rosidl_typesupport_introspection_c.h\n'}
[0.576300] (action_test_msgs) StdoutLine: {'line': b'-- Up-to-date: /home/edyta/action_test/install/action_test_msgs/include/action_test_msgs/msg\n'}
[0.576366] (action_test_msgs) StdoutLine: {'line': b'-- Up-to-date: /home/edyta/action_test/install/action_test_msgs/include/action_test_msgs/msg/rosidl_typesupport_introspection_c__visibility_control.h\n'}
[0.576454] (action_test_msgs) StdoutLine: {'line': b'-- Up-to-date: /home/edyta/action_test/install/action_test_msgs/lib/libaction_test_msgs__rosidl_typesupport_introspection_c.so\n'}
[0.576553] (action_test_msgs) StdoutLine: {'line': b'-- Up-to-date: /home/edyta/action_test/install/action_test_msgs/include/action_test_msgs\n'}
[0.576620] (action_test_msgs) StdoutLine: {'line': b'-- Up-to-date: /home/edyta/action_test/install/action_test_msgs/include/action_test_msgs/action\n'}
[0.576685] (action_test_msgs) StdoutLine: {'line': b'-- Up-to-date: /home/edyta/action_test/install/action_test_msgs/include/action_test_msgs/action/averaging__type_support.cpp\n'}
[0.576751] (action_test_msgs) StdoutLine: {'line': b'-- Up-to-date: /home/edyta/action_test/install/action_test_msgs/include/action_test_msgs/action/averaging__rosidl_typesupport_introspection_cpp.hpp\n'}
[0.576816] (action_test_msgs) StdoutLine: {'line': b'-- Up-to-date: /home/edyta/action_test/install/action_test_msgs/lib/libaction_test_msgs__rosidl_typesupport_introspection_cpp.so\n'}
[0.576908] (action_test_msgs) StdoutLine: {'line': b'-- Up-to-date: /home/edyta/action_test/install/action_test_msgs/share/action_test_msgs/environment/pythonpath.sh\n'}
[0.576978] (action_test_msgs) StdoutLine: {'line': b'-- Up-to-date: /home/edyta/action_test/install/action_test_msgs/share/action_test_msgs/environment/pythonpath.dsv\n'}
[0.577043] (action_test_msgs) StdoutLine: {'line': b'-- Up-to-date: /home/edyta/action_test/install/action_test_msgs/lib/python3.6/site-packages/action_test_msgs/__init__.py\n'}
[0.599828] (-) TimerEvent: {}
[0.610169] (action_test_msgs) StdoutLine: {'line': b'-- Up-to-date: /home/edyta/action_test/install/action_test_msgs/lib/python3.6/site-packages/action_test_msgs/action\n'}
[0.610326] (action_test_msgs) StdoutLine: {'line': b'-- Up-to-date: /home/edyta/action_test/install/action_test_msgs/lib/python3.6/site-packages/action_test_msgs/action/__init__.py\n'}
[0.610401] (action_test_msgs) StdoutLine: {'line': b'-- Up-to-date: /home/edyta/action_test/install/action_test_msgs/lib/python3.6/site-packages/action_test_msgs/action/_averaging_s.c\n'}
[0.610476] (action_test_msgs) StdoutLine: {'line': b'-- Up-to-date: /home/edyta/action_test/install/action_test_msgs/lib/python3.6/site-packages/action_test_msgs/action/_averaging.py\n'}
[0.610648] (action_test_msgs) StdoutLine: {'line': b'-- Up-to-date: /home/edyta/action_test/install/action_test_msgs/lib/python3.6/site-packages/action_test_msgs/action_test_msgs_s__rosidl_typesupport_c.cpython-36m-x86_64-linux-gnu.so\n'}
[0.611236] (action_test_msgs) StdoutLine: {'line': b'-- Up-to-date: /home/edyta/action_test/install/action_test_msgs/lib/python3.6/site-packages/action_test_msgs/action_test_msgs_s__rosidl_typesupport_fastrtps_c.cpython-36m-x86_64-linux-gnu.so\n'}
[0.611746] (action_test_msgs) StdoutLine: {'line': b'-- Up-to-date: /home/edyta/action_test/install/action_test_msgs/lib/libaction_test_msgs__python.so\n'}
[0.611973] (action_test_msgs) StdoutLine: {'line': b'-- Up-to-date: /home/edyta/action_test/install/action_test_msgs/share/action_test_msgs/action/Averaging.idl\n'}
[0.612086] (action_test_msgs) StdoutLine: {'line': b'-- Up-to-date: /home/edyta/action_test/install/action_test_msgs/share/action_test_msgs/action/Averaging.action\n'}
[0.612230] (action_test_msgs) StdoutLine: {'line': b'-- Up-to-date: /home/edyta/action_test/install/action_test_msgs/share/ament_index/resource_index/package_run_dependencies/action_test_msgs\n'}
[0.612404] (action_test_msgs) StdoutLine: {'line': b'-- Up-to-date: /home/edyta/action_test/install/action_test_msgs/share/ament_index/resource_index/parent_prefix_path/action_test_msgs\n'}
[0.612495] (action_test_msgs) StdoutLine: {'line': b'-- Up-to-date: /home/edyta/action_test/install/action_test_msgs/share/action_test_msgs/environment/ament_prefix_path.sh\n'}
[0.612565] (action_test_msgs) StdoutLine: {'line': b'-- Up-to-date: /home/edyta/action_test/install/action_test_msgs/share/action_test_msgs/environment/ament_prefix_path.dsv\n'}
[0.612678] (action_test_msgs) StdoutLine: {'line': b'-- Up-to-date: /home/edyta/action_test/install/action_test_msgs/share/action_test_msgs/environment/path.sh\n'}
[0.612783] (action_test_msgs) StdoutLine: {'line': b'-- Up-to-date: /home/edyta/action_test/install/action_test_msgs/share/action_test_msgs/environment/path.dsv\n'}
[0.612923] (action_test_msgs) StdoutLine: {'line': b'-- Up-to-date: /home/edyta/action_test/install/action_test_msgs/share/action_test_msgs/local_setup.bash\n'}
[0.613004] (action_test_msgs) StdoutLine: {'line': b'-- Up-to-date: /home/edyta/action_test/install/action_test_msgs/share/action_test_msgs/local_setup.sh\n'}
[0.613066] (action_test_msgs) StdoutLine: {'line': b'-- Up-to-date: /home/edyta/action_test/install/action_test_msgs/share/action_test_msgs/local_setup.zsh\n'}
[0.613129] (action_test_msgs) StdoutLine: {'line': b'-- Up-to-date: /home/edyta/action_test/install/action_test_msgs/share/action_test_msgs/local_setup.dsv\n'}
[0.613190] (action_test_msgs) StdoutLine: {'line': b'-- Installing: /home/edyta/action_test/install/action_test_msgs/share/action_test_msgs/package.dsv\n'}
[0.613252] (action_test_msgs) StdoutLine: {'line': b'-- Up-to-date: /home/edyta/action_test/install/action_test_msgs/share/ament_index/resource_index/packages/action_test_msgs\n'}
[0.613313] (action_test_msgs) StdoutLine: {'line': b'-- Up-to-date: /home/edyta/action_test/install/action_test_msgs/share/action_test_msgs/cmake/rosidl_cmake-extras.cmake\n'}
[0.613374] (action_test_msgs) StdoutLine: {'line': b'-- Up-to-date: /home/edyta/action_test/install/action_test_msgs/share/action_test_msgs/cmake/ament_cmake_export_dependencies-extras.cmake\n'}
[0.613435] (action_test_msgs) StdoutLine: {'line': b'-- Up-to-date: /home/edyta/action_test/install/action_test_msgs/share/action_test_msgs/cmake/ament_cmake_export_libraries-extras.cmake\n'}
[0.613497] (action_test_msgs) StdoutLine: {'line': b'-- Up-to-date: /home/edyta/action_test/install/action_test_msgs/share/action_test_msgs/cmake/ament_cmake_export_include_directories-extras.cmake\n'}
[0.613559] (action_test_msgs) StdoutLine: {'line': b'-- Up-to-date: /home/edyta/action_test/install/action_test_msgs/share/action_test_msgs/cmake/action_test_msgsConfig.cmake\n'}
[0.613620] (action_test_msgs) StdoutLine: {'line': b'-- Up-to-date: /home/edyta/action_test/install/action_test_msgs/share/action_test_msgs/cmake/action_test_msgsConfig-version.cmake\n'}
[0.613681] (action_test_msgs) StdoutLine: {'line': b'-- Up-to-date: /home/edyta/action_test/install/action_test_msgs/share/action_test_msgs/package.xml\n'}
[0.615576] (action_test_msgs) CommandEnded: {'returncode': 0}
[0.644363] (action_test_msgs) JobEnded: {'identifier': 'action_test_msgs', 'rc': 0}
[0.645135] (action_test_core) JobStarted: {'identifier': 'action_test_core'}
[0.700016] (-) TimerEvent: {}
[0.800457] (-) TimerEvent: {}
[0.872934] (action_test_core) Command: {'cmd': ['/usr/bin/python3', 'setup.py', 'egg_info', '--egg-base', '/home/edyta/action_test/build/action_test_core', 'build', '--build-base', '/home/edyta/action_test/build/action_test_core/build', 'install', '--prefix', '/home/edyta/action_test/install/action_test_core', '--record', '/home/edyta/action_test/build/action_test_core/install.log', '--single-version-externally-managed'], 'cwd': '/home/edyta/action_test/action_test_core', 'env': {'GJS_DEBUG_TOPICS': 'JS ERROR;JS LOG', 'USER': 'edyta', 'TEXTDOMAIN': 'im-config', 'XDG_SEAT': 'seat0', 'SSH_AGENT_PID': '1885', 'XDG_SESSION_TYPE': 'x11', 'LD_LIBRARY_PATH': '/home/edyta/action_test/install/action_test_msgs/lib:/opt/ros/eloquent/opt/yaml_cpp_vendor/lib:/opt/ros/eloquent/opt/rviz_ogre_vendor/lib:/opt/ros/eloquent/lib', 'SHLVL': '1', 'OLDPWD': '/home/edyta', 'QT4_IM_MODULE': 'xim', 'HOME': '/home/edyta', 'DESKTOP_SESSION': 'ubuntu', 'GNOME_SHELL_SESSION_MODE': 'ubuntu', 'GTK_MODULES': 'gail:atk-bridge', 'ROS_PYTHON_VERSION': '3', 'DBUS_SESSION_BUS_ADDRESS': 'unix:path=/run/user/1000/bus', 'COLORTERM': 'truecolor', 'MANDATORY_PATH': '/usr/share/gconf/ubuntu.mandatory.path', 'QT_QPA_PLATFORMTHEME': 'appmenu-qt5', 'COLCON_PREFIX_PATH': '/home/edyta/action_test/install', 'IM_CONFIG_PHASE': '2', 'ROS_DISTRO': 'eloquent', 'LOGNAME': 'edyta', 'GTK_IM_MODULE': 'ibus', '_': '/usr/bin/colcon', 'DEFAULTS_PATH': '/usr/share/gconf/ubuntu.default.path', 'ROS_VERSION': '2', 'USERNAME': 'edyta', 'XDG_SESSION_ID': '2', 'TERM': 'xterm-256color', 'ROS_LOCALHOST_ONLY': '0', 'GNOME_DESKTOP_SESSION_ID': 'this-is-deprecated', 'GTK2_MODULES': 'overlay-scrollbar', 'WINDOWPATH': '2', 'PATH': '/opt/ros/eloquent/bin:/usr/local/sbin:/usr/local/bin:/usr/sbin:/usr/bin:/sbin:/bin:/usr/games:/usr/local/games:/snap/bin', 'SESSION_MANAGER': 'local/edyta-X510UNR:@/tmp/.ICE-unix/1783,unix/edyta-X510UNR:/tmp/.ICE-unix/1783', 'XDG_MENU_PREFIX': 'gnome-', 'GNOME_TERMINAL_SCREEN': '/org/gnome/Terminal/screen/29d4a0c0_c97d_4285_914c_b583a354b5a0', 'XDG_RUNTIME_DIR': '/run/user/1000', 'DISPLAY': ':0', 'LANG': 'en_US.UTF-8', 'XDG_CURRENT_DESKTOP': 'ubuntu:GNOME', 'XDG_SESSION_DESKTOP': 'ubuntu', 'XMODIFIERS': '@im=ibus', 'GNOME_TERMINAL_SERVICE': ':1.80', 'XAUTHORITY': '/run/user/1000/gdm/Xauthority', 'AMENT_PREFIX_PATH': '/home/edyta/action_test/install/action_test_core:/home/edyta/action_test/install/action_test_msgs:/opt/ros/eloquent', 'SSH_AUTH_SOCK': '/run/user/1000/keyring/ssh', 'SHELL': '/bin/bash', 'QT_ACCESSIBILITY': '1', 'GDMSESSION': 'ubuntu', 'TEXTDOMAINDIR': '/usr/share/locale/', 'GJS_DEBUG_OUTPUT': 'stderr', 'GPG_AGENT_INFO': '/run/user/1000/gnupg/S.gpg-agent:0:1', 'XDG_VTNR': '2', 'QT_IM_MODULE': 'ibus', 'LC_ALL': 'en_US.UTF-8', 'PWD': '/home/edyta/action_test/build/action_test_core', 'CLUTTER_IM_MODULE': 'xim', 'XDG_DATA_DIRS': '/usr/share/ubuntu:/usr/local/share:/usr/share:/var/lib/snapd/desktop', 'XDG_CONFIG_DIRS': '/etc/xdg/xdg-ubuntu:/etc/xdg', 'PYTHONPATH': '/home/edyta/action_test/install/action_test_core/lib/python3.6/site-packages:/home/edyta/action_test/install/action_test_msgs/lib/python3.6/site-packages:/home/edyta/action_test/install/action_test_core/lib/python3.6/site-packages:/opt/ros/eloquent/lib/python3.6/site-packages', 'COLCON': '1', 'VTE_VERSION': '5202', 'CMAKE_PREFIX_PATH': '/home/edyta/action_test/install/action_test_msgs'}, 'shell': False}
[0.900556] (-) TimerEvent: {}
[1.000898] (-) TimerEvent: {}
[1.068150] (action_test_core) StdoutLine: {'line': b'running egg_info\n'}
[1.068790] (action_test_core) StdoutLine: {'line': b'writing /home/edyta/action_test/build/action_test_core/action_test_core.egg-info/PKG-INFO\n'}
[1.069029] (action_test_core) StdoutLine: {'line': b'writing dependency_links to /home/edyta/action_test/build/action_test_core/action_test_core.egg-info/dependency_links.txt\n'}
[1.069231] (action_test_core) StdoutLine: {'line': b'writing entry points to /home/edyta/action_test/build/action_test_core/action_test_core.egg-info/entry_points.txt\n'}
[1.069437] (action_test_core) StdoutLine: {'line': b'writing requirements to /home/edyta/action_test/build/action_test_core/action_test_core.egg-info/requires.txt\n'}
[1.069624] (action_test_core) StdoutLine: {'line': b'writing top-level names to /home/edyta/action_test/build/action_test_core/action_test_core.egg-info/top_level.txt\n'}
[1.097814] (action_test_core) StdoutLine: {'line': b"reading manifest file '/home/edyta/action_test/build/action_test_core/action_test_core.egg-info/SOURCES.txt'\n"}
[1.098893] (action_test_core) StdoutLine: {'line': b"writing manifest file '/home/edyta/action_test/build/action_test_core/action_test_core.egg-info/SOURCES.txt'\n"}
[1.099139] (action_test_core) StdoutLine: {'line': b'running build\n'}
[1.099283] (action_test_core) StdoutLine: {'line': b'running build_py\n'}
[1.099461] (action_test_core) StdoutLine: {'line': b'running install\n'}
[1.099870] (action_test_core) StdoutLine: {'line': b'running install_lib\n'}
[1.100809] (action_test_core) StdoutLine: {'line': b'byte-compiling /home/edyta/action_test/install/action_test_core/lib/python3.6/site-packages/action_test_core/averaging_server.py to averaging_server.cpython-36.pyc\n'}
[1.100978] (-) TimerEvent: {}
[1.101183] (action_test_core) StderrLine: {'line': b'Sorry: TabError: inconsistent use of tabs and spaces in indentation (averaging_server.py, line 39)\n'}
[1.101383] (action_test_core) StdoutLine: {'line': b'running install_data\n'}
[1.101588] (action_test_core) StdoutLine: {'line': b'running install_egg_info\n'}
[1.103118] (action_test_core) StdoutLine: {'line': b"removing '/home/edyta/action_test/install/action_test_core/lib/python3.6/site-packages/action_test_core-0.0.0-py3.6.egg-info' (and everything under it)\n"}
[1.103414] (action_test_core) StdoutLine: {'line': b'Copying /home/edyta/action_test/build/action_test_core/action_test_core.egg-info to /home/edyta/action_test/install/action_test_core/lib/python3.6/site-packages/action_test_core-0.0.0-py3.6.egg-info\n'}
[1.104204] (action_test_core) StdoutLine: {'line': b'running install_scripts\n'}
[1.120341] (action_test_core) StdoutLine: {'line': b'Installing averaging_server script to /home/edyta/action_test/install/action_test_core/lib/action_test_core\n'}
[1.120631] (action_test_core) StdoutLine: {'line': b'Installing random_number script to /home/edyta/action_test/install/action_test_core/lib/action_test_core\n'}
[1.120842] (action_test_core) StdoutLine: {'line': b"writing list of installed files to '/home/edyta/action_test/build/action_test_core/install.log'\n"}
[1.141360] (action_test_core) CommandEnded: {'returncode': 0}
[1.148767] (action_test_core) JobEnded: {'identifier': 'action_test_core', 'rc': 0}
[1.150018] (-) EventReactorShutdown: {}
