[0.000000] (-) TimerEvent: {}
[0.000799] (action_test) JobQueued: {'identifier': 'action_test', 'dependencies': OrderedDict()}
[0.000931] (action_test) JobStarted: {'identifier': 'action_test'}
[0.099175] (-) TimerEvent: {}
[0.199585] (-) TimerEvent: {}
[0.234773] (action_test) Command: {'cmd': ['/usr/bin/python3', 'setup.py', 'egg_info', '--egg-base', '/home/edyta/action_test/build/action_test', 'build', '--build-base', '/home/edyta/action_test/build/action_test/build', 'install', '--prefix', '/home/edyta/action_test/install/action_test', '--record', '/home/edyta/action_test/build/action_test/install.log', '--single-version-externally-managed'], 'cwd': '/home/edyta/action_test', 'env': {'GJS_DEBUG_TOPICS': 'JS ERROR;JS LOG', 'USER': 'edyta', 'TEXTDOMAIN': 'im-config', 'XDG_SEAT': 'seat0', 'SSH_AGENT_PID': '1663', 'XDG_SESSION_TYPE': 'x11', 'LD_LIBRARY_PATH': '/opt/ros/eloquent/opt/yaml_cpp_vendor/lib:/opt/ros/eloquent/opt/rviz_ogre_vendor/lib:/opt/ros/eloquent/lib', 'SHLVL': '1', 'OLDPWD': '/home/edyta', 'QT4_IM_MODULE': 'xim', 'HOME': '/home/edyta', 'DESKTOP_SESSION': 'ubuntu', 'GNOME_SHELL_SESSION_MODE': 'ubuntu', 'GTK_MODULES': 'gail:atk-bridge', 'ROS_PYTHON_VERSION': '3', 'DBUS_SESSION_BUS_ADDRESS': 'unix:path=/run/user/1000/bus', 'COLORTERM': 'truecolor', 'MANDATORY_PATH': '/usr/share/gconf/ubuntu.mandatory.path', 'QT_QPA_PLATFORMTHEME': 'appmenu-qt5', 'COLCON_PREFIX_PATH': '/home/edyta/action_test/install', 'IM_CONFIG_PHASE': '2', 'ROS_DISTRO': 'eloquent', 'LOGNAME': 'edyta', 'GTK_IM_MODULE': 'ibus', '_': '/usr/bin/colcon', 'DEFAULTS_PATH': '/usr/share/gconf/ubuntu.default.path', 'ROS_VERSION': '2', 'USERNAME': 'edyta', 'XDG_SESSION_ID': '2', 'TERM': 'xterm-256color', 'ROS_LOCALHOST_ONLY': '0', 'GNOME_DESKTOP_SESSION_ID': 'this-is-deprecated', 'GTK2_MODULES': 'overlay-scrollbar', 'WINDOWPATH': '2', 'PATH': '/opt/ros/eloquent/bin:/usr/local/sbin:/usr/local/bin:/usr/sbin:/usr/bin:/sbin:/bin:/usr/games:/usr/local/games:/snap/bin', 'SESSION_MANAGER': 'local/edyta-X510UNR:@/tmp/.ICE-unix/1561,unix/edyta-X510UNR:/tmp/.ICE-unix/1561', 'XDG_MENU_PREFIX': 'gnome-', 'GNOME_TERMINAL_SCREEN': '/org/gnome/Terminal/screen/f1b837dc_eae1_4d1d_8fa9_e464541e5b47', 'XDG_RUNTIME_DIR': '/run/user/1000', 'DISPLAY': ':0', 'LANG': 'en_US.UTF-8', 'XDG_CURRENT_DESKTOP': 'ubuntu:GNOME', 'XDG_SESSION_DESKTOP': 'ubuntu', 'XMODIFIERS': '@im=ibus', 'GNOME_TERMINAL_SERVICE': ':1.206', 'XAUTHORITY': '/run/user/1000/gdm/Xauthority', 'AMENT_PREFIX_PATH': '/home/edyta/action_test/install/action_test:/opt/ros/eloquent', 'SSH_AUTH_SOCK': '/run/user/1000/keyring/ssh', 'SHELL': '/bin/bash', 'QT_ACCESSIBILITY': '1', 'GDMSESSION': 'ubuntu', 'TEXTDOMAINDIR': '/usr/share/locale/', 'GJS_DEBUG_OUTPUT': 'stderr', 'GPG_AGENT_INFO': '/run/user/1000/gnupg/S.gpg-agent:0:1', 'XDG_VTNR': '2', 'QT_IM_MODULE': 'ibus', 'LC_ALL': 'en_US.UTF-8', 'PWD': '/home/edyta/action_test/build/action_test', 'CLUTTER_IM_MODULE': 'xim', 'XDG_DATA_DIRS': '/usr/share/ubuntu:/usr/local/share:/usr/share:/var/lib/snapd/desktop', 'XDG_CONFIG_DIRS': '/etc/xdg/xdg-ubuntu:/etc/xdg', 'PYTHONPATH': '/home/edyta/action_test/install/action_test/lib/python3.6/site-packages:/home/edyta/action_test/install/action_test/lib/python3.6/site-packages:/opt/ros/eloquent/lib/python3.6/site-packages', 'COLCON': '1', 'VTE_VERSION': '5202'}, 'shell': False}
[0.299757] (-) TimerEvent: {}
[0.400111] (-) TimerEvent: {}
[0.441919] (action_test) StdoutLine: {'line': b'running egg_info\n'}
[0.442461] (action_test) StdoutLine: {'line': b'writing /home/edyta/action_test/build/action_test/action_test.egg-info/PKG-INFO\n'}
[0.442615] (action_test) StdoutLine: {'line': b'writing dependency_links to /home/edyta/action_test/build/action_test/action_test.egg-info/dependency_links.txt\n'}
[0.442835] (action_test) StdoutLine: {'line': b'writing entry points to /home/edyta/action_test/build/action_test/action_test.egg-info/entry_points.txt\n'}
[0.443013] (action_test) StdoutLine: {'line': b'writing requirements to /home/edyta/action_test/build/action_test/action_test.egg-info/requires.txt\n'}
[0.443094] (action_test) StdoutLine: {'line': b'writing top-level names to /home/edyta/action_test/build/action_test/action_test.egg-info/top_level.txt\n'}
[0.472820] (action_test) StdoutLine: {'line': b"reading manifest file '/home/edyta/action_test/build/action_test/action_test.egg-info/SOURCES.txt'\n"}
[0.473833] (action_test) StdoutLine: {'line': b"writing manifest file '/home/edyta/action_test/build/action_test/action_test.egg-info/SOURCES.txt'\n"}
[0.473988] (action_test) StdoutLine: {'line': b'running build\n'}
[0.474077] (action_test) StdoutLine: {'line': b'running build_py\n'}
[0.474219] (action_test) StdoutLine: {'line': b'copying action_test/server.py -> /home/edyta/action_test/build/action_test/build/lib/action_test\n'}
[0.474298] (action_test) StdoutLine: {'line': b'copying action_test/client_cancel.py -> /home/edyta/action_test/build/action_test/build/lib/action_test\n'}
[0.474408] (action_test) StdoutLine: {'line': b'copying action_test/server_queue_goals.py -> /home/edyta/action_test/build/action_test/build/lib/action_test\n'}
[0.474536] (action_test) StdoutLine: {'line': b'copying action_test/client.py -> /home/edyta/action_test/build/action_test/build/lib/action_test\n'}
[0.474726] (action_test) StdoutLine: {'line': b'copying action_test/client_not_composable.py -> /home/edyta/action_test/build/action_test/build/lib/action_test\n'}
[0.474844] (action_test) StdoutLine: {'line': b'copying action_test/server_single_goal.py -> /home/edyta/action_test/build/action_test/build/lib/action_test\n'}
[0.474916] (action_test) StdoutLine: {'line': b'copying action_test/server_defer.py -> /home/edyta/action_test/build/action_test/build/lib/action_test\n'}
[0.475013] (action_test) StdoutLine: {'line': b'copying action_test/server_not_composable.py -> /home/edyta/action_test/build/action_test/build/lib/action_test\n'}
[0.475082] (action_test) StdoutLine: {'line': b'running install\n'}
[0.475347] (action_test) StdoutLine: {'line': b'running install_lib\n'}
[0.475930] (action_test) StdoutLine: {'line': b'copying /home/edyta/action_test/build/action_test/build/lib/action_test/server.py -> /home/edyta/action_test/install/action_test/lib/python3.6/site-packages/action_test\n'}
[0.476111] (action_test) StdoutLine: {'line': b'copying /home/edyta/action_test/build/action_test/build/lib/action_test/client_cancel.py -> /home/edyta/action_test/install/action_test/lib/python3.6/site-packages/action_test\n'}
[0.476343] (action_test) StdoutLine: {'line': b'copying /home/edyta/action_test/build/action_test/build/lib/action_test/server_queue_goals.py -> /home/edyta/action_test/install/action_test/lib/python3.6/site-packages/action_test\n'}
[0.476463] (action_test) StdoutLine: {'line': b'copying /home/edyta/action_test/build/action_test/build/lib/action_test/client.py -> /home/edyta/action_test/install/action_test/lib/python3.6/site-packages/action_test\n'}
[0.476567] (action_test) StdoutLine: {'line': b'copying /home/edyta/action_test/build/action_test/build/lib/action_test/client_not_composable.py -> /home/edyta/action_test/install/action_test/lib/python3.6/site-packages/action_test\n'}
[0.476637] (action_test) StdoutLine: {'line': b'copying /home/edyta/action_test/build/action_test/build/lib/action_test/server_single_goal.py -> /home/edyta/action_test/install/action_test/lib/python3.6/site-packages/action_test\n'}
[0.476704] (action_test) StdoutLine: {'line': b'copying /home/edyta/action_test/build/action_test/build/lib/action_test/server_defer.py -> /home/edyta/action_test/install/action_test/lib/python3.6/site-packages/action_test\n'}
[0.476769] (action_test) StdoutLine: {'line': b'copying /home/edyta/action_test/build/action_test/build/lib/action_test/server_not_composable.py -> /home/edyta/action_test/install/action_test/lib/python3.6/site-packages/action_test\n'}
[0.476851] (action_test) StdoutLine: {'line': b'byte-compiling /home/edyta/action_test/install/action_test/lib/python3.6/site-packages/action_test/server.py to server.cpython-36.pyc\n'}
[0.477338] (action_test) StdoutLine: {'line': b'byte-compiling /home/edyta/action_test/install/action_test/lib/python3.6/site-packages/action_test/client_cancel.py to client_cancel.cpython-36.pyc\n'}
[0.477783] (action_test) StdoutLine: {'line': b'byte-compiling /home/edyta/action_test/install/action_test/lib/python3.6/site-packages/action_test/server_queue_goals.py to server_queue_goals.cpython-36.pyc\n'}
[0.478312] (action_test) StdoutLine: {'line': b'byte-compiling /home/edyta/action_test/install/action_test/lib/python3.6/site-packages/action_test/client.py to client.cpython-36.pyc\n'}
[0.478737] (action_test) StdoutLine: {'line': b'byte-compiling /home/edyta/action_test/install/action_test/lib/python3.6/site-packages/action_test/client_not_composable.py to client_not_composable.cpython-36.pyc\n'}
[0.479118] (action_test) StdoutLine: {'line': b'byte-compiling /home/edyta/action_test/install/action_test/lib/python3.6/site-packages/action_test/server_single_goal.py to server_single_goal.cpython-36.pyc\n'}
[0.479637] (action_test) StdoutLine: {'line': b'byte-compiling /home/edyta/action_test/install/action_test/lib/python3.6/site-packages/action_test/server_defer.py to server_defer.cpython-36.pyc\n'}
[0.480167] (action_test) StdoutLine: {'line': b'byte-compiling /home/edyta/action_test/install/action_test/lib/python3.6/site-packages/action_test/server_not_composable.py to server_not_composable.cpython-36.pyc\n'}
[0.480536] (action_test) StdoutLine: {'line': b'running install_data\n'}
[0.480942] (action_test) StdoutLine: {'line': b'running install_egg_info\n'}
[0.482411] (action_test) StdoutLine: {'line': b"removing '/home/edyta/action_test/install/action_test/lib/python3.6/site-packages/action_test-0.0.0-py3.6.egg-info' (and everything under it)\n"}
[0.482638] (action_test) StdoutLine: {'line': b'Copying /home/edyta/action_test/build/action_test/action_test.egg-info to /home/edyta/action_test/install/action_test/lib/python3.6/site-packages/action_test-0.0.0-py3.6.egg-info\n'}
[0.483336] (action_test) StdoutLine: {'line': b'running install_scripts\n'}
[0.499556] (action_test) StdoutLine: {'line': b'Installing client script to /home/edyta/action_test/install/action_test/lib/action_test\n'}
[0.499822] (action_test) StdoutLine: {'line': b'Installing client_cancel script to /home/edyta/action_test/install/action_test/lib/action_test\n'}
[0.500106] (action_test) StdoutLine: {'line': b'Installing client_not_composable script to /home/edyta/action_test/install/action_test/lib/action_test\n'}
[0.500203] (-) TimerEvent: {}
[0.500299] (action_test) StdoutLine: {'line': b'Installing server script to /home/edyta/action_test/install/action_test/lib/action_test\n'}
[0.500501] (action_test) StdoutLine: {'line': b'Installing server_defer script to /home/edyta/action_test/install/action_test/lib/action_test\n'}
[0.500589] (action_test) StdoutLine: {'line': b'Installing server_not_composable script to /home/edyta/action_test/install/action_test/lib/action_test\n'}
[0.500662] (action_test) StdoutLine: {'line': b'Installing server_queue_goals script to /home/edyta/action_test/install/action_test/lib/action_test\n'}
[0.500732] (action_test) StdoutLine: {'line': b'Installing server_single_goal script to /home/edyta/action_test/install/action_test/lib/action_test\n'}
[0.500798] (action_test) StdoutLine: {'line': b"writing list of installed files to '/home/edyta/action_test/build/action_test/install.log'\n"}
[0.520647] (action_test) CommandEnded: {'returncode': 0}
[0.547404] (action_test) JobEnded: {'identifier': 'action_test', 'rc': 0}
[0.548419] (-) EventReactorShutdown: {}
