[0.000000] (-) TimerEvent: {}
[0.000131] (action_test_msgs) JobQueued: {'identifier': 'action_test_msgs', 'dependencies': OrderedDict()}
[0.000652] (action_test_core) JobQueued: {'identifier': 'action_test_core', 'dependencies': OrderedDict([('action_test_msgs', '/home/edyta/action_test/install/action_test_msgs')])}
[0.000829] (action_test_msgs) JobStarted: {'identifier': 'action_test_msgs'}
[0.010805] (action_test_msgs) JobProgress: {'identifier': 'action_test_msgs', 'progress': 'cmake'}
[0.011616] (action_test_msgs) JobProgress: {'identifier': 'action_test_msgs', 'progress': 'build'}
[0.012495] (action_test_msgs) Command: {'cmd': ['/usr/bin/cmake', '--build', '/home/edyta/action_test/build/action_test_msgs', '--', '-j8', '-l8'], 'cwd': '/home/edyta/action_test/build/action_test_msgs', 'env': OrderedDict([('GJS_DEBUG_TOPICS', 'JS ERROR;JS LOG'), ('USER', 'edyta'), ('TEXTDOMAIN', 'im-config'), ('XDG_SEAT', 'seat0'), ('SSH_AGENT_PID', '1885'), ('XDG_SESSION_TYPE', 'x11'), ('LD_LIBRARY_PATH', '/home/edyta/action_test/install/action_test_msgs/lib:/opt/ros/eloquent/opt/yaml_cpp_vendor/lib:/opt/ros/eloquent/opt/rviz_ogre_vendor/lib:/opt/ros/eloquent/lib'), ('SHLVL', '1'), ('OLDPWD', '/home/edyta'), ('QT4_IM_MODULE', 'xim'), ('HOME', '/home/edyta'), ('DESKTOP_SESSION', 'ubuntu'), ('GNOME_SHELL_SESSION_MODE', 'ubuntu'), ('GTK_MODULES', 'gail:atk-bridge'), ('ROS_PYTHON_VERSION', '3'), ('DBUS_SESSION_BUS_ADDRESS', 'unix:path=/run/user/1000/bus'), ('COLORTERM', 'truecolor'), ('MANDATORY_PATH', '/usr/share/gconf/ubuntu.mandatory.path'), ('QT_QPA_PLATFORMTHEME', 'appmenu-qt5'), ('COLCON_PREFIX_PATH', '/home/edyta/action_test/install'), ('IM_CONFIG_PHASE', '2'), ('ROS_DISTRO', 'eloquent'), ('LOGNAME', 'edyta'), ('GTK_IM_MODULE', 'ibus'), ('_', '/usr/bin/colcon'), ('DEFAULTS_PATH', '/usr/share/gconf/ubuntu.default.path'), ('ROS_VERSION', '2'), ('USERNAME', 'edyta'), ('XDG_SESSION_ID', '2'), ('TERM', 'xterm-256color'), ('ROS_LOCALHOST_ONLY', '0'), ('GNOME_DESKTOP_SESSION_ID', 'this-is-deprecated'), ('GTK2_MODULES', 'overlay-scrollbar'), ('WINDOWPATH', '2'), ('PATH', '/opt/ros/eloquent/bin:/usr/local/sbin:/usr/local/bin:/usr/sbin:/usr/bin:/sbin:/bin:/usr/games:/usr/local/games:/snap/bin'), ('SESSION_MANAGER', 'local/edyta-X510UNR:@/tmp/.ICE-unix/1783,unix/edyta-X510UNR:/tmp/.ICE-unix/1783'), ('XDG_MENU_PREFIX', 'gnome-'), ('GNOME_TERMINAL_SCREEN', '/org/gnome/Terminal/screen/29d4a0c0_c97d_4285_914c_b583a354b5a0'), ('XDG_RUNTIME_DIR', '/run/user/1000'), ('DISPLAY', ':0'), ('LANG', 'en_US.UTF-8'), ('XDG_CURRENT_DESKTOP', 'ubuntu:GNOME'), ('XDG_SESSION_DESKTOP', 'ubuntu'), ('XMODIFIERS', '@im=ibus'), ('GNOME_TERMINAL_SERVICE', ':1.80'), ('XAUTHORITY', '/run/user/1000/gdm/Xauthority'), ('AMENT_PREFIX_PATH', '/home/edyta/action_test/install/action_test_core:/home/edyta/action_test/install/action_test_msgs:/opt/ros/eloquent'), ('SSH_AUTH_SOCK', '/run/user/1000/keyring/ssh'), ('SHELL', '/bin/bash'), ('QT_ACCESSIBILITY', '1'), ('GDMSESSION', 'ubuntu'), ('TEXTDOMAINDIR', '/usr/share/locale/'), ('GJS_DEBUG_OUTPUT', 'stderr'), ('GPG_AGENT_INFO', '/run/user/1000/gnupg/S.gpg-agent:0:1'), ('XDG_VTNR', '2'), ('QT_IM_MODULE', 'ibus'), ('LC_ALL', 'en_US.UTF-8'), ('PWD', '/home/edyta/action_test/build/action_test_msgs'), ('CLUTTER_IM_MODULE', 'xim'), ('XDG_DATA_DIRS', '/usr/share/ubuntu:/usr/local/share:/usr/share:/var/lib/snapd/desktop'), ('XDG_CONFIG_DIRS', '/etc/xdg/xdg-ubuntu:/etc/xdg'), ('PYTHONPATH', '/home/edyta/action_test/install/action_test_core/lib/python3.6/site-packages:/home/edyta/action_test/install/action_test_msgs/lib/python3.6/site-packages:/opt/ros/eloquent/lib/python3.6/site-packages'), ('COLCON', '1'), ('VTE_VERSION', '5202'), ('CMAKE_PREFIX_PATH', '/home/edyta/action_test/install/action_test_msgs:/home/edyta/action_test/install/action_test_core:/opt/ros/eloquent')]), 'shell': False}
[0.067142] (action_test_msgs) StdoutLine: {'line': b'[  3%] Built target action_test_msgs__cpp\n'}
[0.068024] (action_test_msgs) StdoutLine: {'line': b'[ 13%] Built target action_test_msgs__rosidl_generator_c\n'}
[0.090470] (action_test_msgs) StdoutLine: {'line': b'[ 24%] Built target action_test_msgs__rosidl_typesupport_introspection_c\n'}
[0.091849] (action_test_msgs) StdoutLine: {'line': b'[ 34%] Built target action_test_msgs__rosidl_typesupport_introspection_cpp\n'}
[0.096710] (action_test_msgs) StdoutLine: {'line': b'[ 44%] Built target action_test_msgs__rosidl_typesupport_fastrtps_cpp\n'}
[0.099345] (-) TimerEvent: {}
[0.124721] (action_test_msgs) StdoutLine: {'line': b'[ 55%] Built target action_test_msgs__rosidl_typesupport_fastrtps_c\n'}
[0.125013] (action_test_msgs) StdoutLine: {'line': b'[ 65%] Built target action_test_msgs__rosidl_typesupport_cpp\n'}
[0.151888] (action_test_msgs) StdoutLine: {'line': b'[ 75%] Built target action_test_msgs__rosidl_typesupport_c\n'}
[0.171849] (action_test_msgs) StdoutLine: {'line': b'[ 75%] Built target action_test_msgs\n'}
[0.192350] (action_test_msgs) StdoutLine: {'line': b'[ 79%] Built target action_test_msgs__py\n'}
[0.199479] (-) TimerEvent: {}
[0.219988] (action_test_msgs) StdoutLine: {'line': b'[ 86%] Built target action_test_msgs__python\n'}
[0.251988] (action_test_msgs) StdoutLine: {'line': b'[100%] Built target action_test_msgs__rosidl_typesupport_fastrtps_c__pyext\n'}
[0.252159] (action_test_msgs) StdoutLine: {'line': b'[100%] Built target action_test_msgs__rosidl_typesupport_c__pyext\n'}
[0.262533] (action_test_msgs) CommandEnded: {'returncode': 0}
[0.299571] (-) TimerEvent: {}
[0.305045] (action_test_msgs) JobProgress: {'identifier': 'action_test_msgs', 'progress': 'install'}
[0.315562] (action_test_msgs) Command: {'cmd': ['/usr/bin/cmake', '--build', '/home/edyta/action_test/build/action_test_msgs', '--target', 'install', '--', '-j8', '-l8'], 'cwd': '/home/edyta/action_test/build/action_test_msgs', 'env': OrderedDict([('GJS_DEBUG_TOPICS', 'JS ERROR;JS LOG'), ('USER', 'edyta'), ('TEXTDOMAIN', 'im-config'), ('XDG_SEAT', 'seat0'), ('SSH_AGENT_PID', '1885'), ('XDG_SESSION_TYPE', 'x11'), ('LD_LIBRARY_PATH', '/home/edyta/action_test/install/action_test_msgs/lib:/opt/ros/eloquent/opt/yaml_cpp_vendor/lib:/opt/ros/eloquent/opt/rviz_ogre_vendor/lib:/opt/ros/eloquent/lib'), ('SHLVL', '1'), ('OLDPWD', '/home/edyta'), ('QT4_IM_MODULE', 'xim'), ('HOME', '/home/edyta'), ('DESKTOP_SESSION', 'ubuntu'), ('GNOME_SHELL_SESSION_MODE', 'ubuntu'), ('GTK_MODULES', 'gail:atk-bridge'), ('ROS_PYTHON_VERSION', '3'), ('DBUS_SESSION_BUS_ADDRESS', 'unix:path=/run/user/1000/bus'), ('COLORTERM', 'truecolor'), ('MANDATORY_PATH', '/usr/share/gconf/ubuntu.mandatory.path'), ('QT_QPA_PLATFORMTHEME', 'appmenu-qt5'), ('COLCON_PREFIX_PATH', '/home/edyta/action_test/install'), ('IM_CONFIG_PHASE', '2'), ('ROS_DISTRO', 'eloquent'), ('LOGNAME', 'edyta'), ('GTK_IM_MODULE', 'ibus'), ('_', '/usr/bin/colcon'), ('DEFAULTS_PATH', '/usr/share/gconf/ubuntu.default.path'), ('ROS_VERSION', '2'), ('USERNAME', 'edyta'), ('XDG_SESSION_ID', '2'), ('TERM', 'xterm-256color'), ('ROS_LOCALHOST_ONLY', '0'), ('GNOME_DESKTOP_SESSION_ID', 'this-is-deprecated'), ('GTK2_MODULES', 'overlay-scrollbar'), ('WINDOWPATH', '2'), ('PATH', '/opt/ros/eloquent/bin:/usr/local/sbin:/usr/local/bin:/usr/sbin:/usr/bin:/sbin:/bin:/usr/games:/usr/local/games:/snap/bin'), ('SESSION_MANAGER', 'local/edyta-X510UNR:@/tmp/.ICE-unix/1783,unix/edyta-X510UNR:/tmp/.ICE-unix/1783'), ('XDG_MENU_PREFIX', 'gnome-'), ('GNOME_TERMINAL_SCREEN', '/org/gnome/Terminal/screen/29d4a0c0_c97d_4285_914c_b583a354b5a0'), ('XDG_RUNTIME_DIR', '/run/user/1000'), ('DISPLAY', ':0'), ('LANG', 'en_US.UTF-8'), ('XDG_CURRENT_DESKTOP', 'ubuntu:GNOME'), ('XDG_SESSION_DESKTOP', 'ubuntu'), ('XMODIFIERS', '@im=ibus'), ('GNOME_TERMINAL_SERVICE', ':1.80'), ('XAUTHORITY', '/run/user/1000/gdm/Xauthority'), ('AMENT_PREFIX_PATH', '/home/edyta/action_test/install/action_test_core:/home/edyta/action_test/install/action_test_msgs:/opt/ros/eloquent'), ('SSH_AUTH_SOCK', '/run/user/1000/keyring/ssh'), ('SHELL', '/bin/bash'), ('QT_ACCESSIBILITY', '1'), ('GDMSESSION', 'ubuntu'), ('TEXTDOMAINDIR', '/usr/share/locale/'), ('GJS_DEBUG_OUTPUT', 'stderr'), ('GPG_AGENT_INFO', '/run/user/1000/gnupg/S.gpg-agent:0:1'), ('XDG_VTNR', '2'), ('QT_IM_MODULE', 'ibus'), ('LC_ALL', 'en_US.UTF-8'), ('PWD', '/home/edyta/action_test/build/action_test_msgs'), ('CLUTTER_IM_MODULE', 'xim'), ('XDG_DATA_DIRS', '/usr/share/ubuntu:/usr/local/share:/usr/share:/var/lib/snapd/desktop'), ('XDG_CONFIG_DIRS', '/etc/xdg/xdg-ubuntu:/etc/xdg'), ('PYTHONPATH', '/home/edyta/action_test/install/action_test_core/lib/python3.6/site-packages:/home/edyta/action_test/install/action_test_msgs/lib/python3.6/site-packages:/opt/ros/eloquent/lib/python3.6/site-packages'), ('COLCON', '1'), ('VTE_VERSION', '5202'), ('CMAKE_PREFIX_PATH', '/home/edyta/action_test/install/action_test_msgs:/home/edyta/action_test/install/action_test_core:/opt/ros/eloquent')]), 'shell': False}
[0.368321] (action_test_msgs) StdoutLine: {'line': b'[  3%] Built target action_test_msgs__cpp\n'}
[0.368927] (action_test_msgs) StdoutLine: {'line': b'[ 13%] Built target action_test_msgs__rosidl_generator_c\n'}
[0.391457] (action_test_msgs) StdoutLine: {'line': b'[ 24%] Built target action_test_msgs__rosidl_typesupport_introspection_c\n'}
[0.398148] (action_test_msgs) StdoutLine: {'line': b'[ 34%] Built target action_test_msgs__rosidl_typesupport_introspection_cpp\n'}
[0.399676] (-) TimerEvent: {}
[0.402620] (action_test_msgs) StdoutLine: {'line': b'[ 44%] Built target action_test_msgs__rosidl_typesupport_fastrtps_cpp\n'}
[0.431531] (action_test_msgs) StdoutLine: {'line': b'[ 65%] Built target action_test_msgs__rosidl_typesupport_fastrtps_c\n'}
[0.431750] (action_test_msgs) StdoutLine: {'line': b'[ 65%] Built target action_test_msgs__rosidl_typesupport_cpp\n'}
[0.458284] (action_test_msgs) StdoutLine: {'line': b'[ 75%] Built target action_test_msgs__rosidl_typesupport_c\n'}
[0.478545] (action_test_msgs) StdoutLine: {'line': b'[ 75%] Built target action_test_msgs\n'}
[0.499398] (action_test_msgs) StdoutLine: {'line': b'[ 79%] Built target action_test_msgs__py\n'}
[0.499748] (-) TimerEvent: {}
[0.526963] (action_test_msgs) StdoutLine: {'line': b'[ 86%] Built target action_test_msgs__python\n'}
[0.555099] (action_test_msgs) StdoutLine: {'line': b'[100%] Built target action_test_msgs__rosidl_typesupport_c__pyext\n'}
[0.555273] (action_test_msgs) StdoutLine: {'line': b'[100%] Built target action_test_msgs__rosidl_typesupport_fastrtps_c__pyext\n'}
[0.573858] (action_test_msgs) StdoutLine: {'line': b'\x1b[36mInstall the project...\x1b[0m\n'}
[0.582724] (action_test_msgs) StdoutLine: {'line': b'-- Install configuration: ""\n'}
[0.582959] (action_test_msgs) StdoutLine: {'line': b'-- Up-to-date: /home/edyta/action_test/install/action_test_msgs/share/ament_index/resource_index/rosidl_interfaces/action_test_msgs\n'}
[0.583144] (action_test_msgs) StdoutLine: {'line': b'-- Up-to-date: /home/edyta/action_test/install/action_test_msgs/lib/libaction_test_msgs__rosidl_typesupport_c.so\n'}
[0.583344] (action_test_msgs) StdoutLine: {'line': b'-- Up-to-date: /home/edyta/action_test/install/action_test_msgs/share/action_test_msgs/environment/library_path.sh\n'}
[0.583453] (action_test_msgs) StdoutLine: {'line': b'-- Up-to-date: /home/edyta/action_test/install/action_test_msgs/share/action_test_msgs/environment/library_path.dsv\n'}
[0.583613] (action_test_msgs) StdoutLine: {'line': b'-- Up-to-date: /home/edyta/action_test/install/action_test_msgs/lib/libaction_test_msgs__rosidl_typesupport_cpp.so\n'}
[0.583868] (action_test_msgs) StdoutLine: {'line': b'-- Up-to-date: /home/edyta/action_test/install/action_test_msgs/include/action_test_msgs\n'}
[0.584016] (action_test_msgs) StdoutLine: {'line': b'-- Up-to-date: /home/edyta/action_test/install/action_test_msgs/include/action_test_msgs/action\n'}
[0.584094] (action_test_msgs) StdoutLine: {'line': b'-- Up-to-date: /home/edyta/action_test/install/action_test_msgs/include/action_test_msgs/action/averaging__rosidl_typesupport_fastrtps_c.h\n'}
[0.584177] (action_test_msgs) StdoutLine: {'line': b'-- Up-to-date: /home/edyta/action_test/install/action_test_msgs/include/action_test_msgs/msg\n'}
[0.584286] (action_test_msgs) StdoutLine: {'line': b'-- Up-to-date: /home/edyta/action_test/install/action_test_msgs/include/action_test_msgs/msg/rosidl_typesupport_fastrtps_c__visibility_control.h\n'}
[0.584370] (action_test_msgs) StdoutLine: {'line': b'-- Up-to-date: /home/edyta/action_test/install/action_test_msgs/lib/libaction_test_msgs__rosidl_typesupport_fastrtps_c.so\n'}
[0.584493] (action_test_msgs) StdoutLine: {'line': b'-- Up-to-date: /home/edyta/action_test/install/action_test_msgs/include/action_test_msgs\n'}
[0.584646] (action_test_msgs) StdoutLine: {'line': b'-- Up-to-date: /home/edyta/action_test/install/action_test_msgs/include/action_test_msgs/action\n'}
[0.584752] (action_test_msgs) StdoutLine: {'line': b'-- Up-to-date: /home/edyta/action_test/install/action_test_msgs/include/action_test_msgs/action/averaging__functions.h\n'}
[0.584822] (action_test_msgs) StdoutLine: {'line': b'-- Up-to-date: /home/edyta/action_test/install/action_test_msgs/include/action_test_msgs/action/averaging.h\n'}
[0.584892] (action_test_msgs) StdoutLine: {'line': b'-- Up-to-date: /home/edyta/action_test/install/action_test_msgs/include/action_test_msgs/action/averaging__type_support.h\n'}
[0.584989] (action_test_msgs) StdoutLine: {'line': b'-- Up-to-date: /home/edyta/action_test/install/action_test_msgs/include/action_test_msgs/action/averaging__struct.h\n'}
[0.585058] (action_test_msgs) StdoutLine: {'line': b'-- Up-to-date: /home/edyta/action_test/install/action_test_msgs/include/action_test_msgs/action/averaging__functions.c\n'}
[0.585127] (action_test_msgs) StdoutLine: {'line': b'-- Up-to-date: /home/edyta/action_test/install/action_test_msgs/include/action_test_msgs/msg\n'}
[0.585260] (action_test_msgs) StdoutLine: {'line': b'-- Up-to-date: /home/edyta/action_test/install/action_test_msgs/include/action_test_msgs/msg/rosidl_generator_c__visibility_control.h\n'}
[0.585379] (action_test_msgs) StdoutLine: {'line': b'-- Up-to-date: /home/edyta/action_test/install/action_test_msgs/lib/libaction_test_msgs__rosidl_generator_c.so\n'}
[0.585467] (action_test_msgs) StdoutLine: {'line': b'-- Up-to-date: /home/edyta/action_test/install/action_test_msgs/include/action_test_msgs\n'}
[0.585541] (action_test_msgs) StdoutLine: {'line': b'-- Up-to-date: /home/edyta/action_test/install/action_test_msgs/include/action_test_msgs/action\n'}
[0.585639] (action_test_msgs) StdoutLine: {'line': b'-- Up-to-date: /home/edyta/action_test/install/action_test_msgs/include/action_test_msgs/action/dds_fastrtps\n'}
[0.585709] (action_test_msgs) StdoutLine: {'line': b'-- Up-to-date: /home/edyta/action_test/install/action_test_msgs/include/action_test_msgs/action/averaging__rosidl_typesupport_fastrtps_cpp.hpp\n'}
[0.585776] (action_test_msgs) StdoutLine: {'line': b'-- Up-to-date: /home/edyta/action_test/install/action_test_msgs/include/action_test_msgs/msg\n'}
[0.585843] (action_test_msgs) StdoutLine: {'line': b'-- Up-to-date: /home/edyta/action_test/install/action_test_msgs/include/action_test_msgs/msg/rosidl_typesupport_fastrtps_cpp__visibility_control.h\n'}
[0.585915] (action_test_msgs) StdoutLine: {'line': b'-- Up-to-date: /home/edyta/action_test/install/action_test_msgs/lib/libaction_test_msgs__rosidl_typesupport_fastrtps_cpp.so\n'}
[0.586029] (action_test_msgs) StdoutLine: {'line': b'-- Up-to-date: /home/edyta/action_test/install/action_test_msgs/include/action_test_msgs\n'}
[0.586145] (action_test_msgs) StdoutLine: {'line': b'-- Up-to-date: /home/edyta/action_test/install/action_test_msgs/include/action_test_msgs/action\n'}
[0.586279] (action_test_msgs) StdoutLine: {'line': b'-- Up-to-date: /home/edyta/action_test/install/action_test_msgs/include/action_test_msgs/action/averaging.hpp\n'}
[0.586350] (action_test_msgs) StdoutLine: {'line': b'-- Up-to-date: /home/edyta/action_test/install/action_test_msgs/include/action_test_msgs/action/averaging__struct.hpp\n'}
[0.586417] (action_test_msgs) StdoutLine: {'line': b'-- Up-to-date: /home/edyta/action_test/install/action_test_msgs/include/action_test_msgs/action/averaging__traits.hpp\n'}
[0.586509] (action_test_msgs) StdoutLine: {'line': b'-- Up-to-date: /home/edyta/action_test/install/action_test_msgs/include/action_test_msgs\n'}
[0.586576] (action_test_msgs) StdoutLine: {'line': b'-- Up-to-date: /home/edyta/action_test/install/action_test_msgs/include/action_test_msgs/action\n'}
[0.586649] (action_test_msgs) StdoutLine: {'line': b'-- Up-to-date: /home/edyta/action_test/install/action_test_msgs/include/action_test_msgs/action/averaging__type_support.c\n'}
[0.586723] (action_test_msgs) StdoutLine: {'line': b'-- Up-to-date: /home/edyta/action_test/install/action_test_msgs/include/action_test_msgs/action/averaging__rosidl_typesupport_introspection_c.h\n'}
[0.586857] (action_test_msgs) StdoutLine: {'line': b'-- Up-to-date: /home/edyta/action_test/install/action_test_msgs/include/action_test_msgs/msg\n'}
[0.586926] (action_test_msgs) StdoutLine: {'line': b'-- Up-to-date: /home/edyta/action_test/install/action_test_msgs/include/action_test_msgs/msg/rosidl_typesupport_introspection_c__visibility_control.h\n'}
[0.586995] (action_test_msgs) StdoutLine: {'line': b'-- Up-to-date: /home/edyta/action_test/install/action_test_msgs/lib/libaction_test_msgs__rosidl_typesupport_introspection_c.so\n'}
[0.587094] (action_test_msgs) StdoutLine: {'line': b'-- Up-to-date: /home/edyta/action_test/install/action_test_msgs/include/action_test_msgs\n'}
[0.587163] (action_test_msgs) StdoutLine: {'line': b'-- Up-to-date: /home/edyta/action_test/install/action_test_msgs/include/action_test_msgs/action\n'}
[0.587238] (action_test_msgs) StdoutLine: {'line': b'-- Up-to-date: /home/edyta/action_test/install/action_test_msgs/include/action_test_msgs/action/averaging__type_support.cpp\n'}
[0.587324] (action_test_msgs) StdoutLine: {'line': b'-- Up-to-date: /home/edyta/action_test/install/action_test_msgs/include/action_test_msgs/action/averaging__rosidl_typesupport_introspection_cpp.hpp\n'}
[0.587429] (action_test_msgs) StdoutLine: {'line': b'-- Up-to-date: /home/edyta/action_test/install/action_test_msgs/lib/libaction_test_msgs__rosidl_typesupport_introspection_cpp.so\n'}
[0.587549] (action_test_msgs) StdoutLine: {'line': b'-- Up-to-date: /home/edyta/action_test/install/action_test_msgs/share/action_test_msgs/environment/pythonpath.sh\n'}
[0.587618] (action_test_msgs) StdoutLine: {'line': b'-- Up-to-date: /home/edyta/action_test/install/action_test_msgs/share/action_test_msgs/environment/pythonpath.dsv\n'}
[0.587686] (action_test_msgs) StdoutLine: {'line': b'-- Up-to-date: /home/edyta/action_test/install/action_test_msgs/lib/python3.6/site-packages/action_test_msgs/__init__.py\n'}
[0.599874] (-) TimerEvent: {}
[0.621161] (action_test_msgs) StdoutLine: {'line': b'-- Up-to-date: /home/edyta/action_test/install/action_test_msgs/lib/python3.6/site-packages/action_test_msgs/action\n'}
[0.621313] (action_test_msgs) StdoutLine: {'line': b'-- Up-to-date: /home/edyta/action_test/install/action_test_msgs/lib/python3.6/site-packages/action_test_msgs/action/__init__.py\n'}
[0.621389] (action_test_msgs) StdoutLine: {'line': b'-- Up-to-date: /home/edyta/action_test/install/action_test_msgs/lib/python3.6/site-packages/action_test_msgs/action/_averaging_s.c\n'}
[0.621477] (action_test_msgs) StdoutLine: {'line': b'-- Up-to-date: /home/edyta/action_test/install/action_test_msgs/lib/python3.6/site-packages/action_test_msgs/action/_averaging.py\n'}
[0.621670] (action_test_msgs) StdoutLine: {'line': b'-- Up-to-date: /home/edyta/action_test/install/action_test_msgs/lib/python3.6/site-packages/action_test_msgs/action_test_msgs_s__rosidl_typesupport_c.cpython-36m-x86_64-linux-gnu.so\n'}
[0.622255] (action_test_msgs) StdoutLine: {'line': b'-- Up-to-date: /home/edyta/action_test/install/action_test_msgs/lib/python3.6/site-packages/action_test_msgs/action_test_msgs_s__rosidl_typesupport_fastrtps_c.cpython-36m-x86_64-linux-gnu.so\n'}
[0.622759] (action_test_msgs) StdoutLine: {'line': b'-- Up-to-date: /home/edyta/action_test/install/action_test_msgs/lib/libaction_test_msgs__python.so\n'}
[0.622996] (action_test_msgs) StdoutLine: {'line': b'-- Up-to-date: /home/edyta/action_test/install/action_test_msgs/share/action_test_msgs/action/Averaging.idl\n'}
[0.623105] (action_test_msgs) StdoutLine: {'line': b'-- Up-to-date: /home/edyta/action_test/install/action_test_msgs/share/action_test_msgs/action/Averaging.action\n'}
[0.623281] (action_test_msgs) StdoutLine: {'line': b'-- Up-to-date: /home/edyta/action_test/install/action_test_msgs/share/ament_index/resource_index/package_run_dependencies/action_test_msgs\n'}
[0.623361] (action_test_msgs) StdoutLine: {'line': b'-- Up-to-date: /home/edyta/action_test/install/action_test_msgs/share/ament_index/resource_index/parent_prefix_path/action_test_msgs\n'}
[0.623432] (action_test_msgs) StdoutLine: {'line': b'-- Up-to-date: /home/edyta/action_test/install/action_test_msgs/share/action_test_msgs/environment/ament_prefix_path.sh\n'}
[0.623504] (action_test_msgs) StdoutLine: {'line': b'-- Up-to-date: /home/edyta/action_test/install/action_test_msgs/share/action_test_msgs/environment/ament_prefix_path.dsv\n'}
[0.623612] (action_test_msgs) StdoutLine: {'line': b'-- Up-to-date: /home/edyta/action_test/install/action_test_msgs/share/action_test_msgs/environment/path.sh\n'}
[0.623747] (action_test_msgs) StdoutLine: {'line': b'-- Up-to-date: /home/edyta/action_test/install/action_test_msgs/share/action_test_msgs/environment/path.dsv\n'}
[0.623840] (action_test_msgs) StdoutLine: {'line': b'-- Up-to-date: /home/edyta/action_test/install/action_test_msgs/share/action_test_msgs/local_setup.bash\n'}
[0.623950] (action_test_msgs) StdoutLine: {'line': b'-- Up-to-date: /home/edyta/action_test/install/action_test_msgs/share/action_test_msgs/local_setup.sh\n'}
[0.624040] (action_test_msgs) StdoutLine: {'line': b'-- Up-to-date: /home/edyta/action_test/install/action_test_msgs/share/action_test_msgs/local_setup.zsh\n'}
[0.624155] (action_test_msgs) StdoutLine: {'line': b'-- Up-to-date: /home/edyta/action_test/install/action_test_msgs/share/action_test_msgs/local_setup.dsv\n'}
[0.624226] (action_test_msgs) StdoutLine: {'line': b'-- Installing: /home/edyta/action_test/install/action_test_msgs/share/action_test_msgs/package.dsv\n'}
[0.624340] (action_test_msgs) StdoutLine: {'line': b'-- Up-to-date: /home/edyta/action_test/install/action_test_msgs/share/ament_index/resource_index/packages/action_test_msgs\n'}
[0.624405] (action_test_msgs) StdoutLine: {'line': b'-- Up-to-date: /home/edyta/action_test/install/action_test_msgs/share/action_test_msgs/cmake/rosidl_cmake-extras.cmake\n'}
[0.624468] (action_test_msgs) StdoutLine: {'line': b'-- Up-to-date: /home/edyta/action_test/install/action_test_msgs/share/action_test_msgs/cmake/ament_cmake_export_dependencies-extras.cmake\n'}
[0.624541] (action_test_msgs) StdoutLine: {'line': b'-- Up-to-date: /home/edyta/action_test/install/action_test_msgs/share/action_test_msgs/cmake/ament_cmake_export_libraries-extras.cmake\n'}
[0.624608] (action_test_msgs) StdoutLine: {'line': b'-- Up-to-date: /home/edyta/action_test/install/action_test_msgs/share/action_test_msgs/cmake/ament_cmake_export_include_directories-extras.cmake\n'}
[0.624672] (action_test_msgs) StdoutLine: {'line': b'-- Up-to-date: /home/edyta/action_test/install/action_test_msgs/share/action_test_msgs/cmake/action_test_msgsConfig.cmake\n'}
[0.624735] (action_test_msgs) StdoutLine: {'line': b'-- Up-to-date: /home/edyta/action_test/install/action_test_msgs/share/action_test_msgs/cmake/action_test_msgsConfig-version.cmake\n'}
[0.624798] (action_test_msgs) StdoutLine: {'line': b'-- Up-to-date: /home/edyta/action_test/install/action_test_msgs/share/action_test_msgs/package.xml\n'}
[0.627131] (action_test_msgs) CommandEnded: {'returncode': 0}
[0.654919] (action_test_msgs) JobEnded: {'identifier': 'action_test_msgs', 'rc': 0}
[0.656324] (action_test_core) JobStarted: {'identifier': 'action_test_core'}
[0.700073] (-) TimerEvent: {}
[0.800505] (-) TimerEvent: {}
[0.880097] (action_test_core) Command: {'cmd': ['/usr/bin/python3', 'setup.py', 'egg_info', '--egg-base', '/home/edyta/action_test/build/action_test_core', 'build', '--build-base', '/home/edyta/action_test/build/action_test_core/build', 'install', '--prefix', '/home/edyta/action_test/install/action_test_core', '--record', '/home/edyta/action_test/build/action_test_core/install.log', '--single-version-externally-managed'], 'cwd': '/home/edyta/action_test/action_test_core', 'env': {'GJS_DEBUG_TOPICS': 'JS ERROR;JS LOG', 'USER': 'edyta', 'TEXTDOMAIN': 'im-config', 'XDG_SEAT': 'seat0', 'SSH_AGENT_PID': '1885', 'XDG_SESSION_TYPE': 'x11', 'LD_LIBRARY_PATH': '/home/edyta/action_test/install/action_test_msgs/lib:/opt/ros/eloquent/opt/yaml_cpp_vendor/lib:/opt/ros/eloquent/opt/rviz_ogre_vendor/lib:/opt/ros/eloquent/lib', 'SHLVL': '1', 'OLDPWD': '/home/edyta', 'QT4_IM_MODULE': 'xim', 'HOME': '/home/edyta', 'DESKTOP_SESSION': 'ubuntu', 'GNOME_SHELL_SESSION_MODE': 'ubuntu', 'GTK_MODULES': 'gail:atk-bridge', 'ROS_PYTHON_VERSION': '3', 'DBUS_SESSION_BUS_ADDRESS': 'unix:path=/run/user/1000/bus', 'COLORTERM': 'truecolor', 'MANDATORY_PATH': '/usr/share/gconf/ubuntu.mandatory.path', 'QT_QPA_PLATFORMTHEME': 'appmenu-qt5', 'COLCON_PREFIX_PATH': '/home/edyta/action_test/install', 'IM_CONFIG_PHASE': '2', 'ROS_DISTRO': 'eloquent', 'LOGNAME': 'edyta', 'GTK_IM_MODULE': 'ibus', '_': '/usr/bin/colcon', 'DEFAULTS_PATH': '/usr/share/gconf/ubuntu.default.path', 'ROS_VERSION': '2', 'USERNAME': 'edyta', 'XDG_SESSION_ID': '2', 'TERM': 'xterm-256color', 'ROS_LOCALHOST_ONLY': '0', 'GNOME_DESKTOP_SESSION_ID': 'this-is-deprecated', 'GTK2_MODULES': 'overlay-scrollbar', 'WINDOWPATH': '2', 'PATH': '/opt/ros/eloquent/bin:/usr/local/sbin:/usr/local/bin:/usr/sbin:/usr/bin:/sbin:/bin:/usr/games:/usr/local/games:/snap/bin', 'SESSION_MANAGER': 'local/edyta-X510UNR:@/tmp/.ICE-unix/1783,unix/edyta-X510UNR:/tmp/.ICE-unix/1783', 'XDG_MENU_PREFIX': 'gnome-', 'GNOME_TERMINAL_SCREEN': '/org/gnome/Terminal/screen/29d4a0c0_c97d_4285_914c_b583a354b5a0', 'XDG_RUNTIME_DIR': '/run/user/1000', 'DISPLAY': ':0', 'LANG': 'en_US.UTF-8', 'XDG_CURRENT_DESKTOP': 'ubuntu:GNOME', 'XDG_SESSION_DESKTOP': 'ubuntu', 'XMODIFIERS': '@im=ibus', 'GNOME_TERMINAL_SERVICE': ':1.80', 'XAUTHORITY': '/run/user/1000/gdm/Xauthority', 'AMENT_PREFIX_PATH': '/home/edyta/action_test/install/action_test_core:/home/edyta/action_test/install/action_test_msgs:/opt/ros/eloquent', 'SSH_AUTH_SOCK': '/run/user/1000/keyring/ssh', 'SHELL': '/bin/bash', 'QT_ACCESSIBILITY': '1', 'GDMSESSION': 'ubuntu', 'TEXTDOMAINDIR': '/usr/share/locale/', 'GJS_DEBUG_OUTPUT': 'stderr', 'GPG_AGENT_INFO': '/run/user/1000/gnupg/S.gpg-agent:0:1', 'XDG_VTNR': '2', 'QT_IM_MODULE': 'ibus', 'LC_ALL': 'en_US.UTF-8', 'PWD': '/home/edyta/action_test/build/action_test_core', 'CLUTTER_IM_MODULE': 'xim', 'XDG_DATA_DIRS': '/usr/share/ubuntu:/usr/local/share:/usr/share:/var/lib/snapd/desktop', 'XDG_CONFIG_DIRS': '/etc/xdg/xdg-ubuntu:/etc/xdg', 'PYTHONPATH': '/home/edyta/action_test/install/action_test_core/lib/python3.6/site-packages:/home/edyta/action_test/install/action_test_msgs/lib/python3.6/site-packages:/home/edyta/action_test/install/action_test_core/lib/python3.6/site-packages:/opt/ros/eloquent/lib/python3.6/site-packages', 'COLCON': '1', 'VTE_VERSION': '5202', 'CMAKE_PREFIX_PATH': '/home/edyta/action_test/install/action_test_msgs'}, 'shell': False}
[0.900631] (-) TimerEvent: {}
[1.000936] (-) TimerEvent: {}
[1.076903] (action_test_core) StdoutLine: {'line': b'running egg_info\n'}
[1.077462] (action_test_core) StdoutLine: {'line': b'writing /home/edyta/action_test/build/action_test_core/action_test_core.egg-info/PKG-INFO\n'}
[1.077660] (action_test_core) StdoutLine: {'line': b'writing dependency_links to /home/edyta/action_test/build/action_test_core/action_test_core.egg-info/dependency_links.txt\n'}
[1.077806] (action_test_core) StdoutLine: {'line': b'writing entry points to /home/edyta/action_test/build/action_test_core/action_test_core.egg-info/entry_points.txt\n'}
[1.077981] (action_test_core) StdoutLine: {'line': b'writing requirements to /home/edyta/action_test/build/action_test_core/action_test_core.egg-info/requires.txt\n'}
[1.078089] (action_test_core) StdoutLine: {'line': b'writing top-level names to /home/edyta/action_test/build/action_test_core/action_test_core.egg-info/top_level.txt\n'}
[1.101013] (-) TimerEvent: {}
[1.106465] (action_test_core) StdoutLine: {'line': b"reading manifest file '/home/edyta/action_test/build/action_test_core/action_test_core.egg-info/SOURCES.txt'\n"}
[1.107463] (action_test_core) StdoutLine: {'line': b"writing manifest file '/home/edyta/action_test/build/action_test_core/action_test_core.egg-info/SOURCES.txt'\n"}
[1.107613] (action_test_core) StdoutLine: {'line': b'running build\n'}
[1.107690] (action_test_core) StdoutLine: {'line': b'running build_py\n'}
[1.107796] (action_test_core) StdoutLine: {'line': b'running install\n'}
[1.108183] (action_test_core) StdoutLine: {'line': b'running install_lib\n'}
[1.109065] (action_test_core) StdoutLine: {'line': b'running install_data\n'}
[1.109432] (action_test_core) StdoutLine: {'line': b'running install_egg_info\n'}
[1.110887] (action_test_core) StdoutLine: {'line': b"removing '/home/edyta/action_test/install/action_test_core/lib/python3.6/site-packages/action_test_core-0.0.0-py3.6.egg-info' (and everything under it)\n"}
[1.111097] (action_test_core) StdoutLine: {'line': b'Copying /home/edyta/action_test/build/action_test_core/action_test_core.egg-info to /home/edyta/action_test/install/action_test_core/lib/python3.6/site-packages/action_test_core-0.0.0-py3.6.egg-info\n'}
[1.111772] (action_test_core) StdoutLine: {'line': b'running install_scripts\n'}
[1.127722] (action_test_core) StdoutLine: {'line': b'Installing averaging_server script to /home/edyta/action_test/install/action_test_core/lib/action_test_core\n'}
[1.127912] (action_test_core) StdoutLine: {'line': b'Installing random_number script to /home/edyta/action_test/install/action_test_core/lib/action_test_core\n'}
[1.128125] (action_test_core) StdoutLine: {'line': b"writing list of installed files to '/home/edyta/action_test/build/action_test_core/install.log'\n"}
[1.147892] (action_test_core) CommandEnded: {'returncode': 0}
[1.155010] (action_test_core) JobEnded: {'identifier': 'action_test_core', 'rc': 0}
[1.156170] (-) EventReactorShutdown: {}
