[0.145s] DEBUG:colcon:Command line arguments: ['/usr/bin/colcon', 'build']
[0.145s] DEBUG:colcon:Parsed command line arguments: Namespace(ament_cmake_args=None, base_paths=['.'], build_base='build', catkin_cmake_args=None, catkin_skip_building_tests=False, cmake_args=None, cmake_clean_cache=False, cmake_clean_first=False, cmake_force_configure=False, cmake_target=None, cmake_target_skip_unavailable=False, continue_on_error=False, event_handlers=None, executor='parallel', ignore_user_meta=False, install_base='install', log_base=None, log_level=None, main=<bound method BuildVerb.main of <colcon_core.verb.build.BuildVerb object at 0x7f6dc8fdbe80>>, merge_install=False, metas=['./colcon.meta'], packages_above=None, packages_above_depth=None, packages_end=None, packages_ignore=None, packages_ignore_regex=None, packages_select=None, packages_select_build_failed=False, packages_select_by_dep=None, packages_select_regex=None, packages_select_test_failures=False, packages_skip=None, packages_skip_build_finished=False, packages_skip_by_dep=None, packages_skip_regex=None, packages_skip_test_passed=False, packages_skip_up_to=None, packages_start=None, packages_up_to=None, parallel_workers=8, paths=None, symlink_install=False, test_result_base=None, verb_extension=<colcon_core.verb.build.BuildVerb object at 0x7f6dc8fdbe80>, verb_name='build', verb_parser=<colcon_defaults.argument_parser.defaults.DefaultArgumentsDecorator object at 0x7f6dc8fe8208>)
[0.180s] Level 1:colcon.colcon_core.package_discovery:discover_packages(colcon_meta) check parameters
[0.180s] Level 1:colcon.colcon_core.package_discovery:discover_packages(recursive) check parameters
[0.181s] Level 1:colcon.colcon_core.package_discovery:discover_packages(ignore) check parameters
[0.181s] Level 1:colcon.colcon_core.package_discovery:discover_packages(path) check parameters
[0.181s] Level 1:colcon.colcon_core.package_discovery:discover_packages(colcon_meta) discover
[0.181s] Level 1:colcon.colcon_core.package_discovery:discover_packages(recursive) discover
[0.181s] INFO:colcon.colcon_core.package_discovery:Crawling recursively for packages in '/home/edyta/action_test'
[0.181s] Level 1:colcon.colcon_core.package_identification:_identify(.) by extensions ['ignore', 'ignore_ament_install']
[0.181s] Level 1:colcon.colcon_core.package_identification:_identify(.) by extension 'ignore'
[0.181s] Level 1:colcon.colcon_core.package_identification:_identify(.) by extension 'ignore_ament_install'
[0.181s] Level 1:colcon.colcon_core.package_identification:_identify(.) by extensions ['colcon_pkg']
[0.181s] Level 1:colcon.colcon_core.package_identification:_identify(.) by extension 'colcon_pkg'
[0.181s] Level 1:colcon.colcon_core.package_identification:_identify(.) by extensions ['colcon_meta']
[0.181s] Level 1:colcon.colcon_core.package_identification:_identify(.) by extension 'colcon_meta'
[0.181s] Level 1:colcon.colcon_core.package_identification:_identify(.) by extensions ['ros']
[0.181s] Level 1:colcon.colcon_core.package_identification:_identify(.) by extension 'ros'
[0.212s] Level 1:colcon.colcon_core.package_identification:_identify(.) by extensions ['cmake', 'python']
[0.212s] Level 1:colcon.colcon_core.package_identification:_identify(.) by extension 'cmake'
[0.212s] Level 1:colcon.colcon_core.package_identification:_identify(.) by extension 'python'
[0.212s] Level 1:colcon.colcon_core.package_identification:_identify(.) by extensions ['python_setup_py']
[0.213s] Level 1:colcon.colcon_core.package_identification:_identify(.) by extension 'python_setup_py'
[0.213s] Level 1:colcon.colcon_core.package_identification:_identify(action_test_core) by extensions ['ignore', 'ignore_ament_install']
[0.213s] Level 1:colcon.colcon_core.package_identification:_identify(action_test_core) by extension 'ignore'
[0.213s] Level 1:colcon.colcon_core.package_identification:_identify(action_test_core) by extension 'ignore_ament_install'
[0.213s] Level 1:colcon.colcon_core.package_identification:_identify(action_test_core) by extensions ['colcon_pkg']
[0.213s] Level 1:colcon.colcon_core.package_identification:_identify(action_test_core) by extension 'colcon_pkg'
[0.213s] Level 1:colcon.colcon_core.package_identification:_identify(action_test_core) by extensions ['colcon_meta']
[0.213s] Level 1:colcon.colcon_core.package_identification:_identify(action_test_core) by extension 'colcon_meta'
[0.213s] Level 1:colcon.colcon_core.package_identification:_identify(action_test_core) by extensions ['ros']
[0.213s] Level 1:colcon.colcon_core.package_identification:_identify(action_test_core) by extension 'ros'
[0.215s] DEBUG:colcon.colcon_core.package_identification:Package 'action_test_core' with type 'ros.ament_python' and name 'action_test_core'
[0.215s] Level 1:colcon.colcon_core.package_identification:_identify(action_test_msgs) by extensions ['ignore', 'ignore_ament_install']
[0.216s] Level 1:colcon.colcon_core.package_identification:_identify(action_test_msgs) by extension 'ignore'
[0.216s] Level 1:colcon.colcon_core.package_identification:_identify(action_test_msgs) by extension 'ignore_ament_install'
[0.216s] Level 1:colcon.colcon_core.package_identification:_identify(action_test_msgs) by extensions ['colcon_pkg']
[0.216s] Level 1:colcon.colcon_core.package_identification:_identify(action_test_msgs) by extension 'colcon_pkg'
[0.216s] Level 1:colcon.colcon_core.package_identification:_identify(action_test_msgs) by extensions ['colcon_meta']
[0.216s] Level 1:colcon.colcon_core.package_identification:_identify(action_test_msgs) by extension 'colcon_meta'
[0.216s] Level 1:colcon.colcon_core.package_identification:_identify(action_test_msgs) by extensions ['ros']
[0.216s] Level 1:colcon.colcon_core.package_identification:_identify(action_test_msgs) by extension 'ros'
[0.216s] DEBUG:colcon.colcon_core.package_identification:Package 'action_test_msgs' with type 'ros.ament_cmake' and name 'action_test_msgs'
[0.216s] Level 1:colcon.colcon_core.package_identification:_identify(build) by extensions ['ignore', 'ignore_ament_install']
[0.217s] Level 1:colcon.colcon_core.package_identification:_identify(build) by extension 'ignore'
[0.217s] Level 1:colcon.colcon_core.package_identification:_identify(build) ignored
[0.217s] Level 1:colcon.colcon_core.package_identification:_identify(install) by extensions ['ignore', 'ignore_ament_install']
[0.217s] Level 1:colcon.colcon_core.package_identification:_identify(install) by extension 'ignore'
[0.217s] Level 1:colcon.colcon_core.package_identification:_identify(install) ignored
[0.217s] Level 1:colcon.colcon_core.package_identification:_identify(log) by extensions ['ignore', 'ignore_ament_install']
[0.217s] Level 1:colcon.colcon_core.package_identification:_identify(log) by extension 'ignore'
[0.217s] Level 1:colcon.colcon_core.package_identification:_identify(log) ignored
[0.217s] Level 1:colcon.colcon_core.package_discovery:discover_packages(recursive) using defaults
[0.218s] Level 1:colcon.colcon_core.package_discovery:discover_packages(ignore) discover
[0.218s] Level 1:colcon.colcon_core.package_discovery:discover_packages(ignore) using defaults
[0.218s] Level 1:colcon.colcon_core.package_discovery:discover_packages(path) discover
[0.218s] Level 1:colcon.colcon_core.package_discovery:discover_packages(path) using defaults
[0.223s] Level 5:colcon.colcon_core.verb:set package 'action_test_msgs' build argument 'cmake_args' from command line to 'None'
[0.223s] Level 5:colcon.colcon_core.verb:set package 'action_test_msgs' build argument 'cmake_target' from command line to 'None'
[0.223s] Level 5:colcon.colcon_core.verb:set package 'action_test_msgs' build argument 'cmake_target_skip_unavailable' from command line to 'False'
[0.223s] Level 5:colcon.colcon_core.verb:set package 'action_test_msgs' build argument 'cmake_clean_cache' from command line to 'False'
[0.223s] Level 5:colcon.colcon_core.verb:set package 'action_test_msgs' build argument 'cmake_clean_first' from command line to 'False'
[0.223s] Level 5:colcon.colcon_core.verb:set package 'action_test_msgs' build argument 'cmake_force_configure' from command line to 'False'
[0.223s] Level 5:colcon.colcon_core.verb:set package 'action_test_msgs' build argument 'ament_cmake_args' from command line to 'None'
[0.223s] Level 5:colcon.colcon_core.verb:set package 'action_test_msgs' build argument 'catkin_cmake_args' from command line to 'None'
[0.223s] Level 5:colcon.colcon_core.verb:set package 'action_test_msgs' build argument 'catkin_skip_building_tests' from command line to 'False'
[0.223s] DEBUG:colcon.colcon_core.verb:Building package 'action_test_msgs' with the following arguments: {'ament_cmake_args': None, 'build_base': '/home/edyta/action_test/build/action_test_msgs', 'catkin_cmake_args': None, 'catkin_skip_building_tests': False, 'cmake_args': None, 'cmake_clean_cache': False, 'cmake_clean_first': False, 'cmake_force_configure': False, 'cmake_target': None, 'cmake_target_skip_unavailable': False, 'install_base': '/home/edyta/action_test/install/action_test_msgs', 'merge_install': False, 'path': '/home/edyta/action_test/action_test_msgs', 'symlink_install': False, 'test_result_base': None}
[0.226s] Level 5:colcon.colcon_core.verb:set package 'action_test_core' build argument 'cmake_args' from command line to 'None'
[0.226s] Level 5:colcon.colcon_core.verb:set package 'action_test_core' build argument 'cmake_target' from command line to 'None'
[0.226s] Level 5:colcon.colcon_core.verb:set package 'action_test_core' build argument 'cmake_target_skip_unavailable' from command line to 'False'
[0.226s] Level 5:colcon.colcon_core.verb:set package 'action_test_core' build argument 'cmake_clean_cache' from command line to 'False'
[0.226s] Level 5:colcon.colcon_core.verb:set package 'action_test_core' build argument 'cmake_clean_first' from command line to 'False'
[0.226s] Level 5:colcon.colcon_core.verb:set package 'action_test_core' build argument 'cmake_force_configure' from command line to 'False'
[0.226s] Level 5:colcon.colcon_core.verb:set package 'action_test_core' build argument 'ament_cmake_args' from command line to 'None'
[0.226s] Level 5:colcon.colcon_core.verb:set package 'action_test_core' build argument 'catkin_cmake_args' from command line to 'None'
[0.226s] Level 5:colcon.colcon_core.verb:set package 'action_test_core' build argument 'catkin_skip_building_tests' from command line to 'False'
[0.226s] DEBUG:colcon.colcon_core.verb:Building package 'action_test_core' with the following arguments: {'ament_cmake_args': None, 'build_base': '/home/edyta/action_test/build/action_test_core', 'catkin_cmake_args': None, 'catkin_skip_building_tests': False, 'cmake_args': None, 'cmake_clean_cache': False, 'cmake_clean_first': False, 'cmake_force_configure': False, 'cmake_target': None, 'cmake_target_skip_unavailable': False, 'install_base': '/home/edyta/action_test/install/action_test_core', 'merge_install': False, 'path': '/home/edyta/action_test/action_test_core', 'symlink_install': False, 'test_result_base': None}
[0.226s] INFO:colcon.colcon_core.executor:Executing jobs using 'parallel' executor
[0.228s] DEBUG:colcon.colcon_parallel_executor.executor.parallel:run_until_complete
[0.228s] INFO:colcon.colcon_ros.task.ament_cmake.build:Building ROS package in '/home/edyta/action_test/action_test_msgs' with build type 'ament_cmake'
[0.232s] INFO:colcon.colcon_core.plugin_system:Skipping extension 'colcon_core.shell.bat': Not used on non-Windows systems
[0.232s] INFO:colcon.colcon_cmake.task.cmake.build:Building CMake package in '/home/edyta/action_test/action_test_msgs'
[0.233s] INFO:colcon.colcon_core.shell:Skip shell extension 'powershell' for command environment: Not usable outside of PowerShell
[0.233s] DEBUG:colcon.colcon_core.shell:Skip shell extension 'dsv' for command environment
[0.235s] DEBUG:colcon.colcon_core.shell:Ignoring prefix path '/opt/ros/eloquent'
[0.246s] DEBUG:colcon.colcon_core.event_handler.log_command:Invoking command in '/home/edyta/action_test/build/action_test_msgs': CMAKE_PREFIX_PATH=/opt/ros/eloquent /usr/bin/cmake --build /home/edyta/action_test/build/action_test_msgs -- -j8 -l8
[0.497s] DEBUG:colcon.colcon_core.event_handler.log_command:Invoked command in '/home/edyta/action_test/build/action_test_msgs' returned '0': CMAKE_PREFIX_PATH=/opt/ros/eloquent /usr/bin/cmake --build /home/edyta/action_test/build/action_test_msgs -- -j8 -l8
[0.551s] DEBUG:colcon.colcon_core.event_handler.log_command:Invoking command in '/home/edyta/action_test/build/action_test_msgs': CMAKE_PREFIX_PATH=/opt/ros/eloquent /usr/bin/cmake --build /home/edyta/action_test/build/action_test_msgs --target install -- -j8 -l8
[0.851s] Level 1:colcon.colcon_core.environment:create_environment_scripts_only(action_test_msgs)
[0.852s] DEBUG:colcon.colcon_core.event_handler.log_command:Invoked command in '/home/edyta/action_test/build/action_test_msgs' returned '0': CMAKE_PREFIX_PATH=/opt/ros/eloquent /usr/bin/cmake --build /home/edyta/action_test/build/action_test_msgs --target install -- -j8 -l8
[0.855s] Level 1:colcon.colcon_core.environment:checking '/home/edyta/action_test/install/action_test_msgs' for CMake module files
[0.856s] Level 1:colcon.colcon_core.environment:checking '/home/edyta/action_test/install/action_test_msgs' for CMake config files
[0.856s] Level 1:colcon.colcon_core.shell:create_environment_hook('action_test_msgs', 'cmake_prefix_path')
[0.868s] INFO:colcon.colcon_core.shell:Creating environment hook '/home/edyta/action_test/install/action_test_msgs/share/action_test_msgs/hook/cmake_prefix_path.ps1'
[0.869s] INFO:colcon.colcon_core.shell:Creating environment descriptor '/home/edyta/action_test/install/action_test_msgs/share/action_test_msgs/hook/cmake_prefix_path.dsv'
[0.869s] INFO:colcon.colcon_core.shell:Creating environment hook '/home/edyta/action_test/install/action_test_msgs/share/action_test_msgs/hook/cmake_prefix_path.sh'
[0.871s] Level 1:colcon.colcon_core.environment:checking '/home/edyta/action_test/install/action_test_msgs/lib'
[0.871s] Level 1:colcon.colcon_core.shell:create_environment_hook('action_test_msgs', 'ld_library_path_lib')
[0.872s] INFO:colcon.colcon_core.shell:Creating environment hook '/home/edyta/action_test/install/action_test_msgs/share/action_test_msgs/hook/ld_library_path_lib.ps1'
[0.872s] INFO:colcon.colcon_core.shell:Creating environment descriptor '/home/edyta/action_test/install/action_test_msgs/share/action_test_msgs/hook/ld_library_path_lib.dsv'
[0.872s] INFO:colcon.colcon_core.shell:Creating environment hook '/home/edyta/action_test/install/action_test_msgs/share/action_test_msgs/hook/ld_library_path_lib.sh'
[0.873s] Level 1:colcon.colcon_core.environment:checking '/home/edyta/action_test/install/action_test_msgs/bin'
[0.873s] Level 1:colcon.colcon_core.environment:checking '/home/edyta/action_test/install/action_test_msgs/lib/pkgconfig/action_test_msgs.pc'
[0.873s] Level 1:colcon.colcon_core.environment:checking '/home/edyta/action_test/install/action_test_msgs/lib/python3.6/site-packages'
[0.873s] Level 1:colcon.colcon_core.shell:create_environment_hook('action_test_msgs', 'pythonpath')
[0.874s] INFO:colcon.colcon_core.shell:Creating environment hook '/home/edyta/action_test/install/action_test_msgs/share/action_test_msgs/hook/pythonpath.ps1'
[0.874s] INFO:colcon.colcon_core.shell:Creating environment descriptor '/home/edyta/action_test/install/action_test_msgs/share/action_test_msgs/hook/pythonpath.dsv'
[0.875s] INFO:colcon.colcon_core.shell:Creating environment hook '/home/edyta/action_test/install/action_test_msgs/share/action_test_msgs/hook/pythonpath.sh'
[0.876s] INFO:colcon.colcon_core.shell:Creating package script '/home/edyta/action_test/install/action_test_msgs/share/action_test_msgs/package.ps1'
[0.877s] INFO:colcon.colcon_core.shell:Creating package descriptor '/home/edyta/action_test/install/action_test_msgs/share/action_test_msgs/package.dsv'
[0.878s] INFO:colcon.colcon_core.shell:Creating package script '/home/edyta/action_test/install/action_test_msgs/share/action_test_msgs/package.sh'
[0.879s] INFO:colcon.colcon_core.shell:Creating package script '/home/edyta/action_test/install/action_test_msgs/share/action_test_msgs/package.bash'
[0.880s] INFO:colcon.colcon_core.shell:Creating package script '/home/edyta/action_test/install/action_test_msgs/share/action_test_msgs/package.zsh'
[0.881s] Level 1:colcon.colcon_core.environment:create_file_with_runtime_dependencies(/home/edyta/action_test/install/action_test_msgs/share/colcon-core/packages/action_test_msgs)
[0.881s] INFO:colcon.colcon_ros.task.ament_python.build:Building ROS package in '/home/edyta/action_test/action_test_core' with build type 'ament_python'
[0.881s] Level 1:colcon.colcon_core.shell:create_environment_hook('action_test_core', 'ament_prefix_path')
[0.882s] INFO:colcon.colcon_core.shell:Creating environment hook '/home/edyta/action_test/install/action_test_core/share/action_test_core/hook/ament_prefix_path.ps1'
[0.882s] INFO:colcon.colcon_core.shell:Creating environment descriptor '/home/edyta/action_test/install/action_test_core/share/action_test_core/hook/ament_prefix_path.dsv'
[0.883s] INFO:colcon.colcon_core.shell:Creating environment hook '/home/edyta/action_test/install/action_test_core/share/action_test_core/hook/ament_prefix_path.sh'
[0.884s] INFO:colcon.colcon_core.shell:Skip shell extension 'powershell' for command environment: Not usable outside of PowerShell
[0.884s] DEBUG:colcon.colcon_core.shell:Skip shell extension 'dsv' for command environment
[0.885s] DEBUG:colcon.colcon_core.shell:Ignoring prefix path '/opt/ros/eloquent'
[1.104s] INFO:colcon.colcon_core.task.python.build:Building Python package in '/home/edyta/action_test/action_test_core'
[1.105s] INFO:colcon.colcon_core.shell:Skip shell extension 'powershell' for command environment: Not usable outside of PowerShell
[1.105s] DEBUG:colcon.colcon_core.shell:Skip shell extension 'dsv' for command environment
[1.106s] DEBUG:colcon.colcon_core.shell:Ignoring prefix path '/opt/ros/eloquent'
[1.116s] DEBUG:colcon.colcon_core.event_handler.log_command:Invoking command in '/home/edyta/action_test/action_test_core': AMENT_PREFIX_PATH=/home/edyta/action_test/install/action_test_msgs:${AMENT_PREFIX_PATH} CMAKE_PREFIX_PATH=/home/edyta/action_test/install/action_test_msgs LD_LIBRARY_PATH=/home/edyta/action_test/install/action_test_msgs/lib:${LD_LIBRARY_PATH} PYTHONPATH=/home/edyta/action_test/install/action_test_core/lib/python3.6/site-packages:/home/edyta/action_test/install/action_test_msgs/lib/python3.6/site-packages:${PYTHONPATH} /usr/bin/python3 setup.py egg_info --egg-base /home/edyta/action_test/build/action_test_core build --build-base /home/edyta/action_test/build/action_test_core/build install --prefix /home/edyta/action_test/install/action_test_core --record /home/edyta/action_test/build/action_test_core/install.log --single-version-externally-managed
[1.385s] Level 1:colcon.colcon_core.environment:checking '/home/edyta/action_test/install/action_test_core' for CMake module files
[1.386s] DEBUG:colcon.colcon_core.event_handler.log_command:Invoked command in '/home/edyta/action_test/action_test_core' returned '0': AMENT_PREFIX_PATH=/home/edyta/action_test/install/action_test_msgs:${AMENT_PREFIX_PATH} CMAKE_PREFIX_PATH=/home/edyta/action_test/install/action_test_msgs LD_LIBRARY_PATH=/home/edyta/action_test/install/action_test_msgs/lib:${LD_LIBRARY_PATH} PYTHONPATH=/home/edyta/action_test/install/action_test_core/lib/python3.6/site-packages:/home/edyta/action_test/install/action_test_msgs/lib/python3.6/site-packages:${PYTHONPATH} /usr/bin/python3 setup.py egg_info --egg-base /home/edyta/action_test/build/action_test_core build --build-base /home/edyta/action_test/build/action_test_core/build install --prefix /home/edyta/action_test/install/action_test_core --record /home/edyta/action_test/build/action_test_core/install.log --single-version-externally-managed
[1.386s] Level 1:colcon.colcon_core.environment:checking '/home/edyta/action_test/install/action_test_core' for CMake config files
[1.387s] Level 1:colcon.colcon_core.environment:checking '/home/edyta/action_test/install/action_test_core/lib'
[1.387s] Level 1:colcon.colcon_core.environment:checking '/home/edyta/action_test/install/action_test_core/bin'
[1.387s] Level 1:colcon.colcon_core.environment:checking '/home/edyta/action_test/install/action_test_core/lib/pkgconfig/action_test_core.pc'
[1.388s] Level 1:colcon.colcon_core.environment:checking '/home/edyta/action_test/install/action_test_core/lib/python3.6/site-packages'
[1.388s] Level 1:colcon.colcon_core.shell:create_environment_hook('action_test_core', 'pythonpath')
[1.388s] INFO:colcon.colcon_core.shell:Creating environment hook '/home/edyta/action_test/install/action_test_core/share/action_test_core/hook/pythonpath.ps1'
[1.389s] INFO:colcon.colcon_core.shell:Creating environment descriptor '/home/edyta/action_test/install/action_test_core/share/action_test_core/hook/pythonpath.dsv'
[1.389s] INFO:colcon.colcon_core.shell:Creating environment hook '/home/edyta/action_test/install/action_test_core/share/action_test_core/hook/pythonpath.sh'
[1.390s] Level 1:colcon.colcon_core.environment:create_environment_scripts_only(action_test_core)
[1.390s] INFO:colcon.colcon_core.shell:Creating package script '/home/edyta/action_test/install/action_test_core/share/action_test_core/package.ps1'
[1.391s] INFO:colcon.colcon_core.shell:Creating package descriptor '/home/edyta/action_test/install/action_test_core/share/action_test_core/package.dsv'
[1.391s] INFO:colcon.colcon_core.shell:Creating package script '/home/edyta/action_test/install/action_test_core/share/action_test_core/package.sh'
[1.392s] INFO:colcon.colcon_core.shell:Creating package script '/home/edyta/action_test/install/action_test_core/share/action_test_core/package.bash'
[1.392s] INFO:colcon.colcon_core.shell:Creating package script '/home/edyta/action_test/install/action_test_core/share/action_test_core/package.zsh'
[1.393s] Level 1:colcon.colcon_core.environment:create_file_with_runtime_dependencies(/home/edyta/action_test/install/action_test_core/share/colcon-core/packages/action_test_core)
[1.393s] DEBUG:colcon.colcon_parallel_executor.executor.parallel:closing loop
[1.394s] DEBUG:colcon.colcon_parallel_executor.executor.parallel:loop closed
[1.394s] DEBUG:colcon.colcon_parallel_executor.executor.parallel:run_until_complete finished with '0'
[1.394s] DEBUG:colcon.colcon_core.event_reactor:joining thread
[1.401s] INFO:colcon.colcon_core.plugin_system:Skipping extension 'colcon_notification.desktop_notification.terminal_notifier': Not used on non-Darwin systems
[1.401s] INFO:colcon.colcon_core.plugin_system:Skipping extension 'colcon_notification.desktop_notification.win32': Not used on non-Windows systems
[1.401s] INFO:colcon.colcon_notification.desktop_notification:Sending desktop notification using 'notify2'
[1.403s] DEBUG:colcon.colcon_core.event_reactor:joined thread
[1.405s] INFO:colcon.colcon_core.shell:Creating prefix script '/home/edyta/action_test/install/local_setup.ps1'
[1.406s] INFO:colcon.colcon_core.shell:Creating prefix util module '/home/edyta/action_test/install/_local_setup_util_ps1.py'
[1.409s] INFO:colcon.colcon_core.shell:Creating prefix chain script '/home/edyta/action_test/install/setup.ps1'
[1.413s] INFO:colcon.colcon_core.shell:Creating prefix script '/home/edyta/action_test/install/local_setup.sh'
[1.414s] INFO:colcon.colcon_core.shell:Creating prefix util module '/home/edyta/action_test/install/_local_setup_util_sh.py'
[1.415s] INFO:colcon.colcon_core.shell:Creating prefix chain script '/home/edyta/action_test/install/setup.sh'
[1.419s] INFO:colcon.colcon_core.shell:Creating prefix script '/home/edyta/action_test/install/local_setup.bash'
[1.420s] INFO:colcon.colcon_core.shell:Creating prefix chain script '/home/edyta/action_test/install/setup.bash'
[1.424s] INFO:colcon.colcon_core.shell:Creating prefix script '/home/edyta/action_test/install/local_setup.zsh'
[1.424s] INFO:colcon.colcon_core.shell:Creating prefix chain script '/home/edyta/action_test/install/setup.zsh'
