[0.000000] (-) TimerEvent: {}
[0.000998] (action_test_msgs) JobQueued: {'identifier': 'action_test_msgs', 'dependencies': OrderedDict()}
[0.001827] (action_test_core) JobQueued: {'identifier': 'action_test_core', 'dependencies': OrderedDict([('action_test_msgs', '/home/edyta/action_test/install/action_test_msgs')])}
[0.002072] (action_test_msgs) JobStarted: {'identifier': 'action_test_msgs'}
[0.013268] (action_test_msgs) JobProgress: {'identifier': 'action_test_msgs', 'progress': 'cmake'}
[0.013806] (action_test_msgs) JobProgress: {'identifier': 'action_test_msgs', 'progress': 'build'}
[0.014700] (action_test_msgs) Command: {'cmd': ['/usr/bin/cmake', '--build', '/home/edyta/action_test/build/action_test_msgs', '--', '-j8', '-l8'], 'cwd': '/home/edyta/action_test/build/action_test_msgs', 'env': OrderedDict([('GJS_DEBUG_TOPICS', 'JS ERROR;JS LOG'), ('USER', 'edyta'), ('TEXTDOMAIN', 'im-config'), ('XDG_SEAT', 'seat0'), ('SSH_AGENT_PID', '1682'), ('XDG_SESSION_TYPE', 'x11'), ('LD_LIBRARY_PATH', '/opt/ros/eloquent/opt/yaml_cpp_vendor/lib:/opt/ros/eloquent/opt/rviz_ogre_vendor/lib:/opt/ros/eloquent/lib'), ('SHLVL', '1'), ('OLDPWD', '/home/edyta'), ('QT4_IM_MODULE', 'xim'), ('HOME', '/home/edyta'), ('DESKTOP_SESSION', 'ubuntu'), ('GNOME_SHELL_SESSION_MODE', 'ubuntu'), ('GTK_MODULES', 'gail:atk-bridge'), ('ROS_PYTHON_VERSION', '3'), ('DBUS_SESSION_BUS_ADDRESS', 'unix:path=/run/user/1000/bus'), ('COLORTERM', 'truecolor'), ('MANDATORY_PATH', '/usr/share/gconf/ubuntu.mandatory.path'), ('QT_QPA_PLATFORMTHEME', 'appmenu-qt5'), ('IM_CONFIG_PHASE', '2'), ('ROS_DISTRO', 'eloquent'), ('LOGNAME', 'edyta'), ('GTK_IM_MODULE', 'ibus'), ('_', '/usr/bin/colcon'), ('DEFAULTS_PATH', '/usr/share/gconf/ubuntu.default.path'), ('ROS_VERSION', '2'), ('USERNAME', 'edyta'), ('XDG_SESSION_ID', '2'), ('TERM', 'xterm-256color'), ('ROS_LOCALHOST_ONLY', '0'), ('GNOME_DESKTOP_SESSION_ID', 'this-is-deprecated'), ('GTK2_MODULES', 'overlay-scrollbar'), ('WINDOWPATH', '2'), ('PATH', '/opt/ros/eloquent/bin:/usr/local/sbin:/usr/local/bin:/usr/sbin:/usr/bin:/sbin:/bin:/usr/games:/usr/local/games:/snap/bin'), ('SESSION_MANAGER', 'local/edyta-X510UNR:@/tmp/.ICE-unix/1580,unix/edyta-X510UNR:/tmp/.ICE-unix/1580'), ('XDG_MENU_PREFIX', 'gnome-'), ('GNOME_TERMINAL_SCREEN', '/org/gnome/Terminal/screen/afbc8df7_0ae8_44b1_a834_0776331666bd'), ('XDG_RUNTIME_DIR', '/run/user/1000'), ('DISPLAY', ':0'), ('LANG', 'en_US.UTF-8'), ('XDG_CURRENT_DESKTOP', 'ubuntu:GNOME'), ('XDG_SESSION_DESKTOP', 'ubuntu'), ('XMODIFIERS', '@im=ibus'), ('GNOME_TERMINAL_SERVICE', ':1.136'), ('XAUTHORITY', '/run/user/1000/gdm/Xauthority'), ('AMENT_PREFIX_PATH', '/opt/ros/eloquent'), ('SSH_AUTH_SOCK', '/run/user/1000/keyring/ssh'), ('SHELL', '/bin/bash'), ('QT_ACCESSIBILITY', '1'), ('GDMSESSION', 'ubuntu'), ('TEXTDOMAINDIR', '/usr/share/locale/'), ('GJS_DEBUG_OUTPUT', 'stderr'), ('GPG_AGENT_INFO', '/run/user/1000/gnupg/S.gpg-agent:0:1'), ('XDG_VTNR', '2'), ('QT_IM_MODULE', 'ibus'), ('LC_ALL', 'en_US.UTF-8'), ('PWD', '/home/edyta/action_test/build/action_test_msgs'), ('CLUTTER_IM_MODULE', 'xim'), ('XDG_DATA_DIRS', '/usr/share/ubuntu:/usr/local/share:/usr/share:/var/lib/snapd/desktop'), ('XDG_CONFIG_DIRS', '/etc/xdg/xdg-ubuntu:/etc/xdg'), ('PYTHONPATH', '/opt/ros/eloquent/lib/python3.6/site-packages'), ('COLCON', '1'), ('VTE_VERSION', '5202'), ('CMAKE_PREFIX_PATH', '/opt/ros/eloquent')]), 'shell': False}
[0.074038] (action_test_msgs) StdoutLine: {'line': b'[ 10%] Built target action_test_msgs__rosidl_generator_c\n'}
[0.075086] (action_test_msgs) StdoutLine: {'line': b'[ 13%] Built target action_test_msgs__cpp\n'}
[0.100032] (-) TimerEvent: {}
[0.100660] (action_test_msgs) StdoutLine: {'line': b'[ 24%] Built target action_test_msgs__rosidl_typesupport_introspection_cpp\n'}
[0.101452] (action_test_msgs) StdoutLine: {'line': b'[ 34%] Built target action_test_msgs__rosidl_typesupport_introspection_c\n'}
[0.106878] (action_test_msgs) StdoutLine: {'line': b'[ 44%] Built target action_test_msgs__rosidl_typesupport_fastrtps_cpp\n'}
[0.142072] (action_test_msgs) StdoutLine: {'line': b'[ 65%] Built target action_test_msgs__rosidl_typesupport_cpp\n'}
[0.142254] (action_test_msgs) StdoutLine: {'line': b'[ 65%] Built target action_test_msgs__rosidl_typesupport_fastrtps_c\n'}
[0.170081] (action_test_msgs) StdoutLine: {'line': b'[ 75%] Built target action_test_msgs__rosidl_typesupport_c\n'}
[0.198408] (action_test_msgs) StdoutLine: {'line': b'[ 75%] Built target action_test_msgs\n'}
[0.200148] (-) TimerEvent: {}
[0.226777] (action_test_msgs) StdoutLine: {'line': b'[ 79%] Built target action_test_msgs__py\n'}
[0.264741] (action_test_msgs) StdoutLine: {'line': b'[ 86%] Built target action_test_msgs__python\n'}
[0.299491] (action_test_msgs) StdoutLine: {'line': b'[ 93%] Built target action_test_msgs__rosidl_typesupport_fastrtps_c__pyext\n'}
[0.300174] (action_test_msgs) StdoutLine: {'line': b'[100%] Built target action_test_msgs__rosidl_typesupport_c__pyext\n'}
[0.300290] (-) TimerEvent: {}
[0.311300] (action_test_msgs) CommandEnded: {'returncode': 0}
[0.361524] (action_test_msgs) JobProgress: {'identifier': 'action_test_msgs', 'progress': 'install'}
[0.376114] (action_test_msgs) Command: {'cmd': ['/usr/bin/cmake', '--build', '/home/edyta/action_test/build/action_test_msgs', '--target', 'install', '--', '-j8', '-l8'], 'cwd': '/home/edyta/action_test/build/action_test_msgs', 'env': OrderedDict([('GJS_DEBUG_TOPICS', 'JS ERROR;JS LOG'), ('USER', 'edyta'), ('TEXTDOMAIN', 'im-config'), ('XDG_SEAT', 'seat0'), ('SSH_AGENT_PID', '1682'), ('XDG_SESSION_TYPE', 'x11'), ('LD_LIBRARY_PATH', '/opt/ros/eloquent/opt/yaml_cpp_vendor/lib:/opt/ros/eloquent/opt/rviz_ogre_vendor/lib:/opt/ros/eloquent/lib'), ('SHLVL', '1'), ('OLDPWD', '/home/edyta'), ('QT4_IM_MODULE', 'xim'), ('HOME', '/home/edyta'), ('DESKTOP_SESSION', 'ubuntu'), ('GNOME_SHELL_SESSION_MODE', 'ubuntu'), ('GTK_MODULES', 'gail:atk-bridge'), ('ROS_PYTHON_VERSION', '3'), ('DBUS_SESSION_BUS_ADDRESS', 'unix:path=/run/user/1000/bus'), ('COLORTERM', 'truecolor'), ('MANDATORY_PATH', '/usr/share/gconf/ubuntu.mandatory.path'), ('QT_QPA_PLATFORMTHEME', 'appmenu-qt5'), ('IM_CONFIG_PHASE', '2'), ('ROS_DISTRO', 'eloquent'), ('LOGNAME', 'edyta'), ('GTK_IM_MODULE', 'ibus'), ('_', '/usr/bin/colcon'), ('DEFAULTS_PATH', '/usr/share/gconf/ubuntu.default.path'), ('ROS_VERSION', '2'), ('USERNAME', 'edyta'), ('XDG_SESSION_ID', '2'), ('TERM', 'xterm-256color'), ('ROS_LOCALHOST_ONLY', '0'), ('GNOME_DESKTOP_SESSION_ID', 'this-is-deprecated'), ('GTK2_MODULES', 'overlay-scrollbar'), ('WINDOWPATH', '2'), ('PATH', '/opt/ros/eloquent/bin:/usr/local/sbin:/usr/local/bin:/usr/sbin:/usr/bin:/sbin:/bin:/usr/games:/usr/local/games:/snap/bin'), ('SESSION_MANAGER', 'local/edyta-X510UNR:@/tmp/.ICE-unix/1580,unix/edyta-X510UNR:/tmp/.ICE-unix/1580'), ('XDG_MENU_PREFIX', 'gnome-'), ('GNOME_TERMINAL_SCREEN', '/org/gnome/Terminal/screen/afbc8df7_0ae8_44b1_a834_0776331666bd'), ('XDG_RUNTIME_DIR', '/run/user/1000'), ('DISPLAY', ':0'), ('LANG', 'en_US.UTF-8'), ('XDG_CURRENT_DESKTOP', 'ubuntu:GNOME'), ('XDG_SESSION_DESKTOP', 'ubuntu'), ('XMODIFIERS', '@im=ibus'), ('GNOME_TERMINAL_SERVICE', ':1.136'), ('XAUTHORITY', '/run/user/1000/gdm/Xauthority'), ('AMENT_PREFIX_PATH', '/opt/ros/eloquent'), ('SSH_AUTH_SOCK', '/run/user/1000/keyring/ssh'), ('SHELL', '/bin/bash'), ('QT_ACCESSIBILITY', '1'), ('GDMSESSION', 'ubuntu'), ('TEXTDOMAINDIR', '/usr/share/locale/'), ('GJS_DEBUG_OUTPUT', 'stderr'), ('GPG_AGENT_INFO', '/run/user/1000/gnupg/S.gpg-agent:0:1'), ('XDG_VTNR', '2'), ('QT_IM_MODULE', 'ibus'), ('LC_ALL', 'en_US.UTF-8'), ('PWD', '/home/edyta/action_test/build/action_test_msgs'), ('CLUTTER_IM_MODULE', 'xim'), ('XDG_DATA_DIRS', '/usr/share/ubuntu:/usr/local/share:/usr/share:/var/lib/snapd/desktop'), ('XDG_CONFIG_DIRS', '/etc/xdg/xdg-ubuntu:/etc/xdg'), ('PYTHONPATH', '/opt/ros/eloquent/lib/python3.6/site-packages'), ('COLCON', '1'), ('VTE_VERSION', '5202'), ('CMAKE_PREFIX_PATH', '/opt/ros/eloquent')]), 'shell': False}
[0.400473] (-) TimerEvent: {}
[0.434983] (action_test_msgs) StdoutLine: {'line': b'[  3%] Built target action_test_msgs__cpp\n'}
[0.435680] (action_test_msgs) StdoutLine: {'line': b'[ 13%] Built target action_test_msgs__rosidl_generator_c\n'}
[0.463494] (action_test_msgs) StdoutLine: {'line': b'[ 31%] Built target action_test_msgs__rosidl_typesupport_introspection_c\n'}
[0.463724] (action_test_msgs) StdoutLine: {'line': b'[ 34%] Built target action_test_msgs__rosidl_typesupport_fastrtps_cpp\n'}
[0.464050] (action_test_msgs) StdoutLine: {'line': b'[ 44%] Built target action_test_msgs__rosidl_typesupport_introspection_cpp\n'}
[0.491577] (action_test_msgs) StdoutLine: {'line': b'[ 65%] Built target action_test_msgs__rosidl_typesupport_cpp\n'}
[0.491804] (action_test_msgs) StdoutLine: {'line': b'[ 65%] Built target action_test_msgs__rosidl_typesupport_fastrtps_c\n'}
[0.500531] (-) TimerEvent: {}
[0.520461] (action_test_msgs) StdoutLine: {'line': b'[ 75%] Built target action_test_msgs__rosidl_typesupport_c\n'}
[0.543514] (action_test_msgs) StdoutLine: {'line': b'[ 75%] Built target action_test_msgs\n'}
[0.564843] (action_test_msgs) StdoutLine: {'line': b'[ 79%] Built target action_test_msgs__py\n'}
[0.593356] (action_test_msgs) StdoutLine: {'line': b'[ 86%] Built target action_test_msgs__python\n'}
[0.600662] (-) TimerEvent: {}
[0.622301] (action_test_msgs) StdoutLine: {'line': b'[ 93%] Built target action_test_msgs__rosidl_typesupport_c__pyext\n'}
[0.624083] (action_test_msgs) StdoutLine: {'line': b'[100%] Built target action_test_msgs__rosidl_typesupport_fastrtps_c__pyext\n'}
[0.644263] (action_test_msgs) StdoutLine: {'line': b'\x1b[36mInstall the project...\x1b[0m\n'}
[0.653742] (action_test_msgs) StdoutLine: {'line': b'-- Install configuration: ""\n'}
[0.653914] (action_test_msgs) StdoutLine: {'line': b'-- Up-to-date: /home/edyta/action_test/install/action_test_msgs/share/ament_index/resource_index/rosidl_interfaces/action_test_msgs\n'}
[0.654077] (action_test_msgs) StdoutLine: {'line': b'-- Up-to-date: /home/edyta/action_test/install/action_test_msgs/lib/libaction_test_msgs__rosidl_typesupport_c.so\n'}
[0.654263] (action_test_msgs) StdoutLine: {'line': b'-- Up-to-date: /home/edyta/action_test/install/action_test_msgs/share/action_test_msgs/environment/library_path.sh\n'}
[0.654429] (action_test_msgs) StdoutLine: {'line': b'-- Up-to-date: /home/edyta/action_test/install/action_test_msgs/share/action_test_msgs/environment/library_path.dsv\n'}
[0.654600] (action_test_msgs) StdoutLine: {'line': b'-- Up-to-date: /home/edyta/action_test/install/action_test_msgs/lib/libaction_test_msgs__rosidl_typesupport_cpp.so\n'}
[0.654810] (action_test_msgs) StdoutLine: {'line': b'-- Up-to-date: /home/edyta/action_test/install/action_test_msgs/include/action_test_msgs\n'}
[0.654981] (action_test_msgs) StdoutLine: {'line': b'-- Up-to-date: /home/edyta/action_test/install/action_test_msgs/include/action_test_msgs/action\n'}
[0.655066] (action_test_msgs) StdoutLine: {'line': b'-- Up-to-date: /home/edyta/action_test/install/action_test_msgs/include/action_test_msgs/action/averaging__rosidl_typesupport_fastrtps_c.h\n'}
[0.655172] (action_test_msgs) StdoutLine: {'line': b'-- Up-to-date: /home/edyta/action_test/install/action_test_msgs/include/action_test_msgs/msg\n'}
[0.655247] (action_test_msgs) StdoutLine: {'line': b'-- Up-to-date: /home/edyta/action_test/install/action_test_msgs/include/action_test_msgs/msg/rosidl_typesupport_fastrtps_c__visibility_control.h\n'}
[0.655320] (action_test_msgs) StdoutLine: {'line': b'-- Up-to-date: /home/edyta/action_test/install/action_test_msgs/lib/libaction_test_msgs__rosidl_typesupport_fastrtps_c.so\n'}
[0.655510] (action_test_msgs) StdoutLine: {'line': b'-- Up-to-date: /home/edyta/action_test/install/action_test_msgs/include/action_test_msgs\n'}
[0.655603] (action_test_msgs) StdoutLine: {'line': b'-- Up-to-date: /home/edyta/action_test/install/action_test_msgs/include/action_test_msgs/action\n'}
[0.655675] (action_test_msgs) StdoutLine: {'line': b'-- Up-to-date: /home/edyta/action_test/install/action_test_msgs/include/action_test_msgs/action/averaging__functions.h\n'}
[0.655767] (action_test_msgs) StdoutLine: {'line': b'-- Up-to-date: /home/edyta/action_test/install/action_test_msgs/include/action_test_msgs/action/averaging.h\n'}
[0.655843] (action_test_msgs) StdoutLine: {'line': b'-- Up-to-date: /home/edyta/action_test/install/action_test_msgs/include/action_test_msgs/action/averaging__type_support.h\n'}
[0.655918] (action_test_msgs) StdoutLine: {'line': b'-- Up-to-date: /home/edyta/action_test/install/action_test_msgs/include/action_test_msgs/action/averaging__struct.h\n'}
[0.656011] (action_test_msgs) StdoutLine: {'line': b'-- Up-to-date: /home/edyta/action_test/install/action_test_msgs/include/action_test_msgs/action/averaging__functions.c\n'}
[0.656141] (action_test_msgs) StdoutLine: {'line': b'-- Up-to-date: /home/edyta/action_test/install/action_test_msgs/include/action_test_msgs/msg\n'}
[0.656221] (action_test_msgs) StdoutLine: {'line': b'-- Up-to-date: /home/edyta/action_test/install/action_test_msgs/include/action_test_msgs/msg/rosidl_generator_c__visibility_control.h\n'}
[0.656292] (action_test_msgs) StdoutLine: {'line': b'-- Up-to-date: /home/edyta/action_test/install/action_test_msgs/lib/libaction_test_msgs__rosidl_generator_c.so\n'}
[0.656364] (action_test_msgs) StdoutLine: {'line': b'-- Up-to-date: /home/edyta/action_test/install/action_test_msgs/include/action_test_msgs\n'}
[0.656487] (action_test_msgs) StdoutLine: {'line': b'-- Up-to-date: /home/edyta/action_test/install/action_test_msgs/include/action_test_msgs/action\n'}
[0.656559] (action_test_msgs) StdoutLine: {'line': b'-- Up-to-date: /home/edyta/action_test/install/action_test_msgs/include/action_test_msgs/action/dds_fastrtps\n'}
[0.656652] (action_test_msgs) StdoutLine: {'line': b'-- Up-to-date: /home/edyta/action_test/install/action_test_msgs/include/action_test_msgs/action/averaging__rosidl_typesupport_fastrtps_cpp.hpp\n'}
[0.656780] (action_test_msgs) StdoutLine: {'line': b'-- Up-to-date: /home/edyta/action_test/install/action_test_msgs/include/action_test_msgs/msg\n'}
[0.656915] (action_test_msgs) StdoutLine: {'line': b'-- Up-to-date: /home/edyta/action_test/install/action_test_msgs/include/action_test_msgs/msg/rosidl_typesupport_fastrtps_cpp__visibility_control.h\n'}
[0.656988] (action_test_msgs) StdoutLine: {'line': b'-- Up-to-date: /home/edyta/action_test/install/action_test_msgs/lib/libaction_test_msgs__rosidl_typesupport_fastrtps_cpp.so\n'}
[0.657058] (action_test_msgs) StdoutLine: {'line': b'-- Up-to-date: /home/edyta/action_test/install/action_test_msgs/include/action_test_msgs\n'}
[0.657130] (action_test_msgs) StdoutLine: {'line': b'-- Up-to-date: /home/edyta/action_test/install/action_test_msgs/include/action_test_msgs/action\n'}
[0.657219] (action_test_msgs) StdoutLine: {'line': b'-- Up-to-date: /home/edyta/action_test/install/action_test_msgs/include/action_test_msgs/action/averaging.hpp\n'}
[0.657290] (action_test_msgs) StdoutLine: {'line': b'-- Up-to-date: /home/edyta/action_test/install/action_test_msgs/include/action_test_msgs/action/averaging__struct.hpp\n'}
[0.657360] (action_test_msgs) StdoutLine: {'line': b'-- Up-to-date: /home/edyta/action_test/install/action_test_msgs/include/action_test_msgs/action/averaging__traits.hpp\n'}
[0.657520] (action_test_msgs) StdoutLine: {'line': b'-- Up-to-date: /home/edyta/action_test/install/action_test_msgs/include/action_test_msgs\n'}
[0.657704] (action_test_msgs) StdoutLine: {'line': b'-- Up-to-date: /home/edyta/action_test/install/action_test_msgs/include/action_test_msgs/action\n'}
[0.657801] (action_test_msgs) StdoutLine: {'line': b'-- Up-to-date: /home/edyta/action_test/install/action_test_msgs/include/action_test_msgs/action/averaging__type_support.c\n'}
[0.657984] (action_test_msgs) StdoutLine: {'line': b'-- Up-to-date: /home/edyta/action_test/install/action_test_msgs/include/action_test_msgs/action/averaging__rosidl_typesupport_introspection_c.h\n'}
[0.658118] (action_test_msgs) StdoutLine: {'line': b'-- Up-to-date: /home/edyta/action_test/install/action_test_msgs/include/action_test_msgs/msg\n'}
[0.658297] (action_test_msgs) StdoutLine: {'line': b'-- Up-to-date: /home/edyta/action_test/install/action_test_msgs/include/action_test_msgs/msg/rosidl_typesupport_introspection_c__visibility_control.h\n'}
[0.658381] (action_test_msgs) StdoutLine: {'line': b'-- Up-to-date: /home/edyta/action_test/install/action_test_msgs/lib/libaction_test_msgs__rosidl_typesupport_introspection_c.so\n'}
[0.658464] (action_test_msgs) StdoutLine: {'line': b'-- Up-to-date: /home/edyta/action_test/install/action_test_msgs/include/action_test_msgs\n'}
[0.658536] (action_test_msgs) StdoutLine: {'line': b'-- Up-to-date: /home/edyta/action_test/install/action_test_msgs/include/action_test_msgs/action\n'}
[0.658607] (action_test_msgs) StdoutLine: {'line': b'-- Up-to-date: /home/edyta/action_test/install/action_test_msgs/include/action_test_msgs/action/averaging__type_support.cpp\n'}
[0.658676] (action_test_msgs) StdoutLine: {'line': b'-- Up-to-date: /home/edyta/action_test/install/action_test_msgs/include/action_test_msgs/action/averaging__rosidl_typesupport_introspection_cpp.hpp\n'}
[0.658746] (action_test_msgs) StdoutLine: {'line': b'-- Up-to-date: /home/edyta/action_test/install/action_test_msgs/lib/libaction_test_msgs__rosidl_typesupport_introspection_cpp.so\n'}
[0.658816] (action_test_msgs) StdoutLine: {'line': b'-- Up-to-date: /home/edyta/action_test/install/action_test_msgs/share/action_test_msgs/environment/pythonpath.sh\n'}
[0.658885] (action_test_msgs) StdoutLine: {'line': b'-- Up-to-date: /home/edyta/action_test/install/action_test_msgs/share/action_test_msgs/environment/pythonpath.dsv\n'}
[0.658958] (action_test_msgs) StdoutLine: {'line': b'-- Up-to-date: /home/edyta/action_test/install/action_test_msgs/lib/python3.6/site-packages/action_test_msgs/__init__.py\n'}
[0.693544] (action_test_msgs) StdoutLine: {'line': b'-- Up-to-date: /home/edyta/action_test/install/action_test_msgs/lib/python3.6/site-packages/action_test_msgs/action\n'}
[0.693820] (action_test_msgs) StdoutLine: {'line': b'-- Up-to-date: /home/edyta/action_test/install/action_test_msgs/lib/python3.6/site-packages/action_test_msgs/action/__init__.py\n'}
[0.693914] (action_test_msgs) StdoutLine: {'line': b'-- Up-to-date: /home/edyta/action_test/install/action_test_msgs/lib/python3.6/site-packages/action_test_msgs/action/_averaging_s.c\n'}
[0.694030] (action_test_msgs) StdoutLine: {'line': b'-- Up-to-date: /home/edyta/action_test/install/action_test_msgs/lib/python3.6/site-packages/action_test_msgs/action/_averaging.py\n'}
[0.694115] (action_test_msgs) StdoutLine: {'line': b'-- Up-to-date: /home/edyta/action_test/install/action_test_msgs/lib/python3.6/site-packages/action_test_msgs/action_test_msgs_s__rosidl_typesupport_c.cpython-36m-x86_64-linux-gnu.so\n'}
[0.694582] (action_test_msgs) StdoutLine: {'line': b'-- Up-to-date: /home/edyta/action_test/install/action_test_msgs/lib/python3.6/site-packages/action_test_msgs/action_test_msgs_s__rosidl_typesupport_fastrtps_c.cpython-36m-x86_64-linux-gnu.so\n'}
[0.695158] (action_test_msgs) StdoutLine: {'line': b'-- Up-to-date: /home/edyta/action_test/install/action_test_msgs/lib/libaction_test_msgs__python.so\n'}
[0.695379] (action_test_msgs) StdoutLine: {'line': b'-- Up-to-date: /home/edyta/action_test/install/action_test_msgs/share/action_test_msgs/action/Averaging.idl\n'}
[0.695509] (action_test_msgs) StdoutLine: {'line': b'-- Up-to-date: /home/edyta/action_test/install/action_test_msgs/share/action_test_msgs/action/Averaging.action\n'}
[0.695633] (action_test_msgs) StdoutLine: {'line': b'-- Up-to-date: /home/edyta/action_test/install/action_test_msgs/share/ament_index/resource_index/package_run_dependencies/action_test_msgs\n'}
[0.695747] (action_test_msgs) StdoutLine: {'line': b'-- Up-to-date: /home/edyta/action_test/install/action_test_msgs/share/ament_index/resource_index/parent_prefix_path/action_test_msgs\n'}
[0.695890] (action_test_msgs) StdoutLine: {'line': b'-- Up-to-date: /home/edyta/action_test/install/action_test_msgs/share/action_test_msgs/environment/ament_prefix_path.sh\n'}
[0.695976] (action_test_msgs) StdoutLine: {'line': b'-- Up-to-date: /home/edyta/action_test/install/action_test_msgs/share/action_test_msgs/environment/ament_prefix_path.dsv\n'}
[0.696045] (action_test_msgs) StdoutLine: {'line': b'-- Up-to-date: /home/edyta/action_test/install/action_test_msgs/share/action_test_msgs/environment/path.sh\n'}
[0.696145] (action_test_msgs) StdoutLine: {'line': b'-- Up-to-date: /home/edyta/action_test/install/action_test_msgs/share/action_test_msgs/environment/path.dsv\n'}
[0.696242] (action_test_msgs) StdoutLine: {'line': b'-- Up-to-date: /home/edyta/action_test/install/action_test_msgs/share/action_test_msgs/local_setup.bash\n'}
[0.696352] (action_test_msgs) StdoutLine: {'line': b'-- Up-to-date: /home/edyta/action_test/install/action_test_msgs/share/action_test_msgs/local_setup.sh\n'}
[0.696461] (action_test_msgs) StdoutLine: {'line': b'-- Up-to-date: /home/edyta/action_test/install/action_test_msgs/share/action_test_msgs/local_setup.zsh\n'}
[0.696532] (action_test_msgs) StdoutLine: {'line': b'-- Up-to-date: /home/edyta/action_test/install/action_test_msgs/share/action_test_msgs/local_setup.dsv\n'}
[0.696600] (action_test_msgs) StdoutLine: {'line': b'-- Installing: /home/edyta/action_test/install/action_test_msgs/share/action_test_msgs/package.dsv\n'}
[0.696668] (action_test_msgs) StdoutLine: {'line': b'-- Up-to-date: /home/edyta/action_test/install/action_test_msgs/share/ament_index/resource_index/packages/action_test_msgs\n'}
[0.696735] (action_test_msgs) StdoutLine: {'line': b'-- Up-to-date: /home/edyta/action_test/install/action_test_msgs/share/action_test_msgs/cmake/rosidl_cmake-extras.cmake\n'}
[0.696802] (action_test_msgs) StdoutLine: {'line': b'-- Up-to-date: /home/edyta/action_test/install/action_test_msgs/share/action_test_msgs/cmake/ament_cmake_export_dependencies-extras.cmake\n'}
[0.696869] (action_test_msgs) StdoutLine: {'line': b'-- Up-to-date: /home/edyta/action_test/install/action_test_msgs/share/action_test_msgs/cmake/ament_cmake_export_libraries-extras.cmake\n'}
[0.696936] (action_test_msgs) StdoutLine: {'line': b'-- Up-to-date: /home/edyta/action_test/install/action_test_msgs/share/action_test_msgs/cmake/ament_cmake_export_include_directories-extras.cmake\n'}
[0.697004] (action_test_msgs) StdoutLine: {'line': b'-- Up-to-date: /home/edyta/action_test/install/action_test_msgs/share/action_test_msgs/cmake/action_test_msgsConfig.cmake\n'}
[0.697071] (action_test_msgs) StdoutLine: {'line': b'-- Up-to-date: /home/edyta/action_test/install/action_test_msgs/share/action_test_msgs/cmake/action_test_msgsConfig-version.cmake\n'}
[0.697138] (action_test_msgs) StdoutLine: {'line': b'-- Up-to-date: /home/edyta/action_test/install/action_test_msgs/share/action_test_msgs/package.xml\n'}
[0.699726] (action_test_msgs) CommandEnded: {'returncode': 0}
[0.700734] (-) TimerEvent: {}
[0.731364] (action_test_msgs) JobEnded: {'identifier': 'action_test_msgs', 'rc': 0}
[0.733590] (action_test_core) JobStarted: {'identifier': 'action_test_core'}
[0.800951] (-) TimerEvent: {}
[0.901402] (-) TimerEvent: {}
[0.982212] (action_test_core) Command: {'cmd': ['/usr/bin/python3', 'setup.py', 'egg_info', '--egg-base', '/home/edyta/action_test/build/action_test_core', 'build', '--build-base', '/home/edyta/action_test/build/action_test_core/build', 'install', '--prefix', '/home/edyta/action_test/install/action_test_core', '--record', '/home/edyta/action_test/build/action_test_core/install.log', '--single-version-externally-managed'], 'cwd': '/home/edyta/action_test/action_test_core', 'env': {'GJS_DEBUG_TOPICS': 'JS ERROR;JS LOG', 'USER': 'edyta', 'TEXTDOMAIN': 'im-config', 'XDG_SEAT': 'seat0', 'SSH_AGENT_PID': '1682', 'XDG_SESSION_TYPE': 'x11', 'LD_LIBRARY_PATH': '/home/edyta/action_test/install/action_test_msgs/lib:/opt/ros/eloquent/opt/yaml_cpp_vendor/lib:/opt/ros/eloquent/opt/rviz_ogre_vendor/lib:/opt/ros/eloquent/lib', 'SHLVL': '1', 'OLDPWD': '/home/edyta', 'QT4_IM_MODULE': 'xim', 'HOME': '/home/edyta', 'DESKTOP_SESSION': 'ubuntu', 'GNOME_SHELL_SESSION_MODE': 'ubuntu', 'GTK_MODULES': 'gail:atk-bridge', 'ROS_PYTHON_VERSION': '3', 'DBUS_SESSION_BUS_ADDRESS': 'unix:path=/run/user/1000/bus', 'COLORTERM': 'truecolor', 'MANDATORY_PATH': '/usr/share/gconf/ubuntu.mandatory.path', 'QT_QPA_PLATFORMTHEME': 'appmenu-qt5', 'IM_CONFIG_PHASE': '2', 'ROS_DISTRO': 'eloquent', 'LOGNAME': 'edyta', 'GTK_IM_MODULE': 'ibus', '_': '/usr/bin/colcon', 'DEFAULTS_PATH': '/usr/share/gconf/ubuntu.default.path', 'ROS_VERSION': '2', 'USERNAME': 'edyta', 'XDG_SESSION_ID': '2', 'TERM': 'xterm-256color', 'ROS_LOCALHOST_ONLY': '0', 'GNOME_DESKTOP_SESSION_ID': 'this-is-deprecated', 'GTK2_MODULES': 'overlay-scrollbar', 'WINDOWPATH': '2', 'PATH': '/opt/ros/eloquent/bin:/usr/local/sbin:/usr/local/bin:/usr/sbin:/usr/bin:/sbin:/bin:/usr/games:/usr/local/games:/snap/bin', 'SESSION_MANAGER': 'local/edyta-X510UNR:@/tmp/.ICE-unix/1580,unix/edyta-X510UNR:/tmp/.ICE-unix/1580', 'XDG_MENU_PREFIX': 'gnome-', 'GNOME_TERMINAL_SCREEN': '/org/gnome/Terminal/screen/afbc8df7_0ae8_44b1_a834_0776331666bd', 'XDG_RUNTIME_DIR': '/run/user/1000', 'DISPLAY': ':0', 'LANG': 'en_US.UTF-8', 'XDG_CURRENT_DESKTOP': 'ubuntu:GNOME', 'XDG_SESSION_DESKTOP': 'ubuntu', 'XMODIFIERS': '@im=ibus', 'GNOME_TERMINAL_SERVICE': ':1.136', 'XAUTHORITY': '/run/user/1000/gdm/Xauthority', 'AMENT_PREFIX_PATH': '/home/edyta/action_test/install/action_test_msgs:/opt/ros/eloquent', 'SSH_AUTH_SOCK': '/run/user/1000/keyring/ssh', 'SHELL': '/bin/bash', 'QT_ACCESSIBILITY': '1', 'GDMSESSION': 'ubuntu', 'TEXTDOMAINDIR': '/usr/share/locale/', 'GJS_DEBUG_OUTPUT': 'stderr', 'GPG_AGENT_INFO': '/run/user/1000/gnupg/S.gpg-agent:0:1', 'XDG_VTNR': '2', 'QT_IM_MODULE': 'ibus', 'LC_ALL': 'en_US.UTF-8', 'PWD': '/home/edyta/action_test/build/action_test_core', 'CLUTTER_IM_MODULE': 'xim', 'XDG_DATA_DIRS': '/usr/share/ubuntu:/usr/local/share:/usr/share:/var/lib/snapd/desktop', 'XDG_CONFIG_DIRS': '/etc/xdg/xdg-ubuntu:/etc/xdg', 'PYTHONPATH': '/home/edyta/action_test/install/action_test_core/lib/python3.6/site-packages:/home/edyta/action_test/install/action_test_msgs/lib/python3.6/site-packages:/opt/ros/eloquent/lib/python3.6/site-packages', 'COLCON': '1', 'VTE_VERSION': '5202', 'CMAKE_PREFIX_PATH': '/home/edyta/action_test/install/action_test_msgs'}, 'shell': False}
[1.001542] (-) TimerEvent: {}
[1.101880] (-) TimerEvent: {}
[1.196735] (action_test_core) StdoutLine: {'line': b'running egg_info\n'}
[1.197439] (action_test_core) StdoutLine: {'line': b'writing /home/edyta/action_test/build/action_test_core/action_test_core.egg-info/PKG-INFO\n'}
[1.197664] (action_test_core) StdoutLine: {'line': b'writing dependency_links to /home/edyta/action_test/build/action_test_core/action_test_core.egg-info/dependency_links.txt\n'}
[1.197862] (action_test_core) StdoutLine: {'line': b'writing entry points to /home/edyta/action_test/build/action_test_core/action_test_core.egg-info/entry_points.txt\n'}
[1.197996] (action_test_core) StdoutLine: {'line': b'writing requirements to /home/edyta/action_test/build/action_test_core/action_test_core.egg-info/requires.txt\n'}
[1.198108] (action_test_core) StdoutLine: {'line': b'writing top-level names to /home/edyta/action_test/build/action_test_core/action_test_core.egg-info/top_level.txt\n'}
[1.201940] (-) TimerEvent: {}
[1.229035] (action_test_core) StdoutLine: {'line': b"reading manifest file '/home/edyta/action_test/build/action_test_core/action_test_core.egg-info/SOURCES.txt'\n"}
[1.230189] (action_test_core) StdoutLine: {'line': b"writing manifest file '/home/edyta/action_test/build/action_test_core/action_test_core.egg-info/SOURCES.txt'\n"}
[1.230502] (action_test_core) StdoutLine: {'line': b'running build\n'}
[1.230612] (action_test_core) StdoutLine: {'line': b'running build_py\n'}
[1.230773] (action_test_core) StdoutLine: {'line': b'running install\n'}
[1.231146] (action_test_core) StdoutLine: {'line': b'running install_lib\n'}
[1.232095] (action_test_core) StdoutLine: {'line': b'running install_data\n'}
[1.232477] (action_test_core) StdoutLine: {'line': b'running install_egg_info\n'}
[1.234128] (action_test_core) StdoutLine: {'line': b"removing '/home/edyta/action_test/install/action_test_core/lib/python3.6/site-packages/action_test_core-0.0.0-py3.6.egg-info' (and everything under it)\n"}
[1.234364] (action_test_core) StdoutLine: {'line': b'Copying /home/edyta/action_test/build/action_test_core/action_test_core.egg-info to /home/edyta/action_test/install/action_test_core/lib/python3.6/site-packages/action_test_core-0.0.0-py3.6.egg-info\n'}
[1.235094] (action_test_core) StdoutLine: {'line': b'running install_scripts\n'}
[1.252557] (action_test_core) StdoutLine: {'line': b'Installing averaging_server script to /home/edyta/action_test/install/action_test_core/lib/action_test_core\n'}
[1.252841] (action_test_core) StdoutLine: {'line': b'Installing random_number script to /home/edyta/action_test/install/action_test_core/lib/action_test_core\n'}
[1.253052] (action_test_core) StdoutLine: {'line': b"writing list of installed files to '/home/edyta/action_test/build/action_test_core/install.log'\n"}
[1.276210] (action_test_core) CommandEnded: {'returncode': 0}
[1.284570] (action_test_core) JobEnded: {'identifier': 'action_test_core', 'rc': 0}
[1.285675] (-) EventReactorShutdown: {}
