[0.000000] (-) TimerEvent: {}
[0.000145] (action_test_msgs) JobQueued: {'identifier': 'action_test_msgs', 'dependencies': OrderedDict()}
[0.000218] (action_test_core) JobQueued: {'identifier': 'action_test_core', 'dependencies': OrderedDict([('action_test_msgs', '/home/edyta/action_test/install/action_test_msgs')])}
[0.000247] (action_test_msgs) JobStarted: {'identifier': 'action_test_msgs'}
[0.010055] (action_test_msgs) JobProgress: {'identifier': 'action_test_msgs', 'progress': 'cmake'}
[0.011439] (action_test_msgs) JobProgress: {'identifier': 'action_test_msgs', 'progress': 'build'}
[0.011638] (action_test_msgs) Command: {'cmd': ['/usr/bin/cmake', '--build', '/home/edyta/action_test/build/action_test_msgs', '--', '-j8', '-l8'], 'cwd': '/home/edyta/action_test/build/action_test_msgs', 'env': OrderedDict([('GJS_DEBUG_TOPICS', 'JS ERROR;JS LOG'), ('USER', 'edyta'), ('TEXTDOMAIN', 'im-config'), ('XDG_SEAT', 'seat0'), ('SSH_AGENT_PID', '1885'), ('XDG_SESSION_TYPE', 'x11'), ('LD_LIBRARY_PATH', '/home/edyta/action_test/install/action_test_msgs/lib:/opt/ros/eloquent/opt/yaml_cpp_vendor/lib:/opt/ros/eloquent/opt/rviz_ogre_vendor/lib:/opt/ros/eloquent/lib'), ('SHLVL', '1'), ('OLDPWD', '/home/edyta'), ('QT4_IM_MODULE', 'xim'), ('HOME', '/home/edyta'), ('DESKTOP_SESSION', 'ubuntu'), ('GNOME_SHELL_SESSION_MODE', 'ubuntu'), ('GTK_MODULES', 'gail:atk-bridge'), ('ROS_PYTHON_VERSION', '3'), ('DBUS_SESSION_BUS_ADDRESS', 'unix:path=/run/user/1000/bus'), ('COLORTERM', 'truecolor'), ('MANDATORY_PATH', '/usr/share/gconf/ubuntu.mandatory.path'), ('QT_QPA_PLATFORMTHEME', 'appmenu-qt5'), ('COLCON_PREFIX_PATH', '/home/edyta/action_test/install'), ('IM_CONFIG_PHASE', '2'), ('ROS_DISTRO', 'eloquent'), ('LOGNAME', 'edyta'), ('GTK_IM_MODULE', 'ibus'), ('_', '/usr/bin/colcon'), ('DEFAULTS_PATH', '/usr/share/gconf/ubuntu.default.path'), ('ROS_VERSION', '2'), ('USERNAME', 'edyta'), ('XDG_SESSION_ID', '2'), ('TERM', 'xterm-256color'), ('ROS_LOCALHOST_ONLY', '0'), ('GNOME_DESKTOP_SESSION_ID', 'this-is-deprecated'), ('GTK2_MODULES', 'overlay-scrollbar'), ('WINDOWPATH', '2'), ('PATH', '/opt/ros/eloquent/bin:/usr/local/sbin:/usr/local/bin:/usr/sbin:/usr/bin:/sbin:/bin:/usr/games:/usr/local/games:/snap/bin'), ('SESSION_MANAGER', 'local/edyta-X510UNR:@/tmp/.ICE-unix/1783,unix/edyta-X510UNR:/tmp/.ICE-unix/1783'), ('XDG_MENU_PREFIX', 'gnome-'), ('GNOME_TERMINAL_SCREEN', '/org/gnome/Terminal/screen/29d4a0c0_c97d_4285_914c_b583a354b5a0'), ('XDG_RUNTIME_DIR', '/run/user/1000'), ('DISPLAY', ':0'), ('LANG', 'en_US.UTF-8'), ('XDG_CURRENT_DESKTOP', 'ubuntu:GNOME'), ('XDG_SESSION_DESKTOP', 'ubuntu'), ('XMODIFIERS', '@im=ibus'), ('GNOME_TERMINAL_SERVICE', ':1.80'), ('XAUTHORITY', '/run/user/1000/gdm/Xauthority'), ('AMENT_PREFIX_PATH', '/home/edyta/action_test/install/action_test_core:/home/edyta/action_test/install/action_test_msgs:/opt/ros/eloquent'), ('SSH_AUTH_SOCK', '/run/user/1000/keyring/ssh'), ('SHELL', '/bin/bash'), ('QT_ACCESSIBILITY', '1'), ('GDMSESSION', 'ubuntu'), ('TEXTDOMAINDIR', '/usr/share/locale/'), ('GJS_DEBUG_OUTPUT', 'stderr'), ('GPG_AGENT_INFO', '/run/user/1000/gnupg/S.gpg-agent:0:1'), ('XDG_VTNR', '2'), ('QT_IM_MODULE', 'ibus'), ('LC_ALL', 'en_US.UTF-8'), ('PWD', '/home/edyta/action_test/build/action_test_msgs'), ('CLUTTER_IM_MODULE', 'xim'), ('XDG_DATA_DIRS', '/usr/share/ubuntu:/usr/local/share:/usr/share:/var/lib/snapd/desktop'), ('XDG_CONFIG_DIRS', '/etc/xdg/xdg-ubuntu:/etc/xdg'), ('PYTHONPATH', '/home/edyta/action_test/install/action_test_core/lib/python3.6/site-packages:/home/edyta/action_test/install/action_test_msgs/lib/python3.6/site-packages:/opt/ros/eloquent/lib/python3.6/site-packages'), ('COLCON', '1'), ('VTE_VERSION', '5202'), ('CMAKE_PREFIX_PATH', '/home/edyta/action_test/install/action_test_msgs:/home/edyta/action_test/install/action_test_core:/opt/ros/eloquent')]), 'shell': False}
[0.065929] (action_test_msgs) StdoutLine: {'line': b'[  3%] Built target action_test_msgs__cpp\n'}
[0.066569] (action_test_msgs) StdoutLine: {'line': b'[ 13%] Built target action_test_msgs__rosidl_generator_c\n'}
[0.089535] (action_test_msgs) StdoutLine: {'line': b'[ 34%] Built target action_test_msgs__rosidl_typesupport_introspection_cpp\n'}
[0.089780] (action_test_msgs) StdoutLine: {'line': b'[ 34%] Built target action_test_msgs__rosidl_typesupport_introspection_c\n'}
[0.094457] (action_test_msgs) StdoutLine: {'line': b'[ 44%] Built target action_test_msgs__rosidl_typesupport_fastrtps_cpp\n'}
[0.098403] (-) TimerEvent: {}
[0.123711] (action_test_msgs) StdoutLine: {'line': b'[ 65%] Built target action_test_msgs__rosidl_typesupport_cpp\n'}
[0.123887] (action_test_msgs) StdoutLine: {'line': b'[ 65%] Built target action_test_msgs__rosidl_typesupport_fastrtps_c\n'}
[0.150777] (action_test_msgs) StdoutLine: {'line': b'[ 75%] Built target action_test_msgs__rosidl_typesupport_c\n'}
[0.170954] (action_test_msgs) StdoutLine: {'line': b'[ 75%] Built target action_test_msgs\n'}
[0.191741] (action_test_msgs) StdoutLine: {'line': b'[ 79%] Built target action_test_msgs__py\n'}
[0.198537] (-) TimerEvent: {}
[0.219062] (action_test_msgs) StdoutLine: {'line': b'[ 86%] Built target action_test_msgs__python\n'}
[0.247314] (action_test_msgs) StdoutLine: {'line': b'[100%] Built target action_test_msgs__rosidl_typesupport_c__pyext\n'}
[0.247488] (action_test_msgs) StdoutLine: {'line': b'[100%] Built target action_test_msgs__rosidl_typesupport_fastrtps_c__pyext\n'}
[0.258084] (action_test_msgs) CommandEnded: {'returncode': 0}
[0.298667] (-) TimerEvent: {}
[0.299983] (action_test_msgs) JobProgress: {'identifier': 'action_test_msgs', 'progress': 'install'}
[0.311343] (action_test_msgs) Command: {'cmd': ['/usr/bin/cmake', '--build', '/home/edyta/action_test/build/action_test_msgs', '--target', 'install', '--', '-j8', '-l8'], 'cwd': '/home/edyta/action_test/build/action_test_msgs', 'env': OrderedDict([('GJS_DEBUG_TOPICS', 'JS ERROR;JS LOG'), ('USER', 'edyta'), ('TEXTDOMAIN', 'im-config'), ('XDG_SEAT', 'seat0'), ('SSH_AGENT_PID', '1885'), ('XDG_SESSION_TYPE', 'x11'), ('LD_LIBRARY_PATH', '/home/edyta/action_test/install/action_test_msgs/lib:/opt/ros/eloquent/opt/yaml_cpp_vendor/lib:/opt/ros/eloquent/opt/rviz_ogre_vendor/lib:/opt/ros/eloquent/lib'), ('SHLVL', '1'), ('OLDPWD', '/home/edyta'), ('QT4_IM_MODULE', 'xim'), ('HOME', '/home/edyta'), ('DESKTOP_SESSION', 'ubuntu'), ('GNOME_SHELL_SESSION_MODE', 'ubuntu'), ('GTK_MODULES', 'gail:atk-bridge'), ('ROS_PYTHON_VERSION', '3'), ('DBUS_SESSION_BUS_ADDRESS', 'unix:path=/run/user/1000/bus'), ('COLORTERM', 'truecolor'), ('MANDATORY_PATH', '/usr/share/gconf/ubuntu.mandatory.path'), ('QT_QPA_PLATFORMTHEME', 'appmenu-qt5'), ('COLCON_PREFIX_PATH', '/home/edyta/action_test/install'), ('IM_CONFIG_PHASE', '2'), ('ROS_DISTRO', 'eloquent'), ('LOGNAME', 'edyta'), ('GTK_IM_MODULE', 'ibus'), ('_', '/usr/bin/colcon'), ('DEFAULTS_PATH', '/usr/share/gconf/ubuntu.default.path'), ('ROS_VERSION', '2'), ('USERNAME', 'edyta'), ('XDG_SESSION_ID', '2'), ('TERM', 'xterm-256color'), ('ROS_LOCALHOST_ONLY', '0'), ('GNOME_DESKTOP_SESSION_ID', 'this-is-deprecated'), ('GTK2_MODULES', 'overlay-scrollbar'), ('WINDOWPATH', '2'), ('PATH', '/opt/ros/eloquent/bin:/usr/local/sbin:/usr/local/bin:/usr/sbin:/usr/bin:/sbin:/bin:/usr/games:/usr/local/games:/snap/bin'), ('SESSION_MANAGER', 'local/edyta-X510UNR:@/tmp/.ICE-unix/1783,unix/edyta-X510UNR:/tmp/.ICE-unix/1783'), ('XDG_MENU_PREFIX', 'gnome-'), ('GNOME_TERMINAL_SCREEN', '/org/gnome/Terminal/screen/29d4a0c0_c97d_4285_914c_b583a354b5a0'), ('XDG_RUNTIME_DIR', '/run/user/1000'), ('DISPLAY', ':0'), ('LANG', 'en_US.UTF-8'), ('XDG_CURRENT_DESKTOP', 'ubuntu:GNOME'), ('XDG_SESSION_DESKTOP', 'ubuntu'), ('XMODIFIERS', '@im=ibus'), ('GNOME_TERMINAL_SERVICE', ':1.80'), ('XAUTHORITY', '/run/user/1000/gdm/Xauthority'), ('AMENT_PREFIX_PATH', '/home/edyta/action_test/install/action_test_core:/home/edyta/action_test/install/action_test_msgs:/opt/ros/eloquent'), ('SSH_AUTH_SOCK', '/run/user/1000/keyring/ssh'), ('SHELL', '/bin/bash'), ('QT_ACCESSIBILITY', '1'), ('GDMSESSION', 'ubuntu'), ('TEXTDOMAINDIR', '/usr/share/locale/'), ('GJS_DEBUG_OUTPUT', 'stderr'), ('GPG_AGENT_INFO', '/run/user/1000/gnupg/S.gpg-agent:0:1'), ('XDG_VTNR', '2'), ('QT_IM_MODULE', 'ibus'), ('LC_ALL', 'en_US.UTF-8'), ('PWD', '/home/edyta/action_test/build/action_test_msgs'), ('CLUTTER_IM_MODULE', 'xim'), ('XDG_DATA_DIRS', '/usr/share/ubuntu:/usr/local/share:/usr/share:/var/lib/snapd/desktop'), ('XDG_CONFIG_DIRS', '/etc/xdg/xdg-ubuntu:/etc/xdg'), ('PYTHONPATH', '/home/edyta/action_test/install/action_test_core/lib/python3.6/site-packages:/home/edyta/action_test/install/action_test_msgs/lib/python3.6/site-packages:/opt/ros/eloquent/lib/python3.6/site-packages'), ('COLCON', '1'), ('VTE_VERSION', '5202'), ('CMAKE_PREFIX_PATH', '/home/edyta/action_test/install/action_test_msgs:/home/edyta/action_test/install/action_test_core:/opt/ros/eloquent')]), 'shell': False}
[0.362774] (action_test_msgs) StdoutLine: {'line': b'[  3%] Built target action_test_msgs__cpp\n'}
[0.363349] (action_test_msgs) StdoutLine: {'line': b'[ 13%] Built target action_test_msgs__rosidl_generator_c\n'}
[0.385991] (action_test_msgs) StdoutLine: {'line': b'[ 34%] Built target action_test_msgs__rosidl_typesupport_introspection_c\n'}
[0.386211] (action_test_msgs) StdoutLine: {'line': b'[ 34%] Built target action_test_msgs__rosidl_typesupport_introspection_cpp\n'}
[0.390523] (action_test_msgs) StdoutLine: {'line': b'[ 44%] Built target action_test_msgs__rosidl_typesupport_fastrtps_cpp\n'}
[0.398782] (-) TimerEvent: {}
[0.418265] (action_test_msgs) StdoutLine: {'line': b'[ 65%] Built target action_test_msgs__rosidl_typesupport_cpp\n'}
[0.418438] (action_test_msgs) StdoutLine: {'line': b'[ 65%] Built target action_test_msgs__rosidl_typesupport_fastrtps_c\n'}
[0.444953] (action_test_msgs) StdoutLine: {'line': b'[ 75%] Built target action_test_msgs__rosidl_typesupport_c\n'}
[0.464945] (action_test_msgs) StdoutLine: {'line': b'[ 75%] Built target action_test_msgs\n'}
[0.485270] (action_test_msgs) StdoutLine: {'line': b'[ 79%] Built target action_test_msgs__py\n'}
[0.498913] (-) TimerEvent: {}
[0.512404] (action_test_msgs) StdoutLine: {'line': b'[ 86%] Built target action_test_msgs__python\n'}
[0.540600] (action_test_msgs) StdoutLine: {'line': b'[100%] Built target action_test_msgs__rosidl_typesupport_fastrtps_c__pyext\n'}
[0.540777] (action_test_msgs) StdoutLine: {'line': b'[100%] Built target action_test_msgs__rosidl_typesupport_c__pyext\n'}
[0.559273] (action_test_msgs) StdoutLine: {'line': b'\x1b[36mInstall the project...\x1b[0m\n'}
[0.568180] (action_test_msgs) StdoutLine: {'line': b'-- Install configuration: ""\n'}
[0.568376] (action_test_msgs) StdoutLine: {'line': b'-- Up-to-date: /home/edyta/action_test/install/action_test_msgs/share/ament_index/resource_index/rosidl_interfaces/action_test_msgs\n'}
[0.568519] (action_test_msgs) StdoutLine: {'line': b'-- Up-to-date: /home/edyta/action_test/install/action_test_msgs/lib/libaction_test_msgs__rosidl_typesupport_c.so\n'}
[0.568712] (action_test_msgs) StdoutLine: {'line': b'-- Up-to-date: /home/edyta/action_test/install/action_test_msgs/share/action_test_msgs/environment/library_path.sh\n'}
[0.569001] (action_test_msgs) StdoutLine: {'line': b'-- Up-to-date: /home/edyta/action_test/install/action_test_msgs/share/action_test_msgs/environment/library_path.dsv\n'}
[0.569092] (action_test_msgs) StdoutLine: {'line': b'-- Up-to-date: /home/edyta/action_test/install/action_test_msgs/lib/libaction_test_msgs__rosidl_typesupport_cpp.so\n'}
[0.569228] (action_test_msgs) StdoutLine: {'line': b'-- Up-to-date: /home/edyta/action_test/install/action_test_msgs/include/action_test_msgs\n'}
[0.569319] (action_test_msgs) StdoutLine: {'line': b'-- Up-to-date: /home/edyta/action_test/install/action_test_msgs/include/action_test_msgs/action\n'}
[0.569395] (action_test_msgs) StdoutLine: {'line': b'-- Up-to-date: /home/edyta/action_test/install/action_test_msgs/include/action_test_msgs/action/averaging__rosidl_typesupport_fastrtps_c.h\n'}
[0.569484] (action_test_msgs) StdoutLine: {'line': b'-- Up-to-date: /home/edyta/action_test/install/action_test_msgs/include/action_test_msgs/msg\n'}
[0.569555] (action_test_msgs) StdoutLine: {'line': b'-- Up-to-date: /home/edyta/action_test/install/action_test_msgs/include/action_test_msgs/msg/rosidl_typesupport_fastrtps_c__visibility_control.h\n'}
[0.569633] (action_test_msgs) StdoutLine: {'line': b'-- Up-to-date: /home/edyta/action_test/install/action_test_msgs/lib/libaction_test_msgs__rosidl_typesupport_fastrtps_c.so\n'}
[0.569731] (action_test_msgs) StdoutLine: {'line': b'-- Up-to-date: /home/edyta/action_test/install/action_test_msgs/include/action_test_msgs\n'}
[0.569885] (action_test_msgs) StdoutLine: {'line': b'-- Up-to-date: /home/edyta/action_test/install/action_test_msgs/include/action_test_msgs/action\n'}
[0.569957] (action_test_msgs) StdoutLine: {'line': b'-- Up-to-date: /home/edyta/action_test/install/action_test_msgs/include/action_test_msgs/action/averaging__functions.h\n'}
[0.570026] (action_test_msgs) StdoutLine: {'line': b'-- Up-to-date: /home/edyta/action_test/install/action_test_msgs/include/action_test_msgs/action/averaging.h\n'}
[0.570112] (action_test_msgs) StdoutLine: {'line': b'-- Up-to-date: /home/edyta/action_test/install/action_test_msgs/include/action_test_msgs/action/averaging__type_support.h\n'}
[0.570182] (action_test_msgs) StdoutLine: {'line': b'-- Up-to-date: /home/edyta/action_test/install/action_test_msgs/include/action_test_msgs/action/averaging__struct.h\n'}
[0.570248] (action_test_msgs) StdoutLine: {'line': b'-- Up-to-date: /home/edyta/action_test/install/action_test_msgs/include/action_test_msgs/action/averaging__functions.c\n'}
[0.570336] (action_test_msgs) StdoutLine: {'line': b'-- Up-to-date: /home/edyta/action_test/install/action_test_msgs/include/action_test_msgs/msg\n'}
[0.570465] (action_test_msgs) StdoutLine: {'line': b'-- Up-to-date: /home/edyta/action_test/install/action_test_msgs/include/action_test_msgs/msg/rosidl_generator_c__visibility_control.h\n'}
[0.570535] (action_test_msgs) StdoutLine: {'line': b'-- Up-to-date: /home/edyta/action_test/install/action_test_msgs/lib/libaction_test_msgs__rosidl_generator_c.so\n'}
[0.570602] (action_test_msgs) StdoutLine: {'line': b'-- Up-to-date: /home/edyta/action_test/install/action_test_msgs/include/action_test_msgs\n'}
[0.570671] (action_test_msgs) StdoutLine: {'line': b'-- Up-to-date: /home/edyta/action_test/install/action_test_msgs/include/action_test_msgs/action\n'}
[0.570755] (action_test_msgs) StdoutLine: {'line': b'-- Up-to-date: /home/edyta/action_test/install/action_test_msgs/include/action_test_msgs/action/dds_fastrtps\n'}
[0.570822] (action_test_msgs) StdoutLine: {'line': b'-- Up-to-date: /home/edyta/action_test/install/action_test_msgs/include/action_test_msgs/action/averaging__rosidl_typesupport_fastrtps_cpp.hpp\n'}
[0.570890] (action_test_msgs) StdoutLine: {'line': b'-- Up-to-date: /home/edyta/action_test/install/action_test_msgs/include/action_test_msgs/msg\n'}
[0.571021] (action_test_msgs) StdoutLine: {'line': b'-- Up-to-date: /home/edyta/action_test/install/action_test_msgs/include/action_test_msgs/msg/rosidl_typesupport_fastrtps_cpp__visibility_control.h\n'}
[0.571138] (action_test_msgs) StdoutLine: {'line': b'-- Up-to-date: /home/edyta/action_test/install/action_test_msgs/lib/libaction_test_msgs__rosidl_typesupport_fastrtps_cpp.so\n'}
[0.571230] (action_test_msgs) StdoutLine: {'line': b'-- Up-to-date: /home/edyta/action_test/install/action_test_msgs/include/action_test_msgs\n'}
[0.571297] (action_test_msgs) StdoutLine: {'line': b'-- Up-to-date: /home/edyta/action_test/install/action_test_msgs/include/action_test_msgs/action\n'}
[0.571364] (action_test_msgs) StdoutLine: {'line': b'-- Up-to-date: /home/edyta/action_test/install/action_test_msgs/include/action_test_msgs/action/averaging.hpp\n'}
[0.571451] (action_test_msgs) StdoutLine: {'line': b'-- Up-to-date: /home/edyta/action_test/install/action_test_msgs/include/action_test_msgs/action/averaging__struct.hpp\n'}
[0.571521] (action_test_msgs) StdoutLine: {'line': b'-- Up-to-date: /home/edyta/action_test/install/action_test_msgs/include/action_test_msgs/action/averaging__traits.hpp\n'}
[0.571588] (action_test_msgs) StdoutLine: {'line': b'-- Up-to-date: /home/edyta/action_test/install/action_test_msgs/include/action_test_msgs\n'}
[0.571686] (action_test_msgs) StdoutLine: {'line': b'-- Up-to-date: /home/edyta/action_test/install/action_test_msgs/include/action_test_msgs/action\n'}
[0.571782] (action_test_msgs) StdoutLine: {'line': b'-- Up-to-date: /home/edyta/action_test/install/action_test_msgs/include/action_test_msgs/action/averaging__type_support.c\n'}
[0.571850] (action_test_msgs) StdoutLine: {'line': b'-- Up-to-date: /home/edyta/action_test/install/action_test_msgs/include/action_test_msgs/action/averaging__rosidl_typesupport_introspection_c.h\n'}
[0.571918] (action_test_msgs) StdoutLine: {'line': b'-- Up-to-date: /home/edyta/action_test/install/action_test_msgs/include/action_test_msgs/msg\n'}
[0.571992] (action_test_msgs) StdoutLine: {'line': b'-- Up-to-date: /home/edyta/action_test/install/action_test_msgs/include/action_test_msgs/msg/rosidl_typesupport_introspection_c__visibility_control.h\n'}
[0.572083] (action_test_msgs) StdoutLine: {'line': b'-- Up-to-date: /home/edyta/action_test/install/action_test_msgs/lib/libaction_test_msgs__rosidl_typesupport_introspection_c.so\n'}
[0.572150] (action_test_msgs) StdoutLine: {'line': b'-- Up-to-date: /home/edyta/action_test/install/action_test_msgs/include/action_test_msgs\n'}
[0.572239] (action_test_msgs) StdoutLine: {'line': b'-- Up-to-date: /home/edyta/action_test/install/action_test_msgs/include/action_test_msgs/action\n'}
[0.572340] (action_test_msgs) StdoutLine: {'line': b'-- Up-to-date: /home/edyta/action_test/install/action_test_msgs/include/action_test_msgs/action/averaging__type_support.cpp\n'}
[0.572425] (action_test_msgs) StdoutLine: {'line': b'-- Up-to-date: /home/edyta/action_test/install/action_test_msgs/include/action_test_msgs/action/averaging__rosidl_typesupport_introspection_cpp.hpp\n'}
[0.572500] (action_test_msgs) StdoutLine: {'line': b'-- Up-to-date: /home/edyta/action_test/install/action_test_msgs/lib/libaction_test_msgs__rosidl_typesupport_introspection_cpp.so\n'}
[0.572572] (action_test_msgs) StdoutLine: {'line': b'-- Up-to-date: /home/edyta/action_test/install/action_test_msgs/share/action_test_msgs/environment/pythonpath.sh\n'}
[0.572640] (action_test_msgs) StdoutLine: {'line': b'-- Up-to-date: /home/edyta/action_test/install/action_test_msgs/share/action_test_msgs/environment/pythonpath.dsv\n'}
[0.572707] (action_test_msgs) StdoutLine: {'line': b'-- Up-to-date: /home/edyta/action_test/install/action_test_msgs/lib/python3.6/site-packages/action_test_msgs/__init__.py\n'}
[0.599030] (-) TimerEvent: {}
[0.605062] (action_test_msgs) StdoutLine: {'line': b'-- Up-to-date: /home/edyta/action_test/install/action_test_msgs/lib/python3.6/site-packages/action_test_msgs/action\n'}
[0.605214] (action_test_msgs) StdoutLine: {'line': b'-- Up-to-date: /home/edyta/action_test/install/action_test_msgs/lib/python3.6/site-packages/action_test_msgs/action/__init__.py\n'}
[0.605290] (action_test_msgs) StdoutLine: {'line': b'-- Up-to-date: /home/edyta/action_test/install/action_test_msgs/lib/python3.6/site-packages/action_test_msgs/action/_averaging_s.c\n'}
[0.605360] (action_test_msgs) StdoutLine: {'line': b'-- Up-to-date: /home/edyta/action_test/install/action_test_msgs/lib/python3.6/site-packages/action_test_msgs/action/_averaging.py\n'}
[0.605520] (action_test_msgs) StdoutLine: {'line': b'-- Up-to-date: /home/edyta/action_test/install/action_test_msgs/lib/python3.6/site-packages/action_test_msgs/action_test_msgs_s__rosidl_typesupport_c.cpython-36m-x86_64-linux-gnu.so\n'}
[0.606133] (action_test_msgs) StdoutLine: {'line': b'-- Up-to-date: /home/edyta/action_test/install/action_test_msgs/lib/python3.6/site-packages/action_test_msgs/action_test_msgs_s__rosidl_typesupport_fastrtps_c.cpython-36m-x86_64-linux-gnu.so\n'}
[0.606651] (action_test_msgs) StdoutLine: {'line': b'-- Up-to-date: /home/edyta/action_test/install/action_test_msgs/lib/libaction_test_msgs__python.so\n'}
[0.606862] (action_test_msgs) StdoutLine: {'line': b'-- Up-to-date: /home/edyta/action_test/install/action_test_msgs/share/action_test_msgs/action/Averaging.idl\n'}
[0.607048] (action_test_msgs) StdoutLine: {'line': b'-- Up-to-date: /home/edyta/action_test/install/action_test_msgs/share/action_test_msgs/action/Averaging.action\n'}
[0.607160] (action_test_msgs) StdoutLine: {'line': b'-- Up-to-date: /home/edyta/action_test/install/action_test_msgs/share/ament_index/resource_index/package_run_dependencies/action_test_msgs\n'}
[0.607323] (action_test_msgs) StdoutLine: {'line': b'-- Up-to-date: /home/edyta/action_test/install/action_test_msgs/share/ament_index/resource_index/parent_prefix_path/action_test_msgs\n'}
[0.607441] (action_test_msgs) StdoutLine: {'line': b'-- Up-to-date: /home/edyta/action_test/install/action_test_msgs/share/action_test_msgs/environment/ament_prefix_path.sh\n'}
[0.607560] (action_test_msgs) StdoutLine: {'line': b'-- Up-to-date: /home/edyta/action_test/install/action_test_msgs/share/action_test_msgs/environment/ament_prefix_path.dsv\n'}
[0.607663] (action_test_msgs) StdoutLine: {'line': b'-- Up-to-date: /home/edyta/action_test/install/action_test_msgs/share/action_test_msgs/environment/path.sh\n'}
[0.607771] (action_test_msgs) StdoutLine: {'line': b'-- Up-to-date: /home/edyta/action_test/install/action_test_msgs/share/action_test_msgs/environment/path.dsv\n'}
[0.607856] (action_test_msgs) StdoutLine: {'line': b'-- Up-to-date: /home/edyta/action_test/install/action_test_msgs/share/action_test_msgs/local_setup.bash\n'}
[0.607922] (action_test_msgs) StdoutLine: {'line': b'-- Up-to-date: /home/edyta/action_test/install/action_test_msgs/share/action_test_msgs/local_setup.sh\n'}
[0.607988] (action_test_msgs) StdoutLine: {'line': b'-- Up-to-date: /home/edyta/action_test/install/action_test_msgs/share/action_test_msgs/local_setup.zsh\n'}
[0.608052] (action_test_msgs) StdoutLine: {'line': b'-- Up-to-date: /home/edyta/action_test/install/action_test_msgs/share/action_test_msgs/local_setup.dsv\n'}
[0.608116] (action_test_msgs) StdoutLine: {'line': b'-- Installing: /home/edyta/action_test/install/action_test_msgs/share/action_test_msgs/package.dsv\n'}
[0.608180] (action_test_msgs) StdoutLine: {'line': b'-- Up-to-date: /home/edyta/action_test/install/action_test_msgs/share/ament_index/resource_index/packages/action_test_msgs\n'}
[0.608244] (action_test_msgs) StdoutLine: {'line': b'-- Up-to-date: /home/edyta/action_test/install/action_test_msgs/share/action_test_msgs/cmake/rosidl_cmake-extras.cmake\n'}
[0.608310] (action_test_msgs) StdoutLine: {'line': b'-- Up-to-date: /home/edyta/action_test/install/action_test_msgs/share/action_test_msgs/cmake/ament_cmake_export_dependencies-extras.cmake\n'}
[0.608375] (action_test_msgs) StdoutLine: {'line': b'-- Up-to-date: /home/edyta/action_test/install/action_test_msgs/share/action_test_msgs/cmake/ament_cmake_export_libraries-extras.cmake\n'}
[0.608466] (action_test_msgs) StdoutLine: {'line': b'-- Up-to-date: /home/edyta/action_test/install/action_test_msgs/share/action_test_msgs/cmake/ament_cmake_export_include_directories-extras.cmake\n'}
[0.608533] (action_test_msgs) StdoutLine: {'line': b'-- Up-to-date: /home/edyta/action_test/install/action_test_msgs/share/action_test_msgs/cmake/action_test_msgsConfig.cmake\n'}
[0.608597] (action_test_msgs) StdoutLine: {'line': b'-- Up-to-date: /home/edyta/action_test/install/action_test_msgs/share/action_test_msgs/cmake/action_test_msgsConfig-version.cmake\n'}
[0.608662] (action_test_msgs) StdoutLine: {'line': b'-- Up-to-date: /home/edyta/action_test/install/action_test_msgs/share/action_test_msgs/package.xml\n'}
[0.610508] (action_test_msgs) CommandEnded: {'returncode': 0}
[0.639238] (action_test_msgs) JobEnded: {'identifier': 'action_test_msgs', 'rc': 0}
[0.640262] (action_test_core) JobStarted: {'identifier': 'action_test_core'}
[0.699233] (-) TimerEvent: {}
[0.799649] (-) TimerEvent: {}
[0.866084] (action_test_core) Command: {'cmd': ['/usr/bin/python3', 'setup.py', 'egg_info', '--egg-base', '/home/edyta/action_test/build/action_test_core', 'build', '--build-base', '/home/edyta/action_test/build/action_test_core/build', 'install', '--prefix', '/home/edyta/action_test/install/action_test_core', '--record', '/home/edyta/action_test/build/action_test_core/install.log', '--single-version-externally-managed'], 'cwd': '/home/edyta/action_test/action_test_core', 'env': {'GJS_DEBUG_TOPICS': 'JS ERROR;JS LOG', 'USER': 'edyta', 'TEXTDOMAIN': 'im-config', 'XDG_SEAT': 'seat0', 'SSH_AGENT_PID': '1885', 'XDG_SESSION_TYPE': 'x11', 'LD_LIBRARY_PATH': '/home/edyta/action_test/install/action_test_msgs/lib:/opt/ros/eloquent/opt/yaml_cpp_vendor/lib:/opt/ros/eloquent/opt/rviz_ogre_vendor/lib:/opt/ros/eloquent/lib', 'SHLVL': '1', 'OLDPWD': '/home/edyta', 'QT4_IM_MODULE': 'xim', 'HOME': '/home/edyta', 'DESKTOP_SESSION': 'ubuntu', 'GNOME_SHELL_SESSION_MODE': 'ubuntu', 'GTK_MODULES': 'gail:atk-bridge', 'ROS_PYTHON_VERSION': '3', 'DBUS_SESSION_BUS_ADDRESS': 'unix:path=/run/user/1000/bus', 'COLORTERM': 'truecolor', 'MANDATORY_PATH': '/usr/share/gconf/ubuntu.mandatory.path', 'QT_QPA_PLATFORMTHEME': 'appmenu-qt5', 'COLCON_PREFIX_PATH': '/home/edyta/action_test/install', 'IM_CONFIG_PHASE': '2', 'ROS_DISTRO': 'eloquent', 'LOGNAME': 'edyta', 'GTK_IM_MODULE': 'ibus', '_': '/usr/bin/colcon', 'DEFAULTS_PATH': '/usr/share/gconf/ubuntu.default.path', 'ROS_VERSION': '2', 'USERNAME': 'edyta', 'XDG_SESSION_ID': '2', 'TERM': 'xterm-256color', 'ROS_LOCALHOST_ONLY': '0', 'GNOME_DESKTOP_SESSION_ID': 'this-is-deprecated', 'GTK2_MODULES': 'overlay-scrollbar', 'WINDOWPATH': '2', 'PATH': '/opt/ros/eloquent/bin:/usr/local/sbin:/usr/local/bin:/usr/sbin:/usr/bin:/sbin:/bin:/usr/games:/usr/local/games:/snap/bin', 'SESSION_MANAGER': 'local/edyta-X510UNR:@/tmp/.ICE-unix/1783,unix/edyta-X510UNR:/tmp/.ICE-unix/1783', 'XDG_MENU_PREFIX': 'gnome-', 'GNOME_TERMINAL_SCREEN': '/org/gnome/Terminal/screen/29d4a0c0_c97d_4285_914c_b583a354b5a0', 'XDG_RUNTIME_DIR': '/run/user/1000', 'DISPLAY': ':0', 'LANG': 'en_US.UTF-8', 'XDG_CURRENT_DESKTOP': 'ubuntu:GNOME', 'XDG_SESSION_DESKTOP': 'ubuntu', 'XMODIFIERS': '@im=ibus', 'GNOME_TERMINAL_SERVICE': ':1.80', 'XAUTHORITY': '/run/user/1000/gdm/Xauthority', 'AMENT_PREFIX_PATH': '/home/edyta/action_test/install/action_test_core:/home/edyta/action_test/install/action_test_msgs:/opt/ros/eloquent', 'SSH_AUTH_SOCK': '/run/user/1000/keyring/ssh', 'SHELL': '/bin/bash', 'QT_ACCESSIBILITY': '1', 'GDMSESSION': 'ubuntu', 'TEXTDOMAINDIR': '/usr/share/locale/', 'GJS_DEBUG_OUTPUT': 'stderr', 'GPG_AGENT_INFO': '/run/user/1000/gnupg/S.gpg-agent:0:1', 'XDG_VTNR': '2', 'QT_IM_MODULE': 'ibus', 'LC_ALL': 'en_US.UTF-8', 'PWD': '/home/edyta/action_test/build/action_test_core', 'CLUTTER_IM_MODULE': 'xim', 'XDG_DATA_DIRS': '/usr/share/ubuntu:/usr/local/share:/usr/share:/var/lib/snapd/desktop', 'XDG_CONFIG_DIRS': '/etc/xdg/xdg-ubuntu:/etc/xdg', 'PYTHONPATH': '/home/edyta/action_test/install/action_test_core/lib/python3.6/site-packages:/home/edyta/action_test/install/action_test_msgs/lib/python3.6/site-packages:/home/edyta/action_test/install/action_test_core/lib/python3.6/site-packages:/opt/ros/eloquent/lib/python3.6/site-packages', 'COLCON': '1', 'VTE_VERSION': '5202', 'CMAKE_PREFIX_PATH': '/home/edyta/action_test/install/action_test_msgs'}, 'shell': False}
[0.899740] (-) TimerEvent: {}
[1.000043] (-) TimerEvent: {}
[1.061473] (action_test_core) StdoutLine: {'line': b'running egg_info\n'}
[1.062018] (action_test_core) StdoutLine: {'line': b'writing /home/edyta/action_test/build/action_test_core/action_test_core.egg-info/PKG-INFO\n'}
[1.062234] (action_test_core) StdoutLine: {'line': b'writing dependency_links to /home/edyta/action_test/build/action_test_core/action_test_core.egg-info/dependency_links.txt\n'}
[1.062518] (action_test_core) StdoutLine: {'line': b'writing entry points to /home/edyta/action_test/build/action_test_core/action_test_core.egg-info/entry_points.txt\n'}
[1.062619] (action_test_core) StdoutLine: {'line': b'writing requirements to /home/edyta/action_test/build/action_test_core/action_test_core.egg-info/requires.txt\n'}
[1.062694] (action_test_core) StdoutLine: {'line': b'writing top-level names to /home/edyta/action_test/build/action_test_core/action_test_core.egg-info/top_level.txt\n'}
[1.091029] (action_test_core) StdoutLine: {'line': b"reading manifest file '/home/edyta/action_test/build/action_test_core/action_test_core.egg-info/SOURCES.txt'\n"}
[1.092011] (action_test_core) StdoutLine: {'line': b"writing manifest file '/home/edyta/action_test/build/action_test_core/action_test_core.egg-info/SOURCES.txt'\n"}
[1.092113] (action_test_core) StdoutLine: {'line': b'running build\n'}
[1.092187] (action_test_core) StdoutLine: {'line': b'running build_py\n'}
[1.092354] (action_test_core) StdoutLine: {'line': b'copying action_test_core/averaging_server.py -> /home/edyta/action_test/build/action_test_core/build/lib/action_test_core\n'}
[1.092560] (action_test_core) StdoutLine: {'line': b'running install\n'}
[1.092846] (action_test_core) StdoutLine: {'line': b'running install_lib\n'}
[1.093464] (action_test_core) StdoutLine: {'line': b'copying /home/edyta/action_test/build/action_test_core/build/lib/action_test_core/averaging_server.py -> /home/edyta/action_test/install/action_test_core/lib/python3.6/site-packages/action_test_core\n'}
[1.093815] (action_test_core) StdoutLine: {'line': b'byte-compiling /home/edyta/action_test/install/action_test_core/lib/python3.6/site-packages/action_test_core/averaging_server.py to averaging_server.cpython-36.pyc\n'}
[1.094011] (action_test_core) StdoutLine: {'line': b'running install_data\n'}
[1.094196] (action_test_core) StderrLine: {'line': b'Sorry: TabError: inconsistent use of tabs and spaces in indentation (averaging_server.py, line 39)\n'}
[1.094389] (action_test_core) StdoutLine: {'line': b'running install_egg_info\n'}
[1.095830] (action_test_core) StdoutLine: {'line': b"removing '/home/edyta/action_test/install/action_test_core/lib/python3.6/site-packages/action_test_core-0.0.0-py3.6.egg-info' (and everything under it)\n"}
[1.096017] (action_test_core) StdoutLine: {'line': b'Copying /home/edyta/action_test/build/action_test_core/action_test_core.egg-info to /home/edyta/action_test/install/action_test_core/lib/python3.6/site-packages/action_test_core-0.0.0-py3.6.egg-info\n'}
[1.096698] (action_test_core) StdoutLine: {'line': b'running install_scripts\n'}
[1.100152] (-) TimerEvent: {}
[1.112441] (action_test_core) StdoutLine: {'line': b'Installing averaging_server script to /home/edyta/action_test/install/action_test_core/lib/action_test_core\n'}
[1.112585] (action_test_core) StdoutLine: {'line': b'Installing random_number script to /home/edyta/action_test/install/action_test_core/lib/action_test_core\n'}
[1.112835] (action_test_core) StdoutLine: {'line': b"writing list of installed files to '/home/edyta/action_test/build/action_test_core/install.log'\n"}
[1.134613] (action_test_core) CommandEnded: {'returncode': 0}
[1.142223] (action_test_core) JobEnded: {'identifier': 'action_test_core', 'rc': 0}
[1.143364] (-) EventReactorShutdown: {}
