[0.000000] (-) TimerEvent: {}
[0.000221] (action_test) JobQueued: {'identifier': 'action_test', 'dependencies': OrderedDict()}
[0.000353] (action_test) JobStarted: {'identifier': 'action_test'}
[0.009309] (action_test) JobProgress: {'identifier': 'action_test', 'progress': 'cmake'}
[0.009514] (action_test) Command: {'cmd': ['/usr/bin/cmake', '/home/edyta/action_test', '-DCMAKE_INSTALL_PREFIX=/home/edyta/action_test/install/action_test'], 'cwd': '/home/edyta/action_test/build/action_test', 'env': OrderedDict([('GJS_DEBUG_TOPICS', 'JS ERROR;JS LOG'), ('USER', 'edyta'), ('TEXTDOMAIN', 'im-config'), ('XDG_SEAT', 'seat0'), ('SSH_AGENT_PID', '1866'), ('XDG_SESSION_TYPE', 'x11'), ('LD_LIBRARY_PATH', '/opt/ros/eloquent/opt/yaml_cpp_vendor/lib:/opt/ros/eloquent/opt/rviz_ogre_vendor/lib:/opt/ros/eloquent/lib'), ('SHLVL', '1'), ('OLDPWD', '/home/edyta/action_test/src'), ('QT4_IM_MODULE', 'xim'), ('HOME', '/home/edyta'), ('DESKTOP_SESSION', 'ubuntu'), ('GNOME_SHELL_SESSION_MODE', 'ubuntu'), ('GTK_MODULES', 'gail:atk-bridge'), ('ROS_PYTHON_VERSION', '3'), ('DBUS_SESSION_BUS_ADDRESS', 'unix:path=/run/user/1000/bus'), ('COLORTERM', 'truecolor'), ('MANDATORY_PATH', '/usr/share/gconf/ubuntu.mandatory.path'), ('QT_QPA_PLATFORMTHEME', 'appmenu-qt5'), ('IM_CONFIG_PHASE', '2'), ('ROS_DISTRO', 'eloquent'), ('LOGNAME', 'edyta'), ('GTK_IM_MODULE', 'ibus'), ('_', '/usr/bin/colcon'), ('DEFAULTS_PATH', '/usr/share/gconf/ubuntu.default.path'), ('ROS_VERSION', '2'), ('USERNAME', 'edyta'), ('XDG_SESSION_ID', '2'), ('TERM', 'xterm-256color'), ('ROS_LOCALHOST_ONLY', '0'), ('GNOME_DESKTOP_SESSION_ID', 'this-is-deprecated'), ('GTK2_MODULES', 'overlay-scrollbar'), ('WINDOWPATH', '2'), ('PATH', '/opt/ros/eloquent/bin:/usr/local/sbin:/usr/local/bin:/usr/sbin:/usr/bin:/sbin:/bin:/usr/games:/usr/local/games:/snap/bin'), ('SESSION_MANAGER', 'local/edyta-X510UNR:@/tmp/.ICE-unix/1764,unix/edyta-X510UNR:/tmp/.ICE-unix/1764'), ('XDG_MENU_PREFIX', 'gnome-'), ('GNOME_TERMINAL_SCREEN', '/org/gnome/Terminal/screen/043c1bf3_7788_4eee_8084_247ff0d4e518'), ('XDG_RUNTIME_DIR', '/run/user/1000'), ('DISPLAY', ':0'), ('LANG', 'en_US.UTF-8'), ('XDG_CURRENT_DESKTOP', 'ubuntu:GNOME'), ('XDG_SESSION_DESKTOP', 'ubuntu'), ('XMODIFIERS', '@im=ibus'), ('GNOME_TERMINAL_SERVICE', ':1.81'), ('XAUTHORITY', '/run/user/1000/gdm/Xauthority'), ('AMENT_PREFIX_PATH', '/opt/ros/eloquent'), ('SSH_AUTH_SOCK', '/run/user/1000/keyring/ssh'), ('SHELL', '/bin/bash'), ('QT_ACCESSIBILITY', '1'), ('GDMSESSION', 'ubuntu'), ('TEXTDOMAINDIR', '/usr/share/locale/'), ('GJS_DEBUG_OUTPUT', 'stderr'), ('GPG_AGENT_INFO', '/run/user/1000/gnupg/S.gpg-agent:0:1'), ('XDG_VTNR', '2'), ('QT_IM_MODULE', 'ibus'), ('LC_ALL', 'en_US.UTF-8'), ('PWD', '/home/edyta/action_test/build/action_test'), ('CLUTTER_IM_MODULE', 'xim'), ('XDG_DATA_DIRS', '/usr/share/ubuntu:/usr/local/share:/usr/share:/var/lib/snapd/desktop'), ('XDG_CONFIG_DIRS', '/etc/xdg/xdg-ubuntu:/etc/xdg'), ('PYTHONPATH', '/opt/ros/eloquent/lib/python3.6/site-packages'), ('COLCON', '1'), ('VTE_VERSION', '5202')]), 'shell': False}
[0.098697] (-) TimerEvent: {}
[0.199266] (-) TimerEvent: {}
[0.259707] (action_test) StdoutLine: {'line': b'-- The C compiler identification is GNU 7.5.0\n'}
[0.299501] (-) TimerEvent: {}
[0.400284] (-) TimerEvent: {}
[0.450833] (action_test) StdoutLine: {'line': b'-- The CXX compiler identification is GNU 7.5.0\n'}
[0.457504] (action_test) StdoutLine: {'line': b'-- Check for working C compiler: /usr/bin/cc\n'}
[0.500353] (-) TimerEvent: {}
[0.535163] (action_test) StdoutLine: {'line': b'-- Check for working C compiler: /usr/bin/cc -- works\n'}
[0.536337] (action_test) StdoutLine: {'line': b'-- Detecting C compiler ABI info\n'}
[0.600475] (-) TimerEvent: {}
[0.600990] (action_test) StdoutLine: {'line': b'-- Detecting C compiler ABI info - done\n'}
[0.606196] (action_test) StdoutLine: {'line': b'-- Detecting C compile features\n'}
[0.700603] (-) TimerEvent: {}
[0.800865] (-) TimerEvent: {}
[0.812653] (action_test) StdoutLine: {'line': b'-- Detecting C compile features - done\n'}
[0.815569] (action_test) StdoutLine: {'line': b'-- Check for working CXX compiler: /usr/bin/c++\n'}
[0.889088] (action_test) StdoutLine: {'line': b'-- Check for working CXX compiler: /usr/bin/c++ -- works\n'}
[0.889667] (action_test) StdoutLine: {'line': b'-- Detecting CXX compiler ABI info\n'}
[0.900991] (-) TimerEvent: {}
[0.964713] (action_test) StdoutLine: {'line': b'-- Detecting CXX compiler ABI info - done\n'}
[0.968988] (action_test) StdoutLine: {'line': b'-- Detecting CXX compile features\n'}
[1.001121] (-) TimerEvent: {}
[1.101416] (-) TimerEvent: {}
[1.201694] (-) TimerEvent: {}
[1.281143] (action_test) StdoutLine: {'line': b'-- Detecting CXX compile features - done\n'}
[1.283659] (action_test) StdoutLine: {'line': b'-- Found ament_cmake: 0.8.2 (/opt/ros/eloquent/share/ament_cmake/cmake)\n'}
[1.301781] (-) TimerEvent: {}
[1.313678] (action_test) StdoutLine: {'line': b'-- Found PythonInterp: /usr/bin/python3 (found suitable version "3.6.9", minimum required is "3") \n'}
[1.313914] (action_test) StdoutLine: {'line': b'-- Using PYTHON_EXECUTABLE: /usr/bin/python3\n'}
[1.401869] (-) TimerEvent: {}
[1.502178] (-) TimerEvent: {}
[1.518326] (action_test) StdoutLine: {'line': b'-- Found rclcpp: 0.8.4 (/opt/ros/eloquent/share/rclcpp/cmake)\n'}
[1.542841] (action_test) StdoutLine: {'line': b'-- Found rosidl_adapter: 0.8.2 (/opt/ros/eloquent/share/rosidl_adapter/cmake)\n'}
[1.590461] (action_test) StdoutLine: {'line': b'-- Found rmw_implementation_cmake: 0.8.1 (/opt/ros/eloquent/share/rmw_implementation_cmake/cmake)\n'}
[1.592321] (action_test) StdoutLine: {'line': b"-- Using RMW implementation 'rmw_fastrtps_cpp' as default\n"}
[1.593962] (action_test) StdoutLine: {'line': b'-- Looking for pthread.h\n'}
[1.602307] (-) TimerEvent: {}
[1.668222] (action_test) StdoutLine: {'line': b'-- Looking for pthread.h - found\n'}
[1.668788] (action_test) StdoutLine: {'line': b'-- Looking for pthread_create\n'}
[1.702443] (-) TimerEvent: {}
[1.736935] (action_test) StdoutLine: {'line': b'-- Looking for pthread_create - not found\n'}
[1.737217] (action_test) StdoutLine: {'line': b'-- Looking for pthread_create in pthreads\n'}
[1.790875] (action_test) StdoutLine: {'line': b'-- Looking for pthread_create in pthreads - not found\n'}
[1.791160] (action_test) StdoutLine: {'line': b'-- Looking for pthread_create in pthread\n'}
[1.802571] (-) TimerEvent: {}
[1.856257] (action_test) StdoutLine: {'line': b'-- Looking for pthread_create in pthread - found\n'}
[1.857224] (action_test) StdoutLine: {'line': b'-- Found Threads: TRUE  \n'}
[1.897572] (action_test) StdoutLine: {'line': b'-- Found std_msgs: 0.8.1 (/opt/ros/eloquent/share/std_msgs/cmake)\n'}
[1.902685] (-) TimerEvent: {}
[1.904020] (action_test) StdoutLine: {'line': b'-- Found rosidl_default_generators: 0.8.0 (/opt/ros/eloquent/share/rosidl_default_generators/cmake)\n'}
[1.980734] (action_test) StdoutLine: {'line': b'-- Found OpenSSL: /usr/lib/x86_64-linux-gnu/libcrypto.so (found version "1.1.1") \n'}
[2.002829] (-) TimerEvent: {}
[2.006702] (action_test) StderrLine: {'line': b'CMake Error at /usr/share/cmake-3.10/Modules/FindPackageHandleStandardArgs.cmake:137 (message):\n'}
[2.006863] (action_test) StderrLine: {'line': b'  Could NOT find FastRTPS (missing: FastRTPS_INCLUDE_DIR FastRTPS_LIBRARIES)\n'}
[2.006940] (action_test) StderrLine: {'line': b'Call Stack (most recent call first):\n'}
[2.007009] (action_test) StderrLine: {'line': b'  /usr/share/cmake-3.10/Modules/FindPackageHandleStandardArgs.cmake:378 (_FPHSA_FAILURE_MESSAGE)\n'}
[2.007074] (action_test) StderrLine: {'line': b'  /opt/ros/eloquent/share/fastrtps_cmake_module/cmake/Modules/FindFastRTPS.cmake:95 (find_package_handle_standard_args)\n'}
[2.007143] (action_test) StderrLine: {'line': b'  /opt/ros/eloquent/share/rosidl_typesupport_fastrtps_c/cmake/rosidl_typesupport_fastrtps_c-extras.cmake:7 (find_package)\n'}
[2.007209] (action_test) StderrLine: {'line': b'  /opt/ros/eloquent/share/rosidl_typesupport_fastrtps_c/cmake/rosidl_typesupport_fastrtps_cConfig.cmake:38 (include)\n'}
[2.007274] (action_test) StderrLine: {'line': b'  /opt/ros/eloquent/share/rosidl_default_generators/cmake/rosidl_default_generators-extras.cmake:21 (find_package)\n'}
[2.007344] (action_test) StderrLine: {'line': b'  /opt/ros/eloquent/share/rosidl_default_generators/cmake/rosidl_default_generatorsConfig.cmake:38 (include)\n'}
[2.007408] (action_test) StderrLine: {'line': b'  CMakeLists.txt:23 (find_package)\n'}
[2.007471] (action_test) StderrLine: {'line': b'\n'}
[2.007534] (action_test) StderrLine: {'line': b'\n'}
[2.007971] (action_test) StdoutLine: {'line': b'-- Configuring incomplete, errors occurred!\n'}
[2.008081] (action_test) StdoutLine: {'line': b'See also "/home/edyta/action_test/build/action_test/CMakeFiles/CMakeOutput.log".\n'}
[2.008189] (action_test) StdoutLine: {'line': b'See also "/home/edyta/action_test/build/action_test/CMakeFiles/CMakeError.log".\n'}
[2.011946] (action_test) CommandEnded: {'returncode': 1}
[2.012513] (action_test) JobEnded: {'identifier': 'action_test', 'rc': 1}
[2.023102] (-) EventReactorShutdown: {}
