[1.307s] DEBUG:colcon:Command line arguments: ['/usr/bin/colcon', 'build']
[1.308s] DEBUG:colcon:Parsed command line arguments: Namespace(ament_cmake_args=None, base_paths=['.'], build_base='build', catkin_cmake_args=None, catkin_skip_building_tests=False, cmake_args=None, cmake_clean_cache=False, cmake_clean_first=False, cmake_force_configure=False, cmake_target=None, cmake_target_skip_unavailable=False, continue_on_error=False, event_handlers=None, executor='parallel', ignore_user_meta=False, install_base='install', log_base=None, log_level=None, main=<bound method BuildVerb.main of <colcon_core.verb.build.BuildVerb object at 0x7f20710eae80>>, merge_install=False, metas=['./colcon.meta'], packages_above=None, packages_above_depth=None, packages_end=None, packages_ignore=None, packages_ignore_regex=None, packages_select=None, packages_select_build_failed=False, packages_select_by_dep=None, packages_select_regex=None, packages_select_test_failures=False, packages_skip=None, packages_skip_build_finished=False, packages_skip_by_dep=None, packages_skip_regex=None, packages_skip_test_passed=False, packages_skip_up_to=None, packages_start=None, packages_up_to=None, parallel_workers=8, paths=None, symlink_install=False, test_result_base=None, verb_extension=<colcon_core.verb.build.BuildVerb object at 0x7f20710eae80>, verb_name='build', verb_parser=<colcon_defaults.argument_parser.defaults.DefaultArgumentsDecorator object at 0x7f20710f7208>)
[1.633s] Level 1:colcon.colcon_core.package_discovery:discover_packages(colcon_meta) check parameters
[1.634s] Level 1:colcon.colcon_core.package_discovery:discover_packages(recursive) check parameters
[1.634s] Level 1:colcon.colcon_core.package_discovery:discover_packages(ignore) check parameters
[1.634s] Level 1:colcon.colcon_core.package_discovery:discover_packages(path) check parameters
[1.635s] Level 1:colcon.colcon_core.package_discovery:discover_packages(colcon_meta) discover
[1.637s] Level 1:colcon.colcon_core.package_discovery:discover_packages(recursive) discover
[1.637s] INFO:colcon.colcon_core.package_discovery:Crawling recursively for packages in '/home/edyta/action_test'
[1.638s] Level 1:colcon.colcon_core.package_identification:_identify(.) by extensions ['ignore', 'ignore_ament_install']
[1.639s] Level 1:colcon.colcon_core.package_identification:_identify(.) by extension 'ignore'
[1.640s] Level 1:colcon.colcon_core.package_identification:_identify(.) by extension 'ignore_ament_install'
[1.640s] Level 1:colcon.colcon_core.package_identification:_identify(.) by extensions ['colcon_pkg']
[1.641s] Level 1:colcon.colcon_core.package_identification:_identify(.) by extension 'colcon_pkg'
[1.641s] Level 1:colcon.colcon_core.package_identification:_identify(.) by extensions ['colcon_meta']
[1.641s] Level 1:colcon.colcon_core.package_identification:_identify(.) by extension 'colcon_meta'
[1.642s] Level 1:colcon.colcon_core.package_identification:_identify(.) by extensions ['ros']
[1.642s] Level 1:colcon.colcon_core.package_identification:_identify(.) by extension 'ros'
[1.904s] Level 1:colcon.colcon_core.package_identification:_identify(.) by extensions ['cmake', 'python']
[1.905s] Level 1:colcon.colcon_core.package_identification:_identify(.) by extension 'cmake'
[1.905s] Level 1:colcon.colcon_core.package_identification:_identify(.) by extension 'python'
[1.906s] Level 1:colcon.colcon_core.package_identification:_identify(.) by extensions ['python_setup_py']
[1.906s] Level 1:colcon.colcon_core.package_identification:_identify(.) by extension 'python_setup_py'
[1.907s] Level 1:colcon.colcon_core.package_identification:_identify(action_test_core) by extensions ['ignore', 'ignore_ament_install']
[1.908s] Level 1:colcon.colcon_core.package_identification:_identify(action_test_core) by extension 'ignore'
[1.909s] Level 1:colcon.colcon_core.package_identification:_identify(action_test_core) by extension 'ignore_ament_install'
[1.909s] Level 1:colcon.colcon_core.package_identification:_identify(action_test_core) by extensions ['colcon_pkg']
[1.910s] Level 1:colcon.colcon_core.package_identification:_identify(action_test_core) by extension 'colcon_pkg'
[1.910s] Level 1:colcon.colcon_core.package_identification:_identify(action_test_core) by extensions ['colcon_meta']
[1.910s] Level 1:colcon.colcon_core.package_identification:_identify(action_test_core) by extension 'colcon_meta'
[1.911s] Level 1:colcon.colcon_core.package_identification:_identify(action_test_core) by extensions ['ros']
[1.911s] Level 1:colcon.colcon_core.package_identification:_identify(action_test_core) by extension 'ros'
[1.930s] DEBUG:colcon.colcon_core.package_identification:Package 'action_test_core' with type 'ros.ament_python' and name 'action_test_core'
[1.931s] Level 1:colcon.colcon_core.package_identification:_identify(action_test_msgs) by extensions ['ignore', 'ignore_ament_install']
[1.932s] Level 1:colcon.colcon_core.package_identification:_identify(action_test_msgs) by extension 'ignore'
[1.933s] Level 1:colcon.colcon_core.package_identification:_identify(action_test_msgs) by extension 'ignore_ament_install'
[1.934s] Level 1:colcon.colcon_core.package_identification:_identify(action_test_msgs) by extensions ['colcon_pkg']
[1.934s] Level 1:colcon.colcon_core.package_identification:_identify(action_test_msgs) by extension 'colcon_pkg'
[1.935s] Level 1:colcon.colcon_core.package_identification:_identify(action_test_msgs) by extensions ['colcon_meta']
[1.935s] Level 1:colcon.colcon_core.package_identification:_identify(action_test_msgs) by extension 'colcon_meta'
[1.935s] Level 1:colcon.colcon_core.package_identification:_identify(action_test_msgs) by extensions ['ros']
[1.935s] Level 1:colcon.colcon_core.package_identification:_identify(action_test_msgs) by extension 'ros'
[1.940s] DEBUG:colcon.colcon_core.package_identification:Package 'action_test_msgs' with type 'ros.ament_cmake' and name 'action_test_msgs'
[1.941s] Level 1:colcon.colcon_core.package_identification:_identify(build) by extensions ['ignore', 'ignore_ament_install']
[1.942s] Level 1:colcon.colcon_core.package_identification:_identify(build) by extension 'ignore'
[1.942s] Level 1:colcon.colcon_core.package_identification:_identify(build) ignored
[1.945s] Level 1:colcon.colcon_core.package_identification:_identify(install) by extensions ['ignore', 'ignore_ament_install']
[1.946s] Level 1:colcon.colcon_core.package_identification:_identify(install) by extension 'ignore'
[1.946s] Level 1:colcon.colcon_core.package_identification:_identify(install) ignored
[1.947s] Level 1:colcon.colcon_core.package_identification:_identify(log) by extensions ['ignore', 'ignore_ament_install']
[1.948s] Level 1:colcon.colcon_core.package_identification:_identify(log) by extension 'ignore'
[1.948s] Level 1:colcon.colcon_core.package_identification:_identify(log) ignored
[1.948s] Level 1:colcon.colcon_core.package_discovery:discover_packages(recursive) using defaults
[1.950s] Level 1:colcon.colcon_core.package_discovery:discover_packages(ignore) discover
[1.950s] Level 1:colcon.colcon_core.package_discovery:discover_packages(ignore) using defaults
[1.951s] Level 1:colcon.colcon_core.package_discovery:discover_packages(path) discover
[1.951s] Level 1:colcon.colcon_core.package_discovery:discover_packages(path) using defaults
[1.998s] Level 5:colcon.colcon_core.verb:set package 'action_test_msgs' build argument 'cmake_args' from command line to 'None'
[1.998s] Level 5:colcon.colcon_core.verb:set package 'action_test_msgs' build argument 'cmake_target' from command line to 'None'
[1.999s] Level 5:colcon.colcon_core.verb:set package 'action_test_msgs' build argument 'cmake_target_skip_unavailable' from command line to 'False'
[1.999s] Level 5:colcon.colcon_core.verb:set package 'action_test_msgs' build argument 'cmake_clean_cache' from command line to 'False'
[1.999s] Level 5:colcon.colcon_core.verb:set package 'action_test_msgs' build argument 'cmake_clean_first' from command line to 'False'
[2.000s] Level 5:colcon.colcon_core.verb:set package 'action_test_msgs' build argument 'cmake_force_configure' from command line to 'False'
[2.000s] Level 5:colcon.colcon_core.verb:set package 'action_test_msgs' build argument 'ament_cmake_args' from command line to 'None'
[2.000s] Level 5:colcon.colcon_core.verb:set package 'action_test_msgs' build argument 'catkin_cmake_args' from command line to 'None'
[2.000s] Level 5:colcon.colcon_core.verb:set package 'action_test_msgs' build argument 'catkin_skip_building_tests' from command line to 'False'
[2.001s] DEBUG:colcon.colcon_core.verb:Building package 'action_test_msgs' with the following arguments: {'ament_cmake_args': None, 'build_base': '/home/edyta/action_test/build/action_test_msgs', 'catkin_cmake_args': None, 'catkin_skip_building_tests': False, 'cmake_args': None, 'cmake_clean_cache': False, 'cmake_clean_first': False, 'cmake_force_configure': False, 'cmake_target': None, 'cmake_target_skip_unavailable': False, 'install_base': '/home/edyta/action_test/install/action_test_msgs', 'merge_install': False, 'path': '/home/edyta/action_test/action_test_msgs', 'symlink_install': False, 'test_result_base': None}
[2.025s] Level 5:colcon.colcon_core.verb:set package 'action_test_core' build argument 'cmake_args' from command line to 'None'
[2.026s] Level 5:colcon.colcon_core.verb:set package 'action_test_core' build argument 'cmake_target' from command line to 'None'
[2.026s] Level 5:colcon.colcon_core.verb:set package 'action_test_core' build argument 'cmake_target_skip_unavailable' from command line to 'False'
[2.027s] Level 5:colcon.colcon_core.verb:set package 'action_test_core' build argument 'cmake_clean_cache' from command line to 'False'
[2.027s] Level 5:colcon.colcon_core.verb:set package 'action_test_core' build argument 'cmake_clean_first' from command line to 'False'
[2.027s] Level 5:colcon.colcon_core.verb:set package 'action_test_core' build argument 'cmake_force_configure' from command line to 'False'
[2.027s] Level 5:colcon.colcon_core.verb:set package 'action_test_core' build argument 'ament_cmake_args' from command line to 'None'
[2.028s] Level 5:colcon.colcon_core.verb:set package 'action_test_core' build argument 'catkin_cmake_args' from command line to 'None'
[2.028s] Level 5:colcon.colcon_core.verb:set package 'action_test_core' build argument 'catkin_skip_building_tests' from command line to 'False'
[2.028s] DEBUG:colcon.colcon_core.verb:Building package 'action_test_core' with the following arguments: {'ament_cmake_args': None, 'build_base': '/home/edyta/action_test/build/action_test_core', 'catkin_cmake_args': None, 'catkin_skip_building_tests': False, 'cmake_args': None, 'cmake_clean_cache': False, 'cmake_clean_first': False, 'cmake_force_configure': False, 'cmake_target': None, 'cmake_target_skip_unavailable': False, 'install_base': '/home/edyta/action_test/install/action_test_core', 'merge_install': False, 'path': '/home/edyta/action_test/action_test_core', 'symlink_install': False, 'test_result_base': None}
[2.031s] INFO:colcon.colcon_core.executor:Executing jobs using 'parallel' executor
[2.046s] DEBUG:colcon.colcon_parallel_executor.executor.parallel:run_until_complete
[2.047s] INFO:colcon.colcon_ros.task.ament_cmake.build:Building ROS package in '/home/edyta/action_test/action_test_msgs' with build type 'ament_cmake'
[2.078s] INFO:colcon.colcon_core.plugin_system:Skipping extension 'colcon_core.shell.bat': Not used on non-Windows systems
[2.080s] INFO:colcon.colcon_cmake.task.cmake.build:Building CMake package in '/home/edyta/action_test/action_test_msgs'
[2.085s] INFO:colcon.colcon_core.shell:Skip shell extension 'powershell' for command environment: Not usable outside of PowerShell
[2.086s] DEBUG:colcon.colcon_core.shell:Skip shell extension 'dsv' for command environment
[2.110s] DEBUG:colcon.colcon_core.shell:Ignoring prefix path '/opt/ros/eloquent'
[2.169s] DEBUG:colcon.colcon_core.event_handler.log_command:Invoking command in '/home/edyta/action_test/build/action_test_msgs': CMAKE_PREFIX_PATH=/opt/ros/eloquent /usr/bin/cmake --build /home/edyta/action_test/build/action_test_msgs -- -j8 -l8
[4.147s] DEBUG:colcon.colcon_core.event_handler.log_command:Invoked command in '/home/edyta/action_test/build/action_test_msgs' returned '0': CMAKE_PREFIX_PATH=/opt/ros/eloquent /usr/bin/cmake --build /home/edyta/action_test/build/action_test_msgs -- -j8 -l8
[4.591s] DEBUG:colcon.colcon_core.event_handler.log_command:Invoking command in '/home/edyta/action_test/build/action_test_msgs': CMAKE_PREFIX_PATH=/opt/ros/eloquent /usr/bin/cmake --build /home/edyta/action_test/build/action_test_msgs --target install -- -j8 -l8
[7.020s] Level 1:colcon.colcon_core.environment:create_environment_scripts_only(action_test_msgs)
[7.033s] DEBUG:colcon.colcon_core.event_handler.log_command:Invoked command in '/home/edyta/action_test/build/action_test_msgs' returned '0': CMAKE_PREFIX_PATH=/opt/ros/eloquent /usr/bin/cmake --build /home/edyta/action_test/build/action_test_msgs --target install -- -j8 -l8
[7.055s] Level 1:colcon.colcon_core.environment:checking '/home/edyta/action_test/install/action_test_msgs' for CMake module files
[7.060s] Level 1:colcon.colcon_core.environment:checking '/home/edyta/action_test/install/action_test_msgs' for CMake config files
[7.064s] Level 1:colcon.colcon_core.shell:create_environment_hook('action_test_msgs', 'cmake_prefix_path')
[7.128s] INFO:colcon.colcon_core.shell:Creating environment hook '/home/edyta/action_test/install/action_test_msgs/share/action_test_msgs/hook/cmake_prefix_path.ps1'
[7.134s] INFO:colcon.colcon_core.shell:Creating environment descriptor '/home/edyta/action_test/install/action_test_msgs/share/action_test_msgs/hook/cmake_prefix_path.dsv'
[7.138s] INFO:colcon.colcon_core.shell:Creating environment hook '/home/edyta/action_test/install/action_test_msgs/share/action_test_msgs/hook/cmake_prefix_path.sh'
[7.147s] Level 1:colcon.colcon_core.environment:checking '/home/edyta/action_test/install/action_test_msgs/lib'
[7.148s] Level 1:colcon.colcon_core.shell:create_environment_hook('action_test_msgs', 'ld_library_path_lib')
[7.153s] INFO:colcon.colcon_core.shell:Creating environment hook '/home/edyta/action_test/install/action_test_msgs/share/action_test_msgs/hook/ld_library_path_lib.ps1'
[7.155s] INFO:colcon.colcon_core.shell:Creating environment descriptor '/home/edyta/action_test/install/action_test_msgs/share/action_test_msgs/hook/ld_library_path_lib.dsv'
[7.158s] INFO:colcon.colcon_core.shell:Creating environment hook '/home/edyta/action_test/install/action_test_msgs/share/action_test_msgs/hook/ld_library_path_lib.sh'
[7.161s] Level 1:colcon.colcon_core.environment:checking '/home/edyta/action_test/install/action_test_msgs/bin'
[7.162s] Level 1:colcon.colcon_core.environment:checking '/home/edyta/action_test/install/action_test_msgs/lib/pkgconfig/action_test_msgs.pc'
[7.162s] Level 1:colcon.colcon_core.environment:checking '/home/edyta/action_test/install/action_test_msgs/lib/python3.6/site-packages'
[7.163s] Level 1:colcon.colcon_core.shell:create_environment_hook('action_test_msgs', 'pythonpath')
[7.167s] INFO:colcon.colcon_core.shell:Creating environment hook '/home/edyta/action_test/install/action_test_msgs/share/action_test_msgs/hook/pythonpath.ps1'
[7.170s] INFO:colcon.colcon_core.shell:Creating environment descriptor '/home/edyta/action_test/install/action_test_msgs/share/action_test_msgs/hook/pythonpath.dsv'
[7.172s] INFO:colcon.colcon_core.shell:Creating environment hook '/home/edyta/action_test/install/action_test_msgs/share/action_test_msgs/hook/pythonpath.sh'
[7.181s] INFO:colcon.colcon_core.shell:Creating package script '/home/edyta/action_test/install/action_test_msgs/share/action_test_msgs/package.ps1'
[7.189s] INFO:colcon.colcon_core.shell:Creating package descriptor '/home/edyta/action_test/install/action_test_msgs/share/action_test_msgs/package.dsv'
[7.195s] INFO:colcon.colcon_core.shell:Creating package script '/home/edyta/action_test/install/action_test_msgs/share/action_test_msgs/package.sh'
[7.202s] INFO:colcon.colcon_core.shell:Creating package script '/home/edyta/action_test/install/action_test_msgs/share/action_test_msgs/package.bash'
[7.209s] INFO:colcon.colcon_core.shell:Creating package script '/home/edyta/action_test/install/action_test_msgs/share/action_test_msgs/package.zsh'
[7.215s] Level 1:colcon.colcon_core.environment:create_file_with_runtime_dependencies(/home/edyta/action_test/install/action_test_msgs/share/colcon-core/packages/action_test_msgs)
[7.218s] INFO:colcon.colcon_ros.task.ament_python.build:Building ROS package in '/home/edyta/action_test/action_test_core' with build type 'ament_python'
[7.219s] Level 1:colcon.colcon_core.shell:create_environment_hook('action_test_core', 'ament_prefix_path')
[7.225s] INFO:colcon.colcon_core.shell:Creating environment hook '/home/edyta/action_test/install/action_test_core/share/action_test_core/hook/ament_prefix_path.ps1'
[7.231s] INFO:colcon.colcon_core.shell:Creating environment descriptor '/home/edyta/action_test/install/action_test_core/share/action_test_core/hook/ament_prefix_path.dsv'
[7.235s] INFO:colcon.colcon_core.shell:Creating environment hook '/home/edyta/action_test/install/action_test_core/share/action_test_core/hook/ament_prefix_path.sh'
[7.243s] INFO:colcon.colcon_core.shell:Skip shell extension 'powershell' for command environment: Not usable outside of PowerShell
[7.243s] DEBUG:colcon.colcon_core.shell:Skip shell extension 'dsv' for command environment
[7.255s] DEBUG:colcon.colcon_core.shell:Ignoring prefix path '/opt/ros/eloquent'
[9.053s] INFO:colcon.colcon_core.task.python.build:Building Python package in '/home/edyta/action_test/action_test_core'
[9.063s] INFO:colcon.colcon_core.shell:Skip shell extension 'powershell' for command environment: Not usable outside of PowerShell
[9.063s] DEBUG:colcon.colcon_core.shell:Skip shell extension 'dsv' for command environment
[9.076s] DEBUG:colcon.colcon_core.shell:Ignoring prefix path '/opt/ros/eloquent'
[9.145s] DEBUG:colcon.colcon_core.event_handler.log_command:Invoking command in '/home/edyta/action_test/action_test_core': AMENT_PREFIX_PATH=/home/edyta/action_test/install/action_test_msgs:${AMENT_PREFIX_PATH} CMAKE_PREFIX_PATH=/home/edyta/action_test/install/action_test_msgs LD_LIBRARY_PATH=/home/edyta/action_test/install/action_test_msgs/lib:${LD_LIBRARY_PATH} PYTHONPATH=/home/edyta/action_test/install/action_test_core/lib/python3.6/site-packages:/home/edyta/action_test/install/action_test_msgs/lib/python3.6/site-packages:${PYTHONPATH} /usr/bin/python3 setup.py egg_info --egg-base /home/edyta/action_test/build/action_test_core build --build-base /home/edyta/action_test/build/action_test_core/build install --prefix /home/edyta/action_test/install/action_test_core --record /home/edyta/action_test/build/action_test_core/install.log --single-version-externally-managed
[11.410s] Level 1:colcon.colcon_core.environment:checking '/home/edyta/action_test/install/action_test_core' for CMake module files
[11.413s] DEBUG:colcon.colcon_core.event_handler.log_command:Invoked command in '/home/edyta/action_test/action_test_core' returned '0': AMENT_PREFIX_PATH=/home/edyta/action_test/install/action_test_msgs:${AMENT_PREFIX_PATH} CMAKE_PREFIX_PATH=/home/edyta/action_test/install/action_test_msgs LD_LIBRARY_PATH=/home/edyta/action_test/install/action_test_msgs/lib:${LD_LIBRARY_PATH} PYTHONPATH=/home/edyta/action_test/install/action_test_core/lib/python3.6/site-packages:/home/edyta/action_test/install/action_test_msgs/lib/python3.6/site-packages:${PYTHONPATH} /usr/bin/python3 setup.py egg_info --egg-base /home/edyta/action_test/build/action_test_core build --build-base /home/edyta/action_test/build/action_test_core/build install --prefix /home/edyta/action_test/install/action_test_core --record /home/edyta/action_test/build/action_test_core/install.log --single-version-externally-managed
[11.415s] Level 1:colcon.colcon_core.environment:checking '/home/edyta/action_test/install/action_test_core' for CMake config files
[11.422s] Level 1:colcon.colcon_core.environment:checking '/home/edyta/action_test/install/action_test_core/lib'
[11.423s] Level 1:colcon.colcon_core.environment:checking '/home/edyta/action_test/install/action_test_core/bin'
[11.424s] Level 1:colcon.colcon_core.environment:checking '/home/edyta/action_test/install/action_test_core/lib/pkgconfig/action_test_core.pc'
[11.425s] Level 1:colcon.colcon_core.environment:checking '/home/edyta/action_test/install/action_test_core/lib/python3.6/site-packages'
[11.425s] Level 1:colcon.colcon_core.shell:create_environment_hook('action_test_core', 'pythonpath')
[11.431s] INFO:colcon.colcon_core.shell:Creating environment hook '/home/edyta/action_test/install/action_test_core/share/action_test_core/hook/pythonpath.ps1'
[11.435s] INFO:colcon.colcon_core.shell:Creating environment descriptor '/home/edyta/action_test/install/action_test_core/share/action_test_core/hook/pythonpath.dsv'
[11.438s] INFO:colcon.colcon_core.shell:Creating environment hook '/home/edyta/action_test/install/action_test_core/share/action_test_core/hook/pythonpath.sh'
[11.441s] Level 1:colcon.colcon_core.environment:create_environment_scripts_only(action_test_core)
[11.447s] INFO:colcon.colcon_core.shell:Creating package script '/home/edyta/action_test/install/action_test_core/share/action_test_core/package.ps1'
[11.451s] INFO:colcon.colcon_core.shell:Creating package descriptor '/home/edyta/action_test/install/action_test_core/share/action_test_core/package.dsv'
[11.454s] INFO:colcon.colcon_core.shell:Creating package script '/home/edyta/action_test/install/action_test_core/share/action_test_core/package.sh'
[11.458s] INFO:colcon.colcon_core.shell:Creating package script '/home/edyta/action_test/install/action_test_core/share/action_test_core/package.bash'
[11.460s] INFO:colcon.colcon_core.shell:Creating package script '/home/edyta/action_test/install/action_test_core/share/action_test_core/package.zsh'
[11.463s] Level 1:colcon.colcon_core.environment:create_file_with_runtime_dependencies(/home/edyta/action_test/install/action_test_core/share/colcon-core/packages/action_test_core)
[11.465s] DEBUG:colcon.colcon_parallel_executor.executor.parallel:closing loop
[11.467s] DEBUG:colcon.colcon_parallel_executor.executor.parallel:loop closed
[11.468s] DEBUG:colcon.colcon_parallel_executor.executor.parallel:run_until_complete finished with '0'
[11.468s] DEBUG:colcon.colcon_core.event_reactor:joining thread
[11.518s] INFO:colcon.colcon_core.plugin_system:Skipping extension 'colcon_notification.desktop_notification.terminal_notifier': Not used on non-Darwin systems
[11.519s] INFO:colcon.colcon_core.plugin_system:Skipping extension 'colcon_notification.desktop_notification.win32': Not used on non-Windows systems
[11.520s] INFO:colcon.colcon_notification.desktop_notification:Sending desktop notification using 'notify2'
[11.541s] DEBUG:colcon.colcon_core.event_reactor:joined thread
[11.547s] INFO:colcon.colcon_core.shell:Creating prefix script '/home/edyta/action_test/install/local_setup.ps1'
[11.555s] INFO:colcon.colcon_core.shell:Creating prefix util module '/home/edyta/action_test/install/_local_setup_util_ps1.py'
[11.567s] INFO:colcon.colcon_core.shell:Creating prefix chain script '/home/edyta/action_test/install/setup.ps1'
[11.584s] INFO:colcon.colcon_core.shell:Creating prefix script '/home/edyta/action_test/install/local_setup.sh'
[11.589s] INFO:colcon.colcon_core.shell:Creating prefix util module '/home/edyta/action_test/install/_local_setup_util_sh.py'
[11.593s] INFO:colcon.colcon_core.shell:Creating prefix chain script '/home/edyta/action_test/install/setup.sh'
[11.613s] INFO:colcon.colcon_core.shell:Creating prefix script '/home/edyta/action_test/install/local_setup.bash'
[11.617s] INFO:colcon.colcon_core.shell:Creating prefix chain script '/home/edyta/action_test/install/setup.bash'
[11.635s] INFO:colcon.colcon_core.shell:Creating prefix script '/home/edyta/action_test/install/local_setup.zsh'
[11.639s] INFO:colcon.colcon_core.shell:Creating prefix chain script '/home/edyta/action_test/install/setup.zsh'
