[0.000000] (-) TimerEvent: {}
[0.000293] (action_test) JobQueued: {'identifier': 'action_test', 'dependencies': OrderedDict()}
[0.000508] (action_test) JobStarted: {'identifier': 'action_test'}
[0.008754] (action_test) JobProgress: {'identifier': 'action_test', 'progress': 'cmake'}
[0.009380] (action_test) Command: {'cmd': ['/usr/bin/cmake', '/home/edyta/action_test', '-DCMAKE_INSTALL_PREFIX=/home/edyta/action_test/install/action_test'], 'cwd': '/home/edyta/action_test/build/action_test', 'env': OrderedDict([('GJS_DEBUG_TOPICS', 'JS ERROR;JS LOG'), ('USER', 'edyta'), ('TEXTDOMAIN', 'im-config'), ('XDG_SEAT', 'seat0'), ('SSH_AGENT_PID', '1866'), ('XDG_SESSION_TYPE', 'x11'), ('SHLVL', '1'), ('OLDPWD', '/home/edyta'), ('QT4_IM_MODULE', 'xim'), ('HOME', '/home/edyta'), ('DESKTOP_SESSION', 'ubuntu'), ('GNOME_SHELL_SESSION_MODE', 'ubuntu'), ('GTK_MODULES', 'gail:atk-bridge'), ('DBUS_SESSION_BUS_ADDRESS', 'unix:path=/run/user/1000/bus'), ('COLORTERM', 'truecolor'), ('MANDATORY_PATH', '/usr/share/gconf/ubuntu.mandatory.path'), ('QT_QPA_PLATFORMTHEME', 'appmenu-qt5'), ('IM_CONFIG_PHASE', '2'), ('LOGNAME', 'edyta'), ('GTK_IM_MODULE', 'ibus'), ('_', '/usr/bin/colcon'), ('DEFAULTS_PATH', '/usr/share/gconf/ubuntu.default.path'), ('USERNAME', 'edyta'), ('XDG_SESSION_ID', '2'), ('TERM', 'xterm-256color'), ('GNOME_DESKTOP_SESSION_ID', 'this-is-deprecated'), ('GTK2_MODULES', 'overlay-scrollbar'), ('WINDOWPATH', '2'), ('PATH', '/usr/local/sbin:/usr/local/bin:/usr/sbin:/usr/bin:/sbin:/bin:/usr/games:/usr/local/games:/snap/bin'), ('SESSION_MANAGER', 'local/edyta-X510UNR:@/tmp/.ICE-unix/1764,unix/edyta-X510UNR:/tmp/.ICE-unix/1764'), ('XDG_MENU_PREFIX', 'gnome-'), ('GNOME_TERMINAL_SCREEN', '/org/gnome/Terminal/screen/a0e680a0_4bf2_48da_8f04_fcace0f7031b'), ('XDG_RUNTIME_DIR', '/run/user/1000'), ('DISPLAY', ':0'), ('LANG', 'en_US.UTF-8'), ('XDG_CURRENT_DESKTOP', 'ubuntu:GNOME'), ('XDG_SESSION_DESKTOP', 'ubuntu'), ('XMODIFIERS', '@im=ibus'), ('GNOME_TERMINAL_SERVICE', ':1.166'), ('XAUTHORITY', '/run/user/1000/gdm/Xauthority'), ('SSH_AUTH_SOCK', '/run/user/1000/keyring/ssh'), ('SHELL', '/bin/bash'), ('QT_ACCESSIBILITY', '1'), ('GDMSESSION', 'ubuntu'), ('TEXTDOMAINDIR', '/usr/share/locale/'), ('GJS_DEBUG_OUTPUT', 'stderr'), ('GPG_AGENT_INFO', '/run/user/1000/gnupg/S.gpg-agent:0:1'), ('XDG_VTNR', '2'), ('QT_IM_MODULE', 'ibus'), ('LC_ALL', 'en_US.UTF-8'), ('PWD', '/home/edyta/action_test/build/action_test'), ('CLUTTER_IM_MODULE', 'xim'), ('XDG_DATA_DIRS', '/usr/share/ubuntu:/usr/local/share:/usr/share:/var/lib/snapd/desktop'), ('XDG_CONFIG_DIRS', '/etc/xdg/xdg-ubuntu:/etc/xdg'), ('COLCON', '1'), ('VTE_VERSION', '5202')]), 'shell': False}
[0.024968] (action_test) StdoutLine: {'line': b'-- Found ament_cmake: 0.8.2 (/opt/ros/eloquent/share/ament_cmake/cmake)\n'}
[0.048325] (action_test) StdoutLine: {'line': b'-- Using PYTHON_EXECUTABLE: /usr/bin/python3\n'}
[0.098890] (-) TimerEvent: {}
[0.130005] (action_test) StderrLine: {'line': b'Traceback (most recent call last):\n'}
[0.130188] (action_test) StderrLine: {'line': b'  File "/opt/ros/eloquent/share/ament_cmake_core/cmake/package_templates/templates_2_cmake.py", line 21, in <module>\n'}
[0.130305] (action_test) StderrLine: {'line': b'    from ament_package.templates import get_environment_hook_template_path\n'}
[0.130381] (action_test) StderrLine: {'line': b"ModuleNotFoundError: No module named 'ament_package'\n"}
[0.139591] (action_test) StderrLine: {'line': b'CMake Error at /opt/ros/eloquent/share/ament_cmake_core/cmake/ament_cmake_package_templates-extras.cmake:41 (message):\n'}
[0.139755] (action_test) StderrLine: {'line': b'  execute_process(/usr/bin/python3\n'}
[0.139835] (action_test) StderrLine: {'line': b'  /opt/ros/eloquent/share/ament_cmake_core/cmake/package_templates/templates_2_cmake.py\n'}
[0.139910] (action_test) StderrLine: {'line': b'  /home/edyta/action_test/build/action_test/ament_cmake_package_templates/templates.cmake)\n'}
[0.139985] (action_test) StderrLine: {'line': b'  returned error code 1\n'}
[0.140055] (action_test) StderrLine: {'line': b'Call Stack (most recent call first):\n'}
[0.140250] (action_test) StderrLine: {'line': b'  /opt/ros/eloquent/share/ament_cmake_core/cmake/ament_cmake_coreConfig.cmake:38 (include)\n'}
[0.140329] (action_test) StderrLine: {'line': b'  /opt/ros/eloquent/share/ament_cmake/cmake/ament_cmake_export_dependencies-extras.cmake:15 (find_package)\n'}
[0.140407] (action_test) StderrLine: {'line': b'  /opt/ros/eloquent/share/ament_cmake/cmake/ament_cmakeConfig.cmake:38 (include)\n'}
[0.140475] (action_test) StderrLine: {'line': b'  CMakeLists.txt:19 (find_package)\n'}
[0.140542] (action_test) StderrLine: {'line': b'\n'}
[0.140607] (action_test) StderrLine: {'line': b'\n'}
[0.140673] (action_test) StdoutLine: {'line': b'-- Configuring incomplete, errors occurred!\n'}
[0.140746] (action_test) StdoutLine: {'line': b'See also "/home/edyta/action_test/build/action_test/CMakeFiles/CMakeOutput.log".\n'}
[0.140816] (action_test) StdoutLine: {'line': b'See also "/home/edyta/action_test/build/action_test/CMakeFiles/CMakeError.log".\n'}
[0.141958] (action_test) CommandEnded: {'returncode': 1}
[0.142302] (action_test) JobEnded: {'identifier': 'action_test', 'rc': 1}
[0.153454] (-) EventReactorShutdown: {}
