[0.000000] (-) TimerEvent: {}
[0.000331] (action_test_msgs) JobQueued: {'identifier': 'action_test_msgs', 'dependencies': OrderedDict()}
[0.000372] (action_test_core) JobQueued: {'identifier': 'action_test_core', 'dependencies': OrderedDict([('action_test_msgs', '/home/edyta/action_test/install/action_test_msgs')])}
[0.000403] (action_test_msgs) JobStarted: {'identifier': 'action_test_msgs'}
[0.010078] (action_test_msgs) JobProgress: {'identifier': 'action_test_msgs', 'progress': 'cmake'}
[0.010872] (action_test_msgs) JobProgress: {'identifier': 'action_test_msgs', 'progress': 'build'}
[0.011891] (action_test_msgs) Command: {'cmd': ['/usr/bin/cmake', '--build', '/home/edyta/action_test/build/action_test_msgs', '--', '-j8', '-l8'], 'cwd': '/home/edyta/action_test/build/action_test_msgs', 'env': OrderedDict([('GJS_DEBUG_TOPICS', 'JS ERROR;JS LOG'), ('USER', 'edyta'), ('TEXTDOMAIN', 'im-config'), ('XDG_SEAT', 'seat0'), ('SSH_AGENT_PID', '1885'), ('XDG_SESSION_TYPE', 'x11'), ('LD_LIBRARY_PATH', '/home/edyta/action_test/install/action_test_msgs/lib:/opt/ros/eloquent/opt/yaml_cpp_vendor/lib:/opt/ros/eloquent/opt/rviz_ogre_vendor/lib:/opt/ros/eloquent/lib'), ('SHLVL', '1'), ('OLDPWD', '/home/edyta'), ('QT4_IM_MODULE', 'xim'), ('HOME', '/home/edyta'), ('DESKTOP_SESSION', 'ubuntu'), ('GNOME_SHELL_SESSION_MODE', 'ubuntu'), ('GTK_MODULES', 'gail:atk-bridge'), ('ROS_PYTHON_VERSION', '3'), ('DBUS_SESSION_BUS_ADDRESS', 'unix:path=/run/user/1000/bus'), ('COLORTERM', 'truecolor'), ('MANDATORY_PATH', '/usr/share/gconf/ubuntu.mandatory.path'), ('QT_QPA_PLATFORMTHEME', 'appmenu-qt5'), ('COLCON_PREFIX_PATH', '/home/edyta/action_test/install'), ('IM_CONFIG_PHASE', '2'), ('ROS_DISTRO', 'eloquent'), ('LOGNAME', 'edyta'), ('GTK_IM_MODULE', 'ibus'), ('_', '/usr/bin/colcon'), ('DEFAULTS_PATH', '/usr/share/gconf/ubuntu.default.path'), ('ROS_VERSION', '2'), ('USERNAME', 'edyta'), ('XDG_SESSION_ID', '2'), ('TERM', 'xterm-256color'), ('ROS_LOCALHOST_ONLY', '0'), ('GNOME_DESKTOP_SESSION_ID', 'this-is-deprecated'), ('GTK2_MODULES', 'overlay-scrollbar'), ('WINDOWPATH', '2'), ('PATH', '/opt/ros/eloquent/bin:/usr/local/sbin:/usr/local/bin:/usr/sbin:/usr/bin:/sbin:/bin:/usr/games:/usr/local/games:/snap/bin'), ('SESSION_MANAGER', 'local/edyta-X510UNR:@/tmp/.ICE-unix/1783,unix/edyta-X510UNR:/tmp/.ICE-unix/1783'), ('XDG_MENU_PREFIX', 'gnome-'), ('GNOME_TERMINAL_SCREEN', '/org/gnome/Terminal/screen/29d4a0c0_c97d_4285_914c_b583a354b5a0'), ('XDG_RUNTIME_DIR', '/run/user/1000'), ('DISPLAY', ':0'), ('LANG', 'en_US.UTF-8'), ('XDG_CURRENT_DESKTOP', 'ubuntu:GNOME'), ('XDG_SESSION_DESKTOP', 'ubuntu'), ('XMODIFIERS', '@im=ibus'), ('GNOME_TERMINAL_SERVICE', ':1.80'), ('XAUTHORITY', '/run/user/1000/gdm/Xauthority'), ('AMENT_PREFIX_PATH', '/home/edyta/action_test/install/action_test_core:/home/edyta/action_test/install/action_test_msgs:/opt/ros/eloquent'), ('SSH_AUTH_SOCK', '/run/user/1000/keyring/ssh'), ('SHELL', '/bin/bash'), ('QT_ACCESSIBILITY', '1'), ('GDMSESSION', 'ubuntu'), ('TEXTDOMAINDIR', '/usr/share/locale/'), ('GJS_DEBUG_OUTPUT', 'stderr'), ('GPG_AGENT_INFO', '/run/user/1000/gnupg/S.gpg-agent:0:1'), ('XDG_VTNR', '2'), ('QT_IM_MODULE', 'ibus'), ('LC_ALL', 'en_US.UTF-8'), ('PWD', '/home/edyta/action_test/build/action_test_msgs'), ('CLUTTER_IM_MODULE', 'xim'), ('XDG_DATA_DIRS', '/usr/share/ubuntu:/usr/local/share:/usr/share:/var/lib/snapd/desktop'), ('XDG_CONFIG_DIRS', '/etc/xdg/xdg-ubuntu:/etc/xdg'), ('PYTHONPATH', '/home/edyta/action_test/install/action_test_core/lib/python3.6/site-packages:/home/edyta/action_test/install/action_test_msgs/lib/python3.6/site-packages:/opt/ros/eloquent/lib/python3.6/site-packages'), ('COLCON', '1'), ('VTE_VERSION', '5202'), ('CMAKE_PREFIX_PATH', '/home/edyta/action_test/install/action_test_msgs:/home/edyta/action_test/install/action_test_core:/opt/ros/eloquent')]), 'shell': False}
[0.066556] (action_test_msgs) StdoutLine: {'line': b'[  3%] Built target action_test_msgs__cpp\n'}
[0.066941] (action_test_msgs) StdoutLine: {'line': b'[ 13%] Built target action_test_msgs__rosidl_generator_c\n'}
[0.094043] (action_test_msgs) StdoutLine: {'line': b'[ 31%] Built target action_test_msgs__rosidl_typesupport_introspection_c\n'}
[0.094274] (action_test_msgs) StdoutLine: {'line': b'[ 34%] Built target action_test_msgs__rosidl_typesupport_introspection_cpp\n'}
[0.094498] (action_test_msgs) StdoutLine: {'line': b'[ 44%] Built target action_test_msgs__rosidl_typesupport_fastrtps_cpp\n'}
[0.098542] (-) TimerEvent: {}
[0.125884] (action_test_msgs) StdoutLine: {'line': b'[ 65%] Built target action_test_msgs__rosidl_typesupport_fastrtps_c\n'}
[0.126047] (action_test_msgs) StdoutLine: {'line': b'[ 65%] Built target action_test_msgs__rosidl_typesupport_cpp\n'}
[0.153023] (action_test_msgs) StdoutLine: {'line': b'[ 75%] Built target action_test_msgs__rosidl_typesupport_c\n'}
[0.173131] (action_test_msgs) StdoutLine: {'line': b'[ 75%] Built target action_test_msgs\n'}
[0.194146] (action_test_msgs) StdoutLine: {'line': b'[ 79%] Built target action_test_msgs__py\n'}
[0.198655] (-) TimerEvent: {}
[0.221255] (action_test_msgs) StdoutLine: {'line': b'[ 86%] Built target action_test_msgs__python\n'}
[0.249437] (action_test_msgs) StdoutLine: {'line': b'[100%] Built target action_test_msgs__rosidl_typesupport_c__pyext\n'}
[0.249607] (action_test_msgs) StdoutLine: {'line': b'[100%] Built target action_test_msgs__rosidl_typesupport_fastrtps_c__pyext\n'}
[0.260104] (action_test_msgs) CommandEnded: {'returncode': 0}
[0.298848] (-) TimerEvent: {}
[0.302230] (action_test_msgs) JobProgress: {'identifier': 'action_test_msgs', 'progress': 'install'}
[0.313945] (action_test_msgs) Command: {'cmd': ['/usr/bin/cmake', '--build', '/home/edyta/action_test/build/action_test_msgs', '--target', 'install', '--', '-j8', '-l8'], 'cwd': '/home/edyta/action_test/build/action_test_msgs', 'env': OrderedDict([('GJS_DEBUG_TOPICS', 'JS ERROR;JS LOG'), ('USER', 'edyta'), ('TEXTDOMAIN', 'im-config'), ('XDG_SEAT', 'seat0'), ('SSH_AGENT_PID', '1885'), ('XDG_SESSION_TYPE', 'x11'), ('LD_LIBRARY_PATH', '/home/edyta/action_test/install/action_test_msgs/lib:/opt/ros/eloquent/opt/yaml_cpp_vendor/lib:/opt/ros/eloquent/opt/rviz_ogre_vendor/lib:/opt/ros/eloquent/lib'), ('SHLVL', '1'), ('OLDPWD', '/home/edyta'), ('QT4_IM_MODULE', 'xim'), ('HOME', '/home/edyta'), ('DESKTOP_SESSION', 'ubuntu'), ('GNOME_SHELL_SESSION_MODE', 'ubuntu'), ('GTK_MODULES', 'gail:atk-bridge'), ('ROS_PYTHON_VERSION', '3'), ('DBUS_SESSION_BUS_ADDRESS', 'unix:path=/run/user/1000/bus'), ('COLORTERM', 'truecolor'), ('MANDATORY_PATH', '/usr/share/gconf/ubuntu.mandatory.path'), ('QT_QPA_PLATFORMTHEME', 'appmenu-qt5'), ('COLCON_PREFIX_PATH', '/home/edyta/action_test/install'), ('IM_CONFIG_PHASE', '2'), ('ROS_DISTRO', 'eloquent'), ('LOGNAME', 'edyta'), ('GTK_IM_MODULE', 'ibus'), ('_', '/usr/bin/colcon'), ('DEFAULTS_PATH', '/usr/share/gconf/ubuntu.default.path'), ('ROS_VERSION', '2'), ('USERNAME', 'edyta'), ('XDG_SESSION_ID', '2'), ('TERM', 'xterm-256color'), ('ROS_LOCALHOST_ONLY', '0'), ('GNOME_DESKTOP_SESSION_ID', 'this-is-deprecated'), ('GTK2_MODULES', 'overlay-scrollbar'), ('WINDOWPATH', '2'), ('PATH', '/opt/ros/eloquent/bin:/usr/local/sbin:/usr/local/bin:/usr/sbin:/usr/bin:/sbin:/bin:/usr/games:/usr/local/games:/snap/bin'), ('SESSION_MANAGER', 'local/edyta-X510UNR:@/tmp/.ICE-unix/1783,unix/edyta-X510UNR:/tmp/.ICE-unix/1783'), ('XDG_MENU_PREFIX', 'gnome-'), ('GNOME_TERMINAL_SCREEN', '/org/gnome/Terminal/screen/29d4a0c0_c97d_4285_914c_b583a354b5a0'), ('XDG_RUNTIME_DIR', '/run/user/1000'), ('DISPLAY', ':0'), ('LANG', 'en_US.UTF-8'), ('XDG_CURRENT_DESKTOP', 'ubuntu:GNOME'), ('XDG_SESSION_DESKTOP', 'ubuntu'), ('XMODIFIERS', '@im=ibus'), ('GNOME_TERMINAL_SERVICE', ':1.80'), ('XAUTHORITY', '/run/user/1000/gdm/Xauthority'), ('AMENT_PREFIX_PATH', '/home/edyta/action_test/install/action_test_core:/home/edyta/action_test/install/action_test_msgs:/opt/ros/eloquent'), ('SSH_AUTH_SOCK', '/run/user/1000/keyring/ssh'), ('SHELL', '/bin/bash'), ('QT_ACCESSIBILITY', '1'), ('GDMSESSION', 'ubuntu'), ('TEXTDOMAINDIR', '/usr/share/locale/'), ('GJS_DEBUG_OUTPUT', 'stderr'), ('GPG_AGENT_INFO', '/run/user/1000/gnupg/S.gpg-agent:0:1'), ('XDG_VTNR', '2'), ('QT_IM_MODULE', 'ibus'), ('LC_ALL', 'en_US.UTF-8'), ('PWD', '/home/edyta/action_test/build/action_test_msgs'), ('CLUTTER_IM_MODULE', 'xim'), ('XDG_DATA_DIRS', '/usr/share/ubuntu:/usr/local/share:/usr/share:/var/lib/snapd/desktop'), ('XDG_CONFIG_DIRS', '/etc/xdg/xdg-ubuntu:/etc/xdg'), ('PYTHONPATH', '/home/edyta/action_test/install/action_test_core/lib/python3.6/site-packages:/home/edyta/action_test/install/action_test_msgs/lib/python3.6/site-packages:/opt/ros/eloquent/lib/python3.6/site-packages'), ('COLCON', '1'), ('VTE_VERSION', '5202'), ('CMAKE_PREFIX_PATH', '/home/edyta/action_test/install/action_test_msgs:/home/edyta/action_test/install/action_test_core:/opt/ros/eloquent')]), 'shell': False}
[0.366337] (action_test_msgs) StdoutLine: {'line': b'[  3%] Built target action_test_msgs__cpp\n'}
[0.367053] (action_test_msgs) StdoutLine: {'line': b'[ 13%] Built target action_test_msgs__rosidl_generator_c\n'}
[0.390069] (action_test_msgs) StdoutLine: {'line': b'[ 24%] Built target action_test_msgs__rosidl_typesupport_introspection_c\n'}
[0.390971] (action_test_msgs) StdoutLine: {'line': b'[ 34%] Built target action_test_msgs__rosidl_typesupport_introspection_cpp\n'}
[0.396172] (action_test_msgs) StdoutLine: {'line': b'[ 44%] Built target action_test_msgs__rosidl_typesupport_fastrtps_cpp\n'}
[0.398941] (-) TimerEvent: {}
[0.423800] (action_test_msgs) StdoutLine: {'line': b'[ 65%] Built target action_test_msgs__rosidl_typesupport_cpp\n'}
[0.423968] (action_test_msgs) StdoutLine: {'line': b'[ 65%] Built target action_test_msgs__rosidl_typesupport_fastrtps_c\n'}
[0.451158] (action_test_msgs) StdoutLine: {'line': b'[ 75%] Built target action_test_msgs__rosidl_typesupport_c\n'}
[0.471360] (action_test_msgs) StdoutLine: {'line': b'[ 75%] Built target action_test_msgs\n'}
[0.492190] (action_test_msgs) StdoutLine: {'line': b'[ 79%] Built target action_test_msgs__py\n'}
[0.499068] (-) TimerEvent: {}
[0.520406] (action_test_msgs) StdoutLine: {'line': b'[ 86%] Built target action_test_msgs__python\n'}
[0.548532] (action_test_msgs) StdoutLine: {'line': b'[100%] Built target action_test_msgs__rosidl_typesupport_c__pyext\n'}
[0.548747] (action_test_msgs) StdoutLine: {'line': b'[100%] Built target action_test_msgs__rosidl_typesupport_fastrtps_c__pyext\n'}
[0.567521] (action_test_msgs) StdoutLine: {'line': b'\x1b[36mInstall the project...\x1b[0m\n'}
[0.576627] (action_test_msgs) StdoutLine: {'line': b'-- Install configuration: ""\n'}
[0.576788] (action_test_msgs) StdoutLine: {'line': b'-- Up-to-date: /home/edyta/action_test/install/action_test_msgs/share/ament_index/resource_index/rosidl_interfaces/action_test_msgs\n'}
[0.576984] (action_test_msgs) StdoutLine: {'line': b'-- Up-to-date: /home/edyta/action_test/install/action_test_msgs/lib/libaction_test_msgs__rosidl_typesupport_c.so\n'}
[0.577102] (action_test_msgs) StdoutLine: {'line': b'-- Up-to-date: /home/edyta/action_test/install/action_test_msgs/share/action_test_msgs/environment/library_path.sh\n'}
[0.577193] (action_test_msgs) StdoutLine: {'line': b'-- Up-to-date: /home/edyta/action_test/install/action_test_msgs/share/action_test_msgs/environment/library_path.dsv\n'}
[0.577446] (action_test_msgs) StdoutLine: {'line': b'-- Up-to-date: /home/edyta/action_test/install/action_test_msgs/lib/libaction_test_msgs__rosidl_typesupport_cpp.so\n'}
[0.577653] (action_test_msgs) StdoutLine: {'line': b'-- Up-to-date: /home/edyta/action_test/install/action_test_msgs/include/action_test_msgs\n'}
[0.577771] (action_test_msgs) StdoutLine: {'line': b'-- Up-to-date: /home/edyta/action_test/install/action_test_msgs/include/action_test_msgs/action\n'}
[0.577843] (action_test_msgs) StdoutLine: {'line': b'-- Up-to-date: /home/edyta/action_test/install/action_test_msgs/include/action_test_msgs/action/averaging__rosidl_typesupport_fastrtps_c.h\n'}
[0.577912] (action_test_msgs) StdoutLine: {'line': b'-- Up-to-date: /home/edyta/action_test/install/action_test_msgs/include/action_test_msgs/msg\n'}
[0.577985] (action_test_msgs) StdoutLine: {'line': b'-- Up-to-date: /home/edyta/action_test/install/action_test_msgs/include/action_test_msgs/msg/rosidl_typesupport_fastrtps_c__visibility_control.h\n'}
[0.578098] (action_test_msgs) StdoutLine: {'line': b'-- Up-to-date: /home/edyta/action_test/install/action_test_msgs/lib/libaction_test_msgs__rosidl_typesupport_fastrtps_c.so\n'}
[0.578276] (action_test_msgs) StdoutLine: {'line': b'-- Up-to-date: /home/edyta/action_test/install/action_test_msgs/include/action_test_msgs\n'}
[0.578403] (action_test_msgs) StdoutLine: {'line': b'-- Up-to-date: /home/edyta/action_test/install/action_test_msgs/include/action_test_msgs/action\n'}
[0.578471] (action_test_msgs) StdoutLine: {'line': b'-- Up-to-date: /home/edyta/action_test/install/action_test_msgs/include/action_test_msgs/action/averaging__functions.h\n'}
[0.578546] (action_test_msgs) StdoutLine: {'line': b'-- Up-to-date: /home/edyta/action_test/install/action_test_msgs/include/action_test_msgs/action/averaging.h\n'}
[0.578633] (action_test_msgs) StdoutLine: {'line': b'-- Up-to-date: /home/edyta/action_test/install/action_test_msgs/include/action_test_msgs/action/averaging__type_support.h\n'}
[0.578701] (action_test_msgs) StdoutLine: {'line': b'-- Up-to-date: /home/edyta/action_test/install/action_test_msgs/include/action_test_msgs/action/averaging__struct.h\n'}
[0.578767] (action_test_msgs) StdoutLine: {'line': b'-- Up-to-date: /home/edyta/action_test/install/action_test_msgs/include/action_test_msgs/action/averaging__functions.c\n'}
[0.578836] (action_test_msgs) StdoutLine: {'line': b'-- Up-to-date: /home/edyta/action_test/install/action_test_msgs/include/action_test_msgs/msg\n'}
[0.578911] (action_test_msgs) StdoutLine: {'line': b'-- Up-to-date: /home/edyta/action_test/install/action_test_msgs/include/action_test_msgs/msg/rosidl_generator_c__visibility_control.h\n'}
[0.579039] (action_test_msgs) StdoutLine: {'line': b'-- Up-to-date: /home/edyta/action_test/install/action_test_msgs/lib/libaction_test_msgs__rosidl_generator_c.so\n'}
[0.579106] (action_test_msgs) StdoutLine: {'line': b'-- Up-to-date: /home/edyta/action_test/install/action_test_msgs/include/action_test_msgs\n'}
[0.579194] (action_test_msgs) StdoutLine: {'line': b'-- Up-to-date: /home/edyta/action_test/install/action_test_msgs/include/action_test_msgs/action\n'}
[0.579262] (action_test_msgs) StdoutLine: {'line': b'-- Up-to-date: /home/edyta/action_test/install/action_test_msgs/include/action_test_msgs/action/dds_fastrtps\n'}
[0.579327] (action_test_msgs) StdoutLine: {'line': b'-- Up-to-date: /home/edyta/action_test/install/action_test_msgs/include/action_test_msgs/action/averaging__rosidl_typesupport_fastrtps_cpp.hpp\n'}
[0.579391] (action_test_msgs) StdoutLine: {'line': b'-- Up-to-date: /home/edyta/action_test/install/action_test_msgs/include/action_test_msgs/msg\n'}
[0.579515] (action_test_msgs) StdoutLine: {'line': b'-- Up-to-date: /home/edyta/action_test/install/action_test_msgs/include/action_test_msgs/msg/rosidl_typesupport_fastrtps_cpp__visibility_control.h\n'}
[0.579647] (action_test_msgs) StdoutLine: {'line': b'-- Up-to-date: /home/edyta/action_test/install/action_test_msgs/lib/libaction_test_msgs__rosidl_typesupport_fastrtps_cpp.so\n'}
[0.579766] (action_test_msgs) StdoutLine: {'line': b'-- Up-to-date: /home/edyta/action_test/install/action_test_msgs/include/action_test_msgs\n'}
[0.579834] (action_test_msgs) StdoutLine: {'line': b'-- Up-to-date: /home/edyta/action_test/install/action_test_msgs/include/action_test_msgs/action\n'}
[0.579902] (action_test_msgs) StdoutLine: {'line': b'-- Up-to-date: /home/edyta/action_test/install/action_test_msgs/include/action_test_msgs/action/averaging.hpp\n'}
[0.580002] (action_test_msgs) StdoutLine: {'line': b'-- Up-to-date: /home/edyta/action_test/install/action_test_msgs/include/action_test_msgs/action/averaging__struct.hpp\n'}
[0.580070] (action_test_msgs) StdoutLine: {'line': b'-- Up-to-date: /home/edyta/action_test/install/action_test_msgs/include/action_test_msgs/action/averaging__traits.hpp\n'}
[0.580138] (action_test_msgs) StdoutLine: {'line': b'-- Up-to-date: /home/edyta/action_test/install/action_test_msgs/include/action_test_msgs\n'}
[0.580292] (action_test_msgs) StdoutLine: {'line': b'-- Up-to-date: /home/edyta/action_test/install/action_test_msgs/include/action_test_msgs/action\n'}
[0.580369] (action_test_msgs) StdoutLine: {'line': b'-- Up-to-date: /home/edyta/action_test/install/action_test_msgs/include/action_test_msgs/action/averaging__type_support.c\n'}
[0.580436] (action_test_msgs) StdoutLine: {'line': b'-- Up-to-date: /home/edyta/action_test/install/action_test_msgs/include/action_test_msgs/action/averaging__rosidl_typesupport_introspection_c.h\n'}
[0.580538] (action_test_msgs) StdoutLine: {'line': b'-- Up-to-date: /home/edyta/action_test/install/action_test_msgs/include/action_test_msgs/msg\n'}
[0.580613] (action_test_msgs) StdoutLine: {'line': b'-- Up-to-date: /home/edyta/action_test/install/action_test_msgs/include/action_test_msgs/msg/rosidl_typesupport_introspection_c__visibility_control.h\n'}
[0.580682] (action_test_msgs) StdoutLine: {'line': b'-- Up-to-date: /home/edyta/action_test/install/action_test_msgs/lib/libaction_test_msgs__rosidl_typesupport_introspection_c.so\n'}
[0.580748] (action_test_msgs) StdoutLine: {'line': b'-- Up-to-date: /home/edyta/action_test/install/action_test_msgs/include/action_test_msgs\n'}
[0.580866] (action_test_msgs) StdoutLine: {'line': b'-- Up-to-date: /home/edyta/action_test/install/action_test_msgs/include/action_test_msgs/action\n'}
[0.580967] (action_test_msgs) StdoutLine: {'line': b'-- Up-to-date: /home/edyta/action_test/install/action_test_msgs/include/action_test_msgs/action/averaging__type_support.cpp\n'}
[0.581035] (action_test_msgs) StdoutLine: {'line': b'-- Up-to-date: /home/edyta/action_test/install/action_test_msgs/include/action_test_msgs/action/averaging__rosidl_typesupport_introspection_cpp.hpp\n'}
[0.581101] (action_test_msgs) StdoutLine: {'line': b'-- Up-to-date: /home/edyta/action_test/install/action_test_msgs/lib/libaction_test_msgs__rosidl_typesupport_introspection_cpp.so\n'}
[0.581172] (action_test_msgs) StdoutLine: {'line': b'-- Up-to-date: /home/edyta/action_test/install/action_test_msgs/share/action_test_msgs/environment/pythonpath.sh\n'}
[0.581240] (action_test_msgs) StdoutLine: {'line': b'-- Up-to-date: /home/edyta/action_test/install/action_test_msgs/share/action_test_msgs/environment/pythonpath.dsv\n'}
[0.581306] (action_test_msgs) StdoutLine: {'line': b'-- Up-to-date: /home/edyta/action_test/install/action_test_msgs/lib/python3.6/site-packages/action_test_msgs/__init__.py\n'}
[0.599190] (-) TimerEvent: {}
[0.614578] (action_test_msgs) StdoutLine: {'line': b'-- Up-to-date: /home/edyta/action_test/install/action_test_msgs/lib/python3.6/site-packages/action_test_msgs/action\n'}
[0.614775] (action_test_msgs) StdoutLine: {'line': b'-- Up-to-date: /home/edyta/action_test/install/action_test_msgs/lib/python3.6/site-packages/action_test_msgs/action/__init__.py\n'}
[0.614855] (action_test_msgs) StdoutLine: {'line': b'-- Up-to-date: /home/edyta/action_test/install/action_test_msgs/lib/python3.6/site-packages/action_test_msgs/action/_averaging_s.c\n'}
[0.614925] (action_test_msgs) StdoutLine: {'line': b'-- Up-to-date: /home/edyta/action_test/install/action_test_msgs/lib/python3.6/site-packages/action_test_msgs/action/_averaging.py\n'}
[0.615043] (action_test_msgs) StdoutLine: {'line': b'-- Up-to-date: /home/edyta/action_test/install/action_test_msgs/lib/python3.6/site-packages/action_test_msgs/action_test_msgs_s__rosidl_typesupport_c.cpython-36m-x86_64-linux-gnu.so\n'}
[0.615678] (action_test_msgs) StdoutLine: {'line': b'-- Up-to-date: /home/edyta/action_test/install/action_test_msgs/lib/python3.6/site-packages/action_test_msgs/action_test_msgs_s__rosidl_typesupport_fastrtps_c.cpython-36m-x86_64-linux-gnu.so\n'}
[0.616198] (action_test_msgs) StdoutLine: {'line': b'-- Up-to-date: /home/edyta/action_test/install/action_test_msgs/lib/libaction_test_msgs__python.so\n'}
[0.616417] (action_test_msgs) StdoutLine: {'line': b'-- Up-to-date: /home/edyta/action_test/install/action_test_msgs/share/action_test_msgs/action/Averaging.idl\n'}
[0.616597] (action_test_msgs) StdoutLine: {'line': b'-- Up-to-date: /home/edyta/action_test/install/action_test_msgs/share/action_test_msgs/action/Averaging.action\n'}
[0.616740] (action_test_msgs) StdoutLine: {'line': b'-- Up-to-date: /home/edyta/action_test/install/action_test_msgs/share/ament_index/resource_index/package_run_dependencies/action_test_msgs\n'}
[0.616893] (action_test_msgs) StdoutLine: {'line': b'-- Up-to-date: /home/edyta/action_test/install/action_test_msgs/share/ament_index/resource_index/parent_prefix_path/action_test_msgs\n'}
[0.617018] (action_test_msgs) StdoutLine: {'line': b'-- Up-to-date: /home/edyta/action_test/install/action_test_msgs/share/action_test_msgs/environment/ament_prefix_path.sh\n'}
[0.617122] (action_test_msgs) StdoutLine: {'line': b'-- Up-to-date: /home/edyta/action_test/install/action_test_msgs/share/action_test_msgs/environment/ament_prefix_path.dsv\n'}
[0.617260] (action_test_msgs) StdoutLine: {'line': b'-- Up-to-date: /home/edyta/action_test/install/action_test_msgs/share/action_test_msgs/environment/path.sh\n'}
[0.617456] (action_test_msgs) StdoutLine: {'line': b'-- Up-to-date: /home/edyta/action_test/install/action_test_msgs/share/action_test_msgs/environment/path.dsv\n'}
[0.617528] (action_test_msgs) StdoutLine: {'line': b'-- Up-to-date: /home/edyta/action_test/install/action_test_msgs/share/action_test_msgs/local_setup.bash\n'}
[0.617595] (action_test_msgs) StdoutLine: {'line': b'-- Up-to-date: /home/edyta/action_test/install/action_test_msgs/share/action_test_msgs/local_setup.sh\n'}
[0.617660] (action_test_msgs) StdoutLine: {'line': b'-- Up-to-date: /home/edyta/action_test/install/action_test_msgs/share/action_test_msgs/local_setup.zsh\n'}
[0.617725] (action_test_msgs) StdoutLine: {'line': b'-- Up-to-date: /home/edyta/action_test/install/action_test_msgs/share/action_test_msgs/local_setup.dsv\n'}
[0.617790] (action_test_msgs) StdoutLine: {'line': b'-- Installing: /home/edyta/action_test/install/action_test_msgs/share/action_test_msgs/package.dsv\n'}
[0.617854] (action_test_msgs) StdoutLine: {'line': b'-- Up-to-date: /home/edyta/action_test/install/action_test_msgs/share/ament_index/resource_index/packages/action_test_msgs\n'}
[0.617918] (action_test_msgs) StdoutLine: {'line': b'-- Up-to-date: /home/edyta/action_test/install/action_test_msgs/share/action_test_msgs/cmake/rosidl_cmake-extras.cmake\n'}
[0.617982] (action_test_msgs) StdoutLine: {'line': b'-- Up-to-date: /home/edyta/action_test/install/action_test_msgs/share/action_test_msgs/cmake/ament_cmake_export_dependencies-extras.cmake\n'}
[0.618047] (action_test_msgs) StdoutLine: {'line': b'-- Up-to-date: /home/edyta/action_test/install/action_test_msgs/share/action_test_msgs/cmake/ament_cmake_export_libraries-extras.cmake\n'}
[0.618110] (action_test_msgs) StdoutLine: {'line': b'-- Up-to-date: /home/edyta/action_test/install/action_test_msgs/share/action_test_msgs/cmake/ament_cmake_export_include_directories-extras.cmake\n'}
[0.618175] (action_test_msgs) StdoutLine: {'line': b'-- Up-to-date: /home/edyta/action_test/install/action_test_msgs/share/action_test_msgs/cmake/action_test_msgsConfig.cmake\n'}
[0.618239] (action_test_msgs) StdoutLine: {'line': b'-- Up-to-date: /home/edyta/action_test/install/action_test_msgs/share/action_test_msgs/cmake/action_test_msgsConfig-version.cmake\n'}
[0.618303] (action_test_msgs) StdoutLine: {'line': b'-- Up-to-date: /home/edyta/action_test/install/action_test_msgs/share/action_test_msgs/package.xml\n'}
[0.620155] (action_test_msgs) CommandEnded: {'returncode': 0}
[0.649707] (action_test_msgs) JobEnded: {'identifier': 'action_test_msgs', 'rc': 0}
[0.650423] (action_test_core) JobStarted: {'identifier': 'action_test_core'}
[0.699389] (-) TimerEvent: {}
[0.799809] (-) TimerEvent: {}
[0.885870] (action_test_core) Command: {'cmd': ['/usr/bin/python3', 'setup.py', 'egg_info', '--egg-base', '/home/edyta/action_test/build/action_test_core', 'build', '--build-base', '/home/edyta/action_test/build/action_test_core/build', 'install', '--prefix', '/home/edyta/action_test/install/action_test_core', '--record', '/home/edyta/action_test/build/action_test_core/install.log', '--single-version-externally-managed'], 'cwd': '/home/edyta/action_test/action_test_core', 'env': {'GJS_DEBUG_TOPICS': 'JS ERROR;JS LOG', 'USER': 'edyta', 'TEXTDOMAIN': 'im-config', 'XDG_SEAT': 'seat0', 'SSH_AGENT_PID': '1885', 'XDG_SESSION_TYPE': 'x11', 'LD_LIBRARY_PATH': '/home/edyta/action_test/install/action_test_msgs/lib:/opt/ros/eloquent/opt/yaml_cpp_vendor/lib:/opt/ros/eloquent/opt/rviz_ogre_vendor/lib:/opt/ros/eloquent/lib', 'SHLVL': '1', 'OLDPWD': '/home/edyta', 'QT4_IM_MODULE': 'xim', 'HOME': '/home/edyta', 'DESKTOP_SESSION': 'ubuntu', 'GNOME_SHELL_SESSION_MODE': 'ubuntu', 'GTK_MODULES': 'gail:atk-bridge', 'ROS_PYTHON_VERSION': '3', 'DBUS_SESSION_BUS_ADDRESS': 'unix:path=/run/user/1000/bus', 'COLORTERM': 'truecolor', 'MANDATORY_PATH': '/usr/share/gconf/ubuntu.mandatory.path', 'QT_QPA_PLATFORMTHEME': 'appmenu-qt5', 'COLCON_PREFIX_PATH': '/home/edyta/action_test/install', 'IM_CONFIG_PHASE': '2', 'ROS_DISTRO': 'eloquent', 'LOGNAME': 'edyta', 'GTK_IM_MODULE': 'ibus', '_': '/usr/bin/colcon', 'DEFAULTS_PATH': '/usr/share/gconf/ubuntu.default.path', 'ROS_VERSION': '2', 'USERNAME': 'edyta', 'XDG_SESSION_ID': '2', 'TERM': 'xterm-256color', 'ROS_LOCALHOST_ONLY': '0', 'GNOME_DESKTOP_SESSION_ID': 'this-is-deprecated', 'GTK2_MODULES': 'overlay-scrollbar', 'WINDOWPATH': '2', 'PATH': '/opt/ros/eloquent/bin:/usr/local/sbin:/usr/local/bin:/usr/sbin:/usr/bin:/sbin:/bin:/usr/games:/usr/local/games:/snap/bin', 'SESSION_MANAGER': 'local/edyta-X510UNR:@/tmp/.ICE-unix/1783,unix/edyta-X510UNR:/tmp/.ICE-unix/1783', 'XDG_MENU_PREFIX': 'gnome-', 'GNOME_TERMINAL_SCREEN': '/org/gnome/Terminal/screen/29d4a0c0_c97d_4285_914c_b583a354b5a0', 'XDG_RUNTIME_DIR': '/run/user/1000', 'DISPLAY': ':0', 'LANG': 'en_US.UTF-8', 'XDG_CURRENT_DESKTOP': 'ubuntu:GNOME', 'XDG_SESSION_DESKTOP': 'ubuntu', 'XMODIFIERS': '@im=ibus', 'GNOME_TERMINAL_SERVICE': ':1.80', 'XAUTHORITY': '/run/user/1000/gdm/Xauthority', 'AMENT_PREFIX_PATH': '/home/edyta/action_test/install/action_test_core:/home/edyta/action_test/install/action_test_msgs:/opt/ros/eloquent', 'SSH_AUTH_SOCK': '/run/user/1000/keyring/ssh', 'SHELL': '/bin/bash', 'QT_ACCESSIBILITY': '1', 'GDMSESSION': 'ubuntu', 'TEXTDOMAINDIR': '/usr/share/locale/', 'GJS_DEBUG_OUTPUT': 'stderr', 'GPG_AGENT_INFO': '/run/user/1000/gnupg/S.gpg-agent:0:1', 'XDG_VTNR': '2', 'QT_IM_MODULE': 'ibus', 'LC_ALL': 'en_US.UTF-8', 'PWD': '/home/edyta/action_test/build/action_test_core', 'CLUTTER_IM_MODULE': 'xim', 'XDG_DATA_DIRS': '/usr/share/ubuntu:/usr/local/share:/usr/share:/var/lib/snapd/desktop', 'XDG_CONFIG_DIRS': '/etc/xdg/xdg-ubuntu:/etc/xdg', 'PYTHONPATH': '/home/edyta/action_test/install/action_test_core/lib/python3.6/site-packages:/home/edyta/action_test/install/action_test_msgs/lib/python3.6/site-packages:/home/edyta/action_test/install/action_test_core/lib/python3.6/site-packages:/opt/ros/eloquent/lib/python3.6/site-packages', 'COLCON': '1', 'VTE_VERSION': '5202', 'CMAKE_PREFIX_PATH': '/home/edyta/action_test/install/action_test_msgs'}, 'shell': False}
[0.899939] (-) TimerEvent: {}
[1.000243] (-) TimerEvent: {}
[1.087479] (action_test_core) StdoutLine: {'line': b'running egg_info\n'}
[1.088173] (action_test_core) StdoutLine: {'line': b'writing /home/edyta/action_test/build/action_test_core/action_test_core.egg-info/PKG-INFO\n'}
[1.088374] (action_test_core) StdoutLine: {'line': b'writing dependency_links to /home/edyta/action_test/build/action_test_core/action_test_core.egg-info/dependency_links.txt\n'}
[1.088566] (action_test_core) StdoutLine: {'line': b'writing entry points to /home/edyta/action_test/build/action_test_core/action_test_core.egg-info/entry_points.txt\n'}
[1.088749] (action_test_core) StdoutLine: {'line': b'writing requirements to /home/edyta/action_test/build/action_test_core/action_test_core.egg-info/requires.txt\n'}
[1.088831] (action_test_core) StdoutLine: {'line': b'writing top-level names to /home/edyta/action_test/build/action_test_core/action_test_core.egg-info/top_level.txt\n'}
[1.100360] (-) TimerEvent: {}
[1.118847] (action_test_core) StdoutLine: {'line': b"reading manifest file '/home/edyta/action_test/build/action_test_core/action_test_core.egg-info/SOURCES.txt'\n"}
[1.119838] (action_test_core) StdoutLine: {'line': b"writing manifest file '/home/edyta/action_test/build/action_test_core/action_test_core.egg-info/SOURCES.txt'\n"}
[1.120055] (action_test_core) StdoutLine: {'line': b'running build\n'}
[1.120238] (action_test_core) StdoutLine: {'line': b'running build_py\n'}
[1.120401] (action_test_core) StdoutLine: {'line': b'copying action_test_core/averaging_server.py -> /home/edyta/action_test/build/action_test_core/build/lib/action_test_core\n'}
[1.120501] (action_test_core) StdoutLine: {'line': b'running install\n'}
[1.120679] (action_test_core) StdoutLine: {'line': b'running install_lib\n'}
[1.121411] (action_test_core) StdoutLine: {'line': b'copying /home/edyta/action_test/build/action_test_core/build/lib/action_test_core/averaging_server.py -> /home/edyta/action_test/install/action_test_core/lib/python3.6/site-packages/action_test_core\n'}
[1.121773] (action_test_core) StdoutLine: {'line': b'byte-compiling /home/edyta/action_test/install/action_test_core/lib/python3.6/site-packages/action_test_core/averaging_server.py to averaging_server.cpython-36.pyc\n'}
[1.122362] (action_test_core) StdoutLine: {'line': b'running install_data\n'}
[1.122763] (action_test_core) StdoutLine: {'line': b'running install_egg_info\n'}
[1.124217] (action_test_core) StdoutLine: {'line': b"removing '/home/edyta/action_test/install/action_test_core/lib/python3.6/site-packages/action_test_core-0.0.0-py3.6.egg-info' (and everything under it)\n"}
[1.124431] (action_test_core) StdoutLine: {'line': b'Copying /home/edyta/action_test/build/action_test_core/action_test_core.egg-info to /home/edyta/action_test/install/action_test_core/lib/python3.6/site-packages/action_test_core-0.0.0-py3.6.egg-info\n'}
[1.125114] (action_test_core) StdoutLine: {'line': b'running install_scripts\n'}
[1.142076] (action_test_core) StdoutLine: {'line': b'Installing averaging_server script to /home/edyta/action_test/install/action_test_core/lib/action_test_core\n'}
[1.142265] (action_test_core) StdoutLine: {'line': b'Installing random_number script to /home/edyta/action_test/install/action_test_core/lib/action_test_core\n'}
[1.142477] (action_test_core) StdoutLine: {'line': b"writing list of installed files to '/home/edyta/action_test/build/action_test_core/install.log'\n"}
[1.164275] (action_test_core) CommandEnded: {'returncode': 0}
[1.172248] (action_test_core) JobEnded: {'identifier': 'action_test_core', 'rc': 0}
[1.173516] (-) EventReactorShutdown: {}
