[0.218s] DEBUG:colcon:Command line arguments: ['/usr/bin/colcon', 'build']
[0.218s] DEBUG:colcon:Parsed command line arguments: Namespace(ament_cmake_args=None, base_paths=['.'], build_base='build', catkin_cmake_args=None, catkin_skip_building_tests=False, cmake_args=None, cmake_clean_cache=False, cmake_clean_first=False, cmake_force_configure=False, cmake_target=None, cmake_target_skip_unavailable=False, continue_on_error=False, event_handlers=None, executor='parallel', ignore_user_meta=False, install_base='install', log_base=None, log_level=None, main=<bound method BuildVerb.main of <colcon_core.verb.build.BuildVerb object at 0x7f25126d2e80>>, merge_install=False, metas=['./colcon.meta'], packages_above=None, packages_above_depth=None, packages_end=None, packages_ignore=None, packages_ignore_regex=None, packages_select=None, packages_select_build_failed=False, packages_select_by_dep=None, packages_select_regex=None, packages_select_test_failures=False, packages_skip=None, packages_skip_build_finished=False, packages_skip_by_dep=None, packages_skip_regex=None, packages_skip_test_passed=False, packages_skip_up_to=None, packages_start=None, packages_up_to=None, parallel_workers=8, paths=None, symlink_install=False, test_result_base=None, verb_extension=<colcon_core.verb.build.BuildVerb object at 0x7f25126d2e80>, verb_name='build', verb_parser=<colcon_defaults.argument_parser.defaults.DefaultArgumentsDecorator object at 0x7f25126df208>)
[0.271s] Level 1:colcon.colcon_core.package_discovery:discover_packages(colcon_meta) check parameters
[0.271s] Level 1:colcon.colcon_core.package_discovery:discover_packages(recursive) check parameters
[0.271s] Level 1:colcon.colcon_core.package_discovery:discover_packages(ignore) check parameters
[0.272s] Level 1:colcon.colcon_core.package_discovery:discover_packages(path) check parameters
[0.272s] Level 1:colcon.colcon_core.package_discovery:discover_packages(colcon_meta) discover
[0.272s] Level 1:colcon.colcon_core.package_discovery:discover_packages(recursive) discover
[0.272s] INFO:colcon.colcon_core.package_discovery:Crawling recursively for packages in '/home/edyta/action_test'
[0.272s] Level 1:colcon.colcon_core.package_identification:_identify(.) by extensions ['ignore', 'ignore_ament_install']
[0.272s] Level 1:colcon.colcon_core.package_identification:_identify(.) by extension 'ignore'
[0.272s] Level 1:colcon.colcon_core.package_identification:_identify(.) by extension 'ignore_ament_install'
[0.272s] Level 1:colcon.colcon_core.package_identification:_identify(.) by extensions ['colcon_pkg']
[0.272s] Level 1:colcon.colcon_core.package_identification:_identify(.) by extension 'colcon_pkg'
[0.272s] Level 1:colcon.colcon_core.package_identification:_identify(.) by extensions ['colcon_meta']
[0.272s] Level 1:colcon.colcon_core.package_identification:_identify(.) by extension 'colcon_meta'
[0.272s] Level 1:colcon.colcon_core.package_identification:_identify(.) by extensions ['ros']
[0.272s] Level 1:colcon.colcon_core.package_identification:_identify(.) by extension 'ros'
[0.306s] Level 1:colcon.colcon_core.package_identification:_identify(.) by extensions ['cmake', 'python']
[0.306s] Level 1:colcon.colcon_core.package_identification:_identify(.) by extension 'cmake'
[0.306s] Level 1:colcon.colcon_core.package_identification:_identify(.) by extension 'python'
[0.306s] Level 1:colcon.colcon_core.package_identification:_identify(.) by extensions ['python_setup_py']
[0.306s] Level 1:colcon.colcon_core.package_identification:_identify(.) by extension 'python_setup_py'
[0.306s] Level 1:colcon.colcon_core.package_identification:_identify(action_test_core) by extensions ['ignore', 'ignore_ament_install']
[0.306s] Level 1:colcon.colcon_core.package_identification:_identify(action_test_core) by extension 'ignore'
[0.307s] Level 1:colcon.colcon_core.package_identification:_identify(action_test_core) by extension 'ignore_ament_install'
[0.307s] Level 1:colcon.colcon_core.package_identification:_identify(action_test_core) by extensions ['colcon_pkg']
[0.307s] Level 1:colcon.colcon_core.package_identification:_identify(action_test_core) by extension 'colcon_pkg'
[0.307s] Level 1:colcon.colcon_core.package_identification:_identify(action_test_core) by extensions ['colcon_meta']
[0.307s] Level 1:colcon.colcon_core.package_identification:_identify(action_test_core) by extension 'colcon_meta'
[0.307s] Level 1:colcon.colcon_core.package_identification:_identify(action_test_core) by extensions ['ros']
[0.307s] Level 1:colcon.colcon_core.package_identification:_identify(action_test_core) by extension 'ros'
[0.310s] DEBUG:colcon.colcon_core.package_identification:Package 'action_test_core' with type 'ros.ament_python' and name 'action_test_core'
[0.310s] Level 1:colcon.colcon_core.package_identification:_identify(action_test_msgs) by extensions ['ignore', 'ignore_ament_install']
[0.310s] Level 1:colcon.colcon_core.package_identification:_identify(action_test_msgs) by extension 'ignore'
[0.310s] Level 1:colcon.colcon_core.package_identification:_identify(action_test_msgs) by extension 'ignore_ament_install'
[0.310s] Level 1:colcon.colcon_core.package_identification:_identify(action_test_msgs) by extensions ['colcon_pkg']
[0.310s] Level 1:colcon.colcon_core.package_identification:_identify(action_test_msgs) by extension 'colcon_pkg'
[0.310s] Level 1:colcon.colcon_core.package_identification:_identify(action_test_msgs) by extensions ['colcon_meta']
[0.310s] Level 1:colcon.colcon_core.package_identification:_identify(action_test_msgs) by extension 'colcon_meta'
[0.310s] Level 1:colcon.colcon_core.package_identification:_identify(action_test_msgs) by extensions ['ros']
[0.311s] Level 1:colcon.colcon_core.package_identification:_identify(action_test_msgs) by extension 'ros'
[0.311s] DEBUG:colcon.colcon_core.package_identification:Package 'action_test_msgs' with type 'ros.ament_cmake' and name 'action_test_msgs'
[0.311s] Level 1:colcon.colcon_core.package_identification:_identify(build) by extensions ['ignore', 'ignore_ament_install']
[0.311s] Level 1:colcon.colcon_core.package_identification:_identify(build) by extension 'ignore'
[0.311s] Level 1:colcon.colcon_core.package_identification:_identify(build) ignored
[0.312s] Level 1:colcon.colcon_core.package_identification:_identify(install) by extensions ['ignore', 'ignore_ament_install']
[0.312s] Level 1:colcon.colcon_core.package_identification:_identify(install) by extension 'ignore'
[0.312s] Level 1:colcon.colcon_core.package_identification:_identify(install) ignored
[0.312s] Level 1:colcon.colcon_core.package_identification:_identify(log) by extensions ['ignore', 'ignore_ament_install']
[0.312s] Level 1:colcon.colcon_core.package_identification:_identify(log) by extension 'ignore'
[0.312s] Level 1:colcon.colcon_core.package_identification:_identify(log) ignored
[0.312s] Level 1:colcon.colcon_core.package_discovery:discover_packages(recursive) using defaults
[0.312s] Level 1:colcon.colcon_core.package_discovery:discover_packages(ignore) discover
[0.312s] Level 1:colcon.colcon_core.package_discovery:discover_packages(ignore) using defaults
[0.312s] Level 1:colcon.colcon_core.package_discovery:discover_packages(path) discover
[0.312s] Level 1:colcon.colcon_core.package_discovery:discover_packages(path) using defaults
[0.318s] Level 5:colcon.colcon_core.verb:set package 'action_test_msgs' build argument 'cmake_args' from command line to 'None'
[0.318s] Level 5:colcon.colcon_core.verb:set package 'action_test_msgs' build argument 'cmake_target' from command line to 'None'
[0.318s] Level 5:colcon.colcon_core.verb:set package 'action_test_msgs' build argument 'cmake_target_skip_unavailable' from command line to 'False'
[0.318s] Level 5:colcon.colcon_core.verb:set package 'action_test_msgs' build argument 'cmake_clean_cache' from command line to 'False'
[0.318s] Level 5:colcon.colcon_core.verb:set package 'action_test_msgs' build argument 'cmake_clean_first' from command line to 'False'
[0.319s] Level 5:colcon.colcon_core.verb:set package 'action_test_msgs' build argument 'cmake_force_configure' from command line to 'False'
[0.319s] Level 5:colcon.colcon_core.verb:set package 'action_test_msgs' build argument 'ament_cmake_args' from command line to 'None'
[0.319s] Level 5:colcon.colcon_core.verb:set package 'action_test_msgs' build argument 'catkin_cmake_args' from command line to 'None'
[0.319s] Level 5:colcon.colcon_core.verb:set package 'action_test_msgs' build argument 'catkin_skip_building_tests' from command line to 'False'
[0.319s] DEBUG:colcon.colcon_core.verb:Building package 'action_test_msgs' with the following arguments: {'ament_cmake_args': None, 'build_base': '/home/edyta/action_test/build/action_test_msgs', 'catkin_cmake_args': None, 'catkin_skip_building_tests': False, 'cmake_args': None, 'cmake_clean_cache': False, 'cmake_clean_first': False, 'cmake_force_configure': False, 'cmake_target': None, 'cmake_target_skip_unavailable': False, 'install_base': '/home/edyta/action_test/install/action_test_msgs', 'merge_install': False, 'path': '/home/edyta/action_test/action_test_msgs', 'symlink_install': False, 'test_result_base': None}
[0.321s] Level 5:colcon.colcon_core.verb:set package 'action_test_core' build argument 'cmake_args' from command line to 'None'
[0.321s] Level 5:colcon.colcon_core.verb:set package 'action_test_core' build argument 'cmake_target' from command line to 'None'
[0.321s] Level 5:colcon.colcon_core.verb:set package 'action_test_core' build argument 'cmake_target_skip_unavailable' from command line to 'False'
[0.321s] Level 5:colcon.colcon_core.verb:set package 'action_test_core' build argument 'cmake_clean_cache' from command line to 'False'
[0.321s] Level 5:colcon.colcon_core.verb:set package 'action_test_core' build argument 'cmake_clean_first' from command line to 'False'
[0.321s] Level 5:colcon.colcon_core.verb:set package 'action_test_core' build argument 'cmake_force_configure' from command line to 'False'
[0.321s] Level 5:colcon.colcon_core.verb:set package 'action_test_core' build argument 'ament_cmake_args' from command line to 'None'
[0.321s] Level 5:colcon.colcon_core.verb:set package 'action_test_core' build argument 'catkin_cmake_args' from command line to 'None'
[0.322s] Level 5:colcon.colcon_core.verb:set package 'action_test_core' build argument 'catkin_skip_building_tests' from command line to 'False'
[0.322s] DEBUG:colcon.colcon_core.verb:Building package 'action_test_core' with the following arguments: {'ament_cmake_args': None, 'build_base': '/home/edyta/action_test/build/action_test_core', 'catkin_cmake_args': None, 'catkin_skip_building_tests': False, 'cmake_args': None, 'cmake_clean_cache': False, 'cmake_clean_first': False, 'cmake_force_configure': False, 'cmake_target': None, 'cmake_target_skip_unavailable': False, 'install_base': '/home/edyta/action_test/install/action_test_core', 'merge_install': False, 'path': '/home/edyta/action_test/action_test_core', 'symlink_install': False, 'test_result_base': None}
[0.322s] INFO:colcon.colcon_core.executor:Executing jobs using 'parallel' executor
[0.324s] DEBUG:colcon.colcon_parallel_executor.executor.parallel:run_until_complete
[0.324s] INFO:colcon.colcon_ros.task.ament_cmake.build:Building ROS package in '/home/edyta/action_test/action_test_msgs' with build type 'ament_cmake'
[0.330s] INFO:colcon.colcon_core.plugin_system:Skipping extension 'colcon_core.shell.bat': Not used on non-Windows systems
[0.330s] INFO:colcon.colcon_cmake.task.cmake.build:Building CMake package in '/home/edyta/action_test/action_test_msgs'
[0.331s] INFO:colcon.colcon_core.shell:Skip shell extension 'powershell' for command environment: Not usable outside of PowerShell
[0.331s] DEBUG:colcon.colcon_core.shell:Skip shell extension 'dsv' for command environment
[0.334s] DEBUG:colcon.colcon_core.shell:Ignoring prefix path '/opt/ros/eloquent'
[0.342s] DEBUG:colcon.colcon_core.event_handler.log_command:Invoking command in '/home/edyta/action_test/build/action_test_msgs': CMAKE_PREFIX_PATH=/opt/ros/eloquent /usr/bin/cmake --build /home/edyta/action_test/build/action_test_msgs -- -j8 -l8
[0.663s] DEBUG:colcon.colcon_core.event_handler.log_command:Invoked command in '/home/edyta/action_test/build/action_test_msgs' returned '0': CMAKE_PREFIX_PATH=/opt/ros/eloquent /usr/bin/cmake --build /home/edyta/action_test/build/action_test_msgs -- -j8 -l8
[0.717s] DEBUG:colcon.colcon_core.event_handler.log_command:Invoking command in '/home/edyta/action_test/build/action_test_msgs': CMAKE_PREFIX_PATH=/opt/ros/eloquent /usr/bin/cmake --build /home/edyta/action_test/build/action_test_msgs --target install -- -j8 -l8
[1.025s] Level 1:colcon.colcon_core.environment:create_environment_scripts_only(action_test_msgs)
[1.027s] DEBUG:colcon.colcon_core.event_handler.log_command:Invoked command in '/home/edyta/action_test/build/action_test_msgs' returned '0': CMAKE_PREFIX_PATH=/opt/ros/eloquent /usr/bin/cmake --build /home/edyta/action_test/build/action_test_msgs --target install -- -j8 -l8
[1.032s] Level 1:colcon.colcon_core.environment:checking '/home/edyta/action_test/install/action_test_msgs' for CMake module files
[1.032s] Level 1:colcon.colcon_core.environment:checking '/home/edyta/action_test/install/action_test_msgs' for CMake config files
[1.033s] Level 1:colcon.colcon_core.shell:create_environment_hook('action_test_msgs', 'cmake_prefix_path')
[1.044s] INFO:colcon.colcon_core.shell:Creating environment hook '/home/edyta/action_test/install/action_test_msgs/share/action_test_msgs/hook/cmake_prefix_path.ps1'
[1.045s] INFO:colcon.colcon_core.shell:Creating environment descriptor '/home/edyta/action_test/install/action_test_msgs/share/action_test_msgs/hook/cmake_prefix_path.dsv'
[1.045s] INFO:colcon.colcon_core.shell:Creating environment hook '/home/edyta/action_test/install/action_test_msgs/share/action_test_msgs/hook/cmake_prefix_path.sh'
[1.047s] Level 1:colcon.colcon_core.environment:checking '/home/edyta/action_test/install/action_test_msgs/lib'
[1.047s] Level 1:colcon.colcon_core.shell:create_environment_hook('action_test_msgs', 'ld_library_path_lib')
[1.048s] INFO:colcon.colcon_core.shell:Creating environment hook '/home/edyta/action_test/install/action_test_msgs/share/action_test_msgs/hook/ld_library_path_lib.ps1'
[1.048s] INFO:colcon.colcon_core.shell:Creating environment descriptor '/home/edyta/action_test/install/action_test_msgs/share/action_test_msgs/hook/ld_library_path_lib.dsv'
[1.048s] INFO:colcon.colcon_core.shell:Creating environment hook '/home/edyta/action_test/install/action_test_msgs/share/action_test_msgs/hook/ld_library_path_lib.sh'
[1.049s] Level 1:colcon.colcon_core.environment:checking '/home/edyta/action_test/install/action_test_msgs/bin'
[1.049s] Level 1:colcon.colcon_core.environment:checking '/home/edyta/action_test/install/action_test_msgs/lib/pkgconfig/action_test_msgs.pc'
[1.049s] Level 1:colcon.colcon_core.environment:checking '/home/edyta/action_test/install/action_test_msgs/lib/python3.6/site-packages'
[1.049s] Level 1:colcon.colcon_core.shell:create_environment_hook('action_test_msgs', 'pythonpath')
[1.050s] INFO:colcon.colcon_core.shell:Creating environment hook '/home/edyta/action_test/install/action_test_msgs/share/action_test_msgs/hook/pythonpath.ps1'
[1.050s] INFO:colcon.colcon_core.shell:Creating environment descriptor '/home/edyta/action_test/install/action_test_msgs/share/action_test_msgs/hook/pythonpath.dsv'
[1.051s] INFO:colcon.colcon_core.shell:Creating environment hook '/home/edyta/action_test/install/action_test_msgs/share/action_test_msgs/hook/pythonpath.sh'
[1.052s] INFO:colcon.colcon_core.shell:Creating package script '/home/edyta/action_test/install/action_test_msgs/share/action_test_msgs/package.ps1'
[1.053s] INFO:colcon.colcon_core.shell:Creating package descriptor '/home/edyta/action_test/install/action_test_msgs/share/action_test_msgs/package.dsv'
[1.054s] INFO:colcon.colcon_core.shell:Creating package script '/home/edyta/action_test/install/action_test_msgs/share/action_test_msgs/package.sh'
[1.055s] INFO:colcon.colcon_core.shell:Creating package script '/home/edyta/action_test/install/action_test_msgs/share/action_test_msgs/package.bash'
[1.056s] INFO:colcon.colcon_core.shell:Creating package script '/home/edyta/action_test/install/action_test_msgs/share/action_test_msgs/package.zsh'
[1.057s] Level 1:colcon.colcon_core.environment:create_file_with_runtime_dependencies(/home/edyta/action_test/install/action_test_msgs/share/colcon-core/packages/action_test_msgs)
[1.058s] INFO:colcon.colcon_ros.task.ament_python.build:Building ROS package in '/home/edyta/action_test/action_test_core' with build type 'ament_python'
[1.058s] Level 1:colcon.colcon_core.shell:create_environment_hook('action_test_core', 'ament_prefix_path')
[1.058s] INFO:colcon.colcon_core.shell:Creating environment hook '/home/edyta/action_test/install/action_test_core/share/action_test_core/hook/ament_prefix_path.ps1'
[1.059s] INFO:colcon.colcon_core.shell:Creating environment descriptor '/home/edyta/action_test/install/action_test_core/share/action_test_core/hook/ament_prefix_path.dsv'
[1.060s] INFO:colcon.colcon_core.shell:Creating environment hook '/home/edyta/action_test/install/action_test_core/share/action_test_core/hook/ament_prefix_path.sh'
[1.060s] INFO:colcon.colcon_core.shell:Skip shell extension 'powershell' for command environment: Not usable outside of PowerShell
[1.061s] DEBUG:colcon.colcon_core.shell:Skip shell extension 'dsv' for command environment
[1.062s] DEBUG:colcon.colcon_core.shell:Ignoring prefix path '/opt/ros/eloquent'
[1.277s] INFO:colcon.colcon_core.task.python.build:Building Python package in '/home/edyta/action_test/action_test_core'
[1.278s] INFO:colcon.colcon_core.shell:Skip shell extension 'powershell' for command environment: Not usable outside of PowerShell
[1.279s] DEBUG:colcon.colcon_core.shell:Skip shell extension 'dsv' for command environment
[1.280s] DEBUG:colcon.colcon_core.shell:Ignoring prefix path '/opt/ros/eloquent'
[1.289s] DEBUG:colcon.colcon_core.event_handler.log_command:Invoking command in '/home/edyta/action_test/action_test_core': AMENT_PREFIX_PATH=/home/edyta/action_test/install/action_test_msgs:${AMENT_PREFIX_PATH} CMAKE_PREFIX_PATH=/home/edyta/action_test/install/action_test_msgs LD_LIBRARY_PATH=/home/edyta/action_test/install/action_test_msgs/lib:${LD_LIBRARY_PATH} PYTHONPATH=/home/edyta/action_test/install/action_test_core/lib/python3.6/site-packages:/home/edyta/action_test/install/action_test_msgs/lib/python3.6/site-packages:${PYTHONPATH} /usr/bin/python3 setup.py egg_info --egg-base /home/edyta/action_test/build/action_test_core build --build-base /home/edyta/action_test/build/action_test_core/build install --prefix /home/edyta/action_test/install/action_test_core --record /home/edyta/action_test/build/action_test_core/install.log --single-version-externally-managed
[1.571s] Level 1:colcon.colcon_core.environment:checking '/home/edyta/action_test/install/action_test_core' for CMake module files
[1.571s] DEBUG:colcon.colcon_core.event_handler.log_command:Invoked command in '/home/edyta/action_test/action_test_core' returned '0': AMENT_PREFIX_PATH=/home/edyta/action_test/install/action_test_msgs:${AMENT_PREFIX_PATH} CMAKE_PREFIX_PATH=/home/edyta/action_test/install/action_test_msgs LD_LIBRARY_PATH=/home/edyta/action_test/install/action_test_msgs/lib:${LD_LIBRARY_PATH} PYTHONPATH=/home/edyta/action_test/install/action_test_core/lib/python3.6/site-packages:/home/edyta/action_test/install/action_test_msgs/lib/python3.6/site-packages:${PYTHONPATH} /usr/bin/python3 setup.py egg_info --egg-base /home/edyta/action_test/build/action_test_core build --build-base /home/edyta/action_test/build/action_test_core/build install --prefix /home/edyta/action_test/install/action_test_core --record /home/edyta/action_test/build/action_test_core/install.log --single-version-externally-managed
[1.572s] Level 1:colcon.colcon_core.environment:checking '/home/edyta/action_test/install/action_test_core' for CMake config files
[1.573s] Level 1:colcon.colcon_core.environment:checking '/home/edyta/action_test/install/action_test_core/lib'
[1.573s] Level 1:colcon.colcon_core.environment:checking '/home/edyta/action_test/install/action_test_core/bin'
[1.573s] Level 1:colcon.colcon_core.environment:checking '/home/edyta/action_test/install/action_test_core/lib/pkgconfig/action_test_core.pc'
[1.573s] Level 1:colcon.colcon_core.environment:checking '/home/edyta/action_test/install/action_test_core/lib/python3.6/site-packages'
[1.573s] Level 1:colcon.colcon_core.shell:create_environment_hook('action_test_core', 'pythonpath')
[1.574s] INFO:colcon.colcon_core.shell:Creating environment hook '/home/edyta/action_test/install/action_test_core/share/action_test_core/hook/pythonpath.ps1'
[1.574s] INFO:colcon.colcon_core.shell:Creating environment descriptor '/home/edyta/action_test/install/action_test_core/share/action_test_core/hook/pythonpath.dsv'
[1.575s] INFO:colcon.colcon_core.shell:Creating environment hook '/home/edyta/action_test/install/action_test_core/share/action_test_core/hook/pythonpath.sh'
[1.575s] Level 1:colcon.colcon_core.environment:create_environment_scripts_only(action_test_core)
[1.576s] INFO:colcon.colcon_core.shell:Creating package script '/home/edyta/action_test/install/action_test_core/share/action_test_core/package.ps1'
[1.576s] INFO:colcon.colcon_core.shell:Creating package descriptor '/home/edyta/action_test/install/action_test_core/share/action_test_core/package.dsv'
[1.577s] INFO:colcon.colcon_core.shell:Creating package script '/home/edyta/action_test/install/action_test_core/share/action_test_core/package.sh'
[1.577s] INFO:colcon.colcon_core.shell:Creating package script '/home/edyta/action_test/install/action_test_core/share/action_test_core/package.bash'
[1.578s] INFO:colcon.colcon_core.shell:Creating package script '/home/edyta/action_test/install/action_test_core/share/action_test_core/package.zsh'
[1.578s] Level 1:colcon.colcon_core.environment:create_file_with_runtime_dependencies(/home/edyta/action_test/install/action_test_core/share/colcon-core/packages/action_test_core)
[1.578s] DEBUG:colcon.colcon_parallel_executor.executor.parallel:closing loop
[1.579s] DEBUG:colcon.colcon_parallel_executor.executor.parallel:loop closed
[1.579s] DEBUG:colcon.colcon_parallel_executor.executor.parallel:run_until_complete finished with '0'
[1.579s] DEBUG:colcon.colcon_core.event_reactor:joining thread
[1.587s] INFO:colcon.colcon_core.plugin_system:Skipping extension 'colcon_notification.desktop_notification.terminal_notifier': Not used on non-Darwin systems
[1.587s] INFO:colcon.colcon_core.plugin_system:Skipping extension 'colcon_notification.desktop_notification.win32': Not used on non-Windows systems
[1.587s] INFO:colcon.colcon_notification.desktop_notification:Sending desktop notification using 'notify2'
[1.589s] DEBUG:colcon.colcon_core.event_reactor:joined thread
[1.590s] INFO:colcon.colcon_core.shell:Creating prefix script '/home/edyta/action_test/install/local_setup.ps1'
[1.591s] INFO:colcon.colcon_core.shell:Creating prefix util module '/home/edyta/action_test/install/_local_setup_util_ps1.py'
[1.593s] INFO:colcon.colcon_core.shell:Creating prefix chain script '/home/edyta/action_test/install/setup.ps1'
[1.596s] INFO:colcon.colcon_core.shell:Creating prefix script '/home/edyta/action_test/install/local_setup.sh'
[1.597s] INFO:colcon.colcon_core.shell:Creating prefix util module '/home/edyta/action_test/install/_local_setup_util_sh.py'
[1.597s] INFO:colcon.colcon_core.shell:Creating prefix chain script '/home/edyta/action_test/install/setup.sh'
[1.600s] INFO:colcon.colcon_core.shell:Creating prefix script '/home/edyta/action_test/install/local_setup.bash'
[1.600s] INFO:colcon.colcon_core.shell:Creating prefix chain script '/home/edyta/action_test/install/setup.bash'
[1.603s] INFO:colcon.colcon_core.shell:Creating prefix script '/home/edyta/action_test/install/local_setup.zsh'
[1.604s] INFO:colcon.colcon_core.shell:Creating prefix chain script '/home/edyta/action_test/install/setup.zsh'
